 ******* Program HYDRUS
 ******* 
 Welcome to HYDRUS-1D                                                    
 Date:  17. 5.    Time:  17: 3:23
 Units: L = mm   , T = min  , M = mmol 

----------------------------------------------------------
 Time       [T]        0.0000
----------------------------------------------------------
 Sub-region num.                     1
----------------------------------------------------------
 Length   [L]        0.25400E+04  0.25400E+04
 W-volume [L]        0.78953E+03  0.78953E+03
 In-flow  [L/T]      0.00000E+00  0.00000E+00
 h Mean   [L]       -0.30000E+04 -0.30000E+04
 Top Flux [L/T]     -0.36775E-04
 Bot Flux [L/T]     -0.71007E-03
----------------------------------------------------------

----------------------------------------------------------
 Time       [T]   275000.0000
----------------------------------------------------------
 Sub-region num.                     1
----------------------------------------------------------
 Length   [L]        0.25400E+04  0.25400E+04
 W-volume [L]        0.67805E+03  0.67805E+03
 In-flow  [L/T]     -0.23844E-06 -0.23844E-06
 h Mean   [L]       -0.63587E+04 -0.63587E+04
 Top Flux [L/T]      0.13817E-03
 Bot Flux [L/T]      0.52790E-06
 WatBalT  [L]       -0.44327E-02
 WatBalR  [%]              0.001
----------------------------------------------------------
 
 Calculation time [sec]   37.0500000119209     
