 ******* Program HYDRUS
 ******* 
 Welcome to HYDRUS-1D                                                    
 Date:  17. 5.    Time:  17: 3:23
 Units: L = mm   , T = min  , M = mmol 
 
 CosAlf,MaxIt,TolTh,  TolH
 1.000   10   0.001 1.00000
 
 TopInF,BotInF,AtmBC,SinkF,WLayer,qGWLF,FreeD,SeepF,lWat,lChem,lTemp,lRoot,lWDep
     T     F     T     T     T     F     F     F     T     F     F     F     F

Nodal point information

node      x         hOld    MatN LayN  Beta      Ah       AK      ATh     Temp    Conc(1...NS)         Sorb(1...NS)

   1      0.000  -3000.000    1    1   0.001    1.000    1.000    1.000
   2     -7.257  -3000.000    1    1   0.001    1.000    1.000    1.000
   3    -14.514  -3000.000    1    1   0.001    1.000    1.000    1.000
   4    -21.771  -3000.000    1    1   0.001    1.000    1.000    1.000
   5    -29.029  -3000.000    1    1   0.001    1.000    1.000    1.000
   6    -36.286  -3000.000    1    1   0.001    1.000    1.000    1.000
   7    -43.543  -3000.000    1    1   0.001    1.000    1.000    1.000
   8    -50.800  -3000.000    1    1   0.001    1.000    1.000    1.000
   9    -58.057  -3000.000    1    1   0.001    1.000    1.000    1.000
  10    -65.314  -3000.000    1    1   0.001    1.000    1.000    1.000
  11    -72.571  -3000.000    1    1   0.001    1.000    1.000    1.000
  12    -79.829  -3000.000    1    1   0.001    1.000    1.000    1.000
  13    -87.086  -3000.000    1    1   0.001    1.000    1.000    1.000
  14    -94.343  -3000.000    1    1   0.001    1.000    1.000    1.000
  15   -101.600  -3000.000    1    1   0.001    1.000    1.000    1.000
  16   -108.857  -3000.000    1    1   0.001    1.000    1.000    1.000
  17   -116.114  -3000.000    1    1   0.001    1.000    1.000    1.000
  18   -123.371  -3000.000    1    1   0.001    1.000    1.000    1.000
  19   -130.000  -3000.000    2    1   0.001    1.000    1.000    1.000
  20   -137.886  -3000.000    2    1   0.001    1.000    1.000    1.000
  21   -145.143  -3000.000    2    1   0.001    1.000    1.000    1.000
  22   -152.400  -3000.000    2    1   0.001    1.000    1.000    1.000
  23   -159.657  -3000.000    2    1   0.001    1.000    1.000    1.000
  24   -166.914  -3000.000    2    1   0.001    1.000    1.000    1.000
  25   -174.171  -3000.000    2    1   0.001    1.000    1.000    1.000
  26   -181.429  -3000.000    2    1   0.001    1.000    1.000    1.000
  27   -188.686  -3000.000    2    1   0.001    1.000    1.000    1.000
  28   -195.943  -3000.000    2    1   0.001    1.000    1.000    1.000
  29   -203.200  -3000.000    2    1   0.001    1.000    1.000    1.000
  30   -210.457  -3000.000    2    1   0.001    1.000    1.000    1.000
  31   -217.714  -3000.000    2    1   0.001    1.000    1.000    1.000
  32   -224.971  -3000.000    2    1   0.001    1.000    1.000    1.000
  33   -232.229  -3000.000    2    1   0.001    1.000    1.000    1.000
  34   -239.486  -3000.000    2    1   0.001    1.000    1.000    1.000
  35   -246.743  -3000.000    2    1   0.001    1.000    1.000    1.000
  36   -254.000  -3000.000    2    1   0.001    1.000    1.000    1.000
  37   -261.257  -3000.000    2    1   0.001    1.000    1.000    1.000
  38   -268.514  -3000.000    2    1   0.001    1.000    1.000    1.000
  39   -275.771  -3000.000    2    1   0.001    1.000    1.000    1.000
  40   -283.029  -3000.000    2    1   0.001    1.000    1.000    1.000
  41   -290.286  -3000.000    2    1   0.001    1.000    1.000    1.000
  42   -297.543  -3000.000    2    1   0.001    1.000    1.000    1.000
  43   -304.800  -3000.000    2    1   0.001    1.000    1.000    1.000
  44   -312.057  -3000.000    2    1   0.001    1.000    1.000    1.000
  45   -319.314  -3000.000    2    1   0.001    1.000    1.000    1.000
  46   -326.571  -3000.000    2    1   0.001    1.000    1.000    1.000
  47   -333.829  -3000.000    2    1   0.001    1.000    1.000    1.000
  48   -341.086  -3000.000    2    1   0.001    1.000    1.000    1.000
  49   -348.343  -3000.000    2    1   0.001    1.000    1.000    1.000
  50   -355.600  -3000.000    2    1   0.001    1.000    1.000    1.000
  51   -362.857  -3000.000    2    1   0.001    1.000    1.000    1.000
  52   -370.114  -3000.000    2    1   0.001    1.000    1.000    1.000
  53   -377.371  -3000.000    2    1   0.001    1.000    1.000    1.000
  54   -384.629  -3000.000    2    1   0.001    1.000    1.000    1.000
  55   -391.886  -3000.000    2    1   0.001    1.000    1.000    1.000
  56   -399.143  -3000.000    2    1   0.001    1.000    1.000    1.000
  57   -406.400  -3000.000    2    1   0.001    1.000    1.000    1.000
  58   -413.657  -3000.000    2    1   0.001    1.000    1.000    1.000
  59   -420.914  -3000.000    2    1   0.001    1.000    1.000    1.000
  60   -428.171  -3000.000    2    1   0.001    1.000    1.000    1.000
  61   -435.429  -3000.000    2    1   0.001    1.000    1.000    1.000
  62   -442.686  -3000.000    2    1   0.001    1.000    1.000    1.000
  63   -449.943  -3000.000    2    1   0.001    1.000    1.000    1.000
  64   -457.200  -3000.000    2    1   0.001    1.000    1.000    1.000
  65   -464.457  -3000.000    2    1   0.001    1.000    1.000    1.000
  66   -471.714  -3000.000    2    1   0.001    1.000    1.000    1.000
  67   -478.971  -3000.000    2    1   0.001    1.000    1.000    1.000
  68   -486.229  -3000.000    2    1   0.001    1.000    1.000    1.000
  69   -493.486  -3000.000    2    1   0.001    1.000    1.000    1.000
  70   -500.743  -3000.000    2    1   0.001    1.000    1.000    1.000
  71   -508.000  -3000.000    2    1   0.001    1.000    1.000    1.000
  72   -515.257  -3000.000    2    1   0.001    1.000    1.000    1.000
  73   -522.514  -3000.000    2    1   0.001    1.000    1.000    1.000
  74   -529.771  -3000.000    2    1   0.001    1.000    1.000    1.000
  75   -537.029  -3000.000    2    1   0.001    1.000    1.000    1.000
  76   -544.286  -3000.000    2    1   0.001    1.000    1.000    1.000
  77   -551.543  -3000.000    2    1   0.001    1.000    1.000    1.000
  78   -558.800  -3000.000    2    1   0.001    1.000    1.000    1.000
  79   -566.057  -3000.000    2    1   0.001    1.000    1.000    1.000
  80   -573.314  -3000.000    2    1   0.001    1.000    1.000    1.000
  81   -580.571  -3000.000    2    1   0.001    1.000    1.000    1.000
  82   -587.829  -3000.000    2    1   0.001    1.000    1.000    1.000
  83   -595.086  -3000.000    2    1   0.001    1.000    1.000    1.000
  84   -602.343  -3000.000    2    1   0.001    1.000    1.000    1.000
  85   -609.600  -3000.000    2    1   0.001    1.000    1.000    1.000
  86   -616.857  -3000.000    2    1   0.001    1.000    1.000    1.000
  87   -624.114  -3000.000    2    1   0.001    1.000    1.000    1.000
  88   -631.372  -3000.000    2    1   0.001    1.000    1.000    1.000
  89   -638.629  -3000.000    2    1   0.001    1.000    1.000    1.000
  90   -645.886  -3000.000    2    1   0.001    1.000    1.000    1.000
  91   -653.143  -3000.000    2    1   0.001    1.000    1.000    1.000
  92   -660.400  -3000.000    2    1   0.001    1.000    1.000    1.000
  93   -667.657  -3000.000    2    1   0.001    1.000    1.000    1.000
  94   -674.914  -3000.000    2    1   0.001    1.000    1.000    1.000
  95   -682.171  -3000.000    2    1   0.001    1.000    1.000    1.000
  96   -689.429  -3000.000    2    1   0.001    1.000    1.000    1.000
  97   -696.686  -3000.000    2    1   0.001    1.000    1.000    1.000
  98   -703.943  -3000.000    2    1   0.001    1.000    1.000    1.000
  99   -711.200  -3000.000    2    1   0.001    1.000    1.000    1.000
 100   -718.457  -3000.000    2    1   0.001    1.000    1.000    1.000
 101   -725.714  -3000.000    2    1   0.001    1.000    1.000    1.000
 102   -732.971  -3000.000    2    1   0.001    1.000    1.000    1.000
 103   -740.229  -3000.000    2    1   0.001    1.000    1.000    1.000
 104   -747.486  -3000.000    2    1   0.001    1.000    1.000    1.000
 105   -754.743  -3000.000    2    1   0.001    1.000    1.000    1.000
 106   -762.000  -3000.000    2    1   0.001    1.000    1.000    1.000
 107   -769.257  -3000.000    2    1   0.001    1.000    1.000    1.000
 108   -776.514  -3000.000    2    1   0.001    1.000    1.000    1.000
 109   -783.771  -3000.000    2    1   0.001    1.000    1.000    1.000
 110   -791.029  -3000.000    2    1   0.001    1.000    1.000    1.000
 111   -798.286  -3000.000    2    1   0.001    1.000    1.000    1.000
 112   -805.543  -3000.000    2    1   0.001    1.000    1.000    1.000
 113   -812.800  -3000.000    2    1   0.001    1.000    1.000    1.000
 114   -820.057  -3000.000    2    1   0.001    1.000    1.000    1.000
 115   -827.314  -3000.000    2    1   0.001    1.000    1.000    1.000
 116   -834.571  -3000.000    2    1   0.001    1.000    1.000    1.000
 117   -840.000  -3000.000    3    1   0.001    1.000    1.000    1.000
 118   -849.086  -3000.000    3    1   0.001    1.000    1.000    1.000
 119   -856.343  -3000.000    3    1   0.001    1.000    1.000    1.000
 120   -863.600  -3000.000    3    1   0.001    1.000    1.000    1.000
 121   -870.857  -3000.000    3    1   0.001    1.000    1.000    1.000
 122   -878.114  -3000.000    3    1   0.001    1.000    1.000    1.000
 123   -885.372  -3000.000    3    1   0.001    1.000    1.000    1.000
 124   -892.629  -3000.000    3    1   0.001    1.000    1.000    1.000
 125   -899.886  -3000.000    3    1   0.001    1.000    1.000    1.000
 126   -907.143  -3000.000    3    1   0.001    1.000    1.000    1.000
 127   -914.400  -3000.000    3    1   0.001    1.000    1.000    1.000
 128   -921.657  -3000.000    3    1   0.001    1.000    1.000    1.000
 129   -928.914  -3000.000    3    1   0.000    1.000    1.000    1.000
 130   -936.171  -3000.000    3    1   0.000    1.000    1.000    1.000
 131   -943.429  -3000.000    3    1   0.000    1.000    1.000    1.000
 132   -950.686  -3000.000    3    1   0.000    1.000    1.000    1.000
 133   -957.943  -3000.000    3    1   0.000    1.000    1.000    1.000
 134   -965.200  -3000.000    3    1   0.000    1.000    1.000    1.000
 135   -972.457  -3000.000    3    1   0.000    1.000    1.000    1.000
 136   -979.714  -3000.000    3    1   0.000    1.000    1.000    1.000
 137   -986.971  -3000.000    3    1   0.000    1.000    1.000    1.000
 138   -994.229  -3000.000    3    1   0.000    1.000    1.000    1.000
 139  -1001.490  -3000.000    3    1   0.000    1.000    1.000    1.000
 140  -1008.740  -3000.000    3    1   0.000    1.000    1.000    1.000
 141  -1016.000  -3000.000    3    1   0.000    1.000    1.000    1.000
 142  -1023.260  -3000.000    3    1   0.000    1.000    1.000    1.000
 143  -1030.510  -3000.000    3    1   0.000    1.000    1.000    1.000
 144  -1037.770  -3000.000    3    1   0.000    1.000    1.000    1.000
 145  -1045.030  -3000.000    3    1   0.000    1.000    1.000    1.000
 146  -1052.290  -3000.000    3    1   0.000    1.000    1.000    1.000
 147  -1059.540  -3000.000    3    1   0.000    1.000    1.000    1.000
 148  -1066.800  -3000.000    3    1   0.000    1.000    1.000    1.000
 149  -1074.060  -3000.000    3    1   0.000    1.000    1.000    1.000
 150  -1081.310  -3000.000    3    1   0.000    1.000    1.000    1.000
 151  -1088.570  -3000.000    3    1   0.000    1.000    1.000    1.000
 152  -1095.830  -3000.000    3    1   0.000    1.000    1.000    1.000
 153  -1103.090  -3000.000    3    1   0.000    1.000    1.000    1.000
 154  -1110.340  -3000.000    3    1   0.000    1.000    1.000    1.000
 155  -1117.600  -3000.000    3    1   0.000    1.000    1.000    1.000
 156  -1124.860  -3000.000    3    1   0.000    1.000    1.000    1.000
 157  -1132.110  -3000.000    3    1   0.000    1.000    1.000    1.000
 158  -1139.370  -3000.000    3    1   0.000    1.000    1.000    1.000
 159  -1146.630  -3000.000    3    1   0.000    1.000    1.000    1.000
 160  -1153.890  -3000.000    3    1   0.000    1.000    1.000    1.000
 161  -1161.140  -3000.000    3    1   0.000    1.000    1.000    1.000
 162  -1168.400  -3000.000    3    1   0.000    1.000    1.000    1.000
 163  -1175.660  -3000.000    3    1   0.000    1.000    1.000    1.000
 164  -1182.910  -3000.000    3    1   0.000    1.000    1.000    1.000
 165  -1190.170  -3000.000    3    1   0.000    1.000    1.000    1.000
 166  -1197.430  -3000.000    3    1   0.000    1.000    1.000    1.000
 167  -1204.690  -3000.000    3    1   0.000    1.000    1.000    1.000
 168  -1211.940  -3000.000    3    1   0.000    1.000    1.000    1.000
 169  -1219.200  -3000.000    3    1   0.000    1.000    1.000    1.000
 170  -1226.460  -3000.000    3    1   0.000    1.000    1.000    1.000
 171  -1233.710  -3000.000    3    1   0.000    1.000    1.000    1.000
 172  -1240.970  -3000.000    3    1   0.000    1.000    1.000    1.000
 173  -1248.230  -3000.000    3    1   0.000    1.000    1.000    1.000
 174  -1255.490  -3000.000    3    1   0.000    1.000    1.000    1.000
 175  -1262.740  -3000.000    3    1   0.000    1.000    1.000    1.000
 176  -1270.000  -3000.000    3    1   0.000    1.000    1.000    1.000
 177  -1277.260  -3000.000    3    1   0.000    1.000    1.000    1.000
 178  -1284.510  -3000.000    3    1   0.000    1.000    1.000    1.000
 179  -1291.770  -3000.000    3    1   0.000    1.000    1.000    1.000
 180  -1299.030  -3000.000    3    1   0.000    1.000    1.000    1.000
 181  -1306.290  -3000.000    3    1   0.000    1.000    1.000    1.000
 182  -1313.540  -3000.000    3    1   0.000    1.000    1.000    1.000
 183  -1320.800  -3000.000    3    1   0.000    1.000    1.000    1.000
 184  -1328.060  -3000.000    3    1   0.000    1.000    1.000    1.000
 185  -1335.310  -3000.000    3    1   0.000    1.000    1.000    1.000
 186  -1342.570  -3000.000    3    1   0.000    1.000    1.000    1.000
 187  -1349.830  -3000.000    3    1   0.000    1.000    1.000    1.000
 188  -1357.090  -3000.000    3    1   0.000    1.000    1.000    1.000
 189  -1364.340  -3000.000    3    1   0.000    1.000    1.000    1.000
 190  -1371.600  -3000.000    3    1   0.000    1.000    1.000    1.000
 191  -1378.860  -3000.000    3    1   0.000    1.000    1.000    1.000
 192  -1386.110  -3000.000    3    1   0.000    1.000    1.000    1.000
 193  -1393.370  -3000.000    3    1   0.000    1.000    1.000    1.000
 194  -1400.630  -3000.000    3    1   0.000    1.000    1.000    1.000
 195  -1407.890  -3000.000    3    1   0.000    1.000    1.000    1.000
 196  -1415.140  -3000.000    3    1   0.000    1.000    1.000    1.000
 197  -1422.400  -3000.000    3    1   0.000    1.000    1.000    1.000
 198  -1429.660  -3000.000    3    1   0.000    1.000    1.000    1.000
 199  -1436.910  -3000.000    3    1   0.000    1.000    1.000    1.000
 200  -1444.170  -3000.000    3    1   0.000    1.000    1.000    1.000
 201  -1451.430  -3000.000    3    1   0.000    1.000    1.000    1.000
 202  -1458.690  -3000.000    3    1   0.000    1.000    1.000    1.000
 203  -1465.940  -3000.000    3    1   0.000    1.000    1.000    1.000
 204  -1473.200  -3000.000    3    1   0.000    1.000    1.000    1.000
 205  -1480.460  -3000.000    3    1   0.000    1.000    1.000    1.000
 206  -1487.710  -3000.000    3    1   0.000    1.000    1.000    1.000
 207  -1494.970  -3000.000    3    1   0.000    1.000    1.000    1.000
 208  -1502.230  -3000.000    3    1   0.000    1.000    1.000    1.000
 209  -1509.490  -3000.000    3    1   0.000    1.000    1.000    1.000
 210  -1516.740  -3000.000    3    1   0.000    1.000    1.000    1.000
 211  -1524.000  -3000.000    3    1   0.000    1.000    1.000    1.000
 212  -1531.260  -3000.000    3    1   0.000    1.000    1.000    1.000
 213  -1538.510  -3000.000    3    1   0.000    1.000    1.000    1.000
 214  -1545.770  -3000.000    3    1   0.000    1.000    1.000    1.000
 215  -1553.030  -3000.000    3    1   0.000    1.000    1.000    1.000
 216  -1560.290  -3000.000    3    1   0.000    1.000    1.000    1.000
 217  -1567.540  -3000.000    3    1   0.000    1.000    1.000    1.000
 218  -1574.800  -3000.000    3    1   0.000    1.000    1.000    1.000
 219  -1582.060  -3000.000    3    1   0.000    1.000    1.000    1.000
 220  -1589.310  -3000.000    3    1   0.000    1.000    1.000    1.000
 221  -1596.570  -3000.000    3    1   0.000    1.000    1.000    1.000
 222  -1603.830  -3000.000    3    1   0.000    1.000    1.000    1.000
 223  -1611.090  -3000.000    3    1   0.000    1.000    1.000    1.000
 224  -1618.340  -3000.000    3    1   0.000    1.000    1.000    1.000
 225  -1625.600  -3000.000    3    1   0.000    1.000    1.000    1.000
 226  -1632.860  -3000.000    3    1   0.000    1.000    1.000    1.000
 227  -1640.110  -3000.000    3    1   0.000    1.000    1.000    1.000
 228  -1647.370  -3000.000    3    1   0.000    1.000    1.000    1.000
 229  -1654.630  -3000.000    3    1   0.000    1.000    1.000    1.000
 230  -1661.890  -3000.000    3    1   0.000    1.000    1.000    1.000
 231  -1669.140  -3000.000    3    1   0.000    1.000    1.000    1.000
 232  -1676.400  -3000.000    3    1   0.000    1.000    1.000    1.000
 233  -1683.660  -3000.000    3    1   0.000    1.000    1.000    1.000
 234  -1690.910  -3000.000    3    1   0.000    1.000    1.000    1.000
 235  -1698.170  -3000.000    3    1   0.000    1.000    1.000    1.000
 236  -1705.430  -3000.000    3    1   0.000    1.000    1.000    1.000
 237  -1712.690  -3000.000    3    1   0.000    1.000    1.000    1.000
 238  -1719.940  -3000.000    3    1   0.000    1.000    1.000    1.000
 239  -1727.200  -3000.000    3    1   0.000    1.000    1.000    1.000
 240  -1734.460  -3000.000    3    1   0.000    1.000    1.000    1.000
 241  -1741.710  -3000.000    3    1   0.000    1.000    1.000    1.000
 242  -1748.970  -3000.000    3    1   0.000    1.000    1.000    1.000
 243  -1756.230  -3000.000    3    1   0.000    1.000    1.000    1.000
 244  -1763.490  -3000.000    3    1   0.000    1.000    1.000    1.000
 245  -1770.740  -3000.000    3    1   0.000    1.000    1.000    1.000
 246  -1778.000  -3000.000    3    1   0.000    1.000    1.000    1.000
 247  -1785.260  -3000.000    3    1   0.000    1.000    1.000    1.000
 248  -1792.510  -3000.000    3    1   0.000    1.000    1.000    1.000
 249  -1799.770  -3000.000    3    1   0.000    1.000    1.000    1.000
 250  -1807.030  -3000.000    3    1   0.000    1.000    1.000    1.000
 251  -1814.290  -3000.000    3    1   0.000    1.000    1.000    1.000
 252  -1821.540  -3000.000    3    1   0.000    1.000    1.000    1.000
 253  -1828.800  -3000.000    3    1   0.000    1.000    1.000    1.000
 254  -1836.060  -3000.000    3    1   0.000    1.000    1.000    1.000
 255  -1843.310  -3000.000    3    1   0.000    1.000    1.000    1.000
 256  -1850.570  -3000.000    3    1   0.000    1.000    1.000    1.000
 257  -1857.830  -3000.000    3    1   0.000    1.000    1.000    1.000
 258  -1865.090  -3000.000    3    1   0.000    1.000    1.000    1.000
 259  -1872.340  -3000.000    3    1   0.000    1.000    1.000    1.000
 260  -1879.600  -3000.000    3    1   0.000    1.000    1.000    1.000
 261  -1886.860  -3000.000    3    1   0.000    1.000    1.000    1.000
 262  -1894.110  -3000.000    3    1   0.000    1.000    1.000    1.000
 263  -1901.370  -3000.000    3    1   0.000    1.000    1.000    1.000
 264  -1908.630  -3000.000    3    1   0.000    1.000    1.000    1.000
 265  -1915.890  -3000.000    3    1   0.000    1.000    1.000    1.000
 266  -1923.140  -3000.000    3    1   0.000    1.000    1.000    1.000
 267  -1930.400  -3000.000    3    1   0.000    1.000    1.000    1.000
 268  -1937.660  -3000.000    3    1   0.000    1.000    1.000    1.000
 269  -1944.910  -3000.000    3    1   0.000    1.000    1.000    1.000
 270  -1952.170  -3000.000    3    1   0.000    1.000    1.000    1.000
 271  -1959.430  -3000.000    3    1   0.000    1.000    1.000    1.000
 272  -1966.690  -3000.000    3    1   0.000    1.000    1.000    1.000
 273  -1973.940  -3000.000    3    1   0.000    1.000    1.000    1.000
 274  -1981.200  -3000.000    3    1   0.000    1.000    1.000    1.000
 275  -1988.460  -3000.000    3    1   0.000    1.000    1.000    1.000
 276  -1995.710  -3000.000    3    1   0.000    1.000    1.000    1.000
 277  -2002.970  -3000.000    3    1   0.000    1.000    1.000    1.000
 278  -2010.230  -3000.000    3    1   0.000    1.000    1.000    1.000
 279  -2017.490  -3000.000    3    1   0.000    1.000    1.000    1.000
 280  -2024.740  -3000.000    3    1   0.000    1.000    1.000    1.000
 281  -2032.000  -3000.000    3    1   0.000    1.000    1.000    1.000
 282  -2039.260  -3000.000    3    1   0.000    1.000    1.000    1.000
 283  -2046.510  -3000.000    3    1   0.000    1.000    1.000    1.000
 284  -2053.770  -3000.000    3    1   0.000    1.000    1.000    1.000
 285  -2061.030  -3000.000    3    1   0.000    1.000    1.000    1.000
 286  -2068.290  -3000.000    3    1   0.000    1.000    1.000    1.000
 287  -2075.540  -3000.000    3    1   0.000    1.000    1.000    1.000
 288  -2082.800  -3000.000    3    1   0.000    1.000    1.000    1.000
 289  -2090.060  -3000.000    3    1   0.000    1.000    1.000    1.000
 290  -2097.310  -3000.000    3    1   0.000    1.000    1.000    1.000
 291  -2104.570  -3000.000    3    1   0.000    1.000    1.000    1.000
 292  -2111.830  -3000.000    3    1   0.000    1.000    1.000    1.000
 293  -2119.090  -3000.000    3    1   0.000    1.000    1.000    1.000
 294  -2126.340  -3000.000    3    1   0.000    1.000    1.000    1.000
 295  -2133.600  -3000.000    3    1   0.000    1.000    1.000    1.000
 296  -2140.860  -3000.000    3    1   0.000    1.000    1.000    1.000
 297  -2148.110  -3000.000    3    1   0.000    1.000    1.000    1.000
 298  -2155.370  -3000.000    3    1   0.000    1.000    1.000    1.000
 299  -2162.630  -3000.000    3    1   0.000    1.000    1.000    1.000
 300  -2169.890  -3000.000    3    1   0.000    1.000    1.000    1.000
 301  -2177.140  -3000.000    3    1   0.000    1.000    1.000    1.000
 302  -2184.400  -3000.000    3    1   0.000    1.000    1.000    1.000
 303  -2191.660  -3000.000    3    1   0.000    1.000    1.000    1.000
 304  -2198.910  -3000.000    3    1   0.000    1.000    1.000    1.000
 305  -2206.170  -3000.000    3    1   0.000    1.000    1.000    1.000
 306  -2213.430  -3000.000    3    1   0.000    1.000    1.000    1.000
 307  -2220.690  -3000.000    3    1   0.000    1.000    1.000    1.000
 308  -2227.940  -3000.000    3    1   0.000    1.000    1.000    1.000
 309  -2235.200  -3000.000    3    1   0.000    1.000    1.000    1.000
 310  -2242.460  -3000.000    3    1   0.000    1.000    1.000    1.000
 311  -2249.710  -3000.000    3    1   0.000    1.000    1.000    1.000
 312  -2256.970  -3000.000    3    1   0.000    1.000    1.000    1.000
 313  -2264.230  -3000.000    3    1   0.000    1.000    1.000    1.000
 314  -2271.490  -3000.000    3    1   0.000    1.000    1.000    1.000
 315  -2278.740  -3000.000    3    1   0.000    1.000    1.000    1.000
 316  -2286.000  -3000.000    3    1   0.000    1.000    1.000    1.000
 317  -2293.260  -3000.000    3    1   0.000    1.000    1.000    1.000
 318  -2300.510  -3000.000    3    1   0.000    1.000    1.000    1.000
 319  -2307.770  -3000.000    3    1   0.000    1.000    1.000    1.000
 320  -2315.030  -3000.000    3    1   0.000    1.000    1.000    1.000
 321  -2322.290  -3000.000    3    1   0.000    1.000    1.000    1.000
 322  -2329.540  -3000.000    3    1   0.000    1.000    1.000    1.000
 323  -2336.800  -3000.000    3    1   0.000    1.000    1.000    1.000
 324  -2344.060  -3000.000    3    1   0.000    1.000    1.000    1.000
 325  -2351.310  -3000.000    3    1   0.000    1.000    1.000    1.000
 326  -2358.570  -3000.000    3    1   0.000    1.000    1.000    1.000
 327  -2365.830  -3000.000    3    1   0.000    1.000    1.000    1.000
 328  -2373.090  -3000.000    3    1   0.000    1.000    1.000    1.000
 329  -2380.340  -3000.000    3    1   0.000    1.000    1.000    1.000
 330  -2387.600  -3000.000    3    1   0.000    1.000    1.000    1.000
 331  -2394.860  -3000.000    3    1   0.000    1.000    1.000    1.000
 332  -2402.110  -3000.000    3    1   0.000    1.000    1.000    1.000
 333  -2409.370  -3000.000    3    1   0.000    1.000    1.000    1.000
 334  -2416.630  -3000.000    3    1   0.000    1.000    1.000    1.000
 335  -2423.890  -3000.000    3    1   0.000    1.000    1.000    1.000
 336  -2431.140  -3000.000    3    1   0.000    1.000    1.000    1.000
 337  -2438.400  -3000.000    3    1   0.000    1.000    1.000    1.000
 338  -2445.660  -3000.000    3    1   0.000    1.000    1.000    1.000
 339  -2452.910  -3000.000    3    1   0.000    1.000    1.000    1.000
 340  -2460.170  -3000.000    3    1   0.000    1.000    1.000    1.000
 341  -2467.430  -3000.000    3    1   0.000    1.000    1.000    1.000
 342  -2474.690  -3000.000    3    1   0.000    1.000    1.000    1.000
 343  -2481.940  -3000.000    3    1   0.000    1.000    1.000    1.000
 344  -2489.200  -3000.000    3    1   0.000    1.000    1.000    1.000
 345  -2496.460  -3000.000    3    1   0.000    1.000    1.000    1.000
 346  -2503.710  -3000.000    3    1   0.000    1.000    1.000    1.000
 347  -2510.970  -3000.000    3    1   0.000    1.000    1.000    1.000
 348  -2518.230  -3000.000    3    1   0.000    1.000    1.000    1.000
 349  -2525.490  -3000.000    3    1   0.000    1.000    1.000    1.000
 350  -2532.740  -3000.000    3    1   0.000    1.000    1.000    1.000
 351  -2540.000  -3000.000    3    1   0.000    1.000    1.000    1.000
end

 Number of species in the chain :   0


MatNum, Param. array:

   Mat     Qr     Qs        Alfa         n          Ks      l

    1    0.042  0.419   0.239E-02   0.135E+01   0.170E+00  0.500
    2    0.076  0.479   0.165E-02   0.131E+01   0.433E-01  0.500
    3    0.057  0.399   0.458E-03   0.142E+01   0.433E-01  0.500

       Table of Hydraulic Properties which are interpolated in simulation
       =================================================================

  theta         h        log h        C             K        log K          S          Kv
 
  0.4189  -0.100E-04 -0.5000E+01  0.6533E-06  0.1693E+00 -0.7713E+00    1.0000  0.0000E+00
  0.4189  -0.126E-04 -0.4899E+01  0.7091E-06  0.1692E+00 -0.7715E+00    1.0000  0.0000E+00
  0.4189  -0.159E-04 -0.4798E+01  0.7697E-06  0.1692E+00 -0.7717E+00    1.0000  0.0000E+00
  0.4189  -0.201E-04 -0.4697E+01  0.8355E-06  0.1691E+00 -0.7718E+00    1.0000  0.0000E+00
  0.4189  -0.254E-04 -0.4596E+01  0.9070E-06  0.1690E+00 -0.7720E+00    1.0000  0.0000E+00
  0.4189  -0.320E-04 -0.4495E+01  0.9845E-06  0.1690E+00 -0.7722E+00    1.0000  0.0000E+00
  0.4189  -0.404E-04 -0.4394E+01  0.1069E-05  0.1689E+00 -0.7725E+00    1.0000  0.0000E+00
  0.4189  -0.509E-04 -0.4293E+01  0.1160E-05  0.1688E+00 -0.7727E+00    1.0000  0.0000E+00
  0.4189  -0.643E-04 -0.4192E+01  0.1259E-05  0.1687E+00 -0.7730E+00    1.0000  0.0000E+00
  0.4189  -0.811E-04 -0.4091E+01  0.1367E-05  0.1685E+00 -0.7733E+00    1.0000  0.0000E+00
  0.4189  -0.102E-03 -0.3990E+01  0.1484E-05  0.1684E+00 -0.7736E+00    1.0000  0.0000E+00
  0.4189  -0.129E-03 -0.3889E+01  0.1611E-05  0.1683E+00 -0.7740E+00    1.0000  0.0000E+00
  0.4189  -0.163E-03 -0.3788E+01  0.1748E-05  0.1681E+00 -0.7743E+00    1.0000  0.0000E+00
  0.4189  -0.206E-03 -0.3687E+01  0.1898E-05  0.1680E+00 -0.7747E+00    1.0000  0.0000E+00
  0.4189  -0.260E-03 -0.3586E+01  0.2060E-05  0.1678E+00 -0.7752E+00    1.0000  0.0000E+00
  0.4189  -0.327E-03 -0.3485E+01  0.2236E-05  0.1676E+00 -0.7757E+00    1.0000  0.0000E+00
  0.4189  -0.413E-03 -0.3384E+01  0.2427E-05  0.1674E+00 -0.7762E+00    1.0000  0.0000E+00
  0.4189  -0.521E-03 -0.3283E+01  0.2635E-05  0.1672E+00 -0.7768E+00    1.0000  0.0000E+00
  0.4189  -0.658E-03 -0.3182E+01  0.2860E-05  0.1670E+00 -0.7774E+00    1.0000  0.0000E+00
  0.4189  -0.830E-03 -0.3081E+01  0.3104E-05  0.1667E+00 -0.7781E+00    1.0000  0.0000E+00
  0.4189  -0.105E-02 -0.2980E+01  0.3370E-05  0.1664E+00 -0.7788E+00    1.0000  0.0000E+00
  0.4189  -0.132E-02 -0.2879E+01  0.3658E-05  0.1661E+00 -0.7796E+00    1.0000  0.0000E+00
  0.4189  -0.167E-02 -0.2778E+01  0.3971E-05  0.1658E+00 -0.7804E+00    1.0000  0.0000E+00
  0.4189  -0.210E-02 -0.2677E+01  0.4310E-05  0.1654E+00 -0.7814E+00    1.0000  0.0000E+00
  0.4189  -0.266E-02 -0.2576E+01  0.4679E-05  0.1650E+00 -0.7824E+00    1.0000  0.0000E+00
  0.4189  -0.335E-02 -0.2475E+01  0.5079E-05  0.1646E+00 -0.7835E+00    1.0000  0.0000E+00
  0.4189  -0.423E-02 -0.2374E+01  0.5513E-05  0.1642E+00 -0.7847E+00    1.0000  0.8603E-33
  0.4189  -0.534E-02 -0.2273E+01  0.5984E-05  0.1637E+00 -0.7860E+00    1.0000  0.8603E-33
  0.4189  -0.673E-02 -0.2172E+01  0.6496E-05  0.1631E+00 -0.7875E+00    1.0000  0.8603E-33
  0.4189  -0.850E-02 -0.2071E+01  0.7051E-05  0.1626E+00 -0.7890E+00    1.0000  0.8603E-33
  0.4189  -0.107E-01 -0.1970E+01  0.7654E-05  0.1619E+00 -0.7907E+00    1.0000  0.8672E-32
  0.4189  -0.135E-01 -0.1869E+01  0.8308E-05  0.1612E+00 -0.7925E+00    1.0000  0.3350E-31
  0.4189  -0.171E-01 -0.1768E+01  0.9018E-05  0.1605E+00 -0.7945E+00    1.0000  0.8741E-31
  0.4189  -0.215E-01 -0.1667E+01  0.9789E-05  0.1597E+00 -0.7967E+00    1.0000  0.1839E-30
  0.4189  -0.272E-01 -0.1566E+01  0.1063E-04  0.1588E+00 -0.7990E+00    1.0000  0.5645E-30
  0.4189  -0.343E-01 -0.1465E+01  0.1153E-04  0.1579E+00 -0.8016E+00    1.0000  0.1854E-29
  0.4189  -0.433E-01 -0.1364E+01  0.1252E-04  0.1569E+00 -0.8044E+00    1.0000  0.4444E-29
  0.4189  -0.546E-01 -0.1263E+01  0.1359E-04  0.1558E+00 -0.8074E+00    1.0000  0.1315E-28
  0.4189  -0.689E-01 -0.1162E+01  0.1475E-04  0.1546E+00 -0.8108E+00    1.0000  0.3931E-28
  0.4189  -0.870E-01 -0.1061E+01  0.1601E-04  0.1533E+00 -0.8144E+00    1.0000  0.1207E-27
  0.4189  -0.110E+00 -0.9596E+00  0.1738E-04  0.1519E+00 -0.8183E+00    1.0000  0.3224E-27
  0.4189  -0.138E+00 -0.8586E+00  0.1887E-04  0.1504E+00 -0.8226E+00    1.0000  0.9500E-27
  0.4189  -0.175E+00 -0.7576E+00  0.2048E-04  0.1488E+00 -0.8273E+00    1.0000  0.2708E-26
  0.4189  -0.221E+00 -0.6566E+00  0.2223E-04  0.1471E+00 -0.8324E+00    1.0000  0.7748E-26
  0.4189  -0.278E+00 -0.5556E+00  0.2413E-04  0.1452E+00 -0.8380E+00    1.0000  0.2207E-25
  0.4189  -0.351E+00 -0.4545E+00  0.2620E-04  0.1432E+00 -0.8441E+00    1.0000  0.6230E-25
  0.4189  -0.443E+00 -0.3535E+00  0.2843E-04  0.1410E+00 -0.8508E+00    1.0000  0.1791E-24
  0.4189  -0.559E+00 -0.2525E+00  0.3086E-04  0.1386E+00 -0.8581E+00    1.0000  0.5083E-24
  0.4189  -0.705E+00 -0.1515E+00  0.3350E-04  0.1361E+00 -0.8661E+00    1.0000  0.1449E-23
  0.4189  -0.890E+00 -0.5051E-01  0.3636E-04  0.1334E+00 -0.8749E+00    0.9999  0.4141E-23
  0.4189  -0.112E+01  0.5051E-01  0.3947E-04  0.1305E+00 -0.8845E+00    0.9999  0.1182E-22
  0.4189  -0.142E+01  0.1515E+00  0.4283E-04  0.1273E+00 -0.8951E+00    0.9999  0.3368E-22
  0.4188  -0.179E+01  0.2525E+00  0.4648E-04  0.1240E+00 -0.9067E+00    0.9998  0.9616E-22
  0.4188  -0.226E+01  0.3535E+00  0.5044E-04  0.1204E+00 -0.9195E+00    0.9998  0.2745E-21
  0.4188  -0.285E+01  0.4545E+00  0.5473E-04  0.1165E+00 -0.9336E+00    0.9997  0.7829E-21
  0.4187  -0.359E+01  0.5556E+00  0.5938E-04  0.1124E+00 -0.9492E+00    0.9996  0.2232E-20
  0.4187  -0.453E+01  0.6566E+00  0.6441E-04  0.1080E+00 -0.9664E+00    0.9994  0.6363E-20
  0.4186  -0.572E+01  0.7576E+00  0.6985E-04  0.1034E+00 -0.9855E+00    0.9992  0.1812E-19
  0.4185  -0.722E+01  0.8586E+00  0.7571E-04  0.9847E-01 -0.1007E+01    0.9989  0.5161E-19
  0.4183  -0.911E+01  0.9596E+00  0.8203E-04  0.9327E-01 -0.1030E+01    0.9985  0.1468E-18
  0.4181  -0.115E+02  0.1061E+01  0.8881E-04  0.8779E-01 -0.1057E+01    0.9980  0.4172E-18
  0.4179  -0.145E+02  0.1162E+01  0.9605E-04  0.8204E-01 -0.1086E+01    0.9973  0.1184E-17
  0.4175  -0.183E+02  0.1263E+01  0.1038E-03  0.7604E-01 -0.1119E+01    0.9962  0.3351E-17
  0.4170  -0.231E+02  0.1364E+01  0.1119E-03  0.6982E-01 -0.1156E+01    0.9949  0.9457E-17
  0.4163  -0.292E+02  0.1465E+01  0.1203E-03  0.6340E-01 -0.1198E+01    0.9930  0.2658E-16
  0.4153  -0.368E+02  0.1566E+01  0.1290E-03  0.5685E-01 -0.1245E+01    0.9905  0.7432E-16
  0.4140  -0.464E+02  0.1667E+01  0.1378E-03  0.5022E-01 -0.1299E+01    0.9871  0.2063E-15
  0.4123  -0.586E+02  0.1768E+01  0.1462E-03  0.4361E-01 -0.1360E+01    0.9825  0.5669E-15
  0.4100  -0.739E+02  0.1869E+01  0.1540E-03  0.3711E-01 -0.1431E+01    0.9764  0.1538E-14
  0.4069  -0.933E+02  0.1970E+01  0.1606E-03  0.3086E-01 -0.1511E+01    0.9683  0.4101E-14
  0.4030  -0.118E+03  0.2071E+01  0.1653E-03  0.2498E-01 -0.1602E+01    0.9577  0.1070E-13
  0.3978  -0.148E+03  0.2172E+01  0.1674E-03  0.1961E-01 -0.1708E+01    0.9441  0.2713E-13
  0.3913  -0.187E+03  0.2273E+01  0.1663E-03  0.1488E-01 -0.1828E+01    0.9269  0.6644E-13
  0.3833  -0.236E+03  0.2374E+01  0.1613E-03  0.1087E-01 -0.1964E+01    0.9056  0.1560E-12
  0.3736  -0.298E+03  0.2475E+01  0.1523E-03  0.7630E-02 -0.2117E+01    0.8798  0.3484E-12
  0.3622  -0.376E+03  0.2576E+01  0.1396E-03  0.5138E-02 -0.2289E+01    0.8496  0.7360E-12
  0.3492  -0.475E+03  0.2677E+01  0.1241E-03  0.3320E-02 -0.2479E+01    0.8152  0.1463E-11
  0.3348  -0.599E+03  0.2778E+01  0.1069E-03  0.2062E-02 -0.2686E+01    0.7772  0.2728E-11
  0.3195  -0.756E+03  0.2879E+01  0.8947E-04  0.1235E-02 -0.2908E+01    0.7365  0.4772E-11
  0.3035  -0.955E+03  0.2980E+01  0.7291E-04  0.7167E-03 -0.3145E+01    0.6941  0.7847E-11
  0.2872  -0.120E+04  0.3081E+01  0.5806E-04  0.4046E-03 -0.3393E+01    0.6510  0.1217E-10
  0.2711  -0.152E+04  0.3182E+01  0.4534E-04  0.2233E-03 -0.3651E+01    0.6082  0.1791E-10
  0.2553  -0.192E+04  0.3283E+01  0.3485E-04  0.1210E-03 -0.3917E+01    0.5663  0.2513E-10
  0.2400  -0.242E+04  0.3384E+01  0.2646E-04  0.6468E-04 -0.4189E+01    0.5259  0.3380E-10
  0.2255  -0.305E+04  0.3485E+01  0.1989E-04  0.3418E-04 -0.4466E+01    0.4874  0.4384E-10
  0.2118  -0.385E+04  0.3586E+01  0.1484E-04  0.1792E-04 -0.4747E+01    0.4511  0.5509E-10
  0.1989  -0.486E+04  0.3687E+01  0.1101E-04  0.9331E-05 -0.5030E+01    0.4169  0.6736E-10
  0.1869  -0.614E+04  0.3788E+01  0.8136E-05  0.4837E-05 -0.5315E+01    0.3850  0.8043E-10
  0.1757  -0.774E+04  0.3889E+01  0.5992E-05  0.2499E-05 -0.5602E+01    0.3554  0.9410E-10
  0.1653  -0.977E+04  0.3990E+01  0.4403E-05  0.1288E-05 -0.5890E+01    0.3278  0.1082E-09
  0.1557  -0.123E+05  0.4091E+01  0.3230E-05  0.6621E-06 -0.6179E+01    0.3023  0.1225E-09
  0.1467  -0.156E+05  0.4192E+01  0.2366E-05  0.3400E-06 -0.6468E+01    0.2787  0.1368E-09
  0.1385  -0.196E+05  0.4293E+01  0.1732E-05  0.1744E-06 -0.6758E+01    0.2569  0.1510E-09
  0.1309  -0.248E+05  0.4394E+01  0.1267E-05  0.8942E-07 -0.7049E+01    0.2367  0.1650E-09
  0.1239  -0.313E+05  0.4495E+01  0.9260E-06  0.4581E-07 -0.7339E+01    0.2181  0.1787E-09
  0.1174  -0.394E+05  0.4596E+01  0.6767E-06  0.2346E-07 -0.7630E+01    0.2010  0.1920E-09
  0.1115  -0.498E+05  0.4697E+01  0.4944E-06  0.1201E-07 -0.7920E+01    0.1852  0.2048E-09
  0.1060  -0.628E+05  0.4798E+01  0.3612E-06  0.6149E-08 -0.8211E+01    0.1706  0.2171E-09
  0.1009  -0.792E+05  0.4899E+01  0.2638E-06  0.3147E-08 -0.8502E+01    0.1572  0.2288E-09
  0.0962  -0.100E+06  0.5000E+01  0.1926E-06  0.1611E-08 -0.8793E+01    0.1448  0.2398E-09
end
 
  0.4794  -0.100E-04 -0.5000E+01  0.8129E-06  0.4299E-01 -0.1367E+01    1.0000  0.0000E+00
  0.4794  -0.126E-04 -0.4899E+01  0.8734E-06  0.4296E-01 -0.1367E+01    1.0000  0.0000E+00
  0.4794  -0.159E-04 -0.4798E+01  0.9384E-06  0.4294E-01 -0.1367E+01    1.0000  0.0000E+00
  0.4794  -0.201E-04 -0.4697E+01  0.1008E-05  0.4291E-01 -0.1367E+01    1.0000  0.0000E+00
  0.4794  -0.254E-04 -0.4596E+01  0.1083E-05  0.4288E-01 -0.1368E+01    1.0000  0.0000E+00
  0.4794  -0.320E-04 -0.4495E+01  0.1164E-05  0.4284E-01 -0.1368E+01    1.0000  0.0000E+00
  0.4794  -0.404E-04 -0.4394E+01  0.1250E-05  0.4281E-01 -0.1368E+01    1.0000  0.0000E+00
  0.4794  -0.509E-04 -0.4293E+01  0.1343E-05  0.4277E-01 -0.1369E+01    1.0000  0.0000E+00
  0.4794  -0.643E-04 -0.4192E+01  0.1443E-05  0.4273E-01 -0.1369E+01    1.0000  0.0000E+00
  0.4794  -0.811E-04 -0.4091E+01  0.1551E-05  0.4268E-01 -0.1370E+01    1.0000  0.0000E+00
  0.4794  -0.102E-03 -0.3990E+01  0.1666E-05  0.4263E-01 -0.1370E+01    1.0000  0.0000E+00
  0.4794  -0.129E-03 -0.3889E+01  0.1790E-05  0.4258E-01 -0.1371E+01    1.0000  0.0000E+00
  0.4794  -0.163E-03 -0.3788E+01  0.1923E-05  0.4252E-01 -0.1371E+01    1.0000  0.0000E+00
  0.4794  -0.206E-03 -0.3687E+01  0.2067E-05  0.4246E-01 -0.1372E+01    1.0000  0.0000E+00
  0.4794  -0.260E-03 -0.3586E+01  0.2220E-05  0.4240E-01 -0.1373E+01    1.0000  0.0000E+00
  0.4794  -0.327E-03 -0.3485E+01  0.2386E-05  0.4233E-01 -0.1373E+01    1.0000  0.0000E+00
  0.4794  -0.413E-03 -0.3384E+01  0.2563E-05  0.4226E-01 -0.1374E+01    1.0000  0.0000E+00
  0.4794  -0.521E-03 -0.3283E+01  0.2754E-05  0.4218E-01 -0.1375E+01    1.0000  0.0000E+00
  0.4794  -0.658E-03 -0.3182E+01  0.2959E-05  0.4209E-01 -0.1376E+01    1.0000  0.0000E+00
  0.4794  -0.830E-03 -0.3081E+01  0.3179E-05  0.4200E-01 -0.1377E+01    1.0000  0.0000E+00
  0.4794  -0.105E-02 -0.2980E+01  0.3416E-05  0.4190E-01 -0.1378E+01    1.0000  0.0000E+00
  0.4794  -0.132E-02 -0.2879E+01  0.3670E-05  0.4180E-01 -0.1379E+01    1.0000  0.0000E+00
  0.4794  -0.167E-02 -0.2778E+01  0.3943E-05  0.4168E-01 -0.1380E+01    1.0000  0.0000E+00
  0.4794  -0.210E-02 -0.2677E+01  0.4236E-05  0.4156E-01 -0.1381E+01    1.0000  0.0000E+00
  0.4794  -0.266E-02 -0.2576E+01  0.4551E-05  0.4143E-01 -0.1383E+01    1.0000  0.0000E+00
  0.4794  -0.335E-02 -0.2475E+01  0.4890E-05  0.4129E-01 -0.1384E+01    1.0000  0.0000E+00
  0.4794  -0.423E-02 -0.2374E+01  0.5254E-05  0.4114E-01 -0.1386E+01    1.0000  0.0000E+00
  0.4794  -0.534E-02 -0.2273E+01  0.5645E-05  0.4098E-01 -0.1387E+01    1.0000  0.0000E+00
  0.4794  -0.673E-02 -0.2172E+01  0.6065E-05  0.4081E-01 -0.1389E+01    1.0000  0.0000E+00
  0.4794  -0.850E-02 -0.2071E+01  0.6516E-05  0.4062E-01 -0.1391E+01    1.0000  0.0000E+00
  0.4794  -0.107E-01 -0.1970E+01  0.7001E-05  0.4042E-01 -0.1393E+01    1.0000  0.6621E-32
  0.4794  -0.135E-01 -0.1869E+01  0.7522E-05  0.4021E-01 -0.1396E+01    1.0000  0.2558E-31
  0.4794  -0.171E-01 -0.1768E+01  0.8082E-05  0.3998E-01 -0.1398E+01    1.0000  0.6674E-31
  0.4794  -0.215E-01 -0.1667E+01  0.8683E-05  0.3974E-01 -0.1401E+01    1.0000  0.1404E-30
  0.4794  -0.272E-01 -0.1566E+01  0.9330E-05  0.3948E-01 -0.1404E+01    1.0000  0.4310E-30
  0.4794  -0.343E-01 -0.1465E+01  0.1002E-04  0.3920E-01 -0.1407E+01    1.0000  0.9961E-30
  0.4794  -0.433E-01 -0.1364E+01  0.1077E-04  0.3890E-01 -0.1410E+01    1.0000  0.2599E-29
  0.4794  -0.546E-01 -0.1263E+01  0.1157E-04  0.3858E-01 -0.1414E+01    1.0000  0.6780E-29
  0.4794  -0.689E-01 -0.1162E+01  0.1243E-04  0.3824E-01 -0.1418E+01    1.0000  0.1960E-28
  0.4794  -0.870E-01 -0.1061E+01  0.1336E-04  0.3787E-01 -0.1422E+01    1.0000  0.5511E-28
  0.4794  -0.110E+00 -0.9596E+00  0.1435E-04  0.3748E-01 -0.1426E+01    1.0000  0.1438E-27
  0.4794  -0.138E+00 -0.8586E+00  0.1542E-04  0.3706E-01 -0.1431E+01    1.0000  0.4156E-27
  0.4794  -0.175E+00 -0.7576E+00  0.1657E-04  0.3661E-01 -0.1436E+01    1.0000  0.1118E-26
  0.4794  -0.221E+00 -0.6566E+00  0.1780E-04  0.3614E-01 -0.1442E+01    1.0000  0.3152E-26
  0.4794  -0.278E+00 -0.5556E+00  0.1912E-04  0.3563E-01 -0.1448E+01    1.0000  0.8498E-26
  0.4794  -0.351E+00 -0.4545E+00  0.2055E-04  0.3508E-01 -0.1455E+01    1.0000  0.2370E-25
  0.4794  -0.443E+00 -0.3535E+00  0.2207E-04  0.3450E-01 -0.1462E+01    1.0000  0.6553E-25
  0.4794  -0.559E+00 -0.2525E+00  0.2372E-04  0.3389E-01 -0.1470E+01    1.0000  0.1802E-24
  0.4794  -0.705E+00 -0.1515E+00  0.2548E-04  0.3323E-01 -0.1478E+01    1.0000  0.4972E-24
  0.4794  -0.890E+00 -0.5051E-01  0.2737E-04  0.3253E-01 -0.1488E+01    1.0000  0.1371E-23
  0.4794  -0.112E+01  0.5051E-01  0.2941E-04  0.3179E-01 -0.1498E+01    0.9999  0.3777E-23
  0.4794  -0.142E+01  0.1515E+00  0.3159E-04  0.3100E-01 -0.1509E+01    0.9999  0.1044E-22
  0.4794  -0.179E+01  0.2525E+00  0.3394E-04  0.3017E-01 -0.1520E+01    0.9999  0.2874E-22
  0.4793  -0.226E+01  0.3535E+00  0.3646E-04  0.2928E-01 -0.1533E+01    0.9998  0.7927E-22
  0.4793  -0.285E+01  0.4545E+00  0.3916E-04  0.2835E-01 -0.1547E+01    0.9998  0.2184E-21
  0.4793  -0.359E+01  0.5556E+00  0.4206E-04  0.2736E-01 -0.1563E+01    0.9997  0.6019E-21
  0.4792  -0.453E+01  0.6566E+00  0.4516E-04  0.2632E-01 -0.1580E+01    0.9996  0.1659E-20
  0.4792  -0.572E+01  0.7576E+00  0.4849E-04  0.2522E-01 -0.1598E+01    0.9995  0.4570E-20
  0.4791  -0.722E+01  0.8586E+00  0.5204E-04  0.2407E-01 -0.1619E+01    0.9993  0.1259E-19
  0.4790  -0.911E+01  0.9596E+00  0.5584E-04  0.2286E-01 -0.1641E+01    0.9990  0.3464E-19
  0.4789  -0.115E+02  0.1061E+01  0.5989E-04  0.2160E-01 -0.1665E+01    0.9987  0.9524E-19
  0.4787  -0.145E+02  0.1162E+01  0.6419E-04  0.2029E-01 -0.1693E+01    0.9982  0.2616E-18
  0.4784  -0.183E+02  0.1263E+01  0.6874E-04  0.1893E-01 -0.1723E+01    0.9976  0.7176E-18
  0.4781  -0.231E+02  0.1364E+01  0.7353E-04  0.1752E-01 -0.1756E+01    0.9968  0.1964E-17
  0.4776  -0.292E+02  0.1465E+01  0.7852E-04  0.1608E-01 -0.1794E+01    0.9956  0.5364E-17
  0.4770  -0.368E+02  0.1566E+01  0.8369E-04  0.1461E-01 -0.1835E+01    0.9941  0.1459E-16
  0.4762  -0.464E+02  0.1667E+01  0.8894E-04  0.1312E-01 -0.1882E+01    0.9920  0.3953E-16
  0.4751  -0.586E+02  0.1768E+01  0.9417E-04  0.1162E-01 -0.1935E+01    0.9892  0.1064E-15
  0.4736  -0.739E+02  0.1869E+01  0.9922E-04  0.1013E-01 -0.1994E+01    0.9856  0.2839E-15
  0.4716  -0.933E+02  0.1970E+01  0.1039E-03  0.8682E-02 -0.2061E+01    0.9807  0.7496E-15
  0.4690  -0.118E+03  0.2071E+01  0.1078E-03  0.7285E-02 -0.2138E+01    0.9743  0.1951E-14
  0.4657  -0.148E+03  0.2172E+01  0.1107E-03  0.5971E-02 -0.2224E+01    0.9659  0.4984E-14
  0.4613  -0.187E+03  0.2273E+01  0.1122E-03  0.4763E-02 -0.2322E+01    0.9551  0.1244E-13
  0.4558  -0.236E+03  0.2374E+01  0.1118E-03  0.3687E-02 -0.2433E+01    0.9415  0.3014E-13
  0.4490  -0.298E+03  0.2475E+01  0.1092E-03  0.2760E-02 -0.2559E+01    0.9245  0.7050E-13
  0.4406  -0.376E+03  0.2576E+01  0.1042E-03  0.1993E-02 -0.2700E+01    0.9038  0.1580E-12
  0.4307  -0.475E+03  0.2677E+01  0.9686E-04  0.1387E-02 -0.2858E+01    0.8792  0.3375E-12
  0.4192  -0.599E+03  0.2778E+01  0.8759E-04  0.9283E-03 -0.3032E+01    0.8508  0.6830E-12
  0.4063  -0.756E+03  0.2879E+01  0.7699E-04  0.5987E-03 -0.3223E+01    0.8188  0.1305E-11
  0.3922  -0.955E+03  0.2980E+01  0.6580E-04  0.3727E-03 -0.3429E+01    0.7838  0.2350E-11
  0.3772  -0.120E+04  0.3081E+01  0.5479E-04  0.2248E-03 -0.3648E+01    0.7466  0.3991E-11
  0.3617  -0.152E+04  0.3182E+01  0.4456E-04  0.1318E-03 -0.3880E+01    0.7080  0.6404E-11
  0.3458  -0.192E+04  0.3283E+01  0.3551E-04  0.7546E-04 -0.4122E+01    0.6687  0.9749E-11
  0.3301  -0.242E+04  0.3384E+01  0.2782E-04  0.4237E-04 -0.4373E+01    0.6296  0.1414E-10
  0.3146  -0.305E+04  0.3485E+01  0.2150E-04  0.2342E-04 -0.4630E+01    0.5912  0.1964E-10
  0.2996  -0.385E+04  0.3586E+01  0.1643E-04  0.1278E-04 -0.4893E+01    0.5540  0.2626E-10
  0.2852  -0.486E+04  0.3687E+01  0.1245E-04  0.6911E-05 -0.5160E+01    0.5183  0.3395E-10
  0.2714  -0.614E+04  0.3788E+01  0.9366E-05  0.3709E-05 -0.5431E+01    0.4842  0.4263E-10
  0.2584  -0.774E+04  0.3889E+01  0.7013E-05  0.1979E-05 -0.5704E+01    0.4520  0.5217E-10
  0.2462  -0.977E+04  0.3990E+01  0.5231E-05  0.1052E-05 -0.5978E+01    0.4216  0.6245E-10
  0.2347  -0.123E+05  0.4091E+01  0.3891E-05  0.5571E-06 -0.6254E+01    0.3930  0.7332E-10
  0.2239  -0.156E+05  0.4192E+01  0.2888E-05  0.2944E-06 -0.6531E+01    0.3662  0.8466E-10
  0.2138  -0.196E+05  0.4293E+01  0.2140E-05  0.1553E-06 -0.6809E+01    0.3412  0.9631E-10
  0.2043  -0.248E+05  0.4394E+01  0.1584E-05  0.8181E-07 -0.7087E+01    0.3177  0.1082E-09
  0.1955  -0.313E+05  0.4495E+01  0.1171E-05  0.4306E-07 -0.7366E+01    0.2959  0.1201E-09
  0.1873  -0.394E+05  0.4596E+01  0.8654E-06  0.2265E-07 -0.7645E+01    0.2755  0.1320E-09
  0.1796  -0.498E+05  0.4697E+01  0.6392E-06  0.1190E-07 -0.7924E+01    0.2565  0.1438E-09
  0.1725  -0.628E+05  0.4798E+01  0.4719E-06  0.6255E-08 -0.8204E+01    0.2388  0.1554E-09
  0.1658  -0.792E+05  0.4899E+01  0.3484E-06  0.3286E-08 -0.8483E+01    0.2223  0.1667E-09
  0.1596  -0.100E+06  0.5000E+01  0.2571E-06  0.1726E-08 -0.8763E+01    0.2069  0.1777E-09
end
 
  0.3986  -0.100E-04 -0.5000E+01  0.1920E-07  0.4331E-01 -0.1363E+01    1.0000  0.0000E+00
  0.3986  -0.126E-04 -0.4899E+01  0.2119E-07  0.4331E-01 -0.1363E+01    1.0000  0.0000E+00
  0.3986  -0.159E-04 -0.4798E+01  0.2339E-07  0.4330E-01 -0.1363E+01    1.0000  0.0000E+00
  0.3986  -0.201E-04 -0.4697E+01  0.2581E-07  0.4330E-01 -0.1364E+01    1.0000  0.0000E+00
  0.3986  -0.254E-04 -0.4596E+01  0.2849E-07  0.4330E-01 -0.1364E+01    1.0000  0.0000E+00
  0.3986  -0.320E-04 -0.4495E+01  0.3144E-07  0.4329E-01 -0.1364E+01    1.0000  0.0000E+00
  0.3986  -0.404E-04 -0.4394E+01  0.3471E-07  0.4329E-01 -0.1364E+01    1.0000  0.0000E+00
  0.3986  -0.509E-04 -0.4293E+01  0.3831E-07  0.4328E-01 -0.1364E+01    1.0000  0.0000E+00
  0.3986  -0.643E-04 -0.4192E+01  0.4228E-07  0.4328E-01 -0.1364E+01    1.0000  0.0000E+00
  0.3986  -0.811E-04 -0.4091E+01  0.4666E-07  0.4327E-01 -0.1364E+01    1.0000  0.0000E+00
  0.3986  -0.102E-03 -0.3990E+01  0.5150E-07  0.4327E-01 -0.1364E+01    1.0000  0.0000E+00
  0.3986  -0.129E-03 -0.3889E+01  0.5685E-07  0.4326E-01 -0.1364E+01    1.0000  0.0000E+00
  0.3986  -0.163E-03 -0.3788E+01  0.6274E-07  0.4325E-01 -0.1364E+01    1.0000  0.0000E+00
  0.3986  -0.206E-03 -0.3687E+01  0.6925E-07  0.4324E-01 -0.1364E+01    1.0000  0.0000E+00
  0.3986  -0.260E-03 -0.3586E+01  0.7643E-07  0.4323E-01 -0.1364E+01    1.0000  0.0000E+00
  0.3986  -0.327E-03 -0.3485E+01  0.8436E-07  0.4322E-01 -0.1364E+01    1.0000  0.0000E+00
  0.3986  -0.413E-03 -0.3384E+01  0.9311E-07  0.4321E-01 -0.1364E+01    1.0000  0.0000E+00
  0.3986  -0.521E-03 -0.3283E+01  0.1028E-06  0.4320E-01 -0.1365E+01    1.0000  0.0000E+00
  0.3986  -0.658E-03 -0.3182E+01  0.1134E-06  0.4319E-01 -0.1365E+01    1.0000  0.0000E+00
  0.3986  -0.830E-03 -0.3081E+01  0.1252E-06  0.4317E-01 -0.1365E+01    1.0000  0.0000E+00
  0.3986  -0.105E-02 -0.2980E+01  0.1382E-06  0.4315E-01 -0.1365E+01    1.0000  0.0000E+00
  0.3986  -0.132E-02 -0.2879E+01  0.1525E-06  0.4313E-01 -0.1365E+01    1.0000  0.0000E+00
  0.3986  -0.167E-02 -0.2778E+01  0.1683E-06  0.4311E-01 -0.1365E+01    1.0000  0.0000E+00
  0.3986  -0.210E-02 -0.2677E+01  0.1858E-06  0.4309E-01 -0.1366E+01    1.0000  0.0000E+00
  0.3986  -0.266E-02 -0.2576E+01  0.2050E-06  0.4307E-01 -0.1366E+01    1.0000  0.0000E+00
  0.3986  -0.335E-02 -0.2475E+01  0.2263E-06  0.4304E-01 -0.1366E+01    1.0000  0.0000E+00
  0.3986  -0.423E-02 -0.2374E+01  0.2498E-06  0.4301E-01 -0.1366E+01    1.0000  0.0000E+00
  0.3986  -0.534E-02 -0.2273E+01  0.2757E-06  0.4297E-01 -0.1367E+01    1.0000  0.0000E+00
  0.3986  -0.673E-02 -0.2172E+01  0.3043E-06  0.4294E-01 -0.1367E+01    1.0000  0.0000E+00
  0.3986  -0.850E-02 -0.2071E+01  0.3359E-06  0.4290E-01 -0.1368E+01    1.0000  0.0000E+00
  0.3986  -0.107E-01 -0.1970E+01  0.3707E-06  0.4285E-01 -0.1368E+01    1.0000  0.0000E+00
  0.3986  -0.135E-01 -0.1869E+01  0.4091E-06  0.4280E-01 -0.1369E+01    1.0000  0.0000E+00
  0.3986  -0.171E-01 -0.1768E+01  0.4516E-06  0.4275E-01 -0.1369E+01    1.0000  0.0000E+00
  0.3986  -0.215E-01 -0.1667E+01  0.4984E-06  0.4268E-01 -0.1370E+01    1.0000  0.0000E+00
  0.3986  -0.272E-01 -0.1566E+01  0.5501E-06  0.4262E-01 -0.1370E+01    1.0000  0.0000E+00
  0.3986  -0.343E-01 -0.1465E+01  0.6072E-06  0.4254E-01 -0.1371E+01    1.0000  0.0000E+00
  0.3986  -0.433E-01 -0.1364E+01  0.6701E-06  0.4246E-01 -0.1372E+01    1.0000  0.9502E-33
  0.3986  -0.546E-01 -0.1263E+01  0.7396E-06  0.4237E-01 -0.1373E+01    1.0000  0.9502E-33
  0.3986  -0.689E-01 -0.1162E+01  0.8164E-06  0.4227E-01 -0.1374E+01    1.0000  0.9502E-33
  0.3986  -0.870E-01 -0.1061E+01  0.9010E-06  0.4216E-01 -0.1375E+01    1.0000  0.9578E-32
  0.3986  -0.110E+00 -0.9596E+00  0.9945E-06  0.4204E-01 -0.1376E+01    1.0000  0.3700E-31
  0.3986  -0.138E+00 -0.8586E+00  0.1098E-05  0.4191E-01 -0.1378E+01    1.0000  0.9654E-31
  0.3986  -0.175E+00 -0.7576E+00  0.1211E-05  0.4176E-01 -0.1379E+01    1.0000  0.2031E-30
  0.3986  -0.221E+00 -0.6566E+00  0.1337E-05  0.4160E-01 -0.1381E+01    1.0000  0.6235E-30
  0.3986  -0.278E+00 -0.5556E+00  0.1476E-05  0.4143E-01 -0.1383E+01    1.0000  0.2047E-29
  0.3986  -0.351E+00 -0.4545E+00  0.1629E-05  0.4123E-01 -0.1385E+01    1.0000  0.4909E-29
  0.3986  -0.443E+00 -0.3535E+00  0.1798E-05  0.4102E-01 -0.1387E+01    1.0000  0.1739E-28
  0.3986  -0.559E+00 -0.2525E+00  0.1984E-05  0.4078E-01 -0.1390E+01    1.0000  0.4948E-28
  0.3986  -0.705E+00 -0.1515E+00  0.2190E-05  0.4052E-01 -0.1392E+01    1.0000  0.1464E-27
  0.3986  -0.890E+00 -0.5051E-01  0.2417E-05  0.4023E-01 -0.1395E+01    1.0000  0.4674E-27
  0.3986  -0.112E+01  0.5051E-01  0.2668E-05  0.3992E-01 -0.1399E+01    1.0000  0.1408E-26
  0.3986  -0.142E+01  0.1515E+00  0.2945E-05  0.3957E-01 -0.1403E+01    1.0000  0.4123E-26
  0.3986  -0.179E+01  0.2525E+00  0.3250E-05  0.3919E-01 -0.1407E+01    1.0000  0.1260E-25
  0.3986  -0.226E+01  0.3535E+00  0.3587E-05  0.3877E-01 -0.1411E+01    1.0000  0.3813E-25
  0.3986  -0.285E+01  0.4545E+00  0.3959E-05  0.3831E-01 -0.1417E+01    1.0000  0.1150E-24
  0.3986  -0.359E+01  0.5556E+00  0.4369E-05  0.3781E-01 -0.1422E+01    1.0000  0.3455E-24
  0.3986  -0.453E+01  0.6566E+00  0.4822E-05  0.3726E-01 -0.1429E+01    1.0000  0.1040E-23
  0.3986  -0.572E+01  0.7576E+00  0.5322E-05  0.3665E-01 -0.1436E+01    0.9999  0.3149E-23
  0.3986  -0.722E+01  0.8586E+00  0.5873E-05  0.3599E-01 -0.1444E+01    0.9999  0.9470E-23
  0.3986  -0.911E+01  0.9596E+00  0.6482E-05  0.3527E-01 -0.1453E+01    0.9999  0.2862E-22
  0.3985  -0.115E+02  0.1061E+01  0.7152E-05  0.3448E-01 -0.1462E+01    0.9998  0.8623E-22
  0.3985  -0.145E+02  0.1162E+01  0.7892E-05  0.3362E-01 -0.1473E+01    0.9998  0.2601E-21
  0.3985  -0.183E+02  0.1263E+01  0.8707E-05  0.3268E-01 -0.1486E+01    0.9997  0.7840E-21
  0.3984  -0.231E+02  0.1364E+01  0.9605E-05  0.3166E-01 -0.1499E+01    0.9995  0.2363E-20
  0.3984  -0.292E+02  0.1465E+01  0.1059E-04  0.3056E-01 -0.1515E+01    0.9994  0.7118E-20
  0.3983  -0.368E+02  0.1566E+01  0.1168E-04  0.2936E-01 -0.1532E+01    0.9991  0.2144E-19
  0.3982  -0.464E+02  0.1667E+01  0.1287E-04  0.2807E-01 -0.1552E+01    0.9988  0.6452E-19
  0.3980  -0.586E+02  0.1768E+01  0.1418E-04  0.2668E-01 -0.1574E+01    0.9983  0.1940E-18
  0.3978  -0.739E+02  0.1869E+01  0.1560E-04  0.2519E-01 -0.1599E+01    0.9976  0.5824E-18
  0.3975  -0.933E+02  0.1970E+01  0.1715E-04  0.2359E-01 -0.1627E+01    0.9967  0.1745E-17
  0.3970  -0.118E+03  0.2071E+01  0.1882E-04  0.2190E-01 -0.1660E+01    0.9954  0.5215E-17
  0.3964  -0.148E+03  0.2172E+01  0.2061E-04  0.2011E-01 -0.1696E+01    0.9936  0.1553E-16
  0.3956  -0.187E+03  0.2273E+01  0.2250E-04  0.1825E-01 -0.1739E+01    0.9912  0.4601E-16
  0.3944  -0.236E+03  0.2374E+01  0.2447E-04  0.1631E-01 -0.1788E+01    0.9878  0.1354E-15
  0.3928  -0.298E+03  0.2475E+01  0.2646E-04  0.1433E-01 -0.1844E+01    0.9831  0.3947E-15
  0.3907  -0.376E+03  0.2576E+01  0.2840E-04  0.1233E-01 -0.1909E+01    0.9769  0.1136E-14
  0.3878  -0.475E+03  0.2677E+01  0.3018E-04  0.1036E-01 -0.1984E+01    0.9684  0.3215E-14
  0.3840  -0.599E+03  0.2778E+01  0.3165E-04  0.8469E-02 -0.2072E+01    0.9571  0.8897E-14
  0.3789  -0.756E+03  0.2879E+01  0.3264E-04  0.6698E-02 -0.2174E+01    0.9423  0.2391E-13
  0.3724  -0.955E+03  0.2980E+01  0.3295E-04  0.5104E-02 -0.2292E+01    0.9232  0.6192E-13
  0.3642  -0.120E+04  0.3081E+01  0.3242E-04  0.3732E-02 -0.2428E+01    0.8992  0.1532E-12
  0.3542  -0.152E+04  0.3182E+01  0.3097E-04  0.2609E-02 -0.2584E+01    0.8698  0.3591E-12
  0.3423  -0.192E+04  0.3283E+01  0.2862E-04  0.1740E-02 -0.2759E+01    0.8351  0.7908E-12
  0.3287  -0.242E+04  0.3384E+01  0.2553E-04  0.1107E-02 -0.2956E+01    0.7952  0.1626E-11
  0.3137  -0.305E+04  0.3485E+01  0.2198E-04  0.6732E-03 -0.3172E+01    0.7512  0.3113E-11
  0.2977  -0.385E+04  0.3586E+01  0.1830E-04  0.3926E-03 -0.3406E+01    0.7042  0.5543E-11
  0.2811  -0.486E+04  0.3687E+01  0.1479E-04  0.2207E-03 -0.3656E+01    0.6555  0.9209E-11
  0.2644  -0.614E+04  0.3788E+01  0.1164E-04  0.1203E-03 -0.3920E+01    0.6065  0.1434E-10
  0.2480  -0.774E+04  0.3889E+01  0.8965E-05  0.6393E-04 -0.4194E+01    0.5585  0.2105E-10
  0.2322  -0.977E+04  0.3990E+01  0.6786E-05  0.3330E-04 -0.4478E+01    0.5122  0.2935E-10
  0.2172  -0.123E+05  0.4091E+01  0.5068E-05  0.1708E-04 -0.4767E+01    0.4682  0.3911E-10
  0.2031  -0.156E+05  0.4192E+01  0.3746E-05  0.8659E-05 -0.5063E+01    0.4271  0.5014E-10
  0.1901  -0.196E+05  0.4293E+01  0.2747E-05  0.4352E-05 -0.5361E+01    0.3888  0.6217E-10
  0.1780  -0.248E+05  0.4394E+01  0.2003E-05  0.2173E-05 -0.5663E+01    0.3535  0.7494E-10
  0.1670  -0.313E+05  0.4495E+01  0.1455E-05  0.1080E-05 -0.5967E+01    0.3211  0.8816E-10
  0.1569  -0.394E+05  0.4596E+01  0.1053E-05  0.5346E-06 -0.6272E+01    0.2915  0.1016E-09
  0.1476  -0.498E+05  0.4697E+01  0.7604E-06  0.2641E-06 -0.6578E+01    0.2645  0.1150E-09
  0.1392  -0.628E+05  0.4798E+01  0.5483E-06  0.1302E-06 -0.6885E+01    0.2398  0.1282E-09
  0.1316  -0.792E+05  0.4899E+01  0.3949E-06  0.6410E-07 -0.7193E+01    0.2175  0.1411E-09
  0.1247  -0.100E+06  0.5000E+01  0.2842E-06  0.3153E-07 -0.7501E+01    0.1971  0.1535E-09
end
