 ******* Program HYDRUS
 ******* 
 Welcome to HYDRUS-1D                                                    
 Date:  17. 5.    Time:  17: 3:23
 Units: L = mm   , T = min  , M = mmol 


 Time:        0.0000


 Node      Depth      Head Moisture       K          C         Flux        Sink         Kappa   v/KsTop   Temp
           [L]        [L]    [-]        [L/T]      [1/L]      [L/T]        [1/T]         [-]      [-]      [C]

   1     0.0000   -3000.000 0.2267   0.3678E-04  0.2045E-04 -0.3678E-04  0.0000E+00      -1  -0.216E-03   20.00
   2    -7.2571   -3000.000 0.2267   0.3678E-04  0.2045E-04 -0.3678E-04  0.0000E+00      -1  -0.216E-03   20.00
   3   -14.5143   -3000.000 0.2267   0.3678E-04  0.2045E-04 -0.3678E-04  0.0000E+00      -1  -0.216E-03   20.00
   4   -21.7714   -3000.000 0.2267   0.3678E-04  0.2045E-04 -0.3678E-04  0.0000E+00      -1  -0.216E-03   20.00
   5   -29.0286   -3000.000 0.2267   0.3678E-04  0.2045E-04 -0.3678E-04  0.0000E+00      -1  -0.216E-03   20.00
   6   -36.2857   -3000.000 0.2267   0.3678E-04  0.2045E-04 -0.3678E-04  0.0000E+00      -1  -0.216E-03   20.00
   7   -43.5429   -3000.000 0.2267   0.3678E-04  0.2045E-04 -0.3678E-04  0.0000E+00      -1  -0.216E-03   20.00
   8   -50.8000   -3000.000 0.2267   0.3678E-04  0.2045E-04 -0.3678E-04  0.0000E+00      -1  -0.216E-03   20.00
   9   -58.0571   -3000.000 0.2267   0.3678E-04  0.2045E-04 -0.3678E-04  0.0000E+00      -1  -0.216E-03   20.00
  10   -65.3143   -3000.000 0.2267   0.3678E-04  0.2045E-04 -0.3678E-04  0.0000E+00      -1  -0.216E-03   20.00
  11   -72.5714   -3000.000 0.2267   0.3678E-04  0.2045E-04 -0.3678E-04  0.0000E+00      -1  -0.216E-03   20.00
  12   -79.8286   -3000.000 0.2267   0.3678E-04  0.2045E-04 -0.3678E-04  0.0000E+00      -1  -0.216E-03   20.00
  13   -87.0857   -3000.000 0.2267   0.3678E-04  0.2045E-04 -0.3678E-04  0.0000E+00      -1  -0.216E-03   20.00
  14   -94.3429   -3000.000 0.2267   0.3678E-04  0.2045E-04 -0.3678E-04  0.0000E+00      -1  -0.216E-03   20.00
  15  -101.6000   -3000.000 0.2267   0.3678E-04  0.2045E-04 -0.3678E-04  0.0000E+00      -1  -0.216E-03   20.00
  16  -108.8570   -3000.000 0.2267   0.3678E-04  0.2045E-04 -0.3678E-04  0.0000E+00      -1  -0.216E-03   20.00
  17  -116.1140   -3000.000 0.2267   0.3678E-04  0.2045E-04 -0.3678E-04  0.0000E+00      -1  -0.216E-03   20.00
  18  -123.3710   -3000.000 0.2267   0.3678E-04  0.2045E-04 -0.3397E-04  0.0000E+00      -1  -0.200E-03   20.00
  19  -130.0000   -3000.000 0.3159   0.2503E-04  0.2203E-04 -0.2771E-04  0.0000E+00      -1  -0.163E-03   20.00
  20  -137.8860   -3000.000 0.3159   0.2503E-04  0.2203E-04 -0.2503E-04  0.0000E+00      -1  -0.147E-03   20.00
  21  -145.1430   -3000.000 0.3159   0.2503E-04  0.2203E-04 -0.2503E-04  0.0000E+00      -1  -0.147E-03   20.00
  22  -152.4000   -3000.000 0.3159   0.2503E-04  0.2203E-04 -0.2503E-04  0.0000E+00      -1  -0.147E-03   20.00
  23  -159.6570   -3000.000 0.3159   0.2503E-04  0.2203E-04 -0.2503E-04  0.0000E+00      -1  -0.147E-03   20.00
  24  -166.9140   -3000.000 0.3159   0.2503E-04  0.2203E-04 -0.2503E-04  0.0000E+00      -1  -0.147E-03   20.00
  25  -174.1710   -3000.000 0.3159   0.2503E-04  0.2203E-04 -0.2503E-04  0.0000E+00      -1  -0.147E-03   20.00
  26  -181.4290   -3000.000 0.3159   0.2503E-04  0.2203E-04 -0.2503E-04  0.0000E+00      -1  -0.147E-03   20.00
  27  -188.6860   -3000.000 0.3159   0.2503E-04  0.2203E-04 -0.2503E-04  0.0000E+00      -1  -0.147E-03   20.00
  28  -195.9430   -3000.000 0.3159   0.2503E-04  0.2203E-04 -0.2503E-04  0.0000E+00      -1  -0.147E-03   20.00
  29  -203.2000   -3000.000 0.3159   0.2503E-04  0.2203E-04 -0.2503E-04  0.0000E+00      -1  -0.147E-03   20.00
  30  -210.4570   -3000.000 0.3159   0.2503E-04  0.2203E-04 -0.2503E-04  0.0000E+00      -1  -0.147E-03   20.00
  31  -217.7140   -3000.000 0.3159   0.2503E-04  0.2203E-04 -0.2503E-04  0.0000E+00      -1  -0.147E-03   20.00
  32  -224.9710   -3000.000 0.3159   0.2503E-04  0.2203E-04 -0.2503E-04  0.0000E+00      -1  -0.147E-03   20.00
  33  -232.2290   -3000.000 0.3159   0.2503E-04  0.2203E-04 -0.2503E-04  0.0000E+00      -1  -0.147E-03   20.00
  34  -239.4860   -3000.000 0.3159   0.2503E-04  0.2203E-04 -0.2503E-04  0.0000E+00      -1  -0.147E-03   20.00
  35  -246.7430   -3000.000 0.3159   0.2503E-04  0.2203E-04 -0.2503E-04  0.0000E+00      -1  -0.147E-03   20.00
  36  -254.0000   -3000.000 0.3159   0.2503E-04  0.2203E-04 -0.2503E-04  0.0000E+00      -1  -0.147E-03   20.00
  37  -261.2570   -3000.000 0.3159   0.2503E-04  0.2203E-04 -0.2503E-04  0.0000E+00      -1  -0.147E-03   20.00
  38  -268.5140   -3000.000 0.3159   0.2503E-04  0.2203E-04 -0.2503E-04  0.0000E+00      -1  -0.147E-03   20.00
  39  -275.7710   -3000.000 0.3159   0.2503E-04  0.2203E-04 -0.2503E-04  0.0000E+00      -1  -0.147E-03   20.00
  40  -283.0290   -3000.000 0.3159   0.2503E-04  0.2203E-04 -0.2503E-04  0.0000E+00      -1  -0.147E-03   20.00
  41  -290.2860   -3000.000 0.3159   0.2503E-04  0.2203E-04 -0.2503E-04  0.0000E+00      -1  -0.147E-03   20.00
  42  -297.5430   -3000.000 0.3159   0.2503E-04  0.2203E-04 -0.2503E-04  0.0000E+00      -1  -0.147E-03   20.00
  43  -304.8000   -3000.000 0.3159   0.2503E-04  0.2203E-04 -0.2503E-04  0.0000E+00      -1  -0.147E-03   20.00
  44  -312.0570   -3000.000 0.3159   0.2503E-04  0.2203E-04 -0.2503E-04  0.0000E+00      -1  -0.147E-03   20.00
  45  -319.3140   -3000.000 0.3159   0.2503E-04  0.2203E-04 -0.2503E-04  0.0000E+00      -1  -0.147E-03   20.00
  46  -326.5710   -3000.000 0.3159   0.2503E-04  0.2203E-04 -0.2503E-04  0.0000E+00      -1  -0.147E-03   20.00
  47  -333.8290   -3000.000 0.3159   0.2503E-04  0.2203E-04 -0.2503E-04  0.0000E+00      -1  -0.147E-03   20.00
  48  -341.0860   -3000.000 0.3159   0.2503E-04  0.2203E-04 -0.2503E-04  0.0000E+00      -1  -0.147E-03   20.00
  49  -348.3430   -3000.000 0.3159   0.2503E-04  0.2203E-04 -0.2503E-04  0.0000E+00      -1  -0.147E-03   20.00
  50  -355.6000   -3000.000 0.3159   0.2503E-04  0.2203E-04 -0.2503E-04  0.0000E+00      -1  -0.147E-03   20.00
  51  -362.8570   -3000.000 0.3159   0.2503E-04  0.2203E-04 -0.2503E-04  0.0000E+00      -1  -0.147E-03   20.00
  52  -370.1140   -3000.000 0.3159   0.2503E-04  0.2203E-04 -0.2503E-04  0.0000E+00      -1  -0.147E-03   20.00
  53  -377.3710   -3000.000 0.3159   0.2503E-04  0.2203E-04 -0.2503E-04  0.0000E+00      -1  -0.147E-03   20.00
  54  -384.6290   -3000.000 0.3159   0.2503E-04  0.2203E-04 -0.2503E-04  0.0000E+00      -1  -0.147E-03   20.00
  55  -391.8860   -3000.000 0.3159   0.2503E-04  0.2203E-04 -0.2503E-04  0.0000E+00      -1  -0.147E-03   20.00
  56  -399.1430   -3000.000 0.3159   0.2503E-04  0.2203E-04 -0.2503E-04  0.0000E+00      -1  -0.147E-03   20.00
  57  -406.4000   -3000.000 0.3159   0.2503E-04  0.2203E-04 -0.2503E-04  0.0000E+00      -1  -0.147E-03   20.00
  58  -413.6570   -3000.000 0.3159   0.2503E-04  0.2203E-04 -0.2503E-04  0.0000E+00      -1  -0.147E-03   20.00
  59  -420.9140   -3000.000 0.3159   0.2503E-04  0.2203E-04 -0.2503E-04  0.0000E+00      -1  -0.147E-03   20.00
  60  -428.1710   -3000.000 0.3159   0.2503E-04  0.2203E-04 -0.2503E-04  0.0000E+00      -1  -0.147E-03   20.00
  61  -435.4290   -3000.000 0.3159   0.2503E-04  0.2203E-04 -0.2503E-04  0.0000E+00      -1  -0.147E-03   20.00
  62  -442.6860   -3000.000 0.3159   0.2503E-04  0.2203E-04 -0.2503E-04  0.0000E+00      -1  -0.147E-03   20.00
  63  -449.9430   -3000.000 0.3159   0.2503E-04  0.2203E-04 -0.2503E-04  0.0000E+00      -1  -0.147E-03   20.00
  64  -457.2000   -3000.000 0.3159   0.2503E-04  0.2203E-04 -0.2503E-04  0.0000E+00      -1  -0.147E-03   20.00
  65  -464.4570   -3000.000 0.3159   0.2503E-04  0.2203E-04 -0.2503E-04  0.0000E+00      -1  -0.147E-03   20.00
  66  -471.7140   -3000.000 0.3159   0.2503E-04  0.2203E-04 -0.2503E-04  0.0000E+00      -1  -0.147E-03   20.00
  67  -478.9710   -3000.000 0.3159   0.2503E-04  0.2203E-04 -0.2503E-04  0.0000E+00      -1  -0.147E-03   20.00
  68  -486.2290   -3000.000 0.3159   0.2503E-04  0.2203E-04 -0.2503E-04  0.0000E+00      -1  -0.147E-03   20.00
  69  -493.4860   -3000.000 0.3159   0.2503E-04  0.2203E-04 -0.2503E-04  0.0000E+00      -1  -0.147E-03   20.00
  70  -500.7430   -3000.000 0.3159   0.2503E-04  0.2203E-04 -0.2503E-04  0.0000E+00      -1  -0.147E-03   20.00
  71  -508.0000   -3000.000 0.3159   0.2503E-04  0.2203E-04 -0.2503E-04  0.0000E+00      -1  -0.147E-03   20.00
  72  -515.2570   -3000.000 0.3159   0.2503E-04  0.2203E-04 -0.2503E-04  0.0000E+00      -1  -0.147E-03   20.00
  73  -522.5140   -3000.000 0.3159   0.2503E-04  0.2203E-04 -0.2503E-04  0.0000E+00      -1  -0.147E-03   20.00
  74  -529.7710   -3000.000 0.3159   0.2503E-04  0.2203E-04 -0.2503E-04  0.0000E+00      -1  -0.147E-03   20.00
  75  -537.0290   -3000.000 0.3159   0.2503E-04  0.2203E-04 -0.2503E-04  0.0000E+00      -1  -0.147E-03   20.00
  76  -544.2860   -3000.000 0.3159   0.2503E-04  0.2203E-04 -0.2503E-04  0.0000E+00      -1  -0.147E-03   20.00
  77  -551.5430   -3000.000 0.3159   0.2503E-04  0.2203E-04 -0.2503E-04  0.0000E+00      -1  -0.147E-03   20.00
  78  -558.8000   -3000.000 0.3159   0.2503E-04  0.2203E-04 -0.2503E-04  0.0000E+00      -1  -0.147E-03   20.00
  79  -566.0570   -3000.000 0.3159   0.2503E-04  0.2203E-04 -0.2503E-04  0.0000E+00      -1  -0.147E-03   20.00
  80  -573.3140   -3000.000 0.3159   0.2503E-04  0.2203E-04 -0.2503E-04  0.0000E+00      -1  -0.147E-03   20.00
  81  -580.5710   -3000.000 0.3159   0.2503E-04  0.2203E-04 -0.2503E-04  0.0000E+00      -1  -0.147E-03   20.00
  82  -587.8290   -3000.000 0.3159   0.2503E-04  0.2203E-04 -0.2503E-04  0.0000E+00      -1  -0.147E-03   20.00
  83  -595.0860   -3000.000 0.3159   0.2503E-04  0.2203E-04 -0.2503E-04  0.0000E+00      -1  -0.147E-03   20.00
  84  -602.3430   -3000.000 0.3159   0.2503E-04  0.2203E-04 -0.2503E-04  0.0000E+00      -1  -0.147E-03   20.00
  85  -609.6000   -3000.000 0.3159   0.2503E-04  0.2203E-04 -0.2503E-04  0.0000E+00      -1  -0.147E-03   20.00
  86  -616.8570   -3000.000 0.3159   0.2503E-04  0.2203E-04 -0.2503E-04  0.0000E+00      -1  -0.147E-03   20.00
  87  -624.1140   -3000.000 0.3159   0.2503E-04  0.2203E-04 -0.2503E-04  0.0000E+00      -1  -0.147E-03   20.00
  88  -631.3720   -3000.000 0.3159   0.2503E-04  0.2203E-04 -0.2503E-04  0.0000E+00      -1  -0.147E-03   20.00
  89  -638.6290   -3000.000 0.3159   0.2503E-04  0.2203E-04 -0.2503E-04  0.0000E+00      -1  -0.147E-03   20.00
  90  -645.8860   -3000.000 0.3159   0.2503E-04  0.2203E-04 -0.2503E-04  0.0000E+00      -1  -0.147E-03   20.00
  91  -653.1430   -3000.000 0.3159   0.2503E-04  0.2203E-04 -0.2503E-04  0.0000E+00      -1  -0.147E-03   20.00
  92  -660.4000   -3000.000 0.3159   0.2503E-04  0.2203E-04 -0.2503E-04  0.0000E+00      -1  -0.147E-03   20.00
  93  -667.6570   -3000.000 0.3159   0.2503E-04  0.2203E-04 -0.2503E-04  0.0000E+00      -1  -0.147E-03   20.00
  94  -674.9140   -3000.000 0.3159   0.2503E-04  0.2203E-04 -0.2503E-04  0.0000E+00      -1  -0.147E-03   20.00
  95  -682.1710   -3000.000 0.3159   0.2503E-04  0.2203E-04 -0.2503E-04  0.0000E+00      -1  -0.147E-03   20.00
  96  -689.4290   -3000.000 0.3159   0.2503E-04  0.2203E-04 -0.2503E-04  0.0000E+00      -1  -0.147E-03   20.00
  97  -696.6860   -3000.000 0.3159   0.2503E-04  0.2203E-04 -0.2503E-04  0.0000E+00      -1  -0.147E-03   20.00
  98  -703.9430   -3000.000 0.3159   0.2503E-04  0.2203E-04 -0.2503E-04  0.0000E+00      -1  -0.147E-03   20.00
  99  -711.2000   -3000.000 0.3159   0.2503E-04  0.2203E-04 -0.2503E-04  0.0000E+00      -1  -0.147E-03   20.00
 100  -718.4570   -3000.000 0.3159   0.2503E-04  0.2203E-04 -0.2503E-04  0.0000E+00      -1  -0.147E-03   20.00
 101  -725.7140   -3000.000 0.3159   0.2503E-04  0.2203E-04 -0.2503E-04  0.0000E+00      -1  -0.147E-03   20.00
 102  -732.9710   -3000.000 0.3159   0.2503E-04  0.2203E-04 -0.2503E-04  0.0000E+00      -1  -0.147E-03   20.00
 103  -740.2290   -3000.000 0.3159   0.2503E-04  0.2203E-04 -0.2503E-04  0.0000E+00      -1  -0.147E-03   20.00
 104  -747.4860   -3000.000 0.3159   0.2503E-04  0.2203E-04 -0.2503E-04  0.0000E+00      -1  -0.147E-03   20.00
 105  -754.7430   -3000.000 0.3159   0.2503E-04  0.2203E-04 -0.2503E-04  0.0000E+00      -1  -0.147E-03   20.00
 106  -762.0000   -3000.000 0.3159   0.2503E-04  0.2203E-04 -0.2503E-04  0.0000E+00      -1  -0.147E-03   20.00
 107  -769.2570   -3000.000 0.3159   0.2503E-04  0.2203E-04 -0.2503E-04  0.0000E+00      -1  -0.147E-03   20.00
 108  -776.5140   -3000.000 0.3159   0.2503E-04  0.2203E-04 -0.2503E-04  0.0000E+00      -1  -0.147E-03   20.00
 109  -783.7710   -3000.000 0.3159   0.2503E-04  0.2203E-04 -0.2503E-04  0.0000E+00      -1  -0.147E-03   20.00
 110  -791.0290   -3000.000 0.3159   0.2503E-04  0.2203E-04 -0.2503E-04  0.0000E+00      -1  -0.147E-03   20.00
 111  -798.2860   -3000.000 0.3159   0.2503E-04  0.2203E-04 -0.2503E-04  0.0000E+00      -1  -0.147E-03   20.00
 112  -805.5430   -3000.000 0.3159   0.2503E-04  0.2203E-04 -0.2503E-04  0.0000E+00      -1  -0.147E-03   20.00
 113  -812.8000   -3000.000 0.3159   0.2503E-04  0.2203E-04 -0.2503E-04  0.0000E+00      -1  -0.147E-03   20.00
 114  -820.0570   -3000.000 0.3159   0.2503E-04  0.2203E-04 -0.2503E-04  0.0000E+00      -1  -0.147E-03   20.00
 115  -827.3140   -3000.000 0.3159   0.2503E-04  0.2203E-04 -0.2503E-04  0.0000E+00      -1  -0.147E-03   20.00
 116  -834.5710   -3000.000 0.3159   0.2503E-04  0.2203E-04 -0.1716E-03  0.0000E+00      -1  -0.101E-02   20.00
 117  -840.0000   -3000.000 0.3150   0.7101E-03  0.2228E-04 -0.5820E-03  0.0000E+00      -1  -0.342E-02   20.00
 118  -849.0860   -3000.000 0.3150   0.7101E-03  0.2228E-04 -0.7101E-03  0.0000E+00      -1  -0.418E-02   20.00
 119  -856.3430   -3000.000 0.3150   0.7101E-03  0.2228E-04 -0.7101E-03  0.0000E+00      -1  -0.418E-02   20.00
 120  -863.6000   -3000.000 0.3150   0.7101E-03  0.2228E-04 -0.7101E-03  0.0000E+00      -1  -0.418E-02   20.00
 121  -870.8570   -3000.000 0.3150   0.7101E-03  0.2228E-04 -0.7101E-03  0.0000E+00      -1  -0.418E-02   20.00
 122  -878.1140   -3000.000 0.3150   0.7101E-03  0.2228E-04 -0.7101E-03  0.0000E+00      -1  -0.418E-02   20.00
 123  -885.3720   -3000.000 0.3150   0.7101E-03  0.2228E-04 -0.7101E-03  0.0000E+00      -1  -0.418E-02   20.00
 124  -892.6290   -3000.000 0.3150   0.7101E-03  0.2228E-04 -0.7101E-03  0.0000E+00      -1  -0.418E-02   20.00
 125  -899.8860   -3000.000 0.3150   0.7101E-03  0.2228E-04 -0.7101E-03  0.0000E+00      -1  -0.418E-02   20.00
 126  -907.1430   -3000.000 0.3150   0.7101E-03  0.2228E-04 -0.7101E-03  0.0000E+00      -1  -0.418E-02   20.00
 127  -914.4000   -3000.000 0.3150   0.7101E-03  0.2228E-04 -0.7101E-03  0.0000E+00      -1  -0.418E-02   20.00
 128  -921.6570   -3000.000 0.3150   0.7101E-03  0.2228E-04 -0.7101E-03  0.0000E+00      -1  -0.418E-02   20.00
 129  -928.9140   -3000.000 0.3150   0.7101E-03  0.2228E-04 -0.7101E-03  0.0000E+00      -1  -0.418E-02   20.00
 130  -936.1710   -3000.000 0.3150   0.7101E-03  0.2228E-04 -0.7101E-03  0.0000E+00      -1  -0.418E-02   20.00
 131  -943.4290   -3000.000 0.3150   0.7101E-03  0.2228E-04 -0.7101E-03  0.0000E+00      -1  -0.418E-02   20.00
 132  -950.6860   -3000.000 0.3150   0.7101E-03  0.2228E-04 -0.7101E-03  0.0000E+00      -1  -0.418E-02   20.00
 133  -957.9430   -3000.000 0.3150   0.7101E-03  0.2228E-04 -0.7101E-03  0.0000E+00      -1  -0.418E-02   20.00
 134  -965.2000   -3000.000 0.3150   0.7101E-03  0.2228E-04 -0.7101E-03  0.0000E+00      -1  -0.418E-02   20.00
 135  -972.4570   -3000.000 0.3150   0.7101E-03  0.2228E-04 -0.7101E-03  0.0000E+00      -1  -0.418E-02   20.00
 136  -979.7140   -3000.000 0.3150   0.7101E-03  0.2228E-04 -0.7101E-03  0.0000E+00      -1  -0.418E-02   20.00
 137  -986.9710   -3000.000 0.3150   0.7101E-03  0.2228E-04 -0.7101E-03  0.0000E+00      -1  -0.418E-02   20.00
 138  -994.2290   -3000.000 0.3150   0.7101E-03  0.2228E-04 -0.7101E-03  0.0000E+00      -1  -0.418E-02   20.00
 139 -1001.4900   -3000.000 0.3150   0.7101E-03  0.2228E-04 -0.7101E-03  0.0000E+00      -1  -0.418E-02   20.00
 140 -1008.7400   -3000.000 0.3150   0.7101E-03  0.2228E-04 -0.7101E-03  0.0000E+00      -1  -0.418E-02   20.00
 141 -1016.0000   -3000.000 0.3150   0.7101E-03  0.2228E-04 -0.7101E-03  0.0000E+00      -1  -0.418E-02   20.00
 142 -1023.2600   -3000.000 0.3150   0.7101E-03  0.2228E-04 -0.7101E-03  0.0000E+00      -1  -0.418E-02   20.00
 143 -1030.5100   -3000.000 0.3150   0.7101E-03  0.2228E-04 -0.7101E-03  0.0000E+00      -1  -0.418E-02   20.00
 144 -1037.7700   -3000.000 0.3150   0.7101E-03  0.2228E-04 -0.7101E-03  0.0000E+00      -1  -0.418E-02   20.00
 145 -1045.0300   -3000.000 0.3150   0.7101E-03  0.2228E-04 -0.7101E-03  0.0000E+00      -1  -0.418E-02   20.00
 146 -1052.2900   -3000.000 0.3150   0.7101E-03  0.2228E-04 -0.7101E-03  0.0000E+00      -1  -0.418E-02   20.00
 147 -1059.5400   -3000.000 0.3150   0.7101E-03  0.2228E-04 -0.7101E-03  0.0000E+00      -1  -0.418E-02   20.00
 148 -1066.8000   -3000.000 0.3150   0.7101E-03  0.2228E-04 -0.7101E-03  0.0000E+00      -1  -0.418E-02   20.00
 149 -1074.0601   -3000.000 0.3150   0.7101E-03  0.2228E-04 -0.7101E-03  0.0000E+00      -1  -0.418E-02   20.00
 150 -1081.3101   -3000.000 0.3150   0.7101E-03  0.2228E-04 -0.7101E-03  0.0000E+00      -1  -0.418E-02   20.00
 151 -1088.5699   -3000.000 0.3150   0.7101E-03  0.2228E-04 -0.7101E-03  0.0000E+00      -1  -0.418E-02   20.00
 152 -1095.8300   -3000.000 0.3150   0.7101E-03  0.2228E-04 -0.7101E-03  0.0000E+00      -1  -0.418E-02   20.00
 153 -1103.0900   -3000.000 0.3150   0.7101E-03  0.2228E-04 -0.7101E-03  0.0000E+00      -1  -0.418E-02   20.00
 154 -1110.3400   -3000.000 0.3150   0.7101E-03  0.2228E-04 -0.7101E-03  0.0000E+00      -1  -0.418E-02   20.00
 155 -1117.6000   -3000.000 0.3150   0.7101E-03  0.2228E-04 -0.7101E-03  0.0000E+00      -1  -0.418E-02   20.00
 156 -1124.8600   -3000.000 0.3150   0.7101E-03  0.2228E-04 -0.7101E-03  0.0000E+00      -1  -0.418E-02   20.00
 157 -1132.1100   -3000.000 0.3150   0.7101E-03  0.2228E-04 -0.7101E-03  0.0000E+00      -1  -0.418E-02   20.00
 158 -1139.3700   -3000.000 0.3150   0.7101E-03  0.2228E-04 -0.7101E-03  0.0000E+00      -1  -0.418E-02   20.00
 159 -1146.6300   -3000.000 0.3150   0.7101E-03  0.2228E-04 -0.7101E-03  0.0000E+00      -1  -0.418E-02   20.00
 160 -1153.8900   -3000.000 0.3150   0.7101E-03  0.2228E-04 -0.7101E-03  0.0000E+00      -1  -0.418E-02   20.00
 161 -1161.1400   -3000.000 0.3150   0.7101E-03  0.2228E-04 -0.7101E-03  0.0000E+00      -1  -0.418E-02   20.00
 162 -1168.4000   -3000.000 0.3150   0.7101E-03  0.2228E-04 -0.7101E-03  0.0000E+00      -1  -0.418E-02   20.00
 163 -1175.6600   -3000.000 0.3150   0.7101E-03  0.2228E-04 -0.7101E-03  0.0000E+00      -1  -0.418E-02   20.00
 164 -1182.9100   -3000.000 0.3150   0.7101E-03  0.2228E-04 -0.7101E-03  0.0000E+00      -1  -0.418E-02   20.00
 165 -1190.1700   -3000.000 0.3150   0.7101E-03  0.2228E-04 -0.7101E-03  0.0000E+00      -1  -0.418E-02   20.00
 166 -1197.4301   -3000.000 0.3150   0.7101E-03  0.2228E-04 -0.7101E-03  0.0000E+00      -1  -0.418E-02   20.00
 167 -1204.6899   -3000.000 0.3150   0.7101E-03  0.2228E-04 -0.7101E-03  0.0000E+00      -1  -0.418E-02   20.00
 168 -1211.9399   -3000.000 0.3150   0.7101E-03  0.2228E-04 -0.7101E-03  0.0000E+00      -1  -0.418E-02   20.00
 169 -1219.2000   -3000.000 0.3150   0.7101E-03  0.2228E-04 -0.7101E-03  0.0000E+00      -1  -0.418E-02   20.00
 170 -1226.4600   -3000.000 0.3150   0.7101E-03  0.2228E-04 -0.7101E-03  0.0000E+00      -1  -0.418E-02   20.00
 171 -1233.7100   -3000.000 0.3150   0.7101E-03  0.2228E-04 -0.7101E-03  0.0000E+00      -1  -0.418E-02   20.00
 172 -1240.9700   -3000.000 0.3150   0.7101E-03  0.2228E-04 -0.7101E-03  0.0000E+00      -1  -0.418E-02   20.00
 173 -1248.2300   -3000.000 0.3150   0.7101E-03  0.2228E-04 -0.7101E-03  0.0000E+00      -1  -0.418E-02   20.00
 174 -1255.4900   -3000.000 0.3150   0.7101E-03  0.2228E-04 -0.7101E-03  0.0000E+00      -1  -0.418E-02   20.00
 175 -1262.7400   -3000.000 0.3150   0.7101E-03  0.2228E-04 -0.7101E-03  0.0000E+00      -1  -0.418E-02   20.00
 176 -1270.0000   -3000.000 0.3150   0.7101E-03  0.2228E-04 -0.7101E-03  0.0000E+00      -1  -0.418E-02   20.00
 177 -1277.2600   -3000.000 0.3150   0.7101E-03  0.2228E-04 -0.7101E-03  0.0000E+00      -1  -0.418E-02   20.00
 178 -1284.5100   -3000.000 0.3150   0.7101E-03  0.2228E-04 -0.7101E-03  0.0000E+00      -1  -0.418E-02   20.00
 179 -1291.7700   -3000.000 0.3150   0.7101E-03  0.2228E-04 -0.7101E-03  0.0000E+00      -1  -0.418E-02   20.00
 180 -1299.0300   -3000.000 0.3150   0.7101E-03  0.2228E-04 -0.7101E-03  0.0000E+00      -1  -0.418E-02   20.00
 181 -1306.2900   -3000.000 0.3150   0.7101E-03  0.2228E-04 -0.7101E-03  0.0000E+00      -1  -0.418E-02   20.00
 182 -1313.5400   -3000.000 0.3150   0.7101E-03  0.2228E-04 -0.7101E-03  0.0000E+00      -1  -0.418E-02   20.00
 183 -1320.8000   -3000.000 0.3150   0.7101E-03  0.2228E-04 -0.7101E-03  0.0000E+00      -1  -0.418E-02   20.00
 184 -1328.0601   -3000.000 0.3150   0.7101E-03  0.2228E-04 -0.7101E-03  0.0000E+00      -1  -0.418E-02   20.00
 185 -1335.3101   -3000.000 0.3150   0.7101E-03  0.2228E-04 -0.7101E-03  0.0000E+00      -1  -0.418E-02   20.00
 186 -1342.5699   -3000.000 0.3150   0.7101E-03  0.2228E-04 -0.7101E-03  0.0000E+00      -1  -0.418E-02   20.00
 187 -1349.8300   -3000.000 0.3150   0.7101E-03  0.2228E-04 -0.7101E-03  0.0000E+00      -1  -0.418E-02   20.00
 188 -1357.0900   -3000.000 0.3150   0.7101E-03  0.2228E-04 -0.7101E-03  0.0000E+00      -1  -0.418E-02   20.00
 189 -1364.3400   -3000.000 0.3150   0.7101E-03  0.2228E-04 -0.7101E-03  0.0000E+00      -1  -0.418E-02   20.00
 190 -1371.6000   -3000.000 0.3150   0.7101E-03  0.2228E-04 -0.7101E-03  0.0000E+00      -1  -0.418E-02   20.00
 191 -1378.8600   -3000.000 0.3150   0.7101E-03  0.2228E-04 -0.7101E-03  0.0000E+00      -1  -0.418E-02   20.00
 192 -1386.1100   -3000.000 0.3150   0.7101E-03  0.2228E-04 -0.7101E-03  0.0000E+00      -1  -0.418E-02   20.00
 193 -1393.3700   -3000.000 0.3150   0.7101E-03  0.2228E-04 -0.7101E-03  0.0000E+00      -1  -0.418E-02   20.00
 194 -1400.6300   -3000.000 0.3150   0.7101E-03  0.2228E-04 -0.7101E-03  0.0000E+00      -1  -0.418E-02   20.00
 195 -1407.8900   -3000.000 0.3150   0.7101E-03  0.2228E-04 -0.7101E-03  0.0000E+00      -1  -0.418E-02   20.00
 196 -1415.1400   -3000.000 0.3150   0.7101E-03  0.2228E-04 -0.7101E-03  0.0000E+00      -1  -0.418E-02   20.00
 197 -1422.4000   -3000.000 0.3150   0.7101E-03  0.2228E-04 -0.7101E-03  0.0000E+00      -1  -0.418E-02   20.00
 198 -1429.6600   -3000.000 0.3150   0.7101E-03  0.2228E-04 -0.7101E-03  0.0000E+00      -1  -0.418E-02   20.00
 199 -1436.9100   -3000.000 0.3150   0.7101E-03  0.2228E-04 -0.7101E-03  0.0000E+00      -1  -0.418E-02   20.00
 200 -1444.1700   -3000.000 0.3150   0.7101E-03  0.2228E-04 -0.7101E-03  0.0000E+00      -1  -0.418E-02   20.00
 201 -1451.4301   -3000.000 0.3150   0.7101E-03  0.2228E-04 -0.7101E-03  0.0000E+00      -1  -0.418E-02   20.00
 202 -1458.6899   -3000.000 0.3150   0.7101E-03  0.2228E-04 -0.7101E-03  0.0000E+00      -1  -0.418E-02   20.00
 203 -1465.9399   -3000.000 0.3150   0.7101E-03  0.2228E-04 -0.7101E-03  0.0000E+00      -1  -0.418E-02   20.00
 204 -1473.2000   -3000.000 0.3150   0.7101E-03  0.2228E-04 -0.7101E-03  0.0000E+00      -1  -0.418E-02   20.00
 205 -1480.4600   -3000.000 0.3150   0.7101E-03  0.2228E-04 -0.7101E-03  0.0000E+00      -1  -0.418E-02   20.00
 206 -1487.7100   -3000.000 0.3150   0.7101E-03  0.2228E-04 -0.7101E-03  0.0000E+00      -1  -0.418E-02   20.00
 207 -1494.9700   -3000.000 0.3150   0.7101E-03  0.2228E-04 -0.7101E-03  0.0000E+00      -1  -0.418E-02   20.00
 208 -1502.2300   -3000.000 0.3150   0.7101E-03  0.2228E-04 -0.7101E-03  0.0000E+00      -1  -0.418E-02   20.00
 209 -1509.4900   -3000.000 0.3150   0.7101E-03  0.2228E-04 -0.7101E-03  0.0000E+00      -1  -0.418E-02   20.00
 210 -1516.7400   -3000.000 0.3150   0.7101E-03  0.2228E-04 -0.7101E-03  0.0000E+00      -1  -0.418E-02   20.00
 211 -1524.0000   -3000.000 0.3150   0.7101E-03  0.2228E-04 -0.7101E-03  0.0000E+00      -1  -0.418E-02   20.00
 212 -1531.2600   -3000.000 0.3150   0.7101E-03  0.2228E-04 -0.7101E-03  0.0000E+00      -1  -0.418E-02   20.00
 213 -1538.5100   -3000.000 0.3150   0.7101E-03  0.2228E-04 -0.7101E-03  0.0000E+00      -1  -0.418E-02   20.00
 214 -1545.7700   -3000.000 0.3150   0.7101E-03  0.2228E-04 -0.7101E-03  0.0000E+00      -1  -0.418E-02   20.00
 215 -1553.0300   -3000.000 0.3150   0.7101E-03  0.2228E-04 -0.7101E-03  0.0000E+00      -1  -0.418E-02   20.00
 216 -1560.2900   -3000.000 0.3150   0.7101E-03  0.2228E-04 -0.7101E-03  0.0000E+00      -1  -0.418E-02   20.00
 217 -1567.5400   -3000.000 0.3150   0.7101E-03  0.2228E-04 -0.7101E-03  0.0000E+00      -1  -0.418E-02   20.00
 218 -1574.8000   -3000.000 0.3150   0.7101E-03  0.2228E-04 -0.7101E-03  0.0000E+00      -1  -0.418E-02   20.00
 219 -1582.0601   -3000.000 0.3150   0.7101E-03  0.2228E-04 -0.7101E-03  0.0000E+00      -1  -0.418E-02   20.00
 220 -1589.3101   -3000.000 0.3150   0.7101E-03  0.2228E-04 -0.7101E-03  0.0000E+00      -1  -0.418E-02   20.00
 221 -1596.5699   -3000.000 0.3150   0.7101E-03  0.2228E-04 -0.7101E-03  0.0000E+00      -1  -0.418E-02   20.00
 222 -1603.8300   -3000.000 0.3150   0.7101E-03  0.2228E-04 -0.7101E-03  0.0000E+00      -1  -0.418E-02   20.00
 223 -1611.0900   -3000.000 0.3150   0.7101E-03  0.2228E-04 -0.7101E-03  0.0000E+00      -1  -0.418E-02   20.00
 224 -1618.3400   -3000.000 0.3150   0.7101E-03  0.2228E-04 -0.7101E-03  0.0000E+00      -1  -0.418E-02   20.00
 225 -1625.6000   -3000.000 0.3150   0.7101E-03  0.2228E-04 -0.7101E-03  0.0000E+00      -1  -0.418E-02   20.00
 226 -1632.8600   -3000.000 0.3150   0.7101E-03  0.2228E-04 -0.7101E-03  0.0000E+00      -1  -0.418E-02   20.00
 227 -1640.1100   -3000.000 0.3150   0.7101E-03  0.2228E-04 -0.7101E-03  0.0000E+00      -1  -0.418E-02   20.00
 228 -1647.3700   -3000.000 0.3150   0.7101E-03  0.2228E-04 -0.7101E-03  0.0000E+00      -1  -0.418E-02   20.00
 229 -1654.6300   -3000.000 0.3150   0.7101E-03  0.2228E-04 -0.7101E-03  0.0000E+00      -1  -0.418E-02   20.00
 230 -1661.8900   -3000.000 0.3150   0.7101E-03  0.2228E-04 -0.7101E-03  0.0000E+00      -1  -0.418E-02   20.00
 231 -1669.1400   -3000.000 0.3150   0.7101E-03  0.2228E-04 -0.7101E-03  0.0000E+00      -1  -0.418E-02   20.00
 232 -1676.4000   -3000.000 0.3150   0.7101E-03  0.2228E-04 -0.7101E-03  0.0000E+00      -1  -0.418E-02   20.00
 233 -1683.6600   -3000.000 0.3150   0.7101E-03  0.2228E-04 -0.7101E-03  0.0000E+00      -1  -0.418E-02   20.00
 234 -1690.9100   -3000.000 0.3150   0.7101E-03  0.2228E-04 -0.7101E-03  0.0000E+00      -1  -0.418E-02   20.00
 235 -1698.1700   -3000.000 0.3150   0.7101E-03  0.2228E-04 -0.7101E-03  0.0000E+00      -1  -0.418E-02   20.00
 236 -1705.4301   -3000.000 0.3150   0.7101E-03  0.2228E-04 -0.7101E-03  0.0000E+00      -1  -0.418E-02   20.00
 237 -1712.6899   -3000.000 0.3150   0.7101E-03  0.2228E-04 -0.7101E-03  0.0000E+00      -1  -0.418E-02   20.00
 238 -1719.9399   -3000.000 0.3150   0.7101E-03  0.2228E-04 -0.7101E-03  0.0000E+00      -1  -0.418E-02   20.00
 239 -1727.2000   -3000.000 0.3150   0.7101E-03  0.2228E-04 -0.7101E-03  0.0000E+00      -1  -0.418E-02   20.00
 240 -1734.4600   -3000.000 0.3150   0.7101E-03  0.2228E-04 -0.7101E-03  0.0000E+00      -1  -0.418E-02   20.00
 241 -1741.7100   -3000.000 0.3150   0.7101E-03  0.2228E-04 -0.7101E-03  0.0000E+00      -1  -0.418E-02   20.00
 242 -1748.9700   -3000.000 0.3150   0.7101E-03  0.2228E-04 -0.7101E-03  0.0000E+00      -1  -0.418E-02   20.00
 243 -1756.2300   -3000.000 0.3150   0.7101E-03  0.2228E-04 -0.7101E-03  0.0000E+00      -1  -0.418E-02   20.00
 244 -1763.4900   -3000.000 0.3150   0.7101E-03  0.2228E-04 -0.7101E-03  0.0000E+00      -1  -0.418E-02   20.00
 245 -1770.7400   -3000.000 0.3150   0.7101E-03  0.2228E-04 -0.7101E-03  0.0000E+00      -1  -0.418E-02   20.00
 246 -1778.0000   -3000.000 0.3150   0.7101E-03  0.2228E-04 -0.7101E-03  0.0000E+00      -1  -0.418E-02   20.00
 247 -1785.2600   -3000.000 0.3150   0.7101E-03  0.2228E-04 -0.7101E-03  0.0000E+00      -1  -0.418E-02   20.00
 248 -1792.5100   -3000.000 0.3150   0.7101E-03  0.2228E-04 -0.7101E-03  0.0000E+00      -1  -0.418E-02   20.00
 249 -1799.7700   -3000.000 0.3150   0.7101E-03  0.2228E-04 -0.7101E-03  0.0000E+00      -1  -0.418E-02   20.00
 250 -1807.0300   -3000.000 0.3150   0.7101E-03  0.2228E-04 -0.7101E-03  0.0000E+00      -1  -0.418E-02   20.00
 251 -1814.2900   -3000.000 0.3150   0.7101E-03  0.2228E-04 -0.7101E-03  0.0000E+00      -1  -0.418E-02   20.00
 252 -1821.5400   -3000.000 0.3150   0.7101E-03  0.2228E-04 -0.7101E-03  0.0000E+00      -1  -0.418E-02   20.00
 253 -1828.8000   -3000.000 0.3150   0.7101E-03  0.2228E-04 -0.7101E-03  0.0000E+00      -1  -0.418E-02   20.00
 254 -1836.0601   -3000.000 0.3150   0.7101E-03  0.2228E-04 -0.7101E-03  0.0000E+00      -1  -0.418E-02   20.00
 255 -1843.3101   -3000.000 0.3150   0.7101E-03  0.2228E-04 -0.7101E-03  0.0000E+00      -1  -0.418E-02   20.00
 256 -1850.5699   -3000.000 0.3150   0.7101E-03  0.2228E-04 -0.7101E-03  0.0000E+00      -1  -0.418E-02   20.00
 257 -1857.8300   -3000.000 0.3150   0.7101E-03  0.2228E-04 -0.7101E-03  0.0000E+00      -1  -0.418E-02   20.00
 258 -1865.0900   -3000.000 0.3150   0.7101E-03  0.2228E-04 -0.7101E-03  0.0000E+00      -1  -0.418E-02   20.00
 259 -1872.3400   -3000.000 0.3150   0.7101E-03  0.2228E-04 -0.7101E-03  0.0000E+00      -1  -0.418E-02   20.00
 260 -1879.6000   -3000.000 0.3150   0.7101E-03  0.2228E-04 -0.7101E-03  0.0000E+00      -1  -0.418E-02   20.00
 261 -1886.8600   -3000.000 0.3150   0.7101E-03  0.2228E-04 -0.7101E-03  0.0000E+00      -1  -0.418E-02   20.00
 262 -1894.1100   -3000.000 0.3150   0.7101E-03  0.2228E-04 -0.7101E-03  0.0000E+00      -1  -0.418E-02   20.00
 263 -1901.3700   -3000.000 0.3150   0.7101E-03  0.2228E-04 -0.7101E-03  0.0000E+00      -1  -0.418E-02   20.00
 264 -1908.6300   -3000.000 0.3150   0.7101E-03  0.2228E-04 -0.7101E-03  0.0000E+00      -1  -0.418E-02   20.00
 265 -1915.8900   -3000.000 0.3150   0.7101E-03  0.2228E-04 -0.7101E-03  0.0000E+00      -1  -0.418E-02   20.00
 266 -1923.1400   -3000.000 0.3150   0.7101E-03  0.2228E-04 -0.7101E-03  0.0000E+00      -1  -0.418E-02   20.00
 267 -1930.4000   -3000.000 0.3150   0.7101E-03  0.2228E-04 -0.7101E-03  0.0000E+00      -1  -0.418E-02   20.00
 268 -1937.6600   -3000.000 0.3150   0.7101E-03  0.2228E-04 -0.7101E-03  0.0000E+00      -1  -0.418E-02   20.00
 269 -1944.9100   -3000.000 0.3150   0.7101E-03  0.2228E-04 -0.7101E-03  0.0000E+00      -1  -0.418E-02   20.00
 270 -1952.1700   -3000.000 0.3150   0.7101E-03  0.2228E-04 -0.7101E-03  0.0000E+00      -1  -0.418E-02   20.00
 271 -1959.4301   -3000.000 0.3150   0.7101E-03  0.2228E-04 -0.7101E-03  0.0000E+00      -1  -0.418E-02   20.00
 272 -1966.6899   -3000.000 0.3150   0.7101E-03  0.2228E-04 -0.7101E-03  0.0000E+00      -1  -0.418E-02   20.00
 273 -1973.9399   -3000.000 0.3150   0.7101E-03  0.2228E-04 -0.7101E-03  0.0000E+00      -1  -0.418E-02   20.00
 274 -1981.2000   -3000.000 0.3150   0.7101E-03  0.2228E-04 -0.7101E-03  0.0000E+00      -1  -0.418E-02   20.00
 275 -1988.4600   -3000.000 0.3150   0.7101E-03  0.2228E-04 -0.7101E-03  0.0000E+00      -1  -0.418E-02   20.00
 276 -1995.7100   -3000.000 0.3150   0.7101E-03  0.2228E-04 -0.7101E-03  0.0000E+00      -1  -0.418E-02   20.00
 277 -2002.9700   -3000.000 0.3150   0.7101E-03  0.2228E-04 -0.7101E-03  0.0000E+00      -1  -0.418E-02   20.00
 278 -2010.2300   -3000.000 0.3150   0.7101E-03  0.2228E-04 -0.7101E-03  0.0000E+00      -1  -0.418E-02   20.00
 279 -2017.4900   -3000.000 0.3150   0.7101E-03  0.2228E-04 -0.7101E-03  0.0000E+00      -1  -0.418E-02   20.00
 280 -2024.7400   -3000.000 0.3150   0.7101E-03  0.2228E-04 -0.7101E-03  0.0000E+00      -1  -0.418E-02   20.00
 281 -2032.0000   -3000.000 0.3150   0.7101E-03  0.2228E-04 -0.7101E-03  0.0000E+00      -1  -0.418E-02   20.00
 282 -2039.2600   -3000.000 0.3150   0.7101E-03  0.2228E-04 -0.7101E-03  0.0000E+00      -1  -0.418E-02   20.00
 283 -2046.5100   -3000.000 0.3150   0.7101E-03  0.2228E-04 -0.7101E-03  0.0000E+00      -1  -0.418E-02   20.00
 284 -2053.7700   -3000.000 0.3150   0.7101E-03  0.2228E-04 -0.7101E-03  0.0000E+00      -1  -0.418E-02   20.00
 285 -2061.0300   -3000.000 0.3150   0.7101E-03  0.2228E-04 -0.7101E-03  0.0000E+00      -1  -0.418E-02   20.00
 286 -2068.2900   -3000.000 0.3150   0.7101E-03  0.2228E-04 -0.7101E-03  0.0000E+00      -1  -0.418E-02   20.00
 287 -2075.5400   -3000.000 0.3150   0.7101E-03  0.2228E-04 -0.7101E-03  0.0000E+00      -1  -0.418E-02   20.00
 288 -2082.8000   -3000.000 0.3150   0.7101E-03  0.2228E-04 -0.7101E-03  0.0000E+00      -1  -0.418E-02   20.00
 289 -2090.0601   -3000.000 0.3150   0.7101E-03  0.2228E-04 -0.7101E-03  0.0000E+00      -1  -0.418E-02   20.00
 290 -2097.3101   -3000.000 0.3150   0.7101E-03  0.2228E-04 -0.7101E-03  0.0000E+00      -1  -0.418E-02   20.00
 291 -2104.5701   -3000.000 0.3150   0.7101E-03  0.2228E-04 -0.7101E-03  0.0000E+00      -1  -0.418E-02   20.00
 292 -2111.8301   -3000.000 0.3150   0.7101E-03  0.2228E-04 -0.7101E-03  0.0000E+00      -1  -0.418E-02   20.00
 293 -2119.0901   -3000.000 0.3150   0.7101E-03  0.2228E-04 -0.7101E-03  0.0000E+00      -1  -0.418E-02   20.00
 294 -2126.3401   -3000.000 0.3150   0.7101E-03  0.2228E-04 -0.7101E-03  0.0000E+00      -1  -0.418E-02   20.00
 295 -2133.6001   -3000.000 0.3150   0.7101E-03  0.2228E-04 -0.7101E-03  0.0000E+00      -1  -0.418E-02   20.00
 296 -2140.8601   -3000.000 0.3150   0.7101E-03  0.2228E-04 -0.7101E-03  0.0000E+00      -1  -0.418E-02   20.00
 297 -2148.1101   -3000.000 0.3150   0.7101E-03  0.2228E-04 -0.7101E-03  0.0000E+00      -1  -0.418E-02   20.00
 298 -2155.3701   -3000.000 0.3150   0.7101E-03  0.2228E-04 -0.7101E-03  0.0000E+00      -1  -0.418E-02   20.00
 299 -2162.6299   -3000.000 0.3150   0.7101E-03  0.2228E-04 -0.7101E-03  0.0000E+00      -1  -0.418E-02   20.00
 300 -2169.8899   -3000.000 0.3150   0.7101E-03  0.2228E-04 -0.7101E-03  0.0000E+00      -1  -0.418E-02   20.00
 301 -2177.1399   -3000.000 0.3150   0.7101E-03  0.2228E-04 -0.7101E-03  0.0000E+00      -1  -0.418E-02   20.00
 302 -2184.3999   -3000.000 0.3150   0.7101E-03  0.2228E-04 -0.7101E-03  0.0000E+00      -1  -0.418E-02   20.00
 303 -2191.6599   -3000.000 0.3150   0.7101E-03  0.2228E-04 -0.7101E-03  0.0000E+00      -1  -0.418E-02   20.00
 304 -2198.9099   -3000.000 0.3150   0.7101E-03  0.2228E-04 -0.7101E-03  0.0000E+00      -1  -0.418E-02   20.00
 305 -2206.1699   -3000.000 0.3150   0.7101E-03  0.2228E-04 -0.7101E-03  0.0000E+00      -1  -0.418E-02   20.00
 306 -2213.4299   -3000.000 0.3150   0.7101E-03  0.2228E-04 -0.7101E-03  0.0000E+00      -1  -0.418E-02   20.00
 307 -2220.6899   -3000.000 0.3150   0.7101E-03  0.2228E-04 -0.7101E-03  0.0000E+00      -1  -0.418E-02   20.00
 308 -2227.9399   -3000.000 0.3150   0.7101E-03  0.2228E-04 -0.7101E-03  0.0000E+00      -1  -0.418E-02   20.00
 309 -2235.2000   -3000.000 0.3150   0.7101E-03  0.2228E-04 -0.7101E-03  0.0000E+00      -1  -0.418E-02   20.00
 310 -2242.4600   -3000.000 0.3150   0.7101E-03  0.2228E-04 -0.7101E-03  0.0000E+00      -1  -0.418E-02   20.00
 311 -2249.7100   -3000.000 0.3150   0.7101E-03  0.2228E-04 -0.7101E-03  0.0000E+00      -1  -0.418E-02   20.00
 312 -2256.9700   -3000.000 0.3150   0.7101E-03  0.2228E-04 -0.7101E-03  0.0000E+00      -1  -0.418E-02   20.00
 313 -2264.2300   -3000.000 0.3150   0.7101E-03  0.2228E-04 -0.7101E-03  0.0000E+00      -1  -0.418E-02   20.00
 314 -2271.4900   -3000.000 0.3150   0.7101E-03  0.2228E-04 -0.7101E-03  0.0000E+00      -1  -0.418E-02   20.00
 315 -2278.7400   -3000.000 0.3150   0.7101E-03  0.2228E-04 -0.7101E-03  0.0000E+00      -1  -0.418E-02   20.00
 316 -2286.0000   -3000.000 0.3150   0.7101E-03  0.2228E-04 -0.7101E-03  0.0000E+00      -1  -0.418E-02   20.00
 317 -2293.2600   -3000.000 0.3150   0.7101E-03  0.2228E-04 -0.7101E-03  0.0000E+00      -1  -0.418E-02   20.00
 318 -2300.5100   -3000.000 0.3150   0.7101E-03  0.2228E-04 -0.7101E-03  0.0000E+00      -1  -0.418E-02   20.00
 319 -2307.7700   -3000.000 0.3150   0.7101E-03  0.2228E-04 -0.7101E-03  0.0000E+00      -1  -0.418E-02   20.00
 320 -2315.0300   -3000.000 0.3150   0.7101E-03  0.2228E-04 -0.7101E-03  0.0000E+00      -1  -0.418E-02   20.00
 321 -2322.2900   -3000.000 0.3150   0.7101E-03  0.2228E-04 -0.7101E-03  0.0000E+00      -1  -0.418E-02   20.00
 322 -2329.5400   -3000.000 0.3150   0.7101E-03  0.2228E-04 -0.7101E-03  0.0000E+00      -1  -0.418E-02   20.00
 323 -2336.8000   -3000.000 0.3150   0.7101E-03  0.2228E-04 -0.7101E-03  0.0000E+00      -1  -0.418E-02   20.00
 324 -2344.0601   -3000.000 0.3150   0.7101E-03  0.2228E-04 -0.7101E-03  0.0000E+00      -1  -0.418E-02   20.00
 325 -2351.3101   -3000.000 0.3150   0.7101E-03  0.2228E-04 -0.7101E-03  0.0000E+00      -1  -0.418E-02   20.00
 326 -2358.5701   -3000.000 0.3150   0.7101E-03  0.2228E-04 -0.7101E-03  0.0000E+00      -1  -0.418E-02   20.00
 327 -2365.8301   -3000.000 0.3150   0.7101E-03  0.2228E-04 -0.7101E-03  0.0000E+00      -1  -0.418E-02   20.00
 328 -2373.0901   -3000.000 0.3150   0.7101E-03  0.2228E-04 -0.7101E-03  0.0000E+00      -1  -0.418E-02   20.00
 329 -2380.3401   -3000.000 0.3150   0.7101E-03  0.2228E-04 -0.7101E-03  0.0000E+00      -1  -0.418E-02   20.00
 330 -2387.6001   -3000.000 0.3150   0.7101E-03  0.2228E-04 -0.7101E-03  0.0000E+00      -1  -0.418E-02   20.00
 331 -2394.8601   -3000.000 0.3150   0.7101E-03  0.2228E-04 -0.7101E-03  0.0000E+00      -1  -0.418E-02   20.00
 332 -2402.1101   -3000.000 0.3150   0.7101E-03  0.2228E-04 -0.7101E-03  0.0000E+00      -1  -0.418E-02   20.00
 333 -2409.3701   -3000.000 0.3150   0.7101E-03  0.2228E-04 -0.7101E-03  0.0000E+00      -1  -0.418E-02   20.00
 334 -2416.6299   -3000.000 0.3150   0.7101E-03  0.2228E-04 -0.7101E-03  0.0000E+00      -1  -0.418E-02   20.00
 335 -2423.8899   -3000.000 0.3150   0.7101E-03  0.2228E-04 -0.7101E-03  0.0000E+00      -1  -0.418E-02   20.00
 336 -2431.1399   -3000.000 0.3150   0.7101E-03  0.2228E-04 -0.7101E-03  0.0000E+00      -1  -0.418E-02   20.00
 337 -2438.3999   -3000.000 0.3150   0.7101E-03  0.2228E-04 -0.7101E-03  0.0000E+00      -1  -0.418E-02   20.00
 338 -2445.6599   -3000.000 0.3150   0.7101E-03  0.2228E-04 -0.7101E-03  0.0000E+00      -1  -0.418E-02   20.00
 339 -2452.9099   -3000.000 0.3150   0.7101E-03  0.2228E-04 -0.7101E-03  0.0000E+00      -1  -0.418E-02   20.00
 340 -2460.1699   -3000.000 0.3150   0.7101E-03  0.2228E-04 -0.7101E-03  0.0000E+00      -1  -0.418E-02   20.00
 341 -2467.4299   -3000.000 0.3150   0.7101E-03  0.2228E-04 -0.7101E-03  0.0000E+00      -1  -0.418E-02   20.00
 342 -2474.6899   -3000.000 0.3150   0.7101E-03  0.2228E-04 -0.7101E-03  0.0000E+00      -1  -0.418E-02   20.00
 343 -2481.9399   -3000.000 0.3150   0.7101E-03  0.2228E-04 -0.7101E-03  0.0000E+00      -1  -0.418E-02   20.00
 344 -2489.2000   -3000.000 0.3150   0.7101E-03  0.2228E-04 -0.7101E-03  0.0000E+00      -1  -0.418E-02   20.00
 345 -2496.4600   -3000.000 0.3150   0.7101E-03  0.2228E-04 -0.7101E-03  0.0000E+00      -1  -0.418E-02   20.00
 346 -2503.7100   -3000.000 0.3150   0.7101E-03  0.2228E-04 -0.7101E-03  0.0000E+00      -1  -0.418E-02   20.00
 347 -2510.9700   -3000.000 0.3150   0.7101E-03  0.2228E-04 -0.7101E-03  0.0000E+00      -1  -0.418E-02   20.00
 348 -2518.2300   -3000.000 0.3150   0.7101E-03  0.2228E-04 -0.7101E-03  0.0000E+00      -1  -0.418E-02   20.00
 349 -2525.4900   -3000.000 0.3150   0.7101E-03  0.2228E-04 -0.7101E-03  0.0000E+00      -1  -0.418E-02   20.00
 350 -2532.7400   -3000.000 0.3150   0.7101E-03  0.2228E-04 -0.7101E-03  0.0000E+00      -1  -0.418E-02   20.00
 351 -2540.0000   -3000.000 0.3150   0.7101E-03  0.2228E-04 -0.7101E-03  0.0000E+00      -1  -0.418E-02   20.00
end


 Time:   275000.0000


 Node      Depth      Head Moisture       K          C         Flux        Sink         Kappa   v/KsTop   Temp
           [L]        [L]    [-]        [L/T]      [1/L]      [L/T]        [1/T]         [-]      [-]      [C]

   1     0.0000 -191117.203 0.0851   0.2492E-09  0.8024E-07  0.2299E-08  0.0000E+00      -1   0.135E-07   20.00
   2    -7.2571  -48175.770 0.1124   0.1378E-07  0.5226E-06  0.2005E-03  0.0000E+00      -1   0.118E-02   20.00
   3   -14.5143  -22144.691 0.1348   0.1329E-06  0.1504E-05  0.2715E-03  0.0000E+00      -1   0.160E-02   20.00
   4   -21.7714  -14767.533 0.1489   0.4188E-06  0.2577E-05  0.2671E-03  0.0000E+00      -1   0.157E-02   20.00
   5   -29.0286  -11745.824 0.1578   0.8045E-06  0.3497E-05  0.2365E-03  0.0000E+00      -1   0.139E-02   20.00
   6   -36.2857  -10149.535 0.1639   0.1195E-05  0.4229E-05  0.2036E-03  0.0000E+00      -1   0.120E-02   20.00
   7   -43.5429   -9178.489 0.1683   0.1641E-05  0.4867E-05  0.1711E-03  0.0000E+00      -1   0.101E-02   20.00
   8   -50.8000   -8559.509 0.1715   0.2011E-05  0.5352E-05  0.1397E-03  0.0000E+00      -1   0.822E-03   20.00
   9   -58.0571   -8126.864 0.1737   0.2269E-05  0.5691E-05  0.1130E-03  0.0000E+00      -1   0.664E-03   20.00
  10   -65.3143   -7811.078 0.1753   0.2458E-05  0.5939E-05  0.8951E-04  0.0000E+00      -1   0.527E-03   20.00
  11   -72.5714   -7584.080 0.1768   0.2730E-05  0.6204E-05  0.6661E-04  0.0000E+00      -1   0.392E-03   20.00
  12   -79.8286   -7436.928 0.1778   0.2944E-05  0.6400E-05  0.4537E-04  0.0000E+00      -1   0.267E-03   20.00
  13   -87.0857   -7342.809 0.1785   0.3081E-05  0.6526E-05  0.2865E-04  0.0000E+00      -1   0.169E-03   20.00
  14   -94.3429   -7286.151 0.1789   0.3163E-05  0.6601E-05  0.1542E-04  0.0000E+00      -1   0.907E-04   20.00
  15  -101.6000   -7257.044 0.1791   0.3206E-05  0.6640E-05  0.5142E-05  0.0000E+00      -1   0.302E-04   20.00
  16  -108.8570   -7248.214 0.1791   0.3218E-05  0.6652E-05 -0.2497E-05  0.0000E+00      -1  -0.147E-04   20.00
  17  -116.1140   -7253.803 0.1791   0.3210E-05  0.6644E-05 -0.7767E-05  0.0000E+00      -1  -0.457E-04   20.00
  18  -123.3710   -7268.873 0.1790   0.3188E-05  0.6624E-05 -0.1086E-04  0.0000E+00      -1  -0.639E-04   20.00
  19  -130.0000   -7290.299 0.2621   0.2466E-05  0.7676E-05 -0.1233E-04  0.0000E+00      -1  -0.725E-04   20.00
  20  -137.8860   -7323.093 0.2618   0.2431E-05  0.7628E-05 -0.1201E-04  0.0000E+00      -1  -0.706E-04   20.00
  21  -145.1430   -7349.854 0.2616   0.2402E-05  0.7589E-05 -0.1016E-04  0.0000E+00      -1  -0.597E-04   20.00
  22  -152.4000   -7369.874 0.2615   0.2380E-05  0.7559E-05 -0.7575E-05  0.0000E+00      -1  -0.446E-04   20.00
  23  -159.6570   -7381.454 0.2614   0.2368E-05  0.7542E-05 -0.4749E-05  0.0000E+00      -1  -0.279E-04   20.00
  24  -166.9140   -7384.425 0.2613   0.2365E-05  0.7538E-05 -0.2098E-05  0.0000E+00      -1  -0.123E-04   20.00
  25  -174.1710   -7379.805 0.2614   0.2370E-05  0.7545E-05  0.1103E-06  0.0000E+00      -1   0.649E-06   20.00
  26  -181.4290   -7369.245 0.2615   0.2381E-05  0.7560E-05  0.1746E-05  0.0000E+00      -1   0.103E-04   20.00
  27  -188.6860   -7354.661 0.2616   0.2397E-05  0.7582E-05  0.2799E-05  0.0000E+00      -1   0.165E-04   20.00
  28  -195.9430   -7337.792 0.2617   0.2415E-05  0.7606E-05  0.3339E-05  0.0000E+00      -1   0.196E-04   20.00
  29  -203.2000   -7320.084 0.2619   0.2434E-05  0.7632E-05  0.3470E-05  0.0000E+00      -1   0.204E-04   20.00
  30  -210.4570   -7302.587 0.2620   0.2453E-05  0.7658E-05  0.3307E-05  0.0000E+00      -1   0.195E-04   20.00
  31  -217.7140   -7285.998 0.2621   0.2471E-05  0.7682E-05  0.2950E-05  0.0000E+00      -1   0.174E-04   20.00
  32  -224.9710   -7270.735 0.2623   0.2487E-05  0.7704E-05  0.2489E-05  0.0000E+00      -1   0.146E-04   20.00
  33  -232.2290   -7256.948 0.2624   0.2502E-05  0.7725E-05  0.1997E-05  0.0000E+00      -1   0.117E-04   20.00
  34  -239.4860   -7244.630 0.2625   0.2515E-05  0.7743E-05  0.1520E-05  0.0000E+00      -1   0.894E-05   20.00
  35  -246.7430   -7233.657 0.2626   0.2527E-05  0.7759E-05  0.1085E-05  0.0000E+00      -1   0.638E-05   20.00
  36  -254.0000   -7223.879 0.2626   0.2538E-05  0.7773E-05  0.7166E-06  0.0000E+00      -1   0.422E-05   20.00
  37  -261.2570   -7215.042 0.2627   0.2547E-05  0.7786E-05  0.4194E-06  0.0000E+00      -1   0.247E-05   20.00
  38  -268.5140   -7206.974 0.2628   0.2556E-05  0.7798E-05  0.1881E-06  0.0000E+00      -1   0.111E-05   20.00
  39  -275.7710   -7199.459 0.2628   0.2564E-05  0.7809E-05  0.2252E-07  0.0000E+00      -1   0.132E-06   20.00
  40  -283.0290   -7192.331 0.2629   0.2571E-05  0.7819E-05 -0.8039E-07  0.0000E+00      -1  -0.473E-06   20.00
  41  -290.2860   -7185.397 0.2630   0.2579E-05  0.7829E-05 -0.1284E-06  0.0000E+00      -1  -0.755E-06   20.00
  42  -297.5430   -7178.539 0.2630   0.2586E-05  0.7839E-05 -0.1499E-06  0.0000E+00      -1  -0.882E-06   20.00
  43  -304.8000   -7171.725 0.2631   0.2594E-05  0.7849E-05 -0.1483E-06  0.0000E+00      -1  -0.872E-06   20.00
  44  -312.0570   -7164.855 0.2631   0.2601E-05  0.7859E-05 -0.1286E-06  0.0000E+00      -1  -0.756E-06   20.00
  45  -319.3140   -7157.928 0.2632   0.2609E-05  0.7870E-05 -0.1070E-06  0.0000E+00      -1  -0.630E-06   20.00
  46  -326.5710   -7150.937 0.2632   0.2616E-05  0.7880E-05 -0.8339E-07  0.0000E+00      -1  -0.491E-06   20.00
  47  -333.8290   -7143.876 0.2633   0.2624E-05  0.7890E-05 -0.6192E-07  0.0000E+00      -1  -0.364E-06   20.00
  48  -341.0860   -7136.764 0.2633   0.2631E-05  0.7901E-05 -0.4289E-07  0.0000E+00      -1  -0.252E-06   20.00
  49  -348.3430   -7129.599 0.2634   0.2639E-05  0.7911E-05 -0.4305E-07  0.0000E+00      -1  -0.253E-06   20.00
  50  -355.6000   -7122.487 0.2635   0.2647E-05  0.7922E-05 -0.6445E-07  0.0000E+00      -1  -0.379E-06   20.00
  51  -362.8570   -7115.438 0.2635   0.2654E-05  0.7932E-05 -0.9769E-07  0.0000E+00      -1  -0.575E-06   20.00
  52  -370.1140   -7108.507 0.2636   0.2662E-05  0.7942E-05 -0.1513E-06  0.0000E+00      -1  -0.890E-06   20.00
  53  -377.3710   -7101.749 0.2636   0.2669E-05  0.7952E-05 -0.2165E-06  0.0000E+00      -1  -0.127E-05   20.00
  54  -384.6290   -7095.169 0.2637   0.2676E-05  0.7962E-05 -0.3026E-06  0.0000E+00      -1  -0.178E-05   20.00
  55  -391.8860   -7088.875 0.2637   0.2683E-05  0.7971E-05 -0.4087E-06  0.0000E+00      -1  -0.240E-05   20.00
  56  -399.1430   -7082.866 0.2638   0.2689E-05  0.7980E-05 -0.5162E-06  0.0000E+00      -1  -0.304E-05   20.00
  57  -406.4000   -7077.146 0.2638   0.2695E-05  0.7988E-05 -0.6316E-06  0.0000E+00      -1  -0.372E-05   20.00
  58  -413.6570   -7071.752 0.2639   0.2701E-05  0.7996E-05 -0.7656E-06  0.0000E+00      -1  -0.450E-05   20.00
  59  -420.9140   -7066.745 0.2639   0.2707E-05  0.8003E-05 -0.9089E-06  0.0000E+00      -1  -0.535E-05   20.00
  60  -428.1710   -7062.112 0.2640   0.2712E-05  0.8010E-05 -0.1052E-05  0.0000E+00      -1  -0.619E-05   20.00
  61  -435.4290   -7057.864 0.2640   0.2716E-05  0.8016E-05 -0.1198E-05  0.0000E+00      -1  -0.705E-05   20.00
  62  -442.6860   -7054.001 0.2640   0.2720E-05  0.8022E-05 -0.1342E-05  0.0000E+00      -1  -0.789E-05   20.00
  63  -449.9430   -7050.510 0.2640   0.2724E-05  0.8027E-05 -0.1485E-05  0.0000E+00      -1  -0.874E-05   20.00
  64  -457.2000   -7047.400 0.2641   0.2727E-05  0.8031E-05 -0.1625E-05  0.0000E+00      -1  -0.956E-05   20.00
  65  -464.4570   -7044.643 0.2641   0.2730E-05  0.8035E-05 -0.1746E-05  0.0000E+00      -1  -0.103E-04   20.00
  66  -471.7140   -7042.170 0.2641   0.2733E-05  0.8039E-05 -0.1855E-05  0.0000E+00      -1  -0.109E-04   20.00
  67  -478.9710   -7039.979 0.2641   0.2735E-05  0.8042E-05 -0.1963E-05  0.0000E+00      -1  -0.115E-04   20.00
  68  -486.2290   -7038.071 0.2641   0.2738E-05  0.8045E-05 -0.2069E-05  0.0000E+00      -1  -0.122E-04   20.00
  69  -493.4860   -7036.433 0.2642   0.2739E-05  0.8048E-05 -0.2154E-05  0.0000E+00      -1  -0.127E-04   20.00
  70  -500.7430   -7034.967 0.2642   0.2741E-05  0.8050E-05 -0.2218E-05  0.0000E+00      -1  -0.130E-04   20.00
  71  -508.0000   -7033.666 0.2642   0.2742E-05  0.8052E-05 -0.2275E-05  0.0000E+00      -1  -0.134E-04   20.00
  72  -515.2570   -7032.493 0.2642   0.2744E-05  0.8053E-05 -0.2311E-05  0.0000E+00      -1  -0.136E-04   20.00
  73  -522.5140   -7031.375 0.2642   0.2745E-05  0.8055E-05 -0.2332E-05  0.0000E+00      -1  -0.137E-04   20.00
  74  -529.7710   -7030.308 0.2642   0.2746E-05  0.8056E-05 -0.2332E-05  0.0000E+00      -1  -0.137E-04   20.00
  75  -537.0290   -7029.188 0.2642   0.2747E-05  0.8058E-05 -0.2311E-05  0.0000E+00      -1  -0.136E-04   20.00
  76  -544.2860   -7028.004 0.2642   0.2748E-05  0.8060E-05 -0.2273E-05  0.0000E+00      -1  -0.134E-04   20.00
  77  -551.5430   -7026.678 0.2642   0.2750E-05  0.8062E-05 -0.2213E-05  0.0000E+00      -1  -0.130E-04   20.00
  78  -558.8000   -7025.170 0.2643   0.2751E-05  0.8064E-05 -0.2138E-05  0.0000E+00      -1  -0.126E-04   20.00
  79  -566.0570   -7023.442 0.2643   0.2753E-05  0.8067E-05 -0.2042E-05  0.0000E+00      -1  -0.120E-04   20.00
  80  -573.3140   -7021.420 0.2643   0.2755E-05  0.8070E-05 -0.1925E-05  0.0000E+00      -1  -0.113E-04   20.00
  81  -580.5710   -7019.068 0.2643   0.2758E-05  0.8073E-05 -0.1788E-05  0.0000E+00      -1  -0.105E-04   20.00
  82  -587.8290   -7016.316 0.2643   0.2761E-05  0.8077E-05 -0.1631E-05  0.0000E+00      -1  -0.959E-05   20.00
  83  -595.0860   -7013.127 0.2643   0.2764E-05  0.8082E-05 -0.1451E-05  0.0000E+00      -1  -0.853E-05   20.00
  84  -602.3430   -7009.420 0.2644   0.2768E-05  0.8087E-05 -0.1252E-05  0.0000E+00      -1  -0.737E-05   20.00
  85  -609.6000   -7005.179 0.2644   0.2773E-05  0.8093E-05 -0.1032E-05  0.0000E+00      -1  -0.607E-05   20.00
  86  -616.8570   -7000.308 0.2645   0.2778E-05  0.8100E-05 -0.7917E-06  0.0000E+00      -1  -0.466E-05   20.00
  87  -624.1140   -6994.802 0.2645   0.2784E-05  0.8108E-05 -0.5319E-06  0.0000E+00      -1  -0.313E-05   20.00
  88  -631.3720   -6988.566 0.2645   0.2791E-05  0.8118E-05 -0.2506E-06  0.0000E+00      -1  -0.147E-05   20.00
  89  -638.6290   -6981.591 0.2646   0.2798E-05  0.8128E-05  0.5384E-07  0.0000E+00      -1   0.317E-06   20.00
  90  -645.8860   -6973.774 0.2647   0.2807E-05  0.8139E-05  0.3783E-06  0.0000E+00      -1   0.223E-05   20.00
  91  -653.1430   -6965.122 0.2647   0.2816E-05  0.8152E-05  0.7234E-06  0.0000E+00      -1   0.426E-05   20.00
  92  -660.4000   -6955.534 0.2648   0.2826E-05  0.8166E-05  0.1090E-05  0.0000E+00      -1   0.641E-05   20.00
  93  -667.6570   -6945.013 0.2649   0.2838E-05  0.8181E-05  0.1476E-05  0.0000E+00      -1   0.868E-05   20.00
  94  -674.9140   -6933.473 0.2650   0.2850E-05  0.8198E-05  0.1884E-05  0.0000E+00      -1   0.111E-04   20.00
  95  -682.1710   -6920.909 0.2651   0.2864E-05  0.8217E-05  0.2307E-05  0.0000E+00      -1   0.136E-04   20.00
  96  -689.4290   -6907.267 0.2652   0.2878E-05  0.8237E-05  0.2752E-05  0.0000E+00      -1   0.162E-04   20.00
  97  -696.6860   -6892.519 0.2653   0.2894E-05  0.8258E-05  0.3208E-05  0.0000E+00      -1   0.189E-04   20.00
  98  -703.9430   -6876.672 0.2655   0.2911E-05  0.8281E-05  0.3684E-05  0.0000E+00      -1   0.217E-04   20.00
  99  -711.2000   -6859.643 0.2656   0.2930E-05  0.8306E-05  0.4182E-05  0.0000E+00      -1   0.246E-04   20.00
 100  -718.4570   -6841.447 0.2657   0.2949E-05  0.8333E-05  0.4700E-05  0.0000E+00      -1   0.276E-04   20.00
 101  -725.7140   -6822.005 0.2659   0.2970E-05  0.8362E-05  0.5241E-05  0.0000E+00      -1   0.308E-04   20.00
 102  -732.9710   -6801.331 0.2661   0.2992E-05  0.8392E-05  0.5781E-05  0.0000E+00      -1   0.340E-04   20.00
 103  -740.2290   -6779.456 0.2662   0.3016E-05  0.8424E-05  0.6343E-05  0.0000E+00      -1   0.373E-04   20.00
 104  -747.4860   -6756.297 0.2664   0.3041E-05  0.8458E-05  0.6927E-05  0.0000E+00      -1   0.407E-04   20.00
 105  -754.7430   -6731.886 0.2666   0.3067E-05  0.8493E-05  0.7517E-05  0.0000E+00      -1   0.442E-04   20.00
 106  -762.0000   -6706.220 0.2668   0.3095E-05  0.8531E-05  0.8129E-05  0.0000E+00      -1   0.478E-04   20.00
 107  -769.2570   -6679.258 0.2671   0.3124E-05  0.8571E-05  0.8756E-05  0.0000E+00      -1   0.515E-04   20.00
 108  -776.5140   -6651.035 0.2673   0.3154E-05  0.8612E-05  0.9396E-05  0.0000E+00      -1   0.553E-04   20.00
 109  -783.7710   -6621.521 0.2675   0.3186E-05  0.8655E-05  0.1006E-04  0.0000E+00      -1   0.592E-04   20.00
 110  -791.0290   -6590.706 0.2678   0.3219E-05  0.8700E-05  0.1074E-04  0.0000E+00      -1   0.632E-04   20.00
 111  -798.2860   -6558.580 0.2680   0.3254E-05  0.8747E-05  0.1145E-04  0.0000E+00      -1   0.673E-04   20.00
 112  -805.5430   -6525.136 0.2683   0.3290E-05  0.8796E-05  0.1218E-04  0.0000E+00      -1   0.716E-04   20.00
 113  -812.8000   -6490.363 0.2686   0.3327E-05  0.8847E-05  0.1291E-04  0.0000E+00      -1   0.760E-04   20.00
 114  -820.0570   -6454.303 0.2689   0.3366E-05  0.8900E-05  0.1364E-04  0.0000E+00      -1   0.802E-04   20.00
 115  -827.3140   -6417.056 0.2692   0.3406E-05  0.8955E-05  0.1432E-04  0.0000E+00      -1   0.842E-04   20.00
 116  -834.5710   -6378.782 0.2695   0.3447E-05  0.9011E-05  0.1486E-04  0.0000E+00      -1   0.874E-04   20.00
 117  -840.0000   -6371.929 0.2619   0.1120E-03  0.1125E-04  0.1558E-04  0.0000E+00      -1   0.917E-04   20.00
 118  -849.0860   -6361.560 0.2620   0.1124E-03  0.1126E-04  0.1619E-04  0.0000E+00      -1   0.952E-04   20.00
 119  -856.3430   -6353.231 0.2621   0.1127E-03  0.1128E-04  0.1698E-04  0.0000E+00      -1   0.999E-04   20.00
 120  -863.6000   -6344.859 0.2622   0.1130E-03  0.1129E-04  0.1768E-04  0.0000E+00      -1   0.104E-03   20.00
 121  -870.8570   -6336.446 0.2623   0.1133E-03  0.1131E-04  0.1837E-04  0.0000E+00      -1   0.108E-03   20.00
 122  -878.1140   -6327.991 0.2624   0.1135E-03  0.1132E-04  0.1906E-04  0.0000E+00      -1   0.112E-03   20.00
 123  -885.3720   -6319.495 0.2625   0.1138E-03  0.1133E-04  0.1973E-04  0.0000E+00      -1   0.116E-03   20.00
 124  -892.6290   -6310.961 0.2626   0.1141E-03  0.1135E-04  0.2039E-04  0.0000E+00      -1   0.120E-03   20.00
 125  -899.8860   -6302.389 0.2627   0.1144E-03  0.1136E-04  0.2105E-04  0.0000E+00      -1   0.124E-03   20.00
 126  -907.1430   -6293.778 0.2627   0.1147E-03  0.1138E-04  0.2171E-04  0.0000E+00      -1   0.128E-03   20.00
 127  -914.4000   -6285.128 0.2628   0.1151E-03  0.1139E-04  0.2236E-04  0.0000E+00      -1   0.132E-03   20.00
 128  -921.6570   -6276.443 0.2629   0.1154E-03  0.1141E-04  0.2298E-04  0.0000E+00      -1   0.135E-03   20.00
 129  -928.9140   -6267.723 0.2630   0.1157E-03  0.1142E-04  0.2361E-04  0.0000E+00      -1   0.139E-03   20.00
 130  -936.1710   -6258.966 0.2631   0.1160E-03  0.1143E-04  0.2424E-04  0.0000E+00      -1   0.143E-03   20.00
 131  -943.4290   -6250.173 0.2632   0.1163E-03  0.1145E-04  0.2486E-04  0.0000E+00      -1   0.146E-03   20.00
 132  -950.6860   -6241.348 0.2633   0.1166E-03  0.1146E-04  0.2546E-04  0.0000E+00      -1   0.150E-03   20.00
 133  -957.9430   -6232.490 0.2634   0.1169E-03  0.1148E-04  0.2604E-04  0.0000E+00      -1   0.153E-03   20.00
 134  -965.2000   -6223.600 0.2635   0.1172E-03  0.1149E-04  0.2662E-04  0.0000E+00      -1   0.157E-03   20.00
 135  -972.4570   -6214.680 0.2635   0.1175E-03  0.1151E-04  0.2718E-04  0.0000E+00      -1   0.160E-03   20.00
 136  -979.7140   -6205.729 0.2636   0.1178E-03  0.1152E-04  0.2773E-04  0.0000E+00      -1   0.163E-03   20.00
 137  -986.9710   -6196.750 0.2637   0.1182E-03  0.1154E-04  0.2827E-04  0.0000E+00      -1   0.166E-03   20.00
 138  -994.2290   -6187.742 0.2638   0.1185E-03  0.1155E-04  0.2879E-04  0.0000E+00      -1   0.169E-03   20.00
 139 -1001.4900   -6178.703 0.2639   0.1188E-03  0.1157E-04  0.2930E-04  0.0000E+00      -1   0.172E-03   20.00
 140 -1008.7400   -6169.651 0.2640   0.1191E-03  0.1158E-04  0.2981E-04  0.0000E+00      -1   0.175E-03   20.00
 141 -1016.0000   -6160.562 0.2641   0.1194E-03  0.1160E-04  0.3029E-04  0.0000E+00      -1   0.178E-03   20.00
 142 -1023.2600   -6151.448 0.2642   0.1197E-03  0.1161E-04  0.3075E-04  0.0000E+00      -1   0.181E-03   20.00
 143 -1030.5100   -6142.326 0.2643   0.1201E-03  0.1163E-04  0.3121E-04  0.0000E+00      -1   0.184E-03   20.00
 144 -1037.7700   -6133.167 0.2644   0.1205E-03  0.1165E-04  0.3173E-04  0.0000E+00      -1   0.187E-03   20.00
 145 -1045.0300   -6123.985 0.2645   0.1212E-03  0.1167E-04  0.3227E-04  0.0000E+00      -1   0.190E-03   20.00
 146 -1052.2900   -6114.782 0.2646   0.1220E-03  0.1169E-04  0.3279E-04  0.0000E+00      -1   0.193E-03   20.00
 147 -1059.5400   -6105.573 0.2648   0.1227E-03  0.1171E-04  0.3331E-04  0.0000E+00      -1   0.196E-03   20.00
 148 -1066.8000   -6096.333 0.2649   0.1234E-03  0.1174E-04  0.3382E-04  0.0000E+00      -1   0.199E-03   20.00
 149 -1074.0601   -6087.074 0.2650   0.1241E-03  0.1176E-04  0.3430E-04  0.0000E+00      -1   0.202E-03   20.00
 150 -1081.3101   -6077.813 0.2651   0.1249E-03  0.1178E-04  0.3476E-04  0.0000E+00      -1   0.204E-03   20.00
 151 -1088.5699   -6068.525 0.2652   0.1256E-03  0.1181E-04  0.3521E-04  0.0000E+00      -1   0.207E-03   20.00
 152 -1095.8300   -6059.223 0.2654   0.1263E-03  0.1183E-04  0.3564E-04  0.0000E+00      -1   0.210E-03   20.00
 153 -1103.0900   -6049.909 0.2655   0.1271E-03  0.1185E-04  0.3607E-04  0.0000E+00      -1   0.212E-03   20.00
 154 -1110.3400   -6040.594 0.2656   0.1278E-03  0.1187E-04  0.3650E-04  0.0000E+00      -1   0.215E-03   20.00
 155 -1117.6000   -6031.255 0.2657   0.1285E-03  0.1190E-04  0.3691E-04  0.0000E+00      -1   0.217E-03   20.00
 156 -1124.8600   -6021.905 0.2658   0.1293E-03  0.1192E-04  0.3731E-04  0.0000E+00      -1   0.219E-03   20.00
 157 -1132.1100   -6012.558 0.2660   0.1300E-03  0.1194E-04  0.3770E-04  0.0000E+00      -1   0.222E-03   20.00
 158 -1139.3700   -6003.188 0.2661   0.1308E-03  0.1197E-04  0.3809E-04  0.0000E+00      -1   0.224E-03   20.00
 159 -1146.6300   -5993.808 0.2662   0.1315E-03  0.1199E-04  0.3847E-04  0.0000E+00      -1   0.226E-03   20.00
 160 -1153.8900   -5984.420 0.2663   0.1322E-03  0.1201E-04  0.3882E-04  0.0000E+00      -1   0.228E-03   20.00
 161 -1161.1400   -5975.038 0.2665   0.1330E-03  0.1204E-04  0.3918E-04  0.0000E+00      -1   0.230E-03   20.00
 162 -1168.4000   -5965.635 0.2666   0.1337E-03  0.1206E-04  0.3955E-04  0.0000E+00      -1   0.233E-03   20.00
 163 -1175.6600   -5956.223 0.2667   0.1345E-03  0.1208E-04  0.3992E-04  0.0000E+00      -1   0.235E-03   20.00
 164 -1182.9100   -5946.816 0.2668   0.1352E-03  0.1211E-04  0.4028E-04  0.0000E+00      -1   0.237E-03   20.00
 165 -1190.1700   -5937.390 0.2670   0.1359E-03  0.1213E-04  0.4064E-04  0.0000E+00      -1   0.239E-03   20.00
 166 -1197.4301   -5927.956 0.2671   0.1367E-03  0.1215E-04  0.4099E-04  0.0000E+00      -1   0.241E-03   20.00
 167 -1204.6899   -5918.516 0.2672   0.1374E-03  0.1218E-04  0.4134E-04  0.0000E+00      -1   0.243E-03   20.00
 168 -1211.9399   -5909.082 0.2673   0.1382E-03  0.1220E-04  0.4169E-04  0.0000E+00      -1   0.245E-03   20.00
 169 -1219.2000   -5899.627 0.2675   0.1389E-03  0.1222E-04  0.4204E-04  0.0000E+00      -1   0.247E-03   20.00
 170 -1226.4600   -5890.167 0.2676   0.1397E-03  0.1225E-04  0.4238E-04  0.0000E+00      -1   0.249E-03   20.00
 171 -1233.7100   -5880.714 0.2677   0.1404E-03  0.1227E-04  0.4273E-04  0.0000E+00      -1   0.251E-03   20.00
 172 -1240.9700   -5871.242 0.2678   0.1412E-03  0.1229E-04  0.4307E-04  0.0000E+00      -1   0.253E-03   20.00
 173 -1248.2300   -5861.764 0.2679   0.1419E-03  0.1232E-04  0.4341E-04  0.0000E+00      -1   0.255E-03   20.00
 174 -1255.4900   -5852.280 0.2681   0.1427E-03  0.1234E-04  0.4375E-04  0.0000E+00      -1   0.257E-03   20.00
 175 -1262.7400   -5842.804 0.2682   0.1434E-03  0.1236E-04  0.4408E-04  0.0000E+00      -1   0.259E-03   20.00
 176 -1270.0000   -5833.310 0.2683   0.1441E-03  0.1239E-04  0.4442E-04  0.0000E+00      -1   0.261E-03   20.00
 177 -1277.2600   -5823.810 0.2684   0.1449E-03  0.1241E-04  0.4475E-04  0.0000E+00      -1   0.263E-03   20.00
 178 -1284.5100   -5814.318 0.2686   0.1456E-03  0.1243E-04  0.4507E-04  0.0000E+00      -1   0.265E-03   20.00
 179 -1291.7700   -5804.810 0.2687   0.1464E-03  0.1246E-04  0.4541E-04  0.0000E+00      -1   0.267E-03   20.00
 180 -1299.0300   -5795.294 0.2688   0.1471E-03  0.1248E-04  0.4574E-04  0.0000E+00      -1   0.269E-03   20.00
 181 -1306.2900   -5785.776 0.2689   0.1479E-03  0.1251E-04  0.4605E-04  0.0000E+00      -1   0.271E-03   20.00
 182 -1313.5400   -5776.266 0.2691   0.1486E-03  0.1253E-04  0.4637E-04  0.0000E+00      -1   0.273E-03   20.00
 183 -1320.8000   -5766.739 0.2692   0.1494E-03  0.1255E-04  0.4670E-04  0.0000E+00      -1   0.275E-03   20.00
 184 -1328.0601   -5757.207 0.2693   0.1502E-03  0.1258E-04  0.4702E-04  0.0000E+00      -1   0.277E-03   20.00
 185 -1335.3101   -5747.685 0.2694   0.1509E-03  0.1260E-04  0.4734E-04  0.0000E+00      -1   0.278E-03   20.00
 186 -1342.5699   -5738.145 0.2696   0.1517E-03  0.1262E-04  0.4767E-04  0.0000E+00      -1   0.280E-03   20.00
 187 -1349.8300   -5728.602 0.2697   0.1524E-03  0.1265E-04  0.4798E-04  0.0000E+00      -1   0.282E-03   20.00
 188 -1357.0900   -5719.054 0.2698   0.1532E-03  0.1267E-04  0.4830E-04  0.0000E+00      -1   0.284E-03   20.00
 189 -1364.3400   -5709.516 0.2699   0.1539E-03  0.1269E-04  0.4859E-04  0.0000E+00      -1   0.286E-03   20.00
 190 -1371.6000   -5699.963 0.2701   0.1547E-03  0.1272E-04  0.4889E-04  0.0000E+00      -1   0.288E-03   20.00
 191 -1378.8600   -5690.407 0.2702   0.1554E-03  0.1274E-04  0.4918E-04  0.0000E+00      -1   0.289E-03   20.00
 192 -1386.1100   -5680.861 0.2703   0.1562E-03  0.1276E-04  0.4948E-04  0.0000E+00      -1   0.291E-03   20.00
 193 -1393.3700   -5671.300 0.2704   0.1569E-03  0.1279E-04  0.4978E-04  0.0000E+00      -1   0.293E-03   20.00
 194 -1400.6300   -5661.735 0.2706   0.1577E-03  0.1281E-04  0.5006E-04  0.0000E+00      -1   0.294E-03   20.00
 195 -1407.8900   -5652.170 0.2707   0.1584E-03  0.1284E-04  0.5033E-04  0.0000E+00      -1   0.296E-03   20.00
 196 -1415.1400   -5642.616 0.2708   0.1592E-03  0.1286E-04  0.5061E-04  0.0000E+00      -1   0.298E-03   20.00
 197 -1422.4000   -5633.047 0.2709   0.1599E-03  0.1288E-04  0.5089E-04  0.0000E+00      -1   0.299E-03   20.00
 198 -1429.6600   -5623.476 0.2711   0.1607E-03  0.1291E-04  0.5116E-04  0.0000E+00      -1   0.301E-03   20.00
 199 -1436.9100   -5613.917 0.2712   0.1615E-03  0.1293E-04  0.5143E-04  0.0000E+00      -1   0.303E-03   20.00
 200 -1444.1700   -5604.344 0.2713   0.1622E-03  0.1295E-04  0.5169E-04  0.0000E+00      -1   0.304E-03   20.00
 201 -1451.4301   -5594.770 0.2715   0.1630E-03  0.1298E-04  0.5195E-04  0.0000E+00      -1   0.306E-03   20.00
 202 -1458.6899   -5585.195 0.2716   0.1637E-03  0.1300E-04  0.5219E-04  0.0000E+00      -1   0.307E-03   20.00
 203 -1465.9399   -5575.634 0.2717   0.1645E-03  0.1302E-04  0.5244E-04  0.0000E+00      -1   0.308E-03   20.00
 204 -1473.2000   -5566.059 0.2718   0.1652E-03  0.1305E-04  0.5270E-04  0.0000E+00      -1   0.310E-03   20.00
 205 -1480.4600   -5556.483 0.2720   0.1660E-03  0.1307E-04  0.5292E-04  0.0000E+00      -1   0.311E-03   20.00
 206 -1487.7100   -5546.922 0.2721   0.1667E-03  0.1310E-04  0.5315E-04  0.0000E+00      -1   0.313E-03   20.00
 207 -1494.9700   -5537.348 0.2722   0.1675E-03  0.1312E-04  0.5338E-04  0.0000E+00      -1   0.314E-03   20.00
 208 -1502.2300   -5527.774 0.2723   0.1682E-03  0.1314E-04  0.5361E-04  0.0000E+00      -1   0.315E-03   20.00
 209 -1509.4900   -5518.201 0.2725   0.1690E-03  0.1317E-04  0.5384E-04  0.0000E+00      -1   0.317E-03   20.00
 210 -1516.7400   -5508.641 0.2726   0.1698E-03  0.1319E-04  0.5408E-04  0.0000E+00      -1   0.318E-03   20.00
 211 -1524.0000   -5499.069 0.2727   0.1705E-03  0.1321E-04  0.5428E-04  0.0000E+00      -1   0.319E-03   20.00
 212 -1531.2600   -5489.499 0.2728   0.1713E-03  0.1324E-04  0.5448E-04  0.0000E+00      -1   0.320E-03   20.00
 213 -1538.5100   -5479.943 0.2730   0.1720E-03  0.1326E-04  0.5469E-04  0.0000E+00      -1   0.322E-03   20.00
 214 -1545.7700   -5470.375 0.2731   0.1728E-03  0.1329E-04  0.5490E-04  0.0000E+00      -1   0.323E-03   20.00
 215 -1553.0300   -5460.809 0.2732   0.1735E-03  0.1331E-04  0.5508E-04  0.0000E+00      -1   0.324E-03   20.00
 216 -1560.2900   -5451.246 0.2733   0.1743E-03  0.1333E-04  0.5525E-04  0.0000E+00      -1   0.325E-03   20.00
 217 -1567.5400   -5441.699 0.2735   0.1750E-03  0.1336E-04  0.5545E-04  0.0000E+00      -1   0.326E-03   20.00
 218 -1574.8000   -5432.140 0.2736   0.1758E-03  0.1338E-04  0.5563E-04  0.0000E+00      -1   0.327E-03   20.00
 219 -1582.0601   -5422.583 0.2737   0.1765E-03  0.1340E-04  0.5580E-04  0.0000E+00      -1   0.328E-03   20.00
 220 -1589.3101   -5413.043 0.2738   0.1773E-03  0.1343E-04  0.5597E-04  0.0000E+00      -1   0.329E-03   20.00
 221 -1596.5699   -5403.493 0.2740   0.1780E-03  0.1345E-04  0.5613E-04  0.0000E+00      -1   0.330E-03   20.00
 222 -1603.8300   -5393.945 0.2741   0.1788E-03  0.1347E-04  0.5630E-04  0.0000E+00      -1   0.331E-03   20.00
 223 -1611.0900   -5384.401 0.2742   0.1795E-03  0.1350E-04  0.5644E-04  0.0000E+00      -1   0.332E-03   20.00
 224 -1618.3400   -5374.874 0.2743   0.1803E-03  0.1352E-04  0.5659E-04  0.0000E+00      -1   0.333E-03   20.00
 225 -1625.6000   -5365.337 0.2745   0.1811E-03  0.1354E-04  0.5673E-04  0.0000E+00      -1   0.334E-03   20.00
 226 -1632.8600   -5355.805 0.2746   0.1818E-03  0.1357E-04  0.5687E-04  0.0000E+00      -1   0.335E-03   20.00
 227 -1640.1100   -5346.289 0.2747   0.1826E-03  0.1359E-04  0.5701E-04  0.0000E+00      -1   0.335E-03   20.00
 228 -1647.3700   -5336.763 0.2748   0.1833E-03  0.1362E-04  0.5714E-04  0.0000E+00      -1   0.336E-03   20.00
 229 -1654.6300   -5327.243 0.2750   0.1841E-03  0.1364E-04  0.5725E-04  0.0000E+00      -1   0.337E-03   20.00
 230 -1661.8900   -5317.727 0.2751   0.1848E-03  0.1366E-04  0.5737E-04  0.0000E+00      -1   0.337E-03   20.00
 231 -1669.1400   -5308.228 0.2752   0.1856E-03  0.1369E-04  0.5748E-04  0.0000E+00      -1   0.338E-03   20.00
 232 -1676.4000   -5298.722 0.2753   0.1863E-03  0.1371E-04  0.5758E-04  0.0000E+00      -1   0.339E-03   20.00
 233 -1683.6600   -5289.221 0.2755   0.1871E-03  0.1373E-04  0.5768E-04  0.0000E+00      -1   0.339E-03   20.00
 234 -1690.9100   -5279.737 0.2756   0.1878E-03  0.1376E-04  0.5779E-04  0.0000E+00      -1   0.340E-03   20.00
 235 -1698.1700   -5270.246 0.2757   0.1886E-03  0.1378E-04  0.5787E-04  0.0000E+00      -1   0.340E-03   20.00
 236 -1705.4301   -5260.761 0.2758   0.1893E-03  0.1380E-04  0.5796E-04  0.0000E+00      -1   0.341E-03   20.00
 237 -1712.6899   -5251.281 0.2760   0.1900E-03  0.1383E-04  0.5804E-04  0.0000E+00      -1   0.341E-03   20.00
 238 -1719.9399   -5241.819 0.2761   0.1908E-03  0.1385E-04  0.5811E-04  0.0000E+00      -1   0.342E-03   20.00
 239 -1727.2000   -5232.352 0.2762   0.1915E-03  0.1387E-04  0.5816E-04  0.0000E+00      -1   0.342E-03   20.00
 240 -1734.4600   -5222.891 0.2763   0.1923E-03  0.1390E-04  0.5821E-04  0.0000E+00      -1   0.342E-03   20.00
 241 -1741.7100   -5213.449 0.2765   0.1930E-03  0.1392E-04  0.5828E-04  0.0000E+00      -1   0.343E-03   20.00
 242 -1748.9700   -5204.000 0.2766   0.1938E-03  0.1394E-04  0.5834E-04  0.0000E+00      -1   0.343E-03   20.00
 243 -1756.2300   -5194.558 0.2767   0.1945E-03  0.1397E-04  0.5839E-04  0.0000E+00      -1   0.343E-03   20.00
 244 -1763.4900   -5185.122 0.2768   0.1953E-03  0.1399E-04  0.5841E-04  0.0000E+00      -1   0.344E-03   20.00
 245 -1770.7400   -5175.707 0.2769   0.1960E-03  0.1401E-04  0.5843E-04  0.0000E+00      -1   0.344E-03   20.00
 246 -1778.0000   -5166.286 0.2771   0.1968E-03  0.1404E-04  0.5846E-04  0.0000E+00      -1   0.344E-03   20.00
 247 -1785.2600   -5156.873 0.2772   0.1975E-03  0.1406E-04  0.5847E-04  0.0000E+00      -1   0.344E-03   20.00
 248 -1792.5100   -5147.480 0.2773   0.1982E-03  0.1408E-04  0.5849E-04  0.0000E+00      -1   0.344E-03   20.00
 249 -1799.7700   -5138.082 0.2774   0.1990E-03  0.1411E-04  0.5850E-04  0.0000E+00      -1   0.344E-03   20.00
 250 -1807.0300   -5128.691 0.2776   0.1997E-03  0.1413E-04  0.5851E-04  0.0000E+00      -1   0.344E-03   20.00
 251 -1814.2900   -5119.308 0.2777   0.2005E-03  0.1415E-04  0.5850E-04  0.0000E+00      -1   0.344E-03   20.00
 252 -1821.5400   -5109.946 0.2778   0.2012E-03  0.1418E-04  0.5849E-04  0.0000E+00      -1   0.344E-03   20.00
 253 -1828.8000   -5100.580 0.2779   0.2019E-03  0.1420E-04  0.5847E-04  0.0000E+00      -1   0.344E-03   20.00
 254 -1836.0601   -5091.222 0.2781   0.2027E-03  0.1422E-04  0.5844E-04  0.0000E+00      -1   0.344E-03   20.00
 255 -1843.3101   -5081.886 0.2782   0.2034E-03  0.1425E-04  0.5841E-04  0.0000E+00      -1   0.344E-03   20.00
 256 -1850.5699   -5072.546 0.2783   0.2041E-03  0.1427E-04  0.5835E-04  0.0000E+00      -1   0.343E-03   20.00
 257 -1857.8300   -5063.215 0.2784   0.2049E-03  0.1429E-04  0.5831E-04  0.0000E+00      -1   0.343E-03   20.00
 258 -1865.0900   -5053.894 0.2785   0.2056E-03  0.1432E-04  0.5826E-04  0.0000E+00      -1   0.343E-03   20.00
 259 -1872.3400   -5044.594 0.2787   0.2063E-03  0.1434E-04  0.5819E-04  0.0000E+00      -1   0.342E-03   20.00
 260 -1879.6000   -5035.292 0.2788   0.2071E-03  0.1436E-04  0.5811E-04  0.0000E+00      -1   0.342E-03   20.00
 261 -1886.8600   -5026.000 0.2789   0.2078E-03  0.1438E-04  0.5803E-04  0.0000E+00      -1   0.341E-03   20.00
 262 -1894.1100   -5016.730 0.2790   0.2085E-03  0.1441E-04  0.5793E-04  0.0000E+00      -1   0.341E-03   20.00
 263 -1901.3700   -5007.459 0.2792   0.2093E-03  0.1443E-04  0.5782E-04  0.0000E+00      -1   0.340E-03   20.00
 264 -1908.6300   -4998.198 0.2793   0.2100E-03  0.1445E-04  0.5772E-04  0.0000E+00      -1   0.340E-03   20.00
 265 -1915.8900   -4988.948 0.2794   0.2107E-03  0.1448E-04  0.5759E-04  0.0000E+00      -1   0.339E-03   20.00
 266 -1923.1400   -4979.723 0.2795   0.2115E-03  0.1450E-04  0.5745E-04  0.0000E+00      -1   0.338E-03   20.00
 267 -1930.4000   -4970.496 0.2796   0.2122E-03  0.1452E-04  0.5730E-04  0.0000E+00      -1   0.337E-03   20.00
 268 -1937.6600   -4961.282 0.2798   0.2129E-03  0.1454E-04  0.5715E-04  0.0000E+00      -1   0.336E-03   20.00
 269 -1944.9100   -4952.091 0.2799   0.2136E-03  0.1457E-04  0.5700E-04  0.0000E+00      -1   0.335E-03   20.00
 270 -1952.1700   -4942.900 0.2800   0.2144E-03  0.1459E-04  0.5683E-04  0.0000E+00      -1   0.334E-03   20.00
 271 -1959.4301   -4933.722 0.2801   0.2151E-03  0.1461E-04  0.5663E-04  0.0000E+00      -1   0.333E-03   20.00
 272 -1966.6899   -4924.558 0.2802   0.2158E-03  0.1463E-04  0.5641E-04  0.0000E+00      -1   0.332E-03   20.00
 273 -1973.9399   -4915.419 0.2804   0.2165E-03  0.1466E-04  0.5619E-04  0.0000E+00      -1   0.331E-03   20.00
 274 -1981.2000   -4906.282 0.2805   0.2173E-03  0.1468E-04  0.5598E-04  0.0000E+00      -1   0.329E-03   20.00
 275 -1988.4600   -4897.158 0.2806   0.2180E-03  0.1470E-04  0.5574E-04  0.0000E+00      -1   0.328E-03   20.00
 276 -1995.7100   -4888.062 0.2807   0.2187E-03  0.1473E-04  0.5548E-04  0.0000E+00      -1   0.326E-03   20.00
 277 -2002.9700   -4878.967 0.2808   0.2194E-03  0.1475E-04  0.5523E-04  0.0000E+00      -1   0.325E-03   20.00
 278 -2010.2300   -4869.887 0.2810   0.2201E-03  0.1477E-04  0.5496E-04  0.0000E+00      -1   0.323E-03   20.00
 279 -2017.4900   -4860.822 0.2811   0.2210E-03  0.1479E-04  0.5465E-04  0.0000E+00      -1   0.321E-03   20.00
 280 -2024.7400   -4851.792 0.2812   0.2225E-03  0.1483E-04  0.5427E-04  0.0000E+00      -1   0.319E-03   20.00
 281 -2032.0000   -4842.773 0.2814   0.2241E-03  0.1486E-04  0.5388E-04  0.0000E+00      -1   0.317E-03   20.00
 282 -2039.2600   -4833.780 0.2815   0.2256E-03  0.1489E-04  0.5349E-04  0.0000E+00      -1   0.315E-03   20.00
 283 -2046.5100   -4824.823 0.2817   0.2271E-03  0.1492E-04  0.5307E-04  0.0000E+00      -1   0.312E-03   20.00
 284 -2053.7700   -4815.879 0.2818   0.2287E-03  0.1495E-04  0.5263E-04  0.0000E+00      -1   0.310E-03   20.00
 285 -2061.0300   -4806.961 0.2820   0.2302E-03  0.1498E-04  0.5219E-04  0.0000E+00      -1   0.307E-03   20.00
 286 -2068.2900   -4798.067 0.2821   0.2317E-03  0.1501E-04  0.5173E-04  0.0000E+00      -1   0.304E-03   20.00
 287 -2075.5400   -4789.211 0.2823   0.2332E-03  0.1504E-04  0.5125E-04  0.0000E+00      -1   0.301E-03   20.00
 288 -2082.8000   -4780.368 0.2824   0.2347E-03  0.1507E-04  0.5078E-04  0.0000E+00      -1   0.299E-03   20.00
 289 -2090.0601   -4771.549 0.2826   0.2362E-03  0.1511E-04  0.5028E-04  0.0000E+00      -1   0.296E-03   20.00
 290 -2097.3101   -4762.769 0.2827   0.2377E-03  0.1514E-04  0.4976E-04  0.0000E+00      -1   0.293E-03   20.00
 291 -2104.5701   -4754.001 0.2828   0.2392E-03  0.1517E-04  0.4925E-04  0.0000E+00      -1   0.290E-03   20.00
 292 -2111.8301   -4745.259 0.2830   0.2407E-03  0.1520E-04  0.4871E-04  0.0000E+00      -1   0.287E-03   20.00
 293 -2119.0901   -4736.543 0.2831   0.2422E-03  0.1523E-04  0.4817E-04  0.0000E+00      -1   0.283E-03   20.00
 294 -2126.3401   -4727.863 0.2833   0.2436E-03  0.1526E-04  0.4762E-04  0.0000E+00      -1   0.280E-03   20.00
 295 -2133.6001   -4719.197 0.2834   0.2451E-03  0.1529E-04  0.4704E-04  0.0000E+00      -1   0.277E-03   20.00
 296 -2140.8601   -4710.557 0.2836   0.2466E-03  0.1532E-04  0.4646E-04  0.0000E+00      -1   0.273E-03   20.00
 297 -2148.1101   -4701.953 0.2837   0.2481E-03  0.1535E-04  0.4589E-04  0.0000E+00      -1   0.270E-03   20.00
 298 -2155.3701   -4693.362 0.2838   0.2495E-03  0.1538E-04  0.4530E-04  0.0000E+00      -1   0.266E-03   20.00
 299 -2162.6299   -4684.797 0.2840   0.2510E-03  0.1541E-04  0.4469E-04  0.0000E+00      -1   0.263E-03   20.00
 300 -2169.8899   -4676.257 0.2841   0.2524E-03  0.1544E-04  0.4407E-04  0.0000E+00      -1   0.259E-03   20.00
 301 -2177.1399   -4667.754 0.2843   0.2539E-03  0.1547E-04  0.4346E-04  0.0000E+00      -1   0.256E-03   20.00
 302 -2184.3999   -4659.264 0.2844   0.2553E-03  0.1550E-04  0.4282E-04  0.0000E+00      -1   0.252E-03   20.00
 303 -2191.6599   -4650.799 0.2845   0.2568E-03  0.1553E-04  0.4217E-04  0.0000E+00      -1   0.248E-03   20.00
 304 -2198.9099   -4642.371 0.2847   0.2582E-03  0.1556E-04  0.4153E-04  0.0000E+00      -1   0.244E-03   20.00
 305 -2206.1699   -4633.955 0.2848   0.2596E-03  0.1558E-04  0.4088E-04  0.0000E+00      -1   0.240E-03   20.00
 306 -2213.4299   -4625.564 0.2850   0.2611E-03  0.1561E-04  0.4021E-04  0.0000E+00      -1   0.237E-03   20.00
 307 -2220.6899   -4617.199 0.2851   0.2625E-03  0.1564E-04  0.3952E-04  0.0000E+00      -1   0.232E-03   20.00
 308 -2227.9399   -4608.870 0.2852   0.2639E-03  0.1567E-04  0.3884E-04  0.0000E+00      -1   0.228E-03   20.00
 309 -2235.2000   -4600.553 0.2854   0.2653E-03  0.1570E-04  0.3815E-04  0.0000E+00      -1   0.224E-03   20.00
 310 -2242.4600   -4592.262 0.2855   0.2667E-03  0.1573E-04  0.3743E-04  0.0000E+00      -1   0.220E-03   20.00
 311 -2249.7100   -4584.007 0.2856   0.2682E-03  0.1576E-04  0.3671E-04  0.0000E+00      -1   0.216E-03   20.00
 312 -2256.9700   -4575.765 0.2858   0.2696E-03  0.1579E-04  0.3599E-04  0.0000E+00      -1   0.212E-03   20.00
 313 -2264.2300   -4567.548 0.2859   0.2710E-03  0.1582E-04  0.3525E-04  0.0000E+00      -1   0.207E-03   20.00
 314 -2271.4900   -4559.356 0.2860   0.2724E-03  0.1584E-04  0.3451E-04  0.0000E+00      -1   0.203E-03   20.00
 315 -2278.7400   -4551.200 0.2862   0.2737E-03  0.1587E-04  0.3376E-04  0.0000E+00      -1   0.199E-03   20.00
 316 -2286.0000   -4543.057 0.2863   0.2751E-03  0.1590E-04  0.3299E-04  0.0000E+00      -1   0.194E-03   20.00
 317 -2293.2600   -4534.938 0.2864   0.2765E-03  0.1593E-04  0.3222E-04  0.0000E+00      -1   0.190E-03   20.00
 318 -2300.5100   -4526.856 0.2866   0.2779E-03  0.1596E-04  0.3143E-04  0.0000E+00      -1   0.185E-03   20.00
 319 -2307.7700   -4518.787 0.2867   0.2793E-03  0.1599E-04  0.3063E-04  0.0000E+00      -1   0.180E-03   20.00
 320 -2315.0300   -4510.743 0.2868   0.2806E-03  0.1601E-04  0.2982E-04  0.0000E+00      -1   0.175E-03   20.00
 321 -2322.2900   -4502.724 0.2870   0.2820E-03  0.1604E-04  0.2901E-04  0.0000E+00      -1   0.171E-03   20.00
 322 -2329.5400   -4494.740 0.2871   0.2834E-03  0.1607E-04  0.2818E-04  0.0000E+00      -1   0.166E-03   20.00
 323 -2336.8000   -4486.771 0.2872   0.2847E-03  0.1610E-04  0.2731E-04  0.0000E+00      -1   0.161E-03   20.00
 324 -2344.0601   -4478.827 0.2874   0.2861E-03  0.1613E-04  0.2648E-04  0.0000E+00      -1   0.156E-03   20.00
 325 -2351.3101   -4470.918 0.2875   0.2874E-03  0.1615E-04  0.2562E-04  0.0000E+00      -1   0.151E-03   20.00
 326 -2358.5701   -4463.023 0.2876   0.2888E-03  0.1618E-04  0.2475E-04  0.0000E+00      -1   0.146E-03   20.00
 327 -2365.8301   -4455.153 0.2878   0.2901E-03  0.1621E-04  0.2387E-04  0.0000E+00      -1   0.140E-03   20.00
 328 -2373.0901   -4447.309 0.2879   0.2914E-03  0.1624E-04  0.2297E-04  0.0000E+00      -1   0.135E-03   20.00
 329 -2380.3401   -4439.500 0.2880   0.2928E-03  0.1626E-04  0.2206E-04  0.0000E+00      -1   0.130E-03   20.00
 330 -2387.6001   -4431.705 0.2881   0.2941E-03  0.1629E-04  0.2114E-04  0.0000E+00      -1   0.124E-03   20.00
 331 -2394.8601   -4423.936 0.2883   0.2954E-03  0.1632E-04  0.2021E-04  0.0000E+00      -1   0.119E-03   20.00
 332 -2402.1101   -4416.202 0.2884   0.2967E-03  0.1634E-04  0.1929E-04  0.0000E+00      -1   0.113E-03   20.00
 333 -2409.3701   -4408.482 0.2885   0.2981E-03  0.1637E-04  0.1835E-04  0.0000E+00      -1   0.108E-03   20.00
 334 -2416.6299   -4400.789 0.2887   0.2994E-03  0.1640E-04  0.1738E-04  0.0000E+00      -1   0.102E-03   20.00
 335 -2423.8899   -4393.120 0.2888   0.3007E-03  0.1642E-04  0.1640E-04  0.0000E+00      -1   0.965E-04   20.00
 336 -2431.1399   -4385.487 0.2889   0.3020E-03  0.1645E-04  0.1544E-04  0.0000E+00      -1   0.908E-04   20.00
 337 -2438.3999   -4377.868 0.2890   0.3033E-03  0.1648E-04  0.1446E-04  0.0000E+00      -1   0.851E-04   20.00
 338 -2445.6599   -4370.274 0.2892   0.3046E-03  0.1650E-04  0.1346E-04  0.0000E+00      -1   0.792E-04   20.00
 339 -2452.9099   -4362.716 0.2893   0.3058E-03  0.1653E-04  0.1247E-04  0.0000E+00      -1   0.733E-04   20.00
 340 -2460.1699   -4355.173 0.2894   0.3071E-03  0.1656E-04  0.1145E-04  0.0000E+00      -1   0.674E-04   20.00
 341 -2467.4299   -4347.655 0.2895   0.3084E-03  0.1658E-04  0.1042E-04  0.0000E+00      -1   0.613E-04   20.00
 342 -2474.6899   -4340.162 0.2897   0.3097E-03  0.1661E-04  0.9394E-05  0.0000E+00      -1   0.553E-04   20.00
 343 -2481.9399   -4332.705 0.2898   0.3110E-03  0.1663E-04  0.8365E-05  0.0000E+00      -1   0.492E-04   20.00
 344 -2489.2000   -4325.262 0.2899   0.3122E-03  0.1666E-04  0.7338E-05  0.0000E+00      -1   0.432E-04   20.00
 345 -2496.4600   -4317.843 0.2900   0.3135E-03  0.1669E-04  0.6302E-05  0.0000E+00      -1   0.371E-04   20.00
 346 -2503.7100   -4310.460 0.2901   0.3147E-03  0.1671E-04  0.5247E-05  0.0000E+00      -1   0.309E-04   20.00
 347 -2510.9700   -4303.091 0.2903   0.3160E-03  0.1674E-04  0.4196E-05  0.0000E+00      -1   0.247E-04   20.00
 348 -2518.2300   -4295.747 0.2904   0.3173E-03  0.1676E-04  0.3157E-05  0.0000E+00      -1   0.186E-04   20.00
 349 -2525.4900   -4288.427 0.2905   0.3185E-03  0.1679E-04  0.2105E-05  0.0000E+00      -1   0.124E-04   20.00
 350 -2532.7400   -4281.141 0.2906   0.3197E-03  0.1681E-04  0.1048E-05  0.0000E+00      -1   0.617E-05   20.00
 351 -2540.0000   -4273.869 0.2907   0.3210E-03  0.1684E-04  0.5279E-06  0.0000E+00      -1   0.311E-05   20.00
end
