 ******* Program HYDRUS
 ******* 
 Welcome to HYDRUS-1D                                                    
 Date:  17. 5.    Time:  17: 3:23
 Units: L = mm   , T = min  , M = mmol 


    n      depth     THr       THs       hs       Ks        Ks/KsTop     Beta      Ah        AK        ATh

    1      0.00     0.042     0.419       0.0   0.170E+00     1.000     0.001     1.000     1.000     1.000
    2      7.26     0.042     0.419       0.0   0.170E+00     1.000     0.001     1.000     1.000     1.000
    3     14.51     0.042     0.419       0.0   0.170E+00     1.000     0.001     1.000     1.000     1.000
    4     21.77     0.042     0.419       0.0   0.170E+00     1.000     0.001     1.000     1.000     1.000
    5     29.03     0.042     0.419       0.0   0.170E+00     1.000     0.001     1.000     1.000     1.000
    6     36.29     0.042     0.419       0.0   0.170E+00     1.000     0.001     1.000     1.000     1.000
    7     43.54     0.042     0.419       0.0   0.170E+00     1.000     0.001     1.000     1.000     1.000
    8     50.80     0.042     0.419       0.0   0.170E+00     1.000     0.001     1.000     1.000     1.000
    9     58.06     0.042     0.419       0.0   0.170E+00     1.000     0.001     1.000     1.000     1.000
   10     65.31     0.042     0.419       0.0   0.170E+00     1.000     0.001     1.000     1.000     1.000
   11     72.57     0.042     0.419       0.0   0.170E+00     1.000     0.001     1.000     1.000     1.000
   12     79.83     0.042     0.419       0.0   0.170E+00     1.000     0.001     1.000     1.000     1.000
   13     87.09     0.042     0.419       0.0   0.170E+00     1.000     0.001     1.000     1.000     1.000
   14     94.34     0.042     0.419       0.0   0.170E+00     1.000     0.001     1.000     1.000     1.000
   15    101.60     0.042     0.419       0.0   0.170E+00     1.000     0.001     1.000     1.000     1.000
   16    108.86     0.042     0.419       0.0   0.170E+00     1.000     0.001     1.000     1.000     1.000
   17    116.11     0.042     0.419       0.0   0.170E+00     1.000     0.001     1.000     1.000     1.000
   18    123.37     0.042     0.419       0.0   0.170E+00     1.000     0.001     1.000     1.000     1.000
   19    130.00     0.076     0.479       0.0   0.433E-01     0.255     0.001     1.000     1.000     1.000
   20    137.89     0.076     0.479       0.0   0.433E-01     0.255     0.001     1.000     1.000     1.000
   21    145.14     0.076     0.479       0.0   0.433E-01     0.255     0.001     1.000     1.000     1.000
   22    152.40     0.076     0.479       0.0   0.433E-01     0.255     0.001     1.000     1.000     1.000
   23    159.66     0.076     0.479       0.0   0.433E-01     0.255     0.001     1.000     1.000     1.000
   24    166.91     0.076     0.479       0.0   0.433E-01     0.255     0.001     1.000     1.000     1.000
   25    174.17     0.076     0.479       0.0   0.433E-01     0.255     0.001     1.000     1.000     1.000
   26    181.43     0.076     0.479       0.0   0.433E-01     0.255     0.001     1.000     1.000     1.000
   27    188.69     0.076     0.479       0.0   0.433E-01     0.255     0.001     1.000     1.000     1.000
   28    195.94     0.076     0.479       0.0   0.433E-01     0.255     0.001     1.000     1.000     1.000
   29    203.20     0.076     0.479       0.0   0.433E-01     0.255     0.001     1.000     1.000     1.000
   30    210.46     0.076     0.479       0.0   0.433E-01     0.255     0.001     1.000     1.000     1.000
   31    217.71     0.076     0.479       0.0   0.433E-01     0.255     0.001     1.000     1.000     1.000
   32    224.97     0.076     0.479       0.0   0.433E-01     0.255     0.001     1.000     1.000     1.000
   33    232.23     0.076     0.479       0.0   0.433E-01     0.255     0.001     1.000     1.000     1.000
   34    239.49     0.076     0.479       0.0   0.433E-01     0.255     0.001     1.000     1.000     1.000
   35    246.74     0.076     0.479       0.0   0.433E-01     0.255     0.001     1.000     1.000     1.000
   36    254.00     0.076     0.479       0.0   0.433E-01     0.255     0.001     1.000     1.000     1.000
   37    261.26     0.076     0.479       0.0   0.433E-01     0.255     0.001     1.000     1.000     1.000
   38    268.51     0.076     0.479       0.0   0.433E-01     0.255     0.001     1.000     1.000     1.000
   39    275.77     0.076     0.479       0.0   0.433E-01     0.255     0.001     1.000     1.000     1.000
   40    283.03     0.076     0.479       0.0   0.433E-01     0.255     0.001     1.000     1.000     1.000
   41    290.29     0.076     0.479       0.0   0.433E-01     0.255     0.001     1.000     1.000     1.000
   42    297.54     0.076     0.479       0.0   0.433E-01     0.255     0.001     1.000     1.000     1.000
   43    304.80     0.076     0.479       0.0   0.433E-01     0.255     0.001     1.000     1.000     1.000
   44    312.06     0.076     0.479       0.0   0.433E-01     0.255     0.001     1.000     1.000     1.000
   45    319.31     0.076     0.479       0.0   0.433E-01     0.255     0.001     1.000     1.000     1.000
   46    326.57     0.076     0.479       0.0   0.433E-01     0.255     0.001     1.000     1.000     1.000
   47    333.83     0.076     0.479       0.0   0.433E-01     0.255     0.001     1.000     1.000     1.000
   48    341.09     0.076     0.479       0.0   0.433E-01     0.255     0.001     1.000     1.000     1.000
   49    348.34     0.076     0.479       0.0   0.433E-01     0.255     0.001     1.000     1.000     1.000
   50    355.60     0.076     0.479       0.0   0.433E-01     0.255     0.001     1.000     1.000     1.000
   51    362.86     0.076     0.479       0.0   0.433E-01     0.255     0.001     1.000     1.000     1.000
   52    370.11     0.076     0.479       0.0   0.433E-01     0.255     0.001     1.000     1.000     1.000
   53    377.37     0.076     0.479       0.0   0.433E-01     0.255     0.001     1.000     1.000     1.000
   54    384.63     0.076     0.479       0.0   0.433E-01     0.255     0.001     1.000     1.000     1.000
   55    391.89     0.076     0.479       0.0   0.433E-01     0.255     0.001     1.000     1.000     1.000
   56    399.14     0.076     0.479       0.0   0.433E-01     0.255     0.001     1.000     1.000     1.000
   57    406.40     0.076     0.479       0.0   0.433E-01     0.255     0.001     1.000     1.000     1.000
   58    413.66     0.076     0.479       0.0   0.433E-01     0.255     0.001     1.000     1.000     1.000
   59    420.91     0.076     0.479       0.0   0.433E-01     0.255     0.001     1.000     1.000     1.000
   60    428.17     0.076     0.479       0.0   0.433E-01     0.255     0.001     1.000     1.000     1.000
   61    435.43     0.076     0.479       0.0   0.433E-01     0.255     0.001     1.000     1.000     1.000
   62    442.69     0.076     0.479       0.0   0.433E-01     0.255     0.001     1.000     1.000     1.000
   63    449.94     0.076     0.479       0.0   0.433E-01     0.255     0.001     1.000     1.000     1.000
   64    457.20     0.076     0.479       0.0   0.433E-01     0.255     0.001     1.000     1.000     1.000
   65    464.46     0.076     0.479       0.0   0.433E-01     0.255     0.001     1.000     1.000     1.000
   66    471.71     0.076     0.479       0.0   0.433E-01     0.255     0.001     1.000     1.000     1.000
   67    478.97     0.076     0.479       0.0   0.433E-01     0.255     0.001     1.000     1.000     1.000
   68    486.23     0.076     0.479       0.0   0.433E-01     0.255     0.001     1.000     1.000     1.000
   69    493.49     0.076     0.479       0.0   0.433E-01     0.255     0.001     1.000     1.000     1.000
   70    500.74     0.076     0.479       0.0   0.433E-01     0.255     0.001     1.000     1.000     1.000
   71    508.00     0.076     0.479       0.0   0.433E-01     0.255     0.001     1.000     1.000     1.000
   72    515.26     0.076     0.479       0.0   0.433E-01     0.255     0.001     1.000     1.000     1.000
   73    522.51     0.076     0.479       0.0   0.433E-01     0.255     0.001     1.000     1.000     1.000
   74    529.77     0.076     0.479       0.0   0.433E-01     0.255     0.001     1.000     1.000     1.000
   75    537.03     0.076     0.479       0.0   0.433E-01     0.255     0.001     1.000     1.000     1.000
   76    544.29     0.076     0.479       0.0   0.433E-01     0.255     0.001     1.000     1.000     1.000
   77    551.54     0.076     0.479       0.0   0.433E-01     0.255     0.001     1.000     1.000     1.000
   78    558.80     0.076     0.479       0.0   0.433E-01     0.255     0.001     1.000     1.000     1.000
   79    566.06     0.076     0.479       0.0   0.433E-01     0.255     0.001     1.000     1.000     1.000
   80    573.31     0.076     0.479       0.0   0.433E-01     0.255     0.001     1.000     1.000     1.000
   81    580.57     0.076     0.479       0.0   0.433E-01     0.255     0.001     1.000     1.000     1.000
   82    587.83     0.076     0.479       0.0   0.433E-01     0.255     0.001     1.000     1.000     1.000
   83    595.09     0.076     0.479       0.0   0.433E-01     0.255     0.001     1.000     1.000     1.000
   84    602.34     0.076     0.479       0.0   0.433E-01     0.255     0.001     1.000     1.000     1.000
   85    609.60     0.076     0.479       0.0   0.433E-01     0.255     0.001     1.000     1.000     1.000
   86    616.86     0.076     0.479       0.0   0.433E-01     0.255     0.001     1.000     1.000     1.000
   87    624.11     0.076     0.479       0.0   0.433E-01     0.255     0.001     1.000     1.000     1.000
   88    631.37     0.076     0.479       0.0   0.433E-01     0.255     0.001     1.000     1.000     1.000
   89    638.63     0.076     0.479       0.0   0.433E-01     0.255     0.001     1.000     1.000     1.000
   90    645.89     0.076     0.479       0.0   0.433E-01     0.255     0.001     1.000     1.000     1.000
   91    653.14     0.076     0.479       0.0   0.433E-01     0.255     0.001     1.000     1.000     1.000
   92    660.40     0.076     0.479       0.0   0.433E-01     0.255     0.001     1.000     1.000     1.000
   93    667.66     0.076     0.479       0.0   0.433E-01     0.255     0.001     1.000     1.000     1.000
   94    674.91     0.076     0.479       0.0   0.433E-01     0.255     0.001     1.000     1.000     1.000
   95    682.17     0.076     0.479       0.0   0.433E-01     0.255     0.001     1.000     1.000     1.000
   96    689.43     0.076     0.479       0.0   0.433E-01     0.255     0.001     1.000     1.000     1.000
   97    696.69     0.076     0.479       0.0   0.433E-01     0.255     0.001     1.000     1.000     1.000
   98    703.94     0.076     0.479       0.0   0.433E-01     0.255     0.001     1.000     1.000     1.000
   99    711.20     0.076     0.479       0.0   0.433E-01     0.255     0.001     1.000     1.000     1.000
  100    718.46     0.076     0.479       0.0   0.433E-01     0.255     0.001     1.000     1.000     1.000
  101    725.71     0.076     0.479       0.0   0.433E-01     0.255     0.001     1.000     1.000     1.000
  102    732.97     0.076     0.479       0.0   0.433E-01     0.255     0.001     1.000     1.000     1.000
  103    740.23     0.076     0.479       0.0   0.433E-01     0.255     0.001     1.000     1.000     1.000
  104    747.49     0.076     0.479       0.0   0.433E-01     0.255     0.001     1.000     1.000     1.000
  105    754.74     0.076     0.479       0.0   0.433E-01     0.255     0.001     1.000     1.000     1.000
  106    762.00     0.076     0.479       0.0   0.433E-01     0.255     0.001     1.000     1.000     1.000
  107    769.26     0.076     0.479       0.0   0.433E-01     0.255     0.001     1.000     1.000     1.000
  108    776.51     0.076     0.479       0.0   0.433E-01     0.255     0.001     1.000     1.000     1.000
  109    783.77     0.076     0.479       0.0   0.433E-01     0.255     0.001     1.000     1.000     1.000
  110    791.03     0.076     0.479       0.0   0.433E-01     0.255     0.001     1.000     1.000     1.000
  111    798.29     0.076     0.479       0.0   0.433E-01     0.255     0.001     1.000     1.000     1.000
  112    805.54     0.076     0.479       0.0   0.433E-01     0.255     0.001     1.000     1.000     1.000
  113    812.80     0.076     0.479       0.0   0.433E-01     0.255     0.001     1.000     1.000     1.000
  114    820.06     0.076     0.479       0.0   0.433E-01     0.255     0.001     1.000     1.000     1.000
  115    827.31     0.076     0.479       0.0   0.433E-01     0.255     0.001     1.000     1.000     1.000
  116    834.57     0.076     0.479       0.0   0.433E-01     0.255     0.001     1.000     1.000     1.000
  117    840.00     0.057     0.399       0.0   0.433E-01     0.255     0.001     1.000     1.000     1.000
  118    849.09     0.057     0.399       0.0   0.433E-01     0.255     0.001     1.000     1.000     1.000
  119    856.34     0.057     0.399       0.0   0.433E-01     0.255     0.001     1.000     1.000     1.000
  120    863.60     0.057     0.399       0.0   0.433E-01     0.255     0.001     1.000     1.000     1.000
  121    870.86     0.057     0.399       0.0   0.433E-01     0.255     0.001     1.000     1.000     1.000
  122    878.11     0.057     0.399       0.0   0.433E-01     0.255     0.001     1.000     1.000     1.000
  123    885.37     0.057     0.399       0.0   0.433E-01     0.255     0.001     1.000     1.000     1.000
  124    892.63     0.057     0.399       0.0   0.433E-01     0.255     0.001     1.000     1.000     1.000
  125    899.89     0.057     0.399       0.0   0.433E-01     0.255     0.001     1.000     1.000     1.000
  126    907.14     0.057     0.399       0.0   0.433E-01     0.255     0.001     1.000     1.000     1.000
  127    914.40     0.057     0.399       0.0   0.433E-01     0.255     0.001     1.000     1.000     1.000
  128    921.66     0.057     0.399       0.0   0.433E-01     0.255     0.001     1.000     1.000     1.000
  129    928.91     0.057     0.399       0.0   0.433E-01     0.255     0.000     1.000     1.000     1.000
  130    936.17     0.057     0.399       0.0   0.433E-01     0.255     0.000     1.000     1.000     1.000
  131    943.43     0.057     0.399       0.0   0.433E-01     0.255     0.000     1.000     1.000     1.000
  132    950.69     0.057     0.399       0.0   0.433E-01     0.255     0.000     1.000     1.000     1.000
  133    957.94     0.057     0.399       0.0   0.433E-01     0.255     0.000     1.000     1.000     1.000
  134    965.20     0.057     0.399       0.0   0.433E-01     0.255     0.000     1.000     1.000     1.000
  135    972.46     0.057     0.399       0.0   0.433E-01     0.255     0.000     1.000     1.000     1.000
  136    979.71     0.057     0.399       0.0   0.433E-01     0.255     0.000     1.000     1.000     1.000
  137    986.97     0.057     0.399       0.0   0.433E-01     0.255     0.000     1.000     1.000     1.000
  138    994.23     0.057     0.399       0.0   0.433E-01     0.255     0.000     1.000     1.000     1.000
  139   1001.49     0.057     0.399       0.0   0.433E-01     0.255     0.000     1.000     1.000     1.000
  140   1008.74     0.057     0.399       0.0   0.433E-01     0.255     0.000     1.000     1.000     1.000
  141   1016.00     0.057     0.399       0.0   0.433E-01     0.255     0.000     1.000     1.000     1.000
  142   1023.26     0.057     0.399       0.0   0.433E-01     0.255     0.000     1.000     1.000     1.000
  143   1030.51     0.057     0.399       0.0   0.433E-01     0.255     0.000     1.000     1.000     1.000
  144   1037.77     0.057     0.399       0.0   0.433E-01     0.255     0.000     1.000     1.000     1.000
  145   1045.03     0.057     0.399       0.0   0.433E-01     0.255     0.000     1.000     1.000     1.000
  146   1052.29     0.057     0.399       0.0   0.433E-01     0.255     0.000     1.000     1.000     1.000
  147   1059.54     0.057     0.399       0.0   0.433E-01     0.255     0.000     1.000     1.000     1.000
  148   1066.80     0.057     0.399       0.0   0.433E-01     0.255     0.000     1.000     1.000     1.000
  149   1074.06     0.057     0.399       0.0   0.433E-01     0.255     0.000     1.000     1.000     1.000
  150   1081.31     0.057     0.399       0.0   0.433E-01     0.255     0.000     1.000     1.000     1.000
  151   1088.57     0.057     0.399       0.0   0.433E-01     0.255     0.000     1.000     1.000     1.000
  152   1095.83     0.057     0.399       0.0   0.433E-01     0.255     0.000     1.000     1.000     1.000
  153   1103.09     0.057     0.399       0.0   0.433E-01     0.255     0.000     1.000     1.000     1.000
  154   1110.34     0.057     0.399       0.0   0.433E-01     0.255     0.000     1.000     1.000     1.000
  155   1117.60     0.057     0.399       0.0   0.433E-01     0.255     0.000     1.000     1.000     1.000
  156   1124.86     0.057     0.399       0.0   0.433E-01     0.255     0.000     1.000     1.000     1.000
  157   1132.11     0.057     0.399       0.0   0.433E-01     0.255     0.000     1.000     1.000     1.000
  158   1139.37     0.057     0.399       0.0   0.433E-01     0.255     0.000     1.000     1.000     1.000
  159   1146.63     0.057     0.399       0.0   0.433E-01     0.255     0.000     1.000     1.000     1.000
  160   1153.89     0.057     0.399       0.0   0.433E-01     0.255     0.000     1.000     1.000     1.000
  161   1161.14     0.057     0.399       0.0   0.433E-01     0.255     0.000     1.000     1.000     1.000
  162   1168.40     0.057     0.399       0.0   0.433E-01     0.255     0.000     1.000     1.000     1.000
  163   1175.66     0.057     0.399       0.0   0.433E-01     0.255     0.000     1.000     1.000     1.000
  164   1182.91     0.057     0.399       0.0   0.433E-01     0.255     0.000     1.000     1.000     1.000
  165   1190.17     0.057     0.399       0.0   0.433E-01     0.255     0.000     1.000     1.000     1.000
  166   1197.43     0.057     0.399       0.0   0.433E-01     0.255     0.000     1.000     1.000     1.000
  167   1204.69     0.057     0.399       0.0   0.433E-01     0.255     0.000     1.000     1.000     1.000
  168   1211.94     0.057     0.399       0.0   0.433E-01     0.255     0.000     1.000     1.000     1.000
  169   1219.20     0.057     0.399       0.0   0.433E-01     0.255     0.000     1.000     1.000     1.000
  170   1226.46     0.057     0.399       0.0   0.433E-01     0.255     0.000     1.000     1.000     1.000
  171   1233.71     0.057     0.399       0.0   0.433E-01     0.255     0.000     1.000     1.000     1.000
  172   1240.97     0.057     0.399       0.0   0.433E-01     0.255     0.000     1.000     1.000     1.000
  173   1248.23     0.057     0.399       0.0   0.433E-01     0.255     0.000     1.000     1.000     1.000
  174   1255.49     0.057     0.399       0.0   0.433E-01     0.255     0.000     1.000     1.000     1.000
  175   1262.74     0.057     0.399       0.0   0.433E-01     0.255     0.000     1.000     1.000     1.000
  176   1270.00     0.057     0.399       0.0   0.433E-01     0.255     0.000     1.000     1.000     1.000
  177   1277.26     0.057     0.399       0.0   0.433E-01     0.255     0.000     1.000     1.000     1.000
  178   1284.51     0.057     0.399       0.0   0.433E-01     0.255     0.000     1.000     1.000     1.000
  179   1291.77     0.057     0.399       0.0   0.433E-01     0.255     0.000     1.000     1.000     1.000
  180   1299.03     0.057     0.399       0.0   0.433E-01     0.255     0.000     1.000     1.000     1.000
  181   1306.29     0.057     0.399       0.0   0.433E-01     0.255     0.000     1.000     1.000     1.000
  182   1313.54     0.057     0.399       0.0   0.433E-01     0.255     0.000     1.000     1.000     1.000
  183   1320.80     0.057     0.399       0.0   0.433E-01     0.255     0.000     1.000     1.000     1.000
  184   1328.06     0.057     0.399       0.0   0.433E-01     0.255     0.000     1.000     1.000     1.000
  185   1335.31     0.057     0.399       0.0   0.433E-01     0.255     0.000     1.000     1.000     1.000
  186   1342.57     0.057     0.399       0.0   0.433E-01     0.255     0.000     1.000     1.000     1.000
  187   1349.83     0.057     0.399       0.0   0.433E-01     0.255     0.000     1.000     1.000     1.000
  188   1357.09     0.057     0.399       0.0   0.433E-01     0.255     0.000     1.000     1.000     1.000
  189   1364.34     0.057     0.399       0.0   0.433E-01     0.255     0.000     1.000     1.000     1.000
  190   1371.60     0.057     0.399       0.0   0.433E-01     0.255     0.000     1.000     1.000     1.000
  191   1378.86     0.057     0.399       0.0   0.433E-01     0.255     0.000     1.000     1.000     1.000
  192   1386.11     0.057     0.399       0.0   0.433E-01     0.255     0.000     1.000     1.000     1.000
  193   1393.37     0.057     0.399       0.0   0.433E-01     0.255     0.000     1.000     1.000     1.000
  194   1400.63     0.057     0.399       0.0   0.433E-01     0.255     0.000     1.000     1.000     1.000
  195   1407.89     0.057     0.399       0.0   0.433E-01     0.255     0.000     1.000     1.000     1.000
  196   1415.14     0.057     0.399       0.0   0.433E-01     0.255     0.000     1.000     1.000     1.000
  197   1422.40     0.057     0.399       0.0   0.433E-01     0.255     0.000     1.000     1.000     1.000
  198   1429.66     0.057     0.399       0.0   0.433E-01     0.255     0.000     1.000     1.000     1.000
  199   1436.91     0.057     0.399       0.0   0.433E-01     0.255     0.000     1.000     1.000     1.000
  200   1444.17     0.057     0.399       0.0   0.433E-01     0.255     0.000     1.000     1.000     1.000
  201   1451.43     0.057     0.399       0.0   0.433E-01     0.255     0.000     1.000     1.000     1.000
  202   1458.69     0.057     0.399       0.0   0.433E-01     0.255     0.000     1.000     1.000     1.000
  203   1465.94     0.057     0.399       0.0   0.433E-01     0.255     0.000     1.000     1.000     1.000
  204   1473.20     0.057     0.399       0.0   0.433E-01     0.255     0.000     1.000     1.000     1.000
  205   1480.46     0.057     0.399       0.0   0.433E-01     0.255     0.000     1.000     1.000     1.000
  206   1487.71     0.057     0.399       0.0   0.433E-01     0.255     0.000     1.000     1.000     1.000
  207   1494.97     0.057     0.399       0.0   0.433E-01     0.255     0.000     1.000     1.000     1.000
  208   1502.23     0.057     0.399       0.0   0.433E-01     0.255     0.000     1.000     1.000     1.000
  209   1509.49     0.057     0.399       0.0   0.433E-01     0.255     0.000     1.000     1.000     1.000
  210   1516.74     0.057     0.399       0.0   0.433E-01     0.255     0.000     1.000     1.000     1.000
  211   1524.00     0.057     0.399       0.0   0.433E-01     0.255     0.000     1.000     1.000     1.000
  212   1531.26     0.057     0.399       0.0   0.433E-01     0.255     0.000     1.000     1.000     1.000
  213   1538.51     0.057     0.399       0.0   0.433E-01     0.255     0.000     1.000     1.000     1.000
  214   1545.77     0.057     0.399       0.0   0.433E-01     0.255     0.000     1.000     1.000     1.000
  215   1553.03     0.057     0.399       0.0   0.433E-01     0.255     0.000     1.000     1.000     1.000
  216   1560.29     0.057     0.399       0.0   0.433E-01     0.255     0.000     1.000     1.000     1.000
  217   1567.54     0.057     0.399       0.0   0.433E-01     0.255     0.000     1.000     1.000     1.000
  218   1574.80     0.057     0.399       0.0   0.433E-01     0.255     0.000     1.000     1.000     1.000
  219   1582.06     0.057     0.399       0.0   0.433E-01     0.255     0.000     1.000     1.000     1.000
  220   1589.31     0.057     0.399       0.0   0.433E-01     0.255     0.000     1.000     1.000     1.000
  221   1596.57     0.057     0.399       0.0   0.433E-01     0.255     0.000     1.000     1.000     1.000
  222   1603.83     0.057     0.399       0.0   0.433E-01     0.255     0.000     1.000     1.000     1.000
  223   1611.09     0.057     0.399       0.0   0.433E-01     0.255     0.000     1.000     1.000     1.000
  224   1618.34     0.057     0.399       0.0   0.433E-01     0.255     0.000     1.000     1.000     1.000
  225   1625.60     0.057     0.399       0.0   0.433E-01     0.255     0.000     1.000     1.000     1.000
  226   1632.86     0.057     0.399       0.0   0.433E-01     0.255     0.000     1.000     1.000     1.000
  227   1640.11     0.057     0.399       0.0   0.433E-01     0.255     0.000     1.000     1.000     1.000
  228   1647.37     0.057     0.399       0.0   0.433E-01     0.255     0.000     1.000     1.000     1.000
  229   1654.63     0.057     0.399       0.0   0.433E-01     0.255     0.000     1.000     1.000     1.000
  230   1661.89     0.057     0.399       0.0   0.433E-01     0.255     0.000     1.000     1.000     1.000
  231   1669.14     0.057     0.399       0.0   0.433E-01     0.255     0.000     1.000     1.000     1.000
  232   1676.40     0.057     0.399       0.0   0.433E-01     0.255     0.000     1.000     1.000     1.000
  233   1683.66     0.057     0.399       0.0   0.433E-01     0.255     0.000     1.000     1.000     1.000
  234   1690.91     0.057     0.399       0.0   0.433E-01     0.255     0.000     1.000     1.000     1.000
  235   1698.17     0.057     0.399       0.0   0.433E-01     0.255     0.000     1.000     1.000     1.000
  236   1705.43     0.057     0.399       0.0   0.433E-01     0.255     0.000     1.000     1.000     1.000
  237   1712.69     0.057     0.399       0.0   0.433E-01     0.255     0.000     1.000     1.000     1.000
  238   1719.94     0.057     0.399       0.0   0.433E-01     0.255     0.000     1.000     1.000     1.000
  239   1727.20     0.057     0.399       0.0   0.433E-01     0.255     0.000     1.000     1.000     1.000
  240   1734.46     0.057     0.399       0.0   0.433E-01     0.255     0.000     1.000     1.000     1.000
  241   1741.71     0.057     0.399       0.0   0.433E-01     0.255     0.000     1.000     1.000     1.000
  242   1748.97     0.057     0.399       0.0   0.433E-01     0.255     0.000     1.000     1.000     1.000
  243   1756.23     0.057     0.399       0.0   0.433E-01     0.255     0.000     1.000     1.000     1.000
  244   1763.49     0.057     0.399       0.0   0.433E-01     0.255     0.000     1.000     1.000     1.000
  245   1770.74     0.057     0.399       0.0   0.433E-01     0.255     0.000     1.000     1.000     1.000
  246   1778.00     0.057     0.399       0.0   0.433E-01     0.255     0.000     1.000     1.000     1.000
  247   1785.26     0.057     0.399       0.0   0.433E-01     0.255     0.000     1.000     1.000     1.000
  248   1792.51     0.057     0.399       0.0   0.433E-01     0.255     0.000     1.000     1.000     1.000
  249   1799.77     0.057     0.399       0.0   0.433E-01     0.255     0.000     1.000     1.000     1.000
  250   1807.03     0.057     0.399       0.0   0.433E-01     0.255     0.000     1.000     1.000     1.000
  251   1814.29     0.057     0.399       0.0   0.433E-01     0.255     0.000     1.000     1.000     1.000
  252   1821.54     0.057     0.399       0.0   0.433E-01     0.255     0.000     1.000     1.000     1.000
  253   1828.80     0.057     0.399       0.0   0.433E-01     0.255     0.000     1.000     1.000     1.000
  254   1836.06     0.057     0.399       0.0   0.433E-01     0.255     0.000     1.000     1.000     1.000
  255   1843.31     0.057     0.399       0.0   0.433E-01     0.255     0.000     1.000     1.000     1.000
  256   1850.57     0.057     0.399       0.0   0.433E-01     0.255     0.000     1.000     1.000     1.000
  257   1857.83     0.057     0.399       0.0   0.433E-01     0.255     0.000     1.000     1.000     1.000
  258   1865.09     0.057     0.399       0.0   0.433E-01     0.255     0.000     1.000     1.000     1.000
  259   1872.34     0.057     0.399       0.0   0.433E-01     0.255     0.000     1.000     1.000     1.000
  260   1879.60     0.057     0.399       0.0   0.433E-01     0.255     0.000     1.000     1.000     1.000
  261   1886.86     0.057     0.399       0.0   0.433E-01     0.255     0.000     1.000     1.000     1.000
  262   1894.11     0.057     0.399       0.0   0.433E-01     0.255     0.000     1.000     1.000     1.000
  263   1901.37     0.057     0.399       0.0   0.433E-01     0.255     0.000     1.000     1.000     1.000
  264   1908.63     0.057     0.399       0.0   0.433E-01     0.255     0.000     1.000     1.000     1.000
  265   1915.89     0.057     0.399       0.0   0.433E-01     0.255     0.000     1.000     1.000     1.000
  266   1923.14     0.057     0.399       0.0   0.433E-01     0.255     0.000     1.000     1.000     1.000
  267   1930.40     0.057     0.399       0.0   0.433E-01     0.255     0.000     1.000     1.000     1.000
  268   1937.66     0.057     0.399       0.0   0.433E-01     0.255     0.000     1.000     1.000     1.000
  269   1944.91     0.057     0.399       0.0   0.433E-01     0.255     0.000     1.000     1.000     1.000
  270   1952.17     0.057     0.399       0.0   0.433E-01     0.255     0.000     1.000     1.000     1.000
  271   1959.43     0.057     0.399       0.0   0.433E-01     0.255     0.000     1.000     1.000     1.000
  272   1966.69     0.057     0.399       0.0   0.433E-01     0.255     0.000     1.000     1.000     1.000
  273   1973.94     0.057     0.399       0.0   0.433E-01     0.255     0.000     1.000     1.000     1.000
  274   1981.20     0.057     0.399       0.0   0.433E-01     0.255     0.000     1.000     1.000     1.000
  275   1988.46     0.057     0.399       0.0   0.433E-01     0.255     0.000     1.000     1.000     1.000
  276   1995.71     0.057     0.399       0.0   0.433E-01     0.255     0.000     1.000     1.000     1.000
  277   2002.97     0.057     0.399       0.0   0.433E-01     0.255     0.000     1.000     1.000     1.000
  278   2010.23     0.057     0.399       0.0   0.433E-01     0.255     0.000     1.000     1.000     1.000
  279   2017.49     0.057     0.399       0.0   0.433E-01     0.255     0.000     1.000     1.000     1.000
  280   2024.74     0.057     0.399       0.0   0.433E-01     0.255     0.000     1.000     1.000     1.000
  281   2032.00     0.057     0.399       0.0   0.433E-01     0.255     0.000     1.000     1.000     1.000
  282   2039.26     0.057     0.399       0.0   0.433E-01     0.255     0.000     1.000     1.000     1.000
  283   2046.51     0.057     0.399       0.0   0.433E-01     0.255     0.000     1.000     1.000     1.000
  284   2053.77     0.057     0.399       0.0   0.433E-01     0.255     0.000     1.000     1.000     1.000
  285   2061.03     0.057     0.399       0.0   0.433E-01     0.255     0.000     1.000     1.000     1.000
  286   2068.29     0.057     0.399       0.0   0.433E-01     0.255     0.000     1.000     1.000     1.000
  287   2075.54     0.057     0.399       0.0   0.433E-01     0.255     0.000     1.000     1.000     1.000
  288   2082.80     0.057     0.399       0.0   0.433E-01     0.255     0.000     1.000     1.000     1.000
  289   2090.06     0.057     0.399       0.0   0.433E-01     0.255     0.000     1.000     1.000     1.000
  290   2097.31     0.057     0.399       0.0   0.433E-01     0.255     0.000     1.000     1.000     1.000
  291   2104.57     0.057     0.399       0.0   0.433E-01     0.255     0.000     1.000     1.000     1.000
  292   2111.83     0.057     0.399       0.0   0.433E-01     0.255     0.000     1.000     1.000     1.000
  293   2119.09     0.057     0.399       0.0   0.433E-01     0.255     0.000     1.000     1.000     1.000
  294   2126.34     0.057     0.399       0.0   0.433E-01     0.255     0.000     1.000     1.000     1.000
  295   2133.60     0.057     0.399       0.0   0.433E-01     0.255     0.000     1.000     1.000     1.000
  296   2140.86     0.057     0.399       0.0   0.433E-01     0.255     0.000     1.000     1.000     1.000
  297   2148.11     0.057     0.399       0.0   0.433E-01     0.255     0.000     1.000     1.000     1.000
  298   2155.37     0.057     0.399       0.0   0.433E-01     0.255     0.000     1.000     1.000     1.000
  299   2162.63     0.057     0.399       0.0   0.433E-01     0.255     0.000     1.000     1.000     1.000
  300   2169.89     0.057     0.399       0.0   0.433E-01     0.255     0.000     1.000     1.000     1.000
  301   2177.14     0.057     0.399       0.0   0.433E-01     0.255     0.000     1.000     1.000     1.000
  302   2184.40     0.057     0.399       0.0   0.433E-01     0.255     0.000     1.000     1.000     1.000
  303   2191.66     0.057     0.399       0.0   0.433E-01     0.255     0.000     1.000     1.000     1.000
  304   2198.91     0.057     0.399       0.0   0.433E-01     0.255     0.000     1.000     1.000     1.000
  305   2206.17     0.057     0.399       0.0   0.433E-01     0.255     0.000     1.000     1.000     1.000
  306   2213.43     0.057     0.399       0.0   0.433E-01     0.255     0.000     1.000     1.000     1.000
  307   2220.69     0.057     0.399       0.0   0.433E-01     0.255     0.000     1.000     1.000     1.000
  308   2227.94     0.057     0.399       0.0   0.433E-01     0.255     0.000     1.000     1.000     1.000
  309   2235.20     0.057     0.399       0.0   0.433E-01     0.255     0.000     1.000     1.000     1.000
  310   2242.46     0.057     0.399       0.0   0.433E-01     0.255     0.000     1.000     1.000     1.000
  311   2249.71     0.057     0.399       0.0   0.433E-01     0.255     0.000     1.000     1.000     1.000
  312   2256.97     0.057     0.399       0.0   0.433E-01     0.255     0.000     1.000     1.000     1.000
  313   2264.23     0.057     0.399       0.0   0.433E-01     0.255     0.000     1.000     1.000     1.000
  314   2271.49     0.057     0.399       0.0   0.433E-01     0.255     0.000     1.000     1.000     1.000
  315   2278.74     0.057     0.399       0.0   0.433E-01     0.255     0.000     1.000     1.000     1.000
  316   2286.00     0.057     0.399       0.0   0.433E-01     0.255     0.000     1.000     1.000     1.000
  317   2293.26     0.057     0.399       0.0   0.433E-01     0.255     0.000     1.000     1.000     1.000
  318   2300.51     0.057     0.399       0.0   0.433E-01     0.255     0.000     1.000     1.000     1.000
  319   2307.77     0.057     0.399       0.0   0.433E-01     0.255     0.000     1.000     1.000     1.000
  320   2315.03     0.057     0.399       0.0   0.433E-01     0.255     0.000     1.000     1.000     1.000
  321   2322.29     0.057     0.399       0.0   0.433E-01     0.255     0.000     1.000     1.000     1.000
  322   2329.54     0.057     0.399       0.0   0.433E-01     0.255     0.000     1.000     1.000     1.000
  323   2336.80     0.057     0.399       0.0   0.433E-01     0.255     0.000     1.000     1.000     1.000
  324   2344.06     0.057     0.399       0.0   0.433E-01     0.255     0.000     1.000     1.000     1.000
  325   2351.31     0.057     0.399       0.0   0.433E-01     0.255     0.000     1.000     1.000     1.000
  326   2358.57     0.057     0.399       0.0   0.433E-01     0.255     0.000     1.000     1.000     1.000
  327   2365.83     0.057     0.399       0.0   0.433E-01     0.255     0.000     1.000     1.000     1.000
  328   2373.09     0.057     0.399       0.0   0.433E-01     0.255     0.000     1.000     1.000     1.000
  329   2380.34     0.057     0.399       0.0   0.433E-01     0.255     0.000     1.000     1.000     1.000
  330   2387.60     0.057     0.399       0.0   0.433E-01     0.255     0.000     1.000     1.000     1.000
  331   2394.86     0.057     0.399       0.0   0.433E-01     0.255     0.000     1.000     1.000     1.000
  332   2402.11     0.057     0.399       0.0   0.433E-01     0.255     0.000     1.000     1.000     1.000
  333   2409.37     0.057     0.399       0.0   0.433E-01     0.255     0.000     1.000     1.000     1.000
  334   2416.63     0.057     0.399       0.0   0.433E-01     0.255     0.000     1.000     1.000     1.000
  335   2423.89     0.057     0.399       0.0   0.433E-01     0.255     0.000     1.000     1.000     1.000
  336   2431.14     0.057     0.399       0.0   0.433E-01     0.255     0.000     1.000     1.000     1.000
  337   2438.40     0.057     0.399       0.0   0.433E-01     0.255     0.000     1.000     1.000     1.000
  338   2445.66     0.057     0.399       0.0   0.433E-01     0.255     0.000     1.000     1.000     1.000
  339   2452.91     0.057     0.399       0.0   0.433E-01     0.255     0.000     1.000     1.000     1.000
  340   2460.17     0.057     0.399       0.0   0.433E-01     0.255     0.000     1.000     1.000     1.000
  341   2467.43     0.057     0.399       0.0   0.433E-01     0.255     0.000     1.000     1.000     1.000
  342   2474.69     0.057     0.399       0.0   0.433E-01     0.255     0.000     1.000     1.000     1.000
  343   2481.94     0.057     0.399       0.0   0.433E-01     0.255     0.000     1.000     1.000     1.000
  344   2489.20     0.057     0.399       0.0   0.433E-01     0.255     0.000     1.000     1.000     1.000
  345   2496.46     0.057     0.399       0.0   0.433E-01     0.255     0.000     1.000     1.000     1.000
  346   2503.71     0.057     0.399       0.0   0.433E-01     0.255     0.000     1.000     1.000     1.000
  347   2510.97     0.057     0.399       0.0   0.433E-01     0.255     0.000     1.000     1.000     1.000
  348   2518.23     0.057     0.399       0.0   0.433E-01     0.255     0.000     1.000     1.000     1.000
  349   2525.49     0.057     0.399       0.0   0.433E-01     0.255     0.000     1.000     1.000     1.000
  350   2532.74     0.057     0.399       0.0   0.433E-01     0.255     0.000     1.000     1.000     1.000
  351   2540.00     0.057     0.399       0.0   0.433E-01     0.255     0.000     1.000     1.000     1.000
end
