 ******* Program HYDRUS
 ******* 
 Welcome to HYDRUS-1D                                                    
 Date:  27. 5.    Time:  23: 1:18
 Units: L = mm   , T = min  , M = mmol 

----------------------------------------------------------
 Time       [T]        0.0000
----------------------------------------------------------
 Sub-region num.                     1
----------------------------------------------------------
 Length   [L]        0.20000E+04  0.20000E+04
 W-volume [L]        0.45151E+03  0.45151E+03
 In-flow  [L/T]      0.00000E+00  0.00000E+00
 h Mean   [L]       -0.20000E+05 -0.20000E+05
 Top Flux [L/T]     -0.13032E-04
 Bot Flux [L/T]     -0.84533E-05
----------------------------------------------------------

----------------------------------------------------------
 Time       [T]   450000.0000
----------------------------------------------------------
 Sub-region num.                     1
----------------------------------------------------------
 Length   [L]        0.20000E+04  0.20000E+04
 W-volume [L]        0.43554E+03  0.43554E+03
 In-flow  [L/T]     -0.92081E-02 -0.92081E-02
 h Mean   [L]       -0.23885E+05 -0.23885E+05
 Top Flux [L/T]      0.67203E-02
 Bot Flux [L/T]      0.97822E-07
 WatBalT  [L]       -0.21692E-01
 WatBalR  [%]              0.001
----------------------------------------------------------
 
 Calculation time [sec]   81.8699999954551     
