 ******* Program HYDRUS
 ******* 
 Welcome to HYDRUS-1D                                                    
 Date:  27. 5.    Time:  23: 1:18
 Units: L = mm   , T = min  , M = mmol 
 
 CosAlf,MaxIt,TolTh,  TolH
 1.000   10   0.001 1.00000
 
 TopInF,BotInF,AtmBC,SinkF,WLayer,qGWLF,FreeD,SeepF,lWat,lChem,lTemp,lRoot,lWDep
     T     F     T     T     T     F     F     F     T     F     F     F     F

Nodal point information

node      x         hOld    MatN LayN  Beta      Ah       AK      ATh     Temp    Conc(1...NS)         Sorb(1...NS)

   1      0.000 -20000.000    1    1   0.001    1.000    1.000    1.000
   2     -6.689 -20000.000    1    1   0.001    1.000    1.000    1.000
   3    -13.378 -20000.000    1    1   0.001    1.000    1.000    1.000
   4    -20.067 -20000.000    1    1   0.001    1.000    1.000    1.000
   5    -26.756 -20000.000    1    1   0.001    1.000    1.000    1.000
   6    -33.445 -20000.000    1    1   0.001    1.000    1.000    1.000
   7    -40.134 -20000.000    1    1   0.001    1.000    1.000    1.000
   8    -46.823 -20000.000    1    1   0.001    1.000    1.000    1.000
   9    -53.512 -20000.000    1    1   0.001    1.000    1.000    1.000
  10    -60.201 -20000.000    1    1   0.001    1.000    1.000    1.000
  11    -66.890 -20000.000    1    1   0.001    1.000    1.000    1.000
  12    -73.579 -20000.000    1    1   0.001    1.000    1.000    1.000
  13    -80.268 -20000.000    1    1   0.001    1.000    1.000    1.000
  14    -86.956 -20000.000    1    1   0.001    1.000    1.000    1.000
  15    -93.646 -20000.000    1    1   0.001    1.000    1.000    1.000
  16   -100.334 -20000.000    1    1   0.001    1.000    1.000    1.000
  17   -107.023 -20000.000    1    1   0.001    1.000    1.000    1.000
  18   -113.712 -20000.000    1    1   0.001    1.000    1.000    1.000
  19   -120.401 -20000.000    1    1   0.001    1.000    1.000    1.000
  20   -127.090 -20000.000    1    1   0.001    1.000    1.000    1.000
  21   -133.779 -20000.000    1    1   0.001    1.000    1.000    1.000
  22   -140.468 -20000.000    1    1   0.001    1.000    1.000    1.000
  23   -147.157 -20000.000    1    1   0.001    1.000    1.000    1.000
  24   -153.846 -20000.000    1    1   0.001    1.000    1.000    1.000
  25   -160.535 -20000.000    1    1   0.001    1.000    1.000    1.000
  26   -167.224 -20000.000    1    1   0.001    1.000    1.000    1.000
  27   -173.913 -20000.000    1    1   0.001    1.000    1.000    1.000
  28   -180.602 -20000.000    1    1   0.001    1.000    1.000    1.000
  29   -187.291 -20000.000    1    1   0.001    1.000    1.000    1.000
  30   -193.980 -20000.000    1    1   0.001    1.000    1.000    1.000
  31   -200.669 -20000.000    1    1   0.001    1.000    1.000    1.000
  32   -207.358 -20000.000    1    1   0.001    1.000    1.000    1.000
  33   -214.047 -20000.000    1    1   0.001    1.000    1.000    1.000
  34   -220.736 -20000.000    1    1   0.001    1.000    1.000    1.000
  35   -227.425 -20000.000    1    1   0.001    1.000    1.000    1.000
  36   -234.114 -20000.000    1    1   0.001    1.000    1.000    1.000
  37   -240.803 -20000.000    1    1   0.001    1.000    1.000    1.000
  38   -247.492 -20000.000    1    1   0.001    1.000    1.000    1.000
  39   -254.181 -20000.000    1    1   0.001    1.000    1.000    1.000
  40   -260.870 -20000.000    1    1   0.001    1.000    1.000    1.000
  41   -267.559 -20000.000    1    1   0.001    1.000    1.000    1.000
  42   -274.247 -20000.000    1    1   0.001    1.000    1.000    1.000
  43   -280.936 -20000.000    1    1   0.001    1.000    1.000    1.000
  44   -287.625 -20000.000    1    1   0.001    1.000    1.000    1.000
  45   -294.314 -20000.000    1    1   0.001    1.000    1.000    1.000
  46   -301.003 -20000.000    1    1   0.001    1.000    1.000    1.000
  47   -307.692 -20000.000    1    1   0.001    1.000    1.000    1.000
  48   -314.381 -20000.000    1    1   0.001    1.000    1.000    1.000
  49   -321.070 -20000.000    1    1   0.001    1.000    1.000    1.000
  50   -327.759 -20000.000    1    1   0.001    1.000    1.000    1.000
  51   -334.448 -20000.000    1    1   0.001    1.000    1.000    1.000
  52   -341.137 -20000.000    1    1   0.001    1.000    1.000    1.000
  53   -347.826 -20000.000    1    1   0.001    1.000    1.000    1.000
  54   -354.515 -20000.000    1    1   0.001    1.000    1.000    1.000
  55   -361.204 -20000.000    1    1   0.001    1.000    1.000    1.000
  56   -367.893 -20000.000    1    1   0.001    1.000    1.000    1.000
  57   -374.582 -20000.000    1    1   0.001    1.000    1.000    1.000
  58   -381.271 -20000.000    1    1   0.001    1.000    1.000    1.000
  59   -387.960 -20000.000    1    1   0.001    1.000    1.000    1.000
  60   -394.649 -20000.000    1    1   0.001    1.000    1.000    1.000
  61   -401.338 -20000.000    1    1   0.001    1.000    1.000    1.000
  62   -408.027 -20000.000    1    1   0.001    1.000    1.000    1.000
  63   -414.716 -20000.000    1    1   0.001    1.000    1.000    1.000
  64   -421.405 -20000.000    1    1   0.001    1.000    1.000    1.000
  65   -428.094 -20000.000    1    1   0.001    1.000    1.000    1.000
  66   -434.783 -20000.000    1    1   0.001    1.000    1.000    1.000
  67   -440.000 -20000.000    2    1   0.001    1.000    1.000    1.000
  68   -448.160 -20000.000    2    1   0.001    1.000    1.000    1.000
  69   -454.849 -20000.000    2    1   0.001    1.000    1.000    1.000
  70   -461.539 -20000.000    2    1   0.001    1.000    1.000    1.000
  71   -468.227 -20000.000    2    1   0.001    1.000    1.000    1.000
  72   -474.916 -20000.000    2    1   0.001    1.000    1.000    1.000
  73   -481.605 -20000.000    2    1   0.001    1.000    1.000    1.000
  74   -488.294 -20000.000    2    1   0.001    1.000    1.000    1.000
  75   -494.983 -20000.000    2    1   0.001    1.000    1.000    1.000
  76   -501.672 -20000.000    2    1   0.001    1.000    1.000    1.000
  77   -508.361 -20000.000    2    1   0.001    1.000    1.000    1.000
  78   -515.050 -20000.000    2    1   0.001    1.000    1.000    1.000
  79   -521.739 -20000.000    2    1   0.001    1.000    1.000    1.000
  80   -528.428 -20000.000    2    1   0.001    1.000    1.000    1.000
  81   -535.117 -20000.000    2    1   0.001    1.000    1.000    1.000
  82   -541.806 -20000.000    2    1   0.001    1.000    1.000    1.000
  83   -548.495 -20000.000    2    1   0.001    1.000    1.000    1.000
  84   -555.184 -20000.000    2    1   0.001    1.000    1.000    1.000
  85   -561.873 -20000.000    2    1   0.001    1.000    1.000    1.000
  86   -568.562 -20000.000    2    1   0.001    1.000    1.000    1.000
  87   -575.251 -20000.000    2    1   0.001    1.000    1.000    1.000
  88   -581.940 -20000.000    2    1   0.001    1.000    1.000    1.000
  89   -588.629 -20000.000    2    1   0.001    1.000    1.000    1.000
  90   -595.318 -20000.000    2    1   0.001    1.000    1.000    1.000
  91   -602.007 -20000.000    2    1   0.001    1.000    1.000    1.000
  92   -608.696 -20000.000    2    1   0.001    1.000    1.000    1.000
  93   -615.385 -20000.000    2    1   0.001    1.000    1.000    1.000
  94   -622.073 -20000.000    2    1   0.001    1.000    1.000    1.000
  95   -628.763 -20000.000    2    1   0.001    1.000    1.000    1.000
  96   -635.451 -20000.000    2    1   0.001    1.000    1.000    1.000
  97   -642.140 -20000.000    2    1   0.001    1.000    1.000    1.000
  98   -648.829 -20000.000    2    1   0.001    1.000    1.000    1.000
  99   -655.518 -20000.000    2    1   0.001    1.000    1.000    1.000
 100   -662.207 -20000.000    2    1   0.001    1.000    1.000    1.000
 101   -668.896 -20000.000    2    1   0.001    1.000    1.000    1.000
 102   -675.585 -20000.000    2    1   0.001    1.000    1.000    1.000
 103   -682.274 -20000.000    2    1   0.001    1.000    1.000    1.000
 104   -688.963 -20000.000    2    1   0.001    1.000    1.000    1.000
 105   -695.652 -20000.000    2    1   0.001    1.000    1.000    1.000
 106   -702.341 -20000.000    2    1   0.001    1.000    1.000    1.000
 107   -709.030 -20000.000    2    1   0.001    1.000    1.000    1.000
 108   -715.719 -20000.000    2    1   0.001    1.000    1.000    1.000
 109   -722.408 -20000.000    2    1   0.001    1.000    1.000    1.000
 110   -729.097 -20000.000    2    1   0.001    1.000    1.000    1.000
 111   -735.786 -20000.000    2    1   0.001    1.000    1.000    1.000
 112   -742.475 -20000.000    2    1   0.001    1.000    1.000    1.000
 113   -749.164 -20000.000    2    1   0.001    1.000    1.000    1.000
 114   -755.853 -20000.000    2    1   0.001    1.000    1.000    1.000
 115   -762.542 -20000.000    2    1   0.001    1.000    1.000    1.000
 116   -769.231 -20000.000    2    1   0.001    1.000    1.000    1.000
 117   -775.920 -20000.000    2    1   0.001    1.000    1.000    1.000
 118   -782.609 -20000.000    2    1   0.001    1.000    1.000    1.000
 119   -789.298 -20000.000    2    1   0.001    1.000    1.000    1.000
 120   -795.987 -20000.000    2    1   0.001    1.000    1.000    1.000
 121   -802.675 -20000.000    2    1   0.001    1.000    1.000    1.000
 122   -809.365 -20000.000    2    1   0.001    1.000    1.000    1.000
 123   -816.054 -20000.000    2    1   0.001    1.000    1.000    1.000
 124   -822.742 -20000.000    2    1   0.001    1.000    1.000    1.000
 125   -829.431 -20000.000    2    1   0.001    1.000    1.000    1.000
 126   -836.120 -20000.000    2    1   0.001    1.000    1.000    1.000
 127   -842.809 -20000.000    2    1   0.001    1.000    1.000    1.000
 128   -849.498 -20000.000    2    1   0.001    1.000    1.000    1.000
 129   -856.187 -20000.000    2    1   0.001    1.000    1.000    1.000
 130   -862.876 -20000.000    2    1   0.001    1.000    1.000    1.000
 131   -869.565 -20000.000    2    1   0.001    1.000    1.000    1.000
 132   -876.254 -20000.000    2    1   0.001    1.000    1.000    1.000
 133   -882.943 -20000.000    2    1   0.001    1.000    1.000    1.000
 134   -889.632 -20000.000    2    1   0.001    1.000    1.000    1.000
 135   -896.321 -20000.000    2    1   0.001    1.000    1.000    1.000
 136   -903.010 -20000.000    2    1   0.001    1.000    1.000    1.000
 137   -909.699 -20000.000    2    1   0.001    1.000    1.000    1.000
 138   -916.388 -20000.000    2    1   0.001    1.000    1.000    1.000
 139   -923.077 -20000.000    2    1   0.001    1.000    1.000    1.000
 140   -929.766 -20000.000    2    1   0.001    1.000    1.000    1.000
 141   -936.455 -20000.000    2    1   0.001    1.000    1.000    1.000
 142   -943.144 -20000.000    2    1   0.001    1.000    1.000    1.000
 143   -949.833 -20000.000    2    1   0.001    1.000    1.000    1.000
 144   -956.522 -20000.000    2    1   0.001    1.000    1.000    1.000
 145   -963.211 -20000.000    2    1   0.001    1.000    1.000    1.000
 146   -969.900 -20000.000    2    1   0.001    1.000    1.000    1.000
 147   -976.589 -20000.000    2    1   0.001    1.000    1.000    1.000
 148   -983.278 -20000.000    2    1   0.001    1.000    1.000    1.000
 149   -989.967 -20000.000    2    1   0.001    1.000    1.000    1.000
 150   -996.656 -20000.000    2    1   0.001    1.000    1.000    1.000
 151  -1003.340 -20000.000    2    1   0.000    1.000    1.000    1.000
 152  -1010.030 -20000.000    2    1   0.000    1.000    1.000    1.000
 153  -1016.720 -20000.000    2    1   0.000    1.000    1.000    1.000
 154  -1023.410 -20000.000    2    1   0.000    1.000    1.000    1.000
 155  -1030.100 -20000.000    2    1   0.000    1.000    1.000    1.000
 156  -1036.790 -20000.000    2    1   0.000    1.000    1.000    1.000
 157  -1043.480 -20000.000    2    1   0.000    1.000    1.000    1.000
 158  -1050.170 -20000.000    2    1   0.000    1.000    1.000    1.000
 159  -1056.860 -20000.000    2    1   0.000    1.000    1.000    1.000
 160  -1063.550 -20000.000    2    1   0.000    1.000    1.000    1.000
 161  -1070.230 -20000.000    2    1   0.000    1.000    1.000    1.000
 162  -1076.920 -20000.000    2    1   0.000    1.000    1.000    1.000
 163  -1083.610 -20000.000    2    1   0.000    1.000    1.000    1.000
 164  -1090.300 -20000.000    2    1   0.000    1.000    1.000    1.000
 165  -1096.990 -20000.000    2    1   0.000    1.000    1.000    1.000
 166  -1103.680 -20000.000    2    1   0.000    1.000    1.000    1.000
 167  -1110.370 -20000.000    2    1   0.000    1.000    1.000    1.000
 168  -1117.060 -20000.000    2    1   0.000    1.000    1.000    1.000
 169  -1123.750 -20000.000    2    1   0.000    1.000    1.000    1.000
 170  -1130.440 -20000.000    2    1   0.000    1.000    1.000    1.000
 171  -1137.120 -20000.000    2    1   0.000    1.000    1.000    1.000
 172  -1143.810 -20000.000    2    1   0.000    1.000    1.000    1.000
 173  -1150.500 -20000.000    2    1   0.000    1.000    1.000    1.000
 174  -1157.190 -20000.000    2    1   0.000    1.000    1.000    1.000
 175  -1163.880 -20000.000    2    1   0.000    1.000    1.000    1.000
 176  -1170.570 -20000.000    2    1   0.000    1.000    1.000    1.000
 177  -1177.260 -20000.000    2    1   0.000    1.000    1.000    1.000
 178  -1183.950 -20000.000    2    1   0.000    1.000    1.000    1.000
 179  -1190.640 -20000.000    2    1   0.000    1.000    1.000    1.000
 180  -1197.320 -20000.000    2    1   0.000    1.000    1.000    1.000
 181  -1204.010 -20000.000    2    1   0.000    1.000    1.000    1.000
 182  -1210.700 -20000.000    2    1   0.000    1.000    1.000    1.000
 183  -1217.390 -20000.000    2    1   0.000    1.000    1.000    1.000
 184  -1224.080 -20000.000    2    1   0.000    1.000    1.000    1.000
 185  -1230.770 -20000.000    2    1   0.000    1.000    1.000    1.000
 186  -1237.460 -20000.000    2    1   0.000    1.000    1.000    1.000
 187  -1244.150 -20000.000    2    1   0.000    1.000    1.000    1.000
 188  -1250.840 -20000.000    2    1   0.000    1.000    1.000    1.000
 189  -1257.530 -20000.000    2    1   0.000    1.000    1.000    1.000
 190  -1264.210 -20000.000    2    1   0.000    1.000    1.000    1.000
 191  -1270.900 -20000.000    2    1   0.000    1.000    1.000    1.000
 192  -1277.590 -20000.000    2    1   0.000    1.000    1.000    1.000
 193  -1284.280 -20000.000    2    1   0.000    1.000    1.000    1.000
 194  -1290.970 -20000.000    2    1   0.000    1.000    1.000    1.000
 195  -1297.660 -20000.000    2    1   0.000    1.000    1.000    1.000
 196  -1304.350 -20000.000    2    1   0.000    1.000    1.000    1.000
 197  -1311.040 -20000.000    2    1   0.000    1.000    1.000    1.000
 198  -1317.730 -20000.000    2    1   0.000    1.000    1.000    1.000
 199  -1324.420 -20000.000    2    1   0.000    1.000    1.000    1.000
 200  -1331.100 -20000.000    2    1   0.000    1.000    1.000    1.000
 201  -1337.790 -20000.000    2    1   0.000    1.000    1.000    1.000
 202  -1344.480 -20000.000    2    1   0.000    1.000    1.000    1.000
 203  -1351.170 -20000.000    2    1   0.000    1.000    1.000    1.000
 204  -1357.860 -20000.000    2    1   0.000    1.000    1.000    1.000
 205  -1364.550 -20000.000    2    1   0.000    1.000    1.000    1.000
 206  -1371.240 -20000.000    2    1   0.000    1.000    1.000    1.000
 207  -1377.930 -20000.000    2    1   0.000    1.000    1.000    1.000
 208  -1384.610 -20000.000    2    1   0.000    1.000    1.000    1.000
 209  -1391.300 -20000.000    2    1   0.000    1.000    1.000    1.000
 210  -1397.990 -20000.000    2    1   0.000    1.000    1.000    1.000
 211  -1404.680 -20000.000    2    1   0.000    1.000    1.000    1.000
 212  -1411.370 -20000.000    2    1   0.000    1.000    1.000    1.000
 213  -1418.060 -20000.000    2    1   0.000    1.000    1.000    1.000
 214  -1424.750 -20000.000    2    1   0.000    1.000    1.000    1.000
 215  -1431.440 -20000.000    2    1   0.000    1.000    1.000    1.000
 216  -1438.130 -20000.000    2    1   0.000    1.000    1.000    1.000
 217  -1444.820 -20000.000    2    1   0.000    1.000    1.000    1.000
 218  -1451.510 -20000.000    2    1   0.000    1.000    1.000    1.000
 219  -1458.190 -20000.000    2    1   0.000    1.000    1.000    1.000
 220  -1464.880 -20000.000    2    1   0.000    1.000    1.000    1.000
 221  -1471.570 -20000.000    2    1   0.000    1.000    1.000    1.000
 222  -1478.260 -20000.000    2    1   0.000    1.000    1.000    1.000
 223  -1484.950 -20000.000    2    1   0.000    1.000    1.000    1.000
 224  -1491.640 -20000.000    2    1   0.000    1.000    1.000    1.000
 225  -1498.330 -20000.000    2    1   0.000    1.000    1.000    1.000
 226  -1505.020 -20000.000    2    1   0.000    1.000    1.000    1.000
 227  -1511.710 -20000.000    2    1   0.000    1.000    1.000    1.000
 228  -1518.400 -20000.000    2    1   0.000    1.000    1.000    1.000
 229  -1525.080 -20000.000    2    1   0.000    1.000    1.000    1.000
 230  -1531.770 -20000.000    2    1   0.000    1.000    1.000    1.000
 231  -1538.460 -20000.000    2    1   0.000    1.000    1.000    1.000
 232  -1545.150 -20000.000    2    1   0.000    1.000    1.000    1.000
 233  -1551.840 -20000.000    2    1   0.000    1.000    1.000    1.000
 234  -1558.530 -20000.000    2    1   0.000    1.000    1.000    1.000
 235  -1565.220 -20000.000    2    1   0.000    1.000    1.000    1.000
 236  -1571.910 -20000.000    2    1   0.000    1.000    1.000    1.000
 237  -1578.590 -20000.000    2    1   0.000    1.000    1.000    1.000
 238  -1585.280 -20000.000    2    1   0.000    1.000    1.000    1.000
 239  -1591.970 -20000.000    2    1   0.000    1.000    1.000    1.000
 240  -1598.660 -20000.000    2    1   0.000    1.000    1.000    1.000
 241  -1605.350 -20000.000    2    1   0.000    1.000    1.000    1.000
 242  -1612.040 -20000.000    2    1   0.000    1.000    1.000    1.000
 243  -1618.730 -20000.000    2    1   0.000    1.000    1.000    1.000
 244  -1625.420 -20000.000    2    1   0.000    1.000    1.000    1.000
 245  -1632.110 -20000.000    2    1   0.000    1.000    1.000    1.000
 246  -1638.800 -20000.000    2    1   0.000    1.000    1.000    1.000
 247  -1645.480 -20000.000    2    1   0.000    1.000    1.000    1.000
 248  -1652.170 -20000.000    2    1   0.000    1.000    1.000    1.000
 249  -1658.860 -20000.000    2    1   0.000    1.000    1.000    1.000
 250  -1665.550 -20000.000    2    1   0.000    1.000    1.000    1.000
 251  -1672.240 -20000.000    2    1   0.000    1.000    1.000    1.000
 252  -1678.930 -20000.000    2    1   0.000    1.000    1.000    1.000
 253  -1685.620 -20000.000    2    1   0.000    1.000    1.000    1.000
 254  -1692.310 -20000.000    2    1   0.000    1.000    1.000    1.000
 255  -1699.000 -20000.000    2    1   0.000    1.000    1.000    1.000
 256  -1705.690 -20000.000    2    1   0.000    1.000    1.000    1.000
 257  -1712.380 -20000.000    2    1   0.000    1.000    1.000    1.000
 258  -1719.060 -20000.000    2    1   0.000    1.000    1.000    1.000
 259  -1725.750 -20000.000    2    1   0.000    1.000    1.000    1.000
 260  -1732.440 -20000.000    2    1   0.000    1.000    1.000    1.000
 261  -1739.130 -20000.000    2    1   0.000    1.000    1.000    1.000
 262  -1745.820 -20000.000    2    1   0.000    1.000    1.000    1.000
 263  -1750.000 -20000.000    3    1   0.000    1.000    1.000    1.000
 264  -1759.200 -20000.000    3    1   0.000    1.000    1.000    1.000
 265  -1765.890 -20000.000    3    1   0.000    1.000    1.000    1.000
 266  -1772.570 -20000.000    3    1   0.000    1.000    1.000    1.000
 267  -1779.260 -20000.000    3    1   0.000    1.000    1.000    1.000
 268  -1785.950 -20000.000    3    1   0.000    1.000    1.000    1.000
 269  -1792.640 -20000.000    3    1   0.000    1.000    1.000    1.000
 270  -1799.330 -20000.000    3    1   0.000    1.000    1.000    1.000
 271  -1806.020 -20000.000    3    1   0.000    1.000    1.000    1.000
 272  -1812.710 -20000.000    3    1   0.000    1.000    1.000    1.000
 273  -1819.400 -20000.000    3    1   0.000    1.000    1.000    1.000
 274  -1826.090 -20000.000    3    1   0.000    1.000    1.000    1.000
 275  -1832.780 -20000.000    3    1   0.000    1.000    1.000    1.000
 276  -1839.460 -20000.000    3    1   0.000    1.000    1.000    1.000
 277  -1846.150 -20000.000    3    1   0.000    1.000    1.000    1.000
 278  -1852.840 -20000.000    3    1   0.000    1.000    1.000    1.000
 279  -1859.530 -20000.000    3    1   0.000    1.000    1.000    1.000
 280  -1866.220 -20000.000    3    1   0.000    1.000    1.000    1.000
 281  -1872.910 -20000.000    3    1   0.000    1.000    1.000    1.000
 282  -1879.600 -20000.000    3    1   0.000    1.000    1.000    1.000
 283  -1886.290 -20000.000    3    1   0.000    1.000    1.000    1.000
 284  -1892.980 -20000.000    3    1   0.000    1.000    1.000    1.000
 285  -1899.670 -20000.000    3    1   0.000    1.000    1.000    1.000
 286  -1906.350 -20000.000    3    1   0.000    1.000    1.000    1.000
 287  -1913.040 -20000.000    3    1   0.000    1.000    1.000    1.000
 288  -1919.730 -20000.000    3    1   0.000    1.000    1.000    1.000
 289  -1926.420 -20000.000    3    1   0.000    1.000    1.000    1.000
 290  -1933.110 -20000.000    3    1   0.000    1.000    1.000    1.000
 291  -1939.800 -20000.000    3    1   0.000    1.000    1.000    1.000
 292  -1946.490 -20000.000    3    1   0.000    1.000    1.000    1.000
 293  -1953.180 -20000.000    3    1   0.000    1.000    1.000    1.000
 294  -1959.870 -20000.000    3    1   0.000    1.000    1.000    1.000
 295  -1966.560 -20000.000    3    1   0.000    1.000    1.000    1.000
 296  -1973.240 -20000.000    3    1   0.000    1.000    1.000    1.000
 297  -1979.930 -20000.000    3    1   0.000    1.000    1.000    1.000
 298  -1986.620 -20000.000    3    1   0.000    1.000    1.000    1.000
 299  -1993.310 -20000.000    3    1   0.000    1.000    1.000    1.000
 300  -2000.000 -20000.000    3    1   0.000    1.000    1.000    1.000
end

 Number of species in the chain :   0


MatNum, Param. array:

   Mat     Qr     Qs        Alfa         n          Ks      l

    1    0.065  0.451   0.313E-03   0.169E+01   0.750E-01  0.500
    2    0.083  0.477   0.833E-03   0.130E+01   0.117E-01  0.500
    3    0.067  0.462   0.375E-03   0.162E+01   0.750E-01  0.500

       Table of Hydraulic Properties which are interpolated in simulation
       =================================================================

  theta         h        log h        C             K        log K          S          Kv
 
  0.4513  -0.100E-04 -0.5000E+01  0.1220E-09  0.7500E-01 -0.1125E+01    1.0000  0.0000E+00
  0.4513  -0.126E-04 -0.4899E+01  0.1431E-09  0.7500E-01 -0.1125E+01    1.0000  0.0000E+00
  0.4513  -0.159E-04 -0.4798E+01  0.1679E-09  0.7500E-01 -0.1125E+01    1.0000  0.0000E+00
  0.4513  -0.201E-04 -0.4697E+01  0.1969E-09  0.7500E-01 -0.1125E+01    1.0000  0.0000E+00
  0.4513  -0.254E-04 -0.4596E+01  0.2310E-09  0.7500E-01 -0.1125E+01    1.0000  0.0000E+00
  0.4513  -0.320E-04 -0.4495E+01  0.2709E-09  0.7500E-01 -0.1125E+01    1.0000  0.0000E+00
  0.4513  -0.404E-04 -0.4394E+01  0.3178E-09  0.7500E-01 -0.1125E+01    1.0000  0.0000E+00
  0.4513  -0.509E-04 -0.4293E+01  0.3727E-09  0.7500E-01 -0.1125E+01    1.0000  0.0000E+00
  0.4513  -0.643E-04 -0.4192E+01  0.4372E-09  0.7500E-01 -0.1125E+01    1.0000  0.0000E+00
  0.4513  -0.811E-04 -0.4091E+01  0.5128E-09  0.7500E-01 -0.1125E+01    1.0000  0.0000E+00
  0.4513  -0.102E-03 -0.3990E+01  0.6014E-09  0.7500E-01 -0.1125E+01    1.0000  0.0000E+00
  0.4513  -0.129E-03 -0.3889E+01  0.7054E-09  0.7500E-01 -0.1125E+01    1.0000  0.0000E+00
  0.4513  -0.163E-03 -0.3788E+01  0.8274E-09  0.7500E-01 -0.1125E+01    1.0000  0.0000E+00
  0.4513  -0.206E-03 -0.3687E+01  0.9705E-09  0.7500E-01 -0.1125E+01    1.0000  0.0000E+00
  0.4513  -0.260E-03 -0.3586E+01  0.1138E-08  0.7500E-01 -0.1125E+01    1.0000  0.0000E+00
  0.4513  -0.327E-03 -0.3485E+01  0.1335E-08  0.7500E-01 -0.1125E+01    1.0000  0.0000E+00
  0.4513  -0.413E-03 -0.3384E+01  0.1566E-08  0.7500E-01 -0.1125E+01    1.0000  0.0000E+00
  0.4513  -0.521E-03 -0.3283E+01  0.1837E-08  0.7500E-01 -0.1125E+01    1.0000  0.0000E+00
  0.4513  -0.658E-03 -0.3182E+01  0.2155E-08  0.7500E-01 -0.1125E+01    1.0000  0.0000E+00
  0.4513  -0.830E-03 -0.3081E+01  0.2527E-08  0.7500E-01 -0.1125E+01    1.0000  0.0000E+00
  0.4513  -0.105E-02 -0.2980E+01  0.2964E-08  0.7499E-01 -0.1125E+01    1.0000  0.0000E+00
  0.4513  -0.132E-02 -0.2879E+01  0.3477E-08  0.7499E-01 -0.1125E+01    1.0000  0.0000E+00
  0.4513  -0.167E-02 -0.2778E+01  0.4078E-08  0.7499E-01 -0.1125E+01    1.0000  0.0000E+00
  0.4513  -0.210E-02 -0.2677E+01  0.4783E-08  0.7499E-01 -0.1125E+01    1.0000  0.0000E+00
  0.4513  -0.266E-02 -0.2576E+01  0.5611E-08  0.7499E-01 -0.1125E+01    1.0000  0.0000E+00
  0.4513  -0.335E-02 -0.2475E+01  0.6581E-08  0.7499E-01 -0.1125E+01    1.0000  0.0000E+00
  0.4513  -0.423E-02 -0.2374E+01  0.7719E-08  0.7499E-01 -0.1125E+01    1.0000  0.0000E+00
  0.4513  -0.534E-02 -0.2273E+01  0.9054E-08  0.7498E-01 -0.1125E+01    1.0000  0.0000E+00
  0.4513  -0.673E-02 -0.2172E+01  0.1062E-07  0.7498E-01 -0.1125E+01    1.0000  0.0000E+00
  0.4513  -0.850E-02 -0.2071E+01  0.1246E-07  0.7498E-01 -0.1125E+01    1.0000  0.0000E+00
  0.4513  -0.107E-01 -0.1970E+01  0.1461E-07  0.7497E-01 -0.1125E+01    1.0000  0.0000E+00
  0.4513  -0.135E-01 -0.1869E+01  0.1714E-07  0.7497E-01 -0.1125E+01    1.0000  0.0000E+00
  0.4513  -0.171E-01 -0.1768E+01  0.2010E-07  0.7496E-01 -0.1125E+01    1.0000  0.0000E+00
  0.4513  -0.215E-01 -0.1667E+01  0.2358E-07  0.7496E-01 -0.1125E+01    1.0000  0.0000E+00
  0.4513  -0.272E-01 -0.1566E+01  0.2765E-07  0.7495E-01 -0.1125E+01    1.0000  0.0000E+00
  0.4513  -0.343E-01 -0.1465E+01  0.3243E-07  0.7494E-01 -0.1125E+01    1.0000  0.0000E+00
  0.4513  -0.433E-01 -0.1364E+01  0.3804E-07  0.7493E-01 -0.1125E+01    1.0000  0.0000E+00
  0.4513  -0.546E-01 -0.1263E+01  0.4462E-07  0.7492E-01 -0.1125E+01    1.0000  0.0000E+00
  0.4513  -0.689E-01 -0.1162E+01  0.5234E-07  0.7491E-01 -0.1125E+01    1.0000  0.0000E+00
  0.4513  -0.870E-01 -0.1061E+01  0.6139E-07  0.7489E-01 -0.1126E+01    1.0000  0.0000E+00
  0.4513  -0.110E+00 -0.9596E+00  0.7201E-07  0.7487E-01 -0.1126E+01    1.0000  0.0000E+00
  0.4513  -0.138E+00 -0.8586E+00  0.8446E-07  0.7485E-01 -0.1126E+01    1.0000  0.0000E+00
  0.4513  -0.175E+00 -0.7576E+00  0.9906E-07  0.7482E-01 -0.1126E+01    1.0000  0.0000E+00
  0.4513  -0.221E+00 -0.6566E+00  0.1162E-06  0.7479E-01 -0.1126E+01    1.0000  0.7412E-33
  0.4513  -0.278E+00 -0.5556E+00  0.1363E-06  0.7475E-01 -0.1126E+01    1.0000  0.7412E-33
  0.4513  -0.351E+00 -0.4545E+00  0.1599E-06  0.7471E-01 -0.1127E+01    1.0000  0.7412E-33
  0.4513  -0.443E+00 -0.3535E+00  0.1875E-06  0.7466E-01 -0.1127E+01    1.0000  0.7471E-32
  0.4513  -0.559E+00 -0.2525E+00  0.2199E-06  0.7460E-01 -0.1127E+01    1.0000  0.7471E-32
  0.4513  -0.705E+00 -0.1515E+00  0.2580E-06  0.7453E-01 -0.1128E+01    1.0000  0.7531E-31
  0.4513  -0.890E+00 -0.5051E-01  0.3026E-06  0.7445E-01 -0.1128E+01    1.0000  0.1584E-30
  0.4513  -0.112E+01  0.5051E-01  0.3549E-06  0.7436E-01 -0.1129E+01    1.0000  0.7590E-30
  0.4513  -0.142E+01  0.1515E+00  0.4163E-06  0.7425E-01 -0.1129E+01    1.0000  0.2932E-29
  0.4513  -0.179E+01  0.2525E+00  0.4883E-06  0.7412E-01 -0.1130E+01    1.0000  0.9364E-29
  0.4513  -0.226E+01  0.3535E+00  0.5727E-06  0.7397E-01 -0.1131E+01    1.0000  0.3860E-28
  0.4513  -0.285E+01  0.4545E+00  0.6717E-06  0.7379E-01 -0.1132E+01    1.0000  0.1367E-27
  0.4513  -0.359E+01  0.5556E+00  0.7879E-06  0.7358E-01 -0.1133E+01    1.0000  0.4980E-27
  0.4513  -0.453E+01  0.6566E+00  0.9241E-06  0.7334E-01 -0.1135E+01    1.0000  0.1849E-26
  0.4513  -0.572E+01  0.7576E+00  0.1084E-05  0.7305E-01 -0.1136E+01    1.0000  0.6860E-26
  0.4513  -0.722E+01  0.8586E+00  0.1271E-05  0.7272E-01 -0.1138E+01    1.0000  0.2579E-25
  0.4513  -0.911E+01  0.9596E+00  0.1491E-05  0.7233E-01 -0.1141E+01    1.0000  0.9430E-25
  0.4513  -0.115E+02  0.1061E+01  0.1749E-05  0.7187E-01 -0.1143E+01    1.0000  0.3495E-24
  0.4513  -0.145E+02  0.1162E+01  0.2051E-05  0.7133E-01 -0.1147E+01    1.0000  0.1291E-23
  0.4513  -0.183E+02  0.1263E+01  0.2406E-05  0.7071E-01 -0.1151E+01    0.9999  0.4786E-23
  0.4513  -0.231E+02  0.1364E+01  0.2822E-05  0.6998E-01 -0.1155E+01    0.9999  0.1768E-22
  0.4512  -0.292E+02  0.1465E+01  0.3309E-05  0.6913E-01 -0.1160E+01    0.9999  0.6521E-22
  0.4512  -0.368E+02  0.1566E+01  0.3880E-05  0.6814E-01 -0.1167E+01    0.9998  0.2410E-21
  0.4512  -0.464E+02  0.1667E+01  0.4550E-05  0.6698E-01 -0.1174E+01    0.9997  0.8903E-21
  0.4511  -0.586E+02  0.1768E+01  0.5334E-05  0.6564E-01 -0.1183E+01    0.9995  0.3286E-20
  0.4510  -0.739E+02  0.1869E+01  0.6251E-05  0.6408E-01 -0.1193E+01    0.9993  0.1213E-19
  0.4509  -0.933E+02  0.1970E+01  0.7323E-05  0.6228E-01 -0.1206E+01    0.9989  0.4471E-19
  0.4507  -0.118E+03  0.2071E+01  0.8575E-05  0.6020E-01 -0.1220E+01    0.9984  0.1647E-18
  0.4504  -0.148E+03  0.2172E+01  0.1003E-04  0.5780E-01 -0.1238E+01    0.9977  0.6060E-18
  0.4500  -0.187E+03  0.2273E+01  0.1172E-04  0.5506E-01 -0.1259E+01    0.9966  0.2225E-17
  0.4494  -0.236E+03  0.2374E+01  0.1367E-04  0.5193E-01 -0.1285E+01    0.9950  0.8145E-17
  0.4484  -0.298E+03  0.2475E+01  0.1590E-04  0.4839E-01 -0.1315E+01    0.9926  0.2968E-16
  0.4471  -0.376E+03  0.2576E+01  0.1843E-04  0.4443E-01 -0.1352E+01    0.9891  0.1075E-15
  0.4451  -0.475E+03  0.2677E+01  0.2124E-04  0.4005E-01 -0.1397E+01    0.9841  0.3855E-15
  0.4423  -0.599E+03  0.2778E+01  0.2427E-04  0.3529E-01 -0.1452E+01    0.9767  0.1364E-14
  0.4382  -0.756E+03  0.2879E+01  0.2742E-04  0.3022E-01 -0.1520E+01    0.9662  0.4733E-14
  0.4325  -0.955E+03  0.2980E+01  0.3049E-04  0.2500E-01 -0.1602E+01    0.9513  0.1598E-13
  0.4245  -0.120E+04  0.3081E+01  0.3315E-04  0.1981E-01 -0.1703E+01    0.9307  0.5192E-13
  0.4137  -0.152E+04  0.3182E+01  0.3499E-04  0.1492E-01 -0.1826E+01    0.9028  0.1604E-12
  0.3996  -0.192E+04  0.3283E+01  0.3559E-04  0.1059E-01 -0.1975E+01    0.8663  0.4639E-12
  0.3819  -0.242E+04  0.3384E+01  0.3460E-04  0.7035E-02 -0.2153E+01    0.8206  0.1238E-11
  0.3608  -0.305E+04  0.3485E+01  0.3197E-04  0.4353E-02 -0.2361E+01    0.7659  0.3005E-11
  0.3368  -0.385E+04  0.3586E+01  0.2800E-04  0.2510E-02 -0.2600E+01    0.7038  0.6579E-11
  0.3110  -0.486E+04  0.3687E+01  0.2326E-04  0.1354E-02 -0.2869E+01    0.6370  0.1295E-10
  0.2846  -0.614E+04  0.3788E+01  0.1843E-04  0.6883E-03 -0.3162E+01    0.5687  0.2301E-10
  0.2588  -0.774E+04  0.3889E+01  0.1402E-04  0.3334E-03 -0.3477E+01    0.5018  0.3721E-10
  0.2343  -0.977E+04  0.3990E+01  0.1033E-04  0.1553E-03 -0.3809E+01    0.4387  0.5539E-10
  0.2119  -0.123E+05  0.4091E+01  0.7423E-05  0.7030E-04 -0.4153E+01    0.3807  0.7684E-10
  0.1918  -0.156E+05  0.4192E+01  0.5236E-05  0.3114E-04 -0.4507E+01    0.3286  0.1005E-09
  0.1740  -0.196E+05  0.4293E+01  0.3645E-05  0.1359E-04 -0.4867E+01    0.2826  0.1254E-09
  0.1585  -0.248E+05  0.4394E+01  0.2514E-05  0.5864E-05 -0.5232E+01    0.2424  0.1503E-09
  0.1450  -0.313E+05  0.4495E+01  0.1723E-05  0.2512E-05 -0.5600E+01    0.2075  0.1746E-09
  0.1334  -0.394E+05  0.4596E+01  0.1175E-05  0.1070E-05 -0.5970E+01    0.1774  0.1976E-09
  0.1234  -0.498E+05  0.4697E+01  0.7992E-06  0.4546E-06 -0.6342E+01    0.1515  0.2189E-09
  0.1148  -0.628E+05  0.4798E+01  0.5423E-06  0.1926E-06 -0.6715E+01    0.1294  0.2383E-09
  0.1075  -0.792E+05  0.4899E+01  0.3675E-06  0.8145E-07 -0.7089E+01    0.1104  0.2558E-09
  0.1012  -0.100E+06  0.5000E+01  0.2488E-06  0.3441E-07 -0.7463E+01    0.0942  0.2712E-09
end
 
  0.4773  -0.100E-04 -0.5000E+01  0.3768E-06  0.1158E-01 -0.1936E+01    1.0000  0.0000E+00
  0.4773  -0.126E-04 -0.4899E+01  0.4039E-06  0.1157E-01 -0.1937E+01    1.0000  0.0000E+00
  0.4773  -0.159E-04 -0.4798E+01  0.4330E-06  0.1156E-01 -0.1937E+01    1.0000  0.0000E+00
  0.4773  -0.201E-04 -0.4697E+01  0.4642E-06  0.1156E-01 -0.1937E+01    1.0000  0.0000E+00
  0.4773  -0.254E-04 -0.4596E+01  0.4976E-06  0.1155E-01 -0.1937E+01    1.0000  0.0000E+00
  0.4773  -0.320E-04 -0.4495E+01  0.5335E-06  0.1154E-01 -0.1938E+01    1.0000  0.0000E+00
  0.4773  -0.404E-04 -0.4394E+01  0.5719E-06  0.1153E-01 -0.1938E+01    1.0000  0.0000E+00
  0.4773  -0.509E-04 -0.4293E+01  0.6131E-06  0.1152E-01 -0.1938E+01    1.0000  0.0000E+00
  0.4773  -0.643E-04 -0.4192E+01  0.6573E-06  0.1151E-01 -0.1939E+01    1.0000  0.0000E+00
  0.4773  -0.811E-04 -0.4091E+01  0.7046E-06  0.1150E-01 -0.1939E+01    1.0000  0.0000E+00
  0.4773  -0.102E-03 -0.3990E+01  0.7553E-06  0.1149E-01 -0.1940E+01    1.0000  0.0000E+00
  0.4773  -0.129E-03 -0.3889E+01  0.8097E-06  0.1147E-01 -0.1940E+01    1.0000  0.0000E+00
  0.4773  -0.163E-03 -0.3788E+01  0.8680E-06  0.1146E-01 -0.1941E+01    1.0000  0.0000E+00
  0.4773  -0.206E-03 -0.3687E+01  0.9306E-06  0.1145E-01 -0.1941E+01    1.0000  0.0000E+00
  0.4773  -0.260E-03 -0.3586E+01  0.9976E-06  0.1143E-01 -0.1942E+01    1.0000  0.0000E+00
  0.4773  -0.327E-03 -0.3485E+01  0.1069E-05  0.1141E-01 -0.1943E+01    1.0000  0.0000E+00
  0.4773  -0.413E-03 -0.3384E+01  0.1146E-05  0.1140E-01 -0.1943E+01    1.0000  0.0000E+00
  0.4773  -0.521E-03 -0.3283E+01  0.1229E-05  0.1138E-01 -0.1944E+01    1.0000  0.0000E+00
  0.4773  -0.658E-03 -0.3182E+01  0.1318E-05  0.1136E-01 -0.1945E+01    1.0000  0.0000E+00
  0.4773  -0.830E-03 -0.3081E+01  0.1412E-05  0.1133E-01 -0.1946E+01    1.0000  0.0000E+00
  0.4773  -0.105E-02 -0.2980E+01  0.1514E-05  0.1131E-01 -0.1947E+01    1.0000  0.0000E+00
  0.4773  -0.132E-02 -0.2879E+01  0.1623E-05  0.1128E-01 -0.1948E+01    1.0000  0.0000E+00
  0.4773  -0.167E-02 -0.2778E+01  0.1740E-05  0.1126E-01 -0.1949E+01    1.0000  0.0000E+00
  0.4773  -0.210E-02 -0.2677E+01  0.1865E-05  0.1123E-01 -0.1950E+01    1.0000  0.0000E+00
  0.4773  -0.266E-02 -0.2576E+01  0.2000E-05  0.1120E-01 -0.1951E+01    1.0000  0.0000E+00
  0.4773  -0.335E-02 -0.2475E+01  0.2144E-05  0.1116E-01 -0.1952E+01    1.0000  0.0000E+00
  0.4773  -0.423E-02 -0.2374E+01  0.2298E-05  0.1113E-01 -0.1954E+01    1.0000  0.0000E+00
  0.4773  -0.534E-02 -0.2273E+01  0.2464E-05  0.1109E-01 -0.1955E+01    1.0000  0.0000E+00
  0.4773  -0.673E-02 -0.2172E+01  0.2641E-05  0.1105E-01 -0.1957E+01    1.0000  0.0000E+00
  0.4773  -0.850E-02 -0.2071E+01  0.2831E-05  0.1100E-01 -0.1958E+01    1.0000  0.0000E+00
  0.4773  -0.107E-01 -0.1970E+01  0.3035E-05  0.1096E-01 -0.1960E+01    1.0000  0.0000E+00
  0.4773  -0.135E-01 -0.1869E+01  0.3254E-05  0.1091E-01 -0.1962E+01    1.0000  0.0000E+00
  0.4773  -0.171E-01 -0.1768E+01  0.3488E-05  0.1085E-01 -0.1964E+01    1.0000  0.6680E-32
  0.4773  -0.215E-01 -0.1667E+01  0.3739E-05  0.1079E-01 -0.1967E+01    1.0000  0.6680E-32
  0.4773  -0.272E-01 -0.1566E+01  0.4009E-05  0.1073E-01 -0.1969E+01    1.0000  0.2581E-31
  0.4773  -0.343E-01 -0.1465E+01  0.4297E-05  0.1067E-01 -0.1972E+01    1.0000  0.6733E-31
  0.4773  -0.433E-01 -0.1364E+01  0.4607E-05  0.1060E-01 -0.1975E+01    1.0000  0.1416E-30
  0.4773  -0.546E-01 -0.1263E+01  0.4938E-05  0.1052E-01 -0.1978E+01    1.0000  0.4348E-30
  0.4773  -0.689E-01 -0.1162E+01  0.5294E-05  0.1044E-01 -0.1981E+01    1.0000  0.1005E-29
  0.4773  -0.870E-01 -0.1061E+01  0.5675E-05  0.1036E-01 -0.1985E+01    1.0000  0.3423E-29
  0.4773  -0.110E+00 -0.9596E+00  0.6084E-05  0.1027E-01 -0.1989E+01    1.0000  0.8372E-29
  0.4773  -0.138E+00 -0.8586E+00  0.6522E-05  0.1017E-01 -0.1993E+01    1.0000  0.2293E-28
  0.4773  -0.175E+00 -0.7576E+00  0.6992E-05  0.1006E-01 -0.1997E+01    1.0000  0.6894E-28
  0.4773  -0.221E+00 -0.6566E+00  0.7495E-05  0.9953E-02 -0.2002E+01    1.0000  0.1846E-27
  0.4773  -0.278E+00 -0.5556E+00  0.8035E-05  0.9835E-02 -0.2007E+01    1.0000  0.5005E-27
  0.4773  -0.351E+00 -0.4545E+00  0.8614E-05  0.9709E-02 -0.2013E+01    1.0000  0.1344E-26
  0.4773  -0.443E+00 -0.3535E+00  0.9234E-05  0.9575E-02 -0.2019E+01    1.0000  0.3735E-26
  0.4773  -0.559E+00 -0.2525E+00  0.9899E-05  0.9432E-02 -0.2025E+01    1.0000  0.1013E-25
  0.4773  -0.705E+00 -0.1515E+00  0.1061E-04  0.9280E-02 -0.2032E+01    1.0000  0.2753E-25
  0.4773  -0.890E+00 -0.5051E-01  0.1138E-04  0.9119E-02 -0.2040E+01    1.0000  0.7626E-25
  0.4773  -0.112E+01  0.5051E-01  0.1219E-04  0.8947E-02 -0.2048E+01    1.0000  0.2080E-24
  0.4773  -0.142E+01  0.1515E+00  0.1307E-04  0.8765E-02 -0.2057E+01    1.0000  0.5699E-24
  0.4773  -0.179E+01  0.2525E+00  0.1401E-04  0.8572E-02 -0.2067E+01    1.0000  0.1552E-23
  0.4773  -0.226E+01  0.3535E+00  0.1502E-04  0.8368E-02 -0.2077E+01    0.9999  0.4262E-23
  0.4773  -0.285E+01  0.4545E+00  0.1610E-04  0.8152E-02 -0.2089E+01    0.9999  0.1167E-22
  0.4773  -0.359E+01  0.5556E+00  0.1726E-04  0.7923E-02 -0.2101E+01    0.9999  0.3188E-22
  0.4772  -0.453E+01  0.6566E+00  0.1849E-04  0.7681E-02 -0.2115E+01    0.9998  0.8727E-22
  0.4772  -0.572E+01  0.7576E+00  0.1982E-04  0.7426E-02 -0.2129E+01    0.9998  0.2391E-21
  0.4772  -0.722E+01  0.8586E+00  0.2124E-04  0.7158E-02 -0.2145E+01    0.9997  0.6538E-21
  0.4771  -0.911E+01  0.9596E+00  0.2276E-04  0.6875E-02 -0.2163E+01    0.9996  0.1788E-20
  0.4771  -0.115E+02  0.1061E+01  0.2438E-04  0.6579E-02 -0.2182E+01    0.9995  0.4888E-20
  0.4770  -0.145E+02  0.1162E+01  0.2610E-04  0.6269E-02 -0.2203E+01    0.9993  0.1336E-19
  0.4769  -0.183E+02  0.1263E+01  0.2795E-04  0.5945E-02 -0.2226E+01    0.9990  0.3649E-19
  0.4768  -0.231E+02  0.1364E+01  0.2990E-04  0.5608E-02 -0.2251E+01    0.9986  0.9957E-19
  0.4766  -0.292E+02  0.1465E+01  0.3197E-04  0.5258E-02 -0.2279E+01    0.9982  0.2714E-18
  0.4763  -0.368E+02  0.1566E+01  0.3416E-04  0.4896E-02 -0.2310E+01    0.9975  0.7389E-18
  0.4760  -0.464E+02  0.1667E+01  0.3645E-04  0.4524E-02 -0.2345E+01    0.9967  0.2007E-17
  0.4755  -0.586E+02  0.1768E+01  0.3883E-04  0.4142E-02 -0.2383E+01    0.9955  0.5438E-17
  0.4749  -0.739E+02  0.1869E+01  0.4128E-04  0.3755E-02 -0.2425E+01    0.9939  0.1468E-16
  0.4741  -0.933E+02  0.1970E+01  0.4376E-04  0.3363E-02 -0.2473E+01    0.9919  0.3944E-16
  0.4730  -0.118E+03  0.2071E+01  0.4621E-04  0.2972E-02 -0.2527E+01    0.9891  0.1053E-15
  0.4715  -0.148E+03  0.2172E+01  0.4855E-04  0.2586E-02 -0.2587E+01    0.9854  0.2787E-15
  0.4696  -0.187E+03  0.2273E+01  0.5068E-04  0.2210E-02 -0.2656E+01    0.9805  0.7294E-15
  0.4671  -0.236E+03  0.2374E+01  0.5245E-04  0.1850E-02 -0.2733E+01    0.9740  0.1882E-14
  0.4638  -0.298E+03  0.2475E+01  0.5370E-04  0.1512E-02 -0.2820E+01    0.9657  0.4765E-14
  0.4595  -0.376E+03  0.2576E+01  0.5424E-04  0.1203E-02 -0.2920E+01    0.9550  0.1178E-13
  0.4542  -0.475E+03  0.2677E+01  0.5387E-04  0.9294E-03 -0.3032E+01    0.9414  0.2830E-13
  0.4476  -0.599E+03  0.2778E+01  0.5246E-04  0.6945E-03 -0.3158E+01    0.9246  0.6559E-13
  0.4395  -0.756E+03  0.2879E+01  0.4991E-04  0.5008E-03 -0.3300E+01    0.9042  0.1457E-12
  0.4300  -0.955E+03  0.2980E+01  0.4629E-04  0.3481E-03 -0.3458E+01    0.8801  0.3087E-12
  0.4190  -0.120E+04  0.3081E+01  0.4177E-04  0.2330E-03 -0.3633E+01    0.8521  0.6198E-12
  0.4067  -0.152E+04  0.3182E+01  0.3666E-04  0.1504E-03 -0.3823E+01    0.8208  0.1176E-11
  0.3932  -0.192E+04  0.3283E+01  0.3130E-04  0.9377E-04 -0.4028E+01    0.7866  0.2106E-11
  0.3788  -0.242E+04  0.3384E+01  0.2605E-04  0.5668E-04 -0.4247E+01    0.7502  0.3558E-11
  0.3640  -0.305E+04  0.3485E+01  0.2119E-04  0.3334E-04 -0.4477E+01    0.7125  0.5689E-11
  0.3488  -0.385E+04  0.3586E+01  0.1690E-04  0.1916E-04 -0.4718E+01    0.6741  0.8636E-11
  0.3337  -0.486E+04  0.3687E+01  0.1326E-04  0.1080E-04 -0.4966E+01    0.6358  0.1250E-10
  0.3189  -0.614E+04  0.3788E+01  0.1026E-04  0.5999E-05 -0.5222E+01    0.5982  0.1735E-10
  0.3045  -0.774E+04  0.3889E+01  0.7853E-05  0.3291E-05 -0.5483E+01    0.5617  0.2319E-10
  0.2907  -0.977E+04  0.3990E+01  0.5961E-05  0.1788E-05 -0.5748E+01    0.5265  0.2998E-10
  0.2774  -0.123E+05  0.4091E+01  0.4495E-05  0.9648E-06 -0.6016E+01    0.4930  0.3766E-10
  0.2649  -0.156E+05  0.4192E+01  0.3373E-05  0.5177E-06 -0.6286E+01    0.4612  0.4612E-10
  0.2530  -0.196E+05  0.4293E+01  0.2521E-05  0.2766E-06 -0.6558E+01    0.4311  0.5526E-10
  0.2419  -0.248E+05  0.4394E+01  0.1880E-05  0.1473E-06 -0.6832E+01    0.4028  0.6495E-10
  0.2314  -0.313E+05  0.4495E+01  0.1398E-05  0.7829E-07 -0.7106E+01    0.3761  0.7508E-10
  0.2215  -0.394E+05  0.4596E+01  0.1038E-05  0.4153E-07 -0.7382E+01    0.3512  0.8552E-10
  0.2123  -0.498E+05  0.4697E+01  0.7702E-06  0.2200E-07 -0.7658E+01    0.3278  0.9616E-10
  0.2037  -0.628E+05  0.4798E+01  0.5708E-06  0.1164E-07 -0.7934E+01    0.3059  0.1069E-09
  0.1956  -0.792E+05  0.4899E+01  0.4227E-06  0.6159E-08 -0.8210E+01    0.2855  0.1176E-09
  0.1881  -0.100E+06  0.5000E+01  0.3129E-06  0.3256E-08 -0.8487E+01    0.2663  0.1282E-09
end
 
  0.4617  -0.100E-04 -0.5000E+01  0.5967E-09  0.7500E-01 -0.1125E+01    1.0000  0.0000E+00
  0.4617  -0.126E-04 -0.4899E+01  0.6885E-09  0.7500E-01 -0.1125E+01    1.0000  0.0000E+00
  0.4617  -0.159E-04 -0.4798E+01  0.7944E-09  0.7500E-01 -0.1125E+01    1.0000  0.0000E+00
  0.4617  -0.201E-04 -0.4697E+01  0.9166E-09  0.7500E-01 -0.1125E+01    1.0000  0.0000E+00
  0.4617  -0.254E-04 -0.4596E+01  0.1058E-08  0.7500E-01 -0.1125E+01    1.0000  0.0000E+00
  0.4617  -0.320E-04 -0.4495E+01  0.1220E-08  0.7500E-01 -0.1125E+01    1.0000  0.0000E+00
  0.4617  -0.404E-04 -0.4394E+01  0.1408E-08  0.7500E-01 -0.1125E+01    1.0000  0.0000E+00
  0.4617  -0.509E-04 -0.4293E+01  0.1624E-08  0.7500E-01 -0.1125E+01    1.0000  0.0000E+00
  0.4617  -0.643E-04 -0.4192E+01  0.1874E-08  0.7500E-01 -0.1125E+01    1.0000  0.0000E+00
  0.4617  -0.811E-04 -0.4091E+01  0.2163E-08  0.7500E-01 -0.1125E+01    1.0000  0.0000E+00
  0.4617  -0.102E-03 -0.3990E+01  0.2495E-08  0.7500E-01 -0.1125E+01    1.0000  0.0000E+00
  0.4617  -0.129E-03 -0.3889E+01  0.2879E-08  0.7500E-01 -0.1125E+01    1.0000  0.0000E+00
  0.4617  -0.163E-03 -0.3788E+01  0.3322E-08  0.7499E-01 -0.1125E+01    1.0000  0.0000E+00
  0.4617  -0.206E-03 -0.3687E+01  0.3833E-08  0.7499E-01 -0.1125E+01    1.0000  0.0000E+00
  0.4617  -0.260E-03 -0.3586E+01  0.4422E-08  0.7499E-01 -0.1125E+01    1.0000  0.0000E+00
  0.4617  -0.327E-03 -0.3485E+01  0.5102E-08  0.7499E-01 -0.1125E+01    1.0000  0.0000E+00
  0.4617  -0.413E-03 -0.3384E+01  0.5887E-08  0.7499E-01 -0.1125E+01    1.0000  0.0000E+00
  0.4617  -0.521E-03 -0.3283E+01  0.6792E-08  0.7499E-01 -0.1125E+01    1.0000  0.0000E+00
  0.4617  -0.658E-03 -0.3182E+01  0.7837E-08  0.7499E-01 -0.1125E+01    1.0000  0.0000E+00
  0.4617  -0.830E-03 -0.3081E+01  0.9042E-08  0.7499E-01 -0.1125E+01    1.0000  0.0000E+00
  0.4617  -0.105E-02 -0.2980E+01  0.1043E-07  0.7498E-01 -0.1125E+01    1.0000  0.0000E+00
  0.4617  -0.132E-02 -0.2879E+01  0.1204E-07  0.7498E-01 -0.1125E+01    1.0000  0.0000E+00
  0.4617  -0.167E-02 -0.2778E+01  0.1389E-07  0.7498E-01 -0.1125E+01    1.0000  0.0000E+00
  0.4617  -0.210E-02 -0.2677E+01  0.1603E-07  0.7497E-01 -0.1125E+01    1.0000  0.0000E+00
  0.4617  -0.266E-02 -0.2576E+01  0.1849E-07  0.7497E-01 -0.1125E+01    1.0000  0.0000E+00
  0.4617  -0.335E-02 -0.2475E+01  0.2133E-07  0.7496E-01 -0.1125E+01    1.0000  0.0000E+00
  0.4617  -0.423E-02 -0.2374E+01  0.2462E-07  0.7496E-01 -0.1125E+01    1.0000  0.0000E+00
  0.4617  -0.534E-02 -0.2273E+01  0.2840E-07  0.7495E-01 -0.1125E+01    1.0000  0.0000E+00
  0.4617  -0.673E-02 -0.2172E+01  0.3277E-07  0.7495E-01 -0.1125E+01    1.0000  0.0000E+00
  0.4617  -0.850E-02 -0.2071E+01  0.3781E-07  0.7494E-01 -0.1125E+01    1.0000  0.0000E+00
  0.4617  -0.107E-01 -0.1970E+01  0.4362E-07  0.7493E-01 -0.1125E+01    1.0000  0.0000E+00
  0.4617  -0.135E-01 -0.1869E+01  0.5033E-07  0.7492E-01 -0.1125E+01    1.0000  0.0000E+00
  0.4617  -0.171E-01 -0.1768E+01  0.5808E-07  0.7490E-01 -0.1125E+01    1.0000  0.0000E+00
  0.4617  -0.215E-01 -0.1667E+01  0.6701E-07  0.7489E-01 -0.1126E+01    1.0000  0.0000E+00
  0.4617  -0.272E-01 -0.1566E+01  0.7731E-07  0.7487E-01 -0.1126E+01    1.0000  0.0000E+00
  0.4617  -0.343E-01 -0.1465E+01  0.8920E-07  0.7485E-01 -0.1126E+01    1.0000  0.0000E+00
  0.4617  -0.433E-01 -0.1364E+01  0.1029E-06  0.7483E-01 -0.1126E+01    1.0000  0.0000E+00
  0.4617  -0.546E-01 -0.1263E+01  0.1188E-06  0.7480E-01 -0.1126E+01    1.0000  0.0000E+00
  0.4617  -0.689E-01 -0.1162E+01  0.1370E-06  0.7477E-01 -0.1126E+01    1.0000  0.0000E+00
  0.4617  -0.870E-01 -0.1061E+01  0.1581E-06  0.7474E-01 -0.1126E+01    1.0000  0.0000E+00
  0.4617  -0.110E+00 -0.9596E+00  0.1824E-06  0.7470E-01 -0.1127E+01    1.0000  0.0000E+00
  0.4617  -0.138E+00 -0.8586E+00  0.2105E-06  0.7465E-01 -0.1127E+01    1.0000  0.7082E-33
  0.4617  -0.175E+00 -0.7576E+00  0.2428E-06  0.7460E-01 -0.1127E+01    1.0000  0.7082E-33
  0.4617  -0.221E+00 -0.6566E+00  0.2802E-06  0.7454E-01 -0.1128E+01    1.0000  0.7082E-33
  0.4617  -0.278E+00 -0.5556E+00  0.3233E-06  0.7447E-01 -0.1128E+01    1.0000  0.7139E-32
  0.4617  -0.351E+00 -0.4545E+00  0.3730E-06  0.7439E-01 -0.1129E+01    1.0000  0.2758E-31
  0.4617  -0.443E+00 -0.3535E+00  0.4304E-06  0.7429E-01 -0.1129E+01    1.0000  0.7195E-31
  0.4617  -0.559E+00 -0.2525E+00  0.4965E-06  0.7418E-01 -0.1130E+01    1.0000  0.2780E-30
  0.4617  -0.705E+00 -0.1515E+00  0.5729E-06  0.7406E-01 -0.1130E+01    1.0000  0.7252E-30
  0.4617  -0.890E+00 -0.5051E-01  0.6610E-06  0.7391E-01 -0.1131E+01    1.0000  0.2802E-29
  0.4617  -0.112E+01  0.5051E-01  0.7627E-06  0.7375E-01 -0.1132E+01    1.0000  0.1082E-28
  0.4617  -0.142E+01  0.1515E+00  0.8800E-06  0.7356E-01 -0.1133E+01    1.0000  0.3688E-28
  0.4617  -0.179E+01  0.2525E+00  0.1015E-05  0.7334E-01 -0.1135E+01    1.0000  0.1307E-27
  0.4617  -0.226E+01  0.3535E+00  0.1172E-05  0.7308E-01 -0.1136E+01    1.0000  0.4481E-27
  0.4617  -0.285E+01  0.4545E+00  0.1352E-05  0.7279E-01 -0.1138E+01    1.0000  0.1562E-26
  0.4617  -0.359E+01  0.5556E+00  0.1560E-05  0.7245E-01 -0.1140E+01    1.0000  0.5391E-26
  0.4617  -0.453E+01  0.6566E+00  0.1799E-05  0.7206E-01 -0.1142E+01    1.0000  0.1928E-25
  0.4617  -0.572E+01  0.7576E+00  0.2076E-05  0.7162E-01 -0.1145E+01    1.0000  0.6696E-25
  0.4617  -0.722E+01  0.8586E+00  0.2395E-05  0.7110E-01 -0.1148E+01    1.0000  0.2329E-24
  0.4617  -0.911E+01  0.9596E+00  0.2764E-05  0.7051E-01 -0.1152E+01    1.0000  0.8163E-24
  0.4617  -0.115E+02  0.1061E+01  0.3188E-05  0.6983E-01 -0.1156E+01    0.9999  0.2862E-23
  0.4617  -0.145E+02  0.1162E+01  0.3678E-05  0.6905E-01 -0.1161E+01    0.9999  0.9999E-23
  0.4617  -0.183E+02  0.1263E+01  0.4244E-05  0.6816E-01 -0.1166E+01    0.9999  0.3493E-22
  0.4616  -0.231E+02  0.1364E+01  0.4895E-05  0.6714E-01 -0.1173E+01    0.9998  0.1222E-21
  0.4616  -0.292E+02  0.1465E+01  0.5647E-05  0.6596E-01 -0.1181E+01    0.9997  0.4273E-21
  0.4616  -0.368E+02  0.1566E+01  0.6512E-05  0.6463E-01 -0.1190E+01    0.9996  0.1494E-20
  0.4615  -0.464E+02  0.1667E+01  0.7509E-05  0.6310E-01 -0.1200E+01    0.9995  0.5219E-20
  0.4614  -0.586E+02  0.1768E+01  0.8656E-05  0.6136E-01 -0.1212E+01    0.9992  0.1823E-19
  0.4612  -0.739E+02  0.1869E+01  0.9975E-05  0.5938E-01 -0.1226E+01    0.9988  0.6363E-19
  0.4610  -0.933E+02  0.1970E+01  0.1149E-04  0.5714E-01 -0.1243E+01    0.9983  0.2219E-18
  0.4607  -0.118E+03  0.2071E+01  0.1322E-04  0.5460E-01 -0.1263E+01    0.9976  0.7724E-18
  0.4603  -0.148E+03  0.2172E+01  0.1519E-04  0.5176E-01 -0.1286E+01    0.9964  0.2684E-17
  0.4597  -0.187E+03  0.2273E+01  0.1742E-04  0.4858E-01 -0.1314E+01    0.9948  0.9296E-17
  0.4587  -0.236E+03  0.2374E+01  0.1993E-04  0.4506E-01 -0.1346E+01    0.9925  0.3206E-16
  0.4574  -0.298E+03  0.2475E+01  0.2272E-04  0.4118E-01 -0.1385E+01    0.9892  0.1099E-15
  0.4555  -0.376E+03  0.2576E+01  0.2575E-04  0.3698E-01 -0.1432E+01    0.9844  0.3731E-15
  0.4528  -0.475E+03  0.2677E+01  0.2897E-04  0.3249E-01 -0.1488E+01    0.9775  0.1251E-14
  0.4490  -0.599E+03  0.2778E+01  0.3224E-04  0.2780E-01 -0.1556E+01    0.9679  0.4119E-14
  0.4437  -0.756E+03  0.2879E+01  0.3536E-04  0.2303E-01 -0.1638E+01    0.9544  0.1323E-13
  0.4364  -0.955E+03  0.2980E+01  0.3801E-04  0.1835E-01 -0.1736E+01    0.9359  0.4104E-13
  0.4266  -0.120E+04  0.3081E+01  0.3980E-04  0.1396E-01 -0.1855E+01    0.9112  0.1217E-12
  0.4140  -0.152E+04  0.3182E+01  0.4032E-04  0.1007E-01 -0.1997E+01    0.8791  0.3405E-12
  0.3981  -0.192E+04  0.3283E+01  0.3926E-04  0.6840E-02 -0.2165E+01    0.8389  0.8870E-12
  0.3790  -0.242E+04  0.3384E+01  0.3653E-04  0.4362E-02 -0.2360E+01    0.7906  0.2126E-11
  0.3572  -0.305E+04  0.3485E+01  0.3240E-04  0.2609E-02 -0.2584E+01    0.7353  0.4645E-11
  0.3333  -0.385E+04  0.3586E+01  0.2739E-04  0.1467E-02 -0.2834E+01    0.6748  0.9217E-11
  0.3084  -0.486E+04  0.3687E+01  0.2215E-04  0.7809E-03 -0.3107E+01    0.6118  0.1663E-10
  0.2835  -0.614E+04  0.3788E+01  0.1723E-04  0.3965E-03 -0.3402E+01    0.5488  0.2747E-10
  0.2595  -0.774E+04  0.3889E+01  0.1298E-04  0.1938E-03 -0.3713E+01    0.4879  0.4187E-10
  0.2369  -0.977E+04  0.3990E+01  0.9537E-05  0.9200E-04 -0.4036E+01    0.4308  0.5955E-10
  0.2162  -0.123E+05  0.4091E+01  0.6874E-05  0.4271E-04 -0.4370E+01    0.3784  0.7987E-10
  0.1975  -0.156E+05  0.4192E+01  0.4885E-05  0.1950E-04 -0.4710E+01    0.3310  0.1020E-09
  0.1808  -0.196E+05  0.4293E+01  0.3437E-05  0.8803E-05 -0.5055E+01    0.2888  0.1250E-09
  0.1661  -0.248E+05  0.4394E+01  0.2400E-05  0.3940E-05 -0.5404E+01    0.2515  0.1482E-09
  0.1531  -0.313E+05  0.4495E+01  0.1668E-05  0.1754E-05 -0.5756E+01    0.2186  0.1709E-09
  0.1418  -0.394E+05  0.4596E+01  0.1155E-05  0.7772E-06 -0.6109E+01    0.1899  0.1927E-09
  0.1319  -0.498E+05  0.4697E+01  0.7974E-06  0.3435E-06 -0.6464E+01    0.1648  0.2131E-09
  0.1233  -0.628E+05  0.4798E+01  0.5498E-06  0.1515E-06 -0.6820E+01    0.1430  0.2320E-09
  0.1158  -0.792E+05  0.4899E+01  0.3786E-06  0.6674E-07 -0.7176E+01    0.1240  0.2493E-09
  0.1093  -0.100E+06  0.5000E+01  0.2605E-06  0.2937E-07 -0.7532E+01    0.1076  0.2649E-09
end
