 ******* Program HYDRUS
 ******* 
 Welcome to HYDRUS-1D                                                    
 Date:  27. 5.    Time:  23: 1:18
 Units: L = mm   , T = min  , M = mmol 


 Time:        0.0000


 Node      Depth      Head Moisture       K          C         Flux        Sink         Kappa   v/KsTop   Temp
           [L]        [L]    [-]        [L/T]      [1/L]      [L/T]        [1/T]         [-]      [-]      [C]

   1     0.0000  -20000.000 0.1729   0.1303E-04  0.3564E-05 -0.1303E-04  0.0000E+00      -1  -0.174E-03   20.00
   2    -6.6890  -20000.000 0.1729   0.1303E-04  0.3564E-05 -0.1303E-04  0.0000E+00      -1  -0.174E-03   20.00
   3   -13.3779  -20000.000 0.1729   0.1303E-04  0.3564E-05 -0.1303E-04  0.0000E+00      -1  -0.174E-03   20.00
   4   -20.0669  -20000.000 0.1729   0.1303E-04  0.3564E-05 -0.1303E-04  0.0000E+00      -1  -0.174E-03   20.00
   5   -26.7558  -20000.000 0.1729   0.1303E-04  0.3564E-05 -0.1303E-04  0.0000E+00      -1  -0.174E-03   20.00
   6   -33.4448  -20000.000 0.1729   0.1303E-04  0.3564E-05 -0.1303E-04  0.0000E+00      -1  -0.174E-03   20.00
   7   -40.1338  -20000.000 0.1729   0.1303E-04  0.3564E-05 -0.1303E-04  0.0000E+00      -1  -0.174E-03   20.00
   8   -46.8227  -20000.000 0.1729   0.1303E-04  0.3564E-05 -0.1303E-04  0.0000E+00      -1  -0.174E-03   20.00
   9   -53.5117  -20000.000 0.1729   0.1303E-04  0.3564E-05 -0.1303E-04  0.0000E+00      -1  -0.174E-03   20.00
  10   -60.2007  -20000.000 0.1729   0.1303E-04  0.3564E-05 -0.1303E-04  0.0000E+00      -1  -0.174E-03   20.00
  11   -66.8896  -20000.000 0.1729   0.1303E-04  0.3564E-05 -0.1303E-04  0.0000E+00      -1  -0.174E-03   20.00
  12   -73.5786  -20000.000 0.1729   0.1303E-04  0.3564E-05 -0.1303E-04  0.0000E+00      -1  -0.174E-03   20.00
  13   -80.2676  -20000.000 0.1729   0.1303E-04  0.3564E-05 -0.1303E-04  0.0000E+00      -1  -0.174E-03   20.00
  14   -86.9565  -20000.000 0.1729   0.1303E-04  0.3564E-05 -0.1303E-04  0.0000E+00      -1  -0.174E-03   20.00
  15   -93.6455  -20000.000 0.1729   0.1303E-04  0.3564E-05 -0.1303E-04  0.0000E+00      -1  -0.174E-03   20.00
  16  -100.3340  -20000.000 0.1729   0.1303E-04  0.3564E-05 -0.1303E-04  0.0000E+00      -1  -0.174E-03   20.00
  17  -107.0230  -20000.000 0.1729   0.1303E-04  0.3564E-05 -0.1303E-04  0.0000E+00      -1  -0.174E-03   20.00
  18  -113.7120  -20000.000 0.1729   0.1303E-04  0.3564E-05 -0.1303E-04  0.0000E+00      -1  -0.174E-03   20.00
  19  -120.4010  -20000.000 0.1729   0.1303E-04  0.3564E-05 -0.1303E-04  0.0000E+00      -1  -0.174E-03   20.00
  20  -127.0900  -20000.000 0.1729   0.1303E-04  0.3564E-05 -0.1303E-04  0.0000E+00      -1  -0.174E-03   20.00
  21  -133.7790  -20000.000 0.1729   0.1303E-04  0.3564E-05 -0.1303E-04  0.0000E+00      -1  -0.174E-03   20.00
  22  -140.4680  -20000.000 0.1729   0.1303E-04  0.3564E-05 -0.1303E-04  0.0000E+00      -1  -0.174E-03   20.00
  23  -147.1570  -20000.000 0.1729   0.1303E-04  0.3564E-05 -0.1303E-04  0.0000E+00      -1  -0.174E-03   20.00
  24  -153.8460  -20000.000 0.1729   0.1303E-04  0.3564E-05 -0.1303E-04  0.0000E+00      -1  -0.174E-03   20.00
  25  -160.5350  -20000.000 0.1729   0.1303E-04  0.3564E-05 -0.1303E-04  0.0000E+00      -1  -0.174E-03   20.00
  26  -167.2240  -20000.000 0.1729   0.1303E-04  0.3564E-05 -0.1303E-04  0.0000E+00      -1  -0.174E-03   20.00
  27  -173.9130  -20000.000 0.1729   0.1303E-04  0.3564E-05 -0.1303E-04  0.0000E+00      -1  -0.174E-03   20.00
  28  -180.6020  -20000.000 0.1729   0.1303E-04  0.3564E-05 -0.1303E-04  0.0000E+00      -1  -0.174E-03   20.00
  29  -187.2910  -20000.000 0.1729   0.1303E-04  0.3564E-05 -0.1303E-04  0.0000E+00      -1  -0.174E-03   20.00
  30  -193.9800  -20000.000 0.1729   0.1303E-04  0.3564E-05 -0.1303E-04  0.0000E+00      -1  -0.174E-03   20.00
  31  -200.6690  -20000.000 0.1729   0.1303E-04  0.3564E-05 -0.1303E-04  0.0000E+00      -1  -0.174E-03   20.00
  32  -207.3580  -20000.000 0.1729   0.1303E-04  0.3564E-05 -0.1303E-04  0.0000E+00      -1  -0.174E-03   20.00
  33  -214.0470  -20000.000 0.1729   0.1303E-04  0.3564E-05 -0.1303E-04  0.0000E+00      -1  -0.174E-03   20.00
  34  -220.7360  -20000.000 0.1729   0.1303E-04  0.3564E-05 -0.1303E-04  0.0000E+00      -1  -0.174E-03   20.00
  35  -227.4250  -20000.000 0.1729   0.1303E-04  0.3564E-05 -0.1303E-04  0.0000E+00      -1  -0.174E-03   20.00
  36  -234.1140  -20000.000 0.1729   0.1303E-04  0.3564E-05 -0.1303E-04  0.0000E+00      -1  -0.174E-03   20.00
  37  -240.8030  -20000.000 0.1729   0.1303E-04  0.3564E-05 -0.1303E-04  0.0000E+00      -1  -0.174E-03   20.00
  38  -247.4920  -20000.000 0.1729   0.1303E-04  0.3564E-05 -0.1303E-04  0.0000E+00      -1  -0.174E-03   20.00
  39  -254.1810  -20000.000 0.1729   0.1303E-04  0.3564E-05 -0.1303E-04  0.0000E+00      -1  -0.174E-03   20.00
  40  -260.8700  -20000.000 0.1729   0.1303E-04  0.3564E-05 -0.1303E-04  0.0000E+00      -1  -0.174E-03   20.00
  41  -267.5590  -20000.000 0.1729   0.1303E-04  0.3564E-05 -0.1303E-04  0.0000E+00      -1  -0.174E-03   20.00
  42  -274.2470  -20000.000 0.1729   0.1303E-04  0.3564E-05 -0.1303E-04  0.0000E+00      -1  -0.174E-03   20.00
  43  -280.9360  -20000.000 0.1729   0.1303E-04  0.3564E-05 -0.1303E-04  0.0000E+00      -1  -0.174E-03   20.00
  44  -287.6250  -20000.000 0.1729   0.1303E-04  0.3564E-05 -0.1303E-04  0.0000E+00      -1  -0.174E-03   20.00
  45  -294.3140  -20000.000 0.1729   0.1303E-04  0.3564E-05 -0.1303E-04  0.0000E+00      -1  -0.174E-03   20.00
  46  -301.0030  -20000.000 0.1729   0.1303E-04  0.3564E-05 -0.1303E-04  0.0000E+00      -1  -0.174E-03   20.00
  47  -307.6920  -20000.000 0.1729   0.1303E-04  0.3564E-05 -0.1303E-04  0.0000E+00      -1  -0.174E-03   20.00
  48  -314.3810  -20000.000 0.1729   0.1303E-04  0.3564E-05 -0.1303E-04  0.0000E+00      -1  -0.174E-03   20.00
  49  -321.0700  -20000.000 0.1729   0.1303E-04  0.3564E-05 -0.1303E-04  0.0000E+00      -1  -0.174E-03   20.00
  50  -327.7590  -20000.000 0.1729   0.1303E-04  0.3564E-05 -0.1303E-04  0.0000E+00      -1  -0.174E-03   20.00
  51  -334.4480  -20000.000 0.1729   0.1303E-04  0.3564E-05 -0.1303E-04  0.0000E+00      -1  -0.174E-03   20.00
  52  -341.1370  -20000.000 0.1729   0.1303E-04  0.3564E-05 -0.1303E-04  0.0000E+00      -1  -0.174E-03   20.00
  53  -347.8260  -20000.000 0.1729   0.1303E-04  0.3564E-05 -0.1303E-04  0.0000E+00      -1  -0.174E-03   20.00
  54  -354.5150  -20000.000 0.1729   0.1303E-04  0.3564E-05 -0.1303E-04  0.0000E+00      -1  -0.174E-03   20.00
  55  -361.2040  -20000.000 0.1729   0.1303E-04  0.3564E-05 -0.1303E-04  0.0000E+00      -1  -0.174E-03   20.00
  56  -367.8930  -20000.000 0.1729   0.1303E-04  0.3564E-05 -0.1303E-04  0.0000E+00      -1  -0.174E-03   20.00
  57  -374.5820  -20000.000 0.1729   0.1303E-04  0.3564E-05 -0.1303E-04  0.0000E+00      -1  -0.174E-03   20.00
  58  -381.2710  -20000.000 0.1729   0.1303E-04  0.3564E-05 -0.1303E-04  0.0000E+00      -1  -0.174E-03   20.00
  59  -387.9600  -20000.000 0.1729   0.1303E-04  0.3564E-05 -0.1303E-04  0.0000E+00      -1  -0.174E-03   20.00
  60  -394.6490  -20000.000 0.1729   0.1303E-04  0.3564E-05 -0.1303E-04  0.0000E+00      -1  -0.174E-03   20.00
  61  -401.3380  -20000.000 0.1729   0.1303E-04  0.3564E-05 -0.1303E-04  0.0000E+00      -1  -0.174E-03   20.00
  62  -408.0270  -20000.000 0.1729   0.1303E-04  0.3564E-05 -0.1303E-04  0.0000E+00      -1  -0.174E-03   20.00
  63  -414.7160  -20000.000 0.1729   0.1303E-04  0.3564E-05 -0.1303E-04  0.0000E+00      -1  -0.174E-03   20.00
  64  -421.4050  -20000.000 0.1729   0.1303E-04  0.3564E-05 -0.1303E-04  0.0000E+00      -1  -0.174E-03   20.00
  65  -428.0940  -20000.000 0.1729   0.1303E-04  0.3564E-05 -0.1303E-04  0.0000E+00      -1  -0.174E-03   20.00
  66  -434.7830  -20000.000 0.1729   0.1303E-04  0.3564E-05 -0.1024E-04  0.0000E+00      -1  -0.136E-03   20.00
  67  -440.0000  -20000.000 0.2522   0.2673E-06  0.2475E-05 -0.2756E-05  0.0000E+00      -1  -0.368E-04   20.00
  68  -448.1600  -20000.000 0.2522   0.2673E-06  0.2475E-05 -0.2673E-06  0.0000E+00      -1  -0.356E-05   20.00
  69  -454.8490  -20000.000 0.2522   0.2673E-06  0.2475E-05 -0.2673E-06  0.0000E+00      -1  -0.356E-05   20.00
  70  -461.5390  -20000.000 0.2522   0.2673E-06  0.2475E-05 -0.2673E-06  0.0000E+00      -1  -0.356E-05   20.00
  71  -468.2270  -20000.000 0.2522   0.2673E-06  0.2475E-05 -0.2673E-06  0.0000E+00      -1  -0.356E-05   20.00
  72  -474.9160  -20000.000 0.2522   0.2673E-06  0.2475E-05 -0.2673E-06  0.0000E+00      -1  -0.356E-05   20.00
  73  -481.6050  -20000.000 0.2522   0.2673E-06  0.2475E-05 -0.2673E-06  0.0000E+00      -1  -0.356E-05   20.00
  74  -488.2940  -20000.000 0.2522   0.2673E-06  0.2475E-05 -0.2673E-06  0.0000E+00      -1  -0.356E-05   20.00
  75  -494.9830  -20000.000 0.2522   0.2673E-06  0.2475E-05 -0.2673E-06  0.0000E+00      -1  -0.356E-05   20.00
  76  -501.6720  -20000.000 0.2522   0.2673E-06  0.2475E-05 -0.2673E-06  0.0000E+00      -1  -0.356E-05   20.00
  77  -508.3610  -20000.000 0.2522   0.2673E-06  0.2475E-05 -0.2673E-06  0.0000E+00      -1  -0.356E-05   20.00
  78  -515.0500  -20000.000 0.2522   0.2673E-06  0.2475E-05 -0.2673E-06  0.0000E+00      -1  -0.356E-05   20.00
  79  -521.7390  -20000.000 0.2522   0.2673E-06  0.2475E-05 -0.2673E-06  0.0000E+00      -1  -0.356E-05   20.00
  80  -528.4280  -20000.000 0.2522   0.2673E-06  0.2475E-05 -0.2673E-06  0.0000E+00      -1  -0.356E-05   20.00
  81  -535.1170  -20000.000 0.2522   0.2673E-06  0.2475E-05 -0.2673E-06  0.0000E+00      -1  -0.356E-05   20.00
  82  -541.8060  -20000.000 0.2522   0.2673E-06  0.2475E-05 -0.2673E-06  0.0000E+00      -1  -0.356E-05   20.00
  83  -548.4950  -20000.000 0.2522   0.2673E-06  0.2475E-05 -0.2673E-06  0.0000E+00      -1  -0.356E-05   20.00
  84  -555.1840  -20000.000 0.2522   0.2673E-06  0.2475E-05 -0.2673E-06  0.0000E+00      -1  -0.356E-05   20.00
  85  -561.8730  -20000.000 0.2522   0.2673E-06  0.2475E-05 -0.2673E-06  0.0000E+00      -1  -0.356E-05   20.00
  86  -568.5620  -20000.000 0.2522   0.2673E-06  0.2475E-05 -0.2673E-06  0.0000E+00      -1  -0.356E-05   20.00
  87  -575.2510  -20000.000 0.2522   0.2673E-06  0.2475E-05 -0.2673E-06  0.0000E+00      -1  -0.356E-05   20.00
  88  -581.9400  -20000.000 0.2522   0.2673E-06  0.2475E-05 -0.2673E-06  0.0000E+00      -1  -0.356E-05   20.00
  89  -588.6290  -20000.000 0.2522   0.2673E-06  0.2475E-05 -0.2673E-06  0.0000E+00      -1  -0.356E-05   20.00
  90  -595.3180  -20000.000 0.2522   0.2673E-06  0.2475E-05 -0.2673E-06  0.0000E+00      -1  -0.356E-05   20.00
  91  -602.0070  -20000.000 0.2522   0.2673E-06  0.2475E-05 -0.2673E-06  0.0000E+00      -1  -0.356E-05   20.00
  92  -608.6960  -20000.000 0.2522   0.2673E-06  0.2475E-05 -0.2673E-06  0.0000E+00      -1  -0.356E-05   20.00
  93  -615.3850  -20000.000 0.2522   0.2673E-06  0.2475E-05 -0.2673E-06  0.0000E+00      -1  -0.356E-05   20.00
  94  -622.0730  -20000.000 0.2522   0.2673E-06  0.2475E-05 -0.2673E-06  0.0000E+00      -1  -0.356E-05   20.00
  95  -628.7630  -20000.000 0.2522   0.2673E-06  0.2475E-05 -0.2673E-06  0.0000E+00      -1  -0.356E-05   20.00
  96  -635.4510  -20000.000 0.2522   0.2673E-06  0.2475E-05 -0.2673E-06  0.0000E+00      -1  -0.356E-05   20.00
  97  -642.1400  -20000.000 0.2522   0.2673E-06  0.2475E-05 -0.2673E-06  0.0000E+00      -1  -0.356E-05   20.00
  98  -648.8290  -20000.000 0.2522   0.2673E-06  0.2475E-05 -0.2673E-06  0.0000E+00      -1  -0.356E-05   20.00
  99  -655.5180  -20000.000 0.2522   0.2673E-06  0.2475E-05 -0.2673E-06  0.0000E+00      -1  -0.356E-05   20.00
 100  -662.2070  -20000.000 0.2522   0.2673E-06  0.2475E-05 -0.2673E-06  0.0000E+00      -1  -0.356E-05   20.00
 101  -668.8960  -20000.000 0.2522   0.2673E-06  0.2475E-05 -0.2673E-06  0.0000E+00      -1  -0.356E-05   20.00
 102  -675.5850  -20000.000 0.2522   0.2673E-06  0.2475E-05 -0.2673E-06  0.0000E+00      -1  -0.356E-05   20.00
 103  -682.2740  -20000.000 0.2522   0.2673E-06  0.2475E-05 -0.2673E-06  0.0000E+00      -1  -0.356E-05   20.00
 104  -688.9630  -20000.000 0.2522   0.2673E-06  0.2475E-05 -0.2673E-06  0.0000E+00      -1  -0.356E-05   20.00
 105  -695.6520  -20000.000 0.2522   0.2673E-06  0.2475E-05 -0.2673E-06  0.0000E+00      -1  -0.356E-05   20.00
 106  -702.3410  -20000.000 0.2522   0.2673E-06  0.2475E-05 -0.2673E-06  0.0000E+00      -1  -0.356E-05   20.00
 107  -709.0300  -20000.000 0.2522   0.2673E-06  0.2475E-05 -0.2673E-06  0.0000E+00      -1  -0.356E-05   20.00
 108  -715.7190  -20000.000 0.2522   0.2673E-06  0.2475E-05 -0.2673E-06  0.0000E+00      -1  -0.356E-05   20.00
 109  -722.4080  -20000.000 0.2522   0.2673E-06  0.2475E-05 -0.2673E-06  0.0000E+00      -1  -0.356E-05   20.00
 110  -729.0970  -20000.000 0.2522   0.2673E-06  0.2475E-05 -0.2673E-06  0.0000E+00      -1  -0.356E-05   20.00
 111  -735.7860  -20000.000 0.2522   0.2673E-06  0.2475E-05 -0.2673E-06  0.0000E+00      -1  -0.356E-05   20.00
 112  -742.4750  -20000.000 0.2522   0.2673E-06  0.2475E-05 -0.2673E-06  0.0000E+00      -1  -0.356E-05   20.00
 113  -749.1640  -20000.000 0.2522   0.2673E-06  0.2475E-05 -0.2673E-06  0.0000E+00      -1  -0.356E-05   20.00
 114  -755.8530  -20000.000 0.2522   0.2673E-06  0.2475E-05 -0.2673E-06  0.0000E+00      -1  -0.356E-05   20.00
 115  -762.5420  -20000.000 0.2522   0.2673E-06  0.2475E-05 -0.2673E-06  0.0000E+00      -1  -0.356E-05   20.00
 116  -769.2310  -20000.000 0.2522   0.2673E-06  0.2475E-05 -0.2673E-06  0.0000E+00      -1  -0.356E-05   20.00
 117  -775.9200  -20000.000 0.2522   0.2673E-06  0.2475E-05 -0.2673E-06  0.0000E+00      -1  -0.356E-05   20.00
 118  -782.6090  -20000.000 0.2522   0.2673E-06  0.2475E-05 -0.2673E-06  0.0000E+00      -1  -0.356E-05   20.00
 119  -789.2980  -20000.000 0.2522   0.2673E-06  0.2475E-05 -0.2673E-06  0.0000E+00      -1  -0.356E-05   20.00
 120  -795.9870  -20000.000 0.2522   0.2673E-06  0.2475E-05 -0.2673E-06  0.0000E+00      -1  -0.356E-05   20.00
 121  -802.6750  -20000.000 0.2522   0.2673E-06  0.2475E-05 -0.2673E-06  0.0000E+00      -1  -0.356E-05   20.00
 122  -809.3650  -20000.000 0.2522   0.2673E-06  0.2475E-05 -0.2673E-06  0.0000E+00      -1  -0.356E-05   20.00
 123  -816.0540  -20000.000 0.2522   0.2673E-06  0.2475E-05 -0.2673E-06  0.0000E+00      -1  -0.356E-05   20.00
 124  -822.7420  -20000.000 0.2522   0.2673E-06  0.2475E-05 -0.2673E-06  0.0000E+00      -1  -0.356E-05   20.00
 125  -829.4310  -20000.000 0.2522   0.2673E-06  0.2475E-05 -0.2673E-06  0.0000E+00      -1  -0.356E-05   20.00
 126  -836.1200  -20000.000 0.2522   0.2673E-06  0.2475E-05 -0.2673E-06  0.0000E+00      -1  -0.356E-05   20.00
 127  -842.8090  -20000.000 0.2522   0.2673E-06  0.2475E-05 -0.2673E-06  0.0000E+00      -1  -0.356E-05   20.00
 128  -849.4980  -20000.000 0.2522   0.2673E-06  0.2475E-05 -0.2673E-06  0.0000E+00      -1  -0.356E-05   20.00
 129  -856.1870  -20000.000 0.2522   0.2673E-06  0.2475E-05 -0.2673E-06  0.0000E+00      -1  -0.356E-05   20.00
 130  -862.8760  -20000.000 0.2522   0.2673E-06  0.2475E-05 -0.2673E-06  0.0000E+00      -1  -0.356E-05   20.00
 131  -869.5650  -20000.000 0.2522   0.2673E-06  0.2475E-05 -0.2673E-06  0.0000E+00      -1  -0.356E-05   20.00
 132  -876.2540  -20000.000 0.2522   0.2673E-06  0.2475E-05 -0.2673E-06  0.0000E+00      -1  -0.356E-05   20.00
 133  -882.9430  -20000.000 0.2522   0.2673E-06  0.2475E-05 -0.2673E-06  0.0000E+00      -1  -0.356E-05   20.00
 134  -889.6320  -20000.000 0.2522   0.2673E-06  0.2475E-05 -0.2673E-06  0.0000E+00      -1  -0.356E-05   20.00
 135  -896.3210  -20000.000 0.2522   0.2673E-06  0.2475E-05 -0.2673E-06  0.0000E+00      -1  -0.356E-05   20.00
 136  -903.0100  -20000.000 0.2522   0.2673E-06  0.2475E-05 -0.2673E-06  0.0000E+00      -1  -0.356E-05   20.00
 137  -909.6990  -20000.000 0.2522   0.2673E-06  0.2475E-05 -0.2673E-06  0.0000E+00      -1  -0.356E-05   20.00
 138  -916.3880  -20000.000 0.2522   0.2673E-06  0.2475E-05 -0.2673E-06  0.0000E+00      -1  -0.356E-05   20.00
 139  -923.0770  -20000.000 0.2522   0.2673E-06  0.2475E-05 -0.2673E-06  0.0000E+00      -1  -0.356E-05   20.00
 140  -929.7660  -20000.000 0.2522   0.2673E-06  0.2475E-05 -0.2673E-06  0.0000E+00      -1  -0.356E-05   20.00
 141  -936.4550  -20000.000 0.2522   0.2673E-06  0.2475E-05 -0.2673E-06  0.0000E+00      -1  -0.356E-05   20.00
 142  -943.1440  -20000.000 0.2522   0.2673E-06  0.2475E-05 -0.2673E-06  0.0000E+00      -1  -0.356E-05   20.00
 143  -949.8330  -20000.000 0.2522   0.2673E-06  0.2475E-05 -0.2673E-06  0.0000E+00      -1  -0.356E-05   20.00
 144  -956.5220  -20000.000 0.2522   0.2673E-06  0.2475E-05 -0.2673E-06  0.0000E+00      -1  -0.356E-05   20.00
 145  -963.2110  -20000.000 0.2522   0.2673E-06  0.2475E-05 -0.2673E-06  0.0000E+00      -1  -0.356E-05   20.00
 146  -969.9000  -20000.000 0.2522   0.2673E-06  0.2475E-05 -0.2673E-06  0.0000E+00      -1  -0.356E-05   20.00
 147  -976.5890  -20000.000 0.2522   0.2673E-06  0.2475E-05 -0.2673E-06  0.0000E+00      -1  -0.356E-05   20.00
 148  -983.2780  -20000.000 0.2522   0.2673E-06  0.2475E-05 -0.2673E-06  0.0000E+00      -1  -0.356E-05   20.00
 149  -989.9670  -20000.000 0.2522   0.2673E-06  0.2475E-05 -0.2673E-06  0.0000E+00      -1  -0.356E-05   20.00
 150  -996.6560  -20000.000 0.2522   0.2673E-06  0.2475E-05 -0.2673E-06  0.0000E+00      -1  -0.356E-05   20.00
 151 -1003.3400  -20000.000 0.2522   0.2673E-06  0.2475E-05 -0.2673E-06  0.0000E+00      -1  -0.356E-05   20.00
 152 -1010.0300  -20000.000 0.2522   0.2673E-06  0.2475E-05 -0.2673E-06  0.0000E+00      -1  -0.356E-05   20.00
 153 -1016.7200  -20000.000 0.2522   0.2673E-06  0.2475E-05 -0.2673E-06  0.0000E+00      -1  -0.356E-05   20.00
 154 -1023.4100  -20000.000 0.2522   0.2673E-06  0.2475E-05 -0.2673E-06  0.0000E+00      -1  -0.356E-05   20.00
 155 -1030.1000  -20000.000 0.2522   0.2673E-06  0.2475E-05 -0.2673E-06  0.0000E+00      -1  -0.356E-05   20.00
 156 -1036.7900  -20000.000 0.2522   0.2673E-06  0.2475E-05 -0.2673E-06  0.0000E+00      -1  -0.356E-05   20.00
 157 -1043.4800  -20000.000 0.2522   0.2673E-06  0.2475E-05 -0.2673E-06  0.0000E+00      -1  -0.356E-05   20.00
 158 -1050.1700  -20000.000 0.2522   0.2673E-06  0.2475E-05 -0.2673E-06  0.0000E+00      -1  -0.356E-05   20.00
 159 -1056.8600  -20000.000 0.2522   0.2673E-06  0.2475E-05 -0.2673E-06  0.0000E+00      -1  -0.356E-05   20.00
 160 -1063.5500  -20000.000 0.2522   0.2673E-06  0.2475E-05 -0.2673E-06  0.0000E+00      -1  -0.356E-05   20.00
 161 -1070.2300  -20000.000 0.2522   0.2673E-06  0.2475E-05 -0.2673E-06  0.0000E+00      -1  -0.356E-05   20.00
 162 -1076.9200  -20000.000 0.2522   0.2673E-06  0.2475E-05 -0.2673E-06  0.0000E+00      -1  -0.356E-05   20.00
 163 -1083.6100  -20000.000 0.2522   0.2673E-06  0.2475E-05 -0.2673E-06  0.0000E+00      -1  -0.356E-05   20.00
 164 -1090.3000  -20000.000 0.2522   0.2673E-06  0.2475E-05 -0.2673E-06  0.0000E+00      -1  -0.356E-05   20.00
 165 -1096.9900  -20000.000 0.2522   0.2673E-06  0.2475E-05 -0.2673E-06  0.0000E+00      -1  -0.356E-05   20.00
 166 -1103.6801  -20000.000 0.2522   0.2673E-06  0.2475E-05 -0.2673E-06  0.0000E+00      -1  -0.356E-05   20.00
 167 -1110.3700  -20000.000 0.2522   0.2673E-06  0.2475E-05 -0.2673E-06  0.0000E+00      -1  -0.356E-05   20.00
 168 -1117.0601  -20000.000 0.2522   0.2673E-06  0.2475E-05 -0.2673E-06  0.0000E+00      -1  -0.356E-05   20.00
 169 -1123.7500  -20000.000 0.2522   0.2673E-06  0.2475E-05 -0.2673E-06  0.0000E+00      -1  -0.356E-05   20.00
 170 -1130.4399  -20000.000 0.2522   0.2673E-06  0.2475E-05 -0.2673E-06  0.0000E+00      -1  -0.356E-05   20.00
 171 -1137.1200  -20000.000 0.2522   0.2673E-06  0.2475E-05 -0.2673E-06  0.0000E+00      -1  -0.356E-05   20.00
 172 -1143.8101  -20000.000 0.2522   0.2673E-06  0.2475E-05 -0.2673E-06  0.0000E+00      -1  -0.356E-05   20.00
 173 -1150.5000  -20000.000 0.2522   0.2673E-06  0.2475E-05 -0.2673E-06  0.0000E+00      -1  -0.356E-05   20.00
 174 -1157.1899  -20000.000 0.2522   0.2673E-06  0.2475E-05 -0.2673E-06  0.0000E+00      -1  -0.356E-05   20.00
 175 -1163.8800  -20000.000 0.2522   0.2673E-06  0.2475E-05 -0.2673E-06  0.0000E+00      -1  -0.356E-05   20.00
 176 -1170.5699  -20000.000 0.2522   0.2673E-06  0.2475E-05 -0.2673E-06  0.0000E+00      -1  -0.356E-05   20.00
 177 -1177.2600  -20000.000 0.2522   0.2673E-06  0.2475E-05 -0.2673E-06  0.0000E+00      -1  -0.356E-05   20.00
 178 -1183.9500  -20000.000 0.2522   0.2673E-06  0.2475E-05 -0.2673E-06  0.0000E+00      -1  -0.356E-05   20.00
 179 -1190.6400  -20000.000 0.2522   0.2673E-06  0.2475E-05 -0.2673E-06  0.0000E+00      -1  -0.356E-05   20.00
 180 -1197.3199  -20000.000 0.2522   0.2673E-06  0.2475E-05 -0.2673E-06  0.0000E+00      -1  -0.356E-05   20.00
 181 -1204.0100  -20000.000 0.2522   0.2673E-06  0.2475E-05 -0.2673E-06  0.0000E+00      -1  -0.356E-05   20.00
 182 -1210.7000  -20000.000 0.2522   0.2673E-06  0.2475E-05 -0.2673E-06  0.0000E+00      -1  -0.356E-05   20.00
 183 -1217.3900  -20000.000 0.2522   0.2673E-06  0.2475E-05 -0.2673E-06  0.0000E+00      -1  -0.356E-05   20.00
 184 -1224.0800  -20000.000 0.2522   0.2673E-06  0.2475E-05 -0.2673E-06  0.0000E+00      -1  -0.356E-05   20.00
 185 -1230.7700  -20000.000 0.2522   0.2673E-06  0.2475E-05 -0.2673E-06  0.0000E+00      -1  -0.356E-05   20.00
 186 -1237.4600  -20000.000 0.2522   0.2673E-06  0.2475E-05 -0.2673E-06  0.0000E+00      -1  -0.356E-05   20.00
 187 -1244.1500  -20000.000 0.2522   0.2673E-06  0.2475E-05 -0.2673E-06  0.0000E+00      -1  -0.356E-05   20.00
 188 -1250.8400  -20000.000 0.2522   0.2673E-06  0.2475E-05 -0.2673E-06  0.0000E+00      -1  -0.356E-05   20.00
 189 -1257.5300  -20000.000 0.2522   0.2673E-06  0.2475E-05 -0.2673E-06  0.0000E+00      -1  -0.356E-05   20.00
 190 -1264.2100  -20000.000 0.2522   0.2673E-06  0.2475E-05 -0.2673E-06  0.0000E+00      -1  -0.356E-05   20.00
 191 -1270.9000  -20000.000 0.2522   0.2673E-06  0.2475E-05 -0.2673E-06  0.0000E+00      -1  -0.356E-05   20.00
 192 -1277.5900  -20000.000 0.2522   0.2673E-06  0.2475E-05 -0.2673E-06  0.0000E+00      -1  -0.356E-05   20.00
 193 -1284.2800  -20000.000 0.2522   0.2673E-06  0.2475E-05 -0.2673E-06  0.0000E+00      -1  -0.356E-05   20.00
 194 -1290.9700  -20000.000 0.2522   0.2673E-06  0.2475E-05 -0.2673E-06  0.0000E+00      -1  -0.356E-05   20.00
 195 -1297.6600  -20000.000 0.2522   0.2673E-06  0.2475E-05 -0.2673E-06  0.0000E+00      -1  -0.356E-05   20.00
 196 -1304.3500  -20000.000 0.2522   0.2673E-06  0.2475E-05 -0.2673E-06  0.0000E+00      -1  -0.356E-05   20.00
 197 -1311.0400  -20000.000 0.2522   0.2673E-06  0.2475E-05 -0.2673E-06  0.0000E+00      -1  -0.356E-05   20.00
 198 -1317.7300  -20000.000 0.2522   0.2673E-06  0.2475E-05 -0.2673E-06  0.0000E+00      -1  -0.356E-05   20.00
 199 -1324.4200  -20000.000 0.2522   0.2673E-06  0.2475E-05 -0.2673E-06  0.0000E+00      -1  -0.356E-05   20.00
 200 -1331.1000  -20000.000 0.2522   0.2673E-06  0.2475E-05 -0.2673E-06  0.0000E+00      -1  -0.356E-05   20.00
 201 -1337.7900  -20000.000 0.2522   0.2673E-06  0.2475E-05 -0.2673E-06  0.0000E+00      -1  -0.356E-05   20.00
 202 -1344.4800  -20000.000 0.2522   0.2673E-06  0.2475E-05 -0.2673E-06  0.0000E+00      -1  -0.356E-05   20.00
 203 -1351.1700  -20000.000 0.2522   0.2673E-06  0.2475E-05 -0.2673E-06  0.0000E+00      -1  -0.356E-05   20.00
 204 -1357.8600  -20000.000 0.2522   0.2673E-06  0.2475E-05 -0.2673E-06  0.0000E+00      -1  -0.356E-05   20.00
 205 -1364.5500  -20000.000 0.2522   0.2673E-06  0.2475E-05 -0.2673E-06  0.0000E+00      -1  -0.356E-05   20.00
 206 -1371.2400  -20000.000 0.2522   0.2673E-06  0.2475E-05 -0.2673E-06  0.0000E+00      -1  -0.356E-05   20.00
 207 -1377.9301  -20000.000 0.2522   0.2673E-06  0.2475E-05 -0.2673E-06  0.0000E+00      -1  -0.356E-05   20.00
 208 -1384.6100  -20000.000 0.2522   0.2673E-06  0.2475E-05 -0.2673E-06  0.0000E+00      -1  -0.356E-05   20.00
 209 -1391.3000  -20000.000 0.2522   0.2673E-06  0.2475E-05 -0.2673E-06  0.0000E+00      -1  -0.356E-05   20.00
 210 -1397.9900  -20000.000 0.2522   0.2673E-06  0.2475E-05 -0.2673E-06  0.0000E+00      -1  -0.356E-05   20.00
 211 -1404.6801  -20000.000 0.2522   0.2673E-06  0.2475E-05 -0.2673E-06  0.0000E+00      -1  -0.356E-05   20.00
 212 -1411.3700  -20000.000 0.2522   0.2673E-06  0.2475E-05 -0.2673E-06  0.0000E+00      -1  -0.356E-05   20.00
 213 -1418.0601  -20000.000 0.2522   0.2673E-06  0.2475E-05 -0.2673E-06  0.0000E+00      -1  -0.356E-05   20.00
 214 -1424.7500  -20000.000 0.2522   0.2673E-06  0.2475E-05 -0.2673E-06  0.0000E+00      -1  -0.356E-05   20.00
 215 -1431.4399  -20000.000 0.2522   0.2673E-06  0.2475E-05 -0.2673E-06  0.0000E+00      -1  -0.356E-05   20.00
 216 -1438.1300  -20000.000 0.2522   0.2673E-06  0.2475E-05 -0.2673E-06  0.0000E+00      -1  -0.356E-05   20.00
 217 -1444.8199  -20000.000 0.2522   0.2673E-06  0.2475E-05 -0.2673E-06  0.0000E+00      -1  -0.356E-05   20.00
 218 -1451.5100  -20000.000 0.2522   0.2673E-06  0.2475E-05 -0.2673E-06  0.0000E+00      -1  -0.356E-05   20.00
 219 -1458.1899  -20000.000 0.2522   0.2673E-06  0.2475E-05 -0.2673E-06  0.0000E+00      -1  -0.356E-05   20.00
 220 -1464.8800  -20000.000 0.2522   0.2673E-06  0.2475E-05 -0.2673E-06  0.0000E+00      -1  -0.356E-05   20.00
 221 -1471.5699  -20000.000 0.2522   0.2673E-06  0.2475E-05 -0.2673E-06  0.0000E+00      -1  -0.356E-05   20.00
 222 -1478.2600  -20000.000 0.2522   0.2673E-06  0.2475E-05 -0.2673E-06  0.0000E+00      -1  -0.356E-05   20.00
 223 -1484.9500  -20000.000 0.2522   0.2673E-06  0.2475E-05 -0.2673E-06  0.0000E+00      -1  -0.356E-05   20.00
 224 -1491.6400  -20000.000 0.2522   0.2673E-06  0.2475E-05 -0.2673E-06  0.0000E+00      -1  -0.356E-05   20.00
 225 -1498.3300  -20000.000 0.2522   0.2673E-06  0.2475E-05 -0.2673E-06  0.0000E+00      -1  -0.356E-05   20.00
 226 -1505.0200  -20000.000 0.2522   0.2673E-06  0.2475E-05 -0.2673E-06  0.0000E+00      -1  -0.356E-05   20.00
 227 -1511.7100  -20000.000 0.2522   0.2673E-06  0.2475E-05 -0.2673E-06  0.0000E+00      -1  -0.356E-05   20.00
 228 -1518.4000  -20000.000 0.2522   0.2673E-06  0.2475E-05 -0.2673E-06  0.0000E+00      -1  -0.356E-05   20.00
 229 -1525.0800  -20000.000 0.2522   0.2673E-06  0.2475E-05 -0.2673E-06  0.0000E+00      -1  -0.356E-05   20.00
 230 -1531.7700  -20000.000 0.2522   0.2673E-06  0.2475E-05 -0.2673E-06  0.0000E+00      -1  -0.356E-05   20.00
 231 -1538.4600  -20000.000 0.2522   0.2673E-06  0.2475E-05 -0.2673E-06  0.0000E+00      -1  -0.356E-05   20.00
 232 -1545.1500  -20000.000 0.2522   0.2673E-06  0.2475E-05 -0.2673E-06  0.0000E+00      -1  -0.356E-05   20.00
 233 -1551.8400  -20000.000 0.2522   0.2673E-06  0.2475E-05 -0.2673E-06  0.0000E+00      -1  -0.356E-05   20.00
 234 -1558.5300  -20000.000 0.2522   0.2673E-06  0.2475E-05 -0.2673E-06  0.0000E+00      -1  -0.356E-05   20.00
 235 -1565.2200  -20000.000 0.2522   0.2673E-06  0.2475E-05 -0.2673E-06  0.0000E+00      -1  -0.356E-05   20.00
 236 -1571.9100  -20000.000 0.2522   0.2673E-06  0.2475E-05 -0.2673E-06  0.0000E+00      -1  -0.356E-05   20.00
 237 -1578.5900  -20000.000 0.2522   0.2673E-06  0.2475E-05 -0.2673E-06  0.0000E+00      -1  -0.356E-05   20.00
 238 -1585.2800  -20000.000 0.2522   0.2673E-06  0.2475E-05 -0.2673E-06  0.0000E+00      -1  -0.356E-05   20.00
 239 -1591.9700  -20000.000 0.2522   0.2673E-06  0.2475E-05 -0.2673E-06  0.0000E+00      -1  -0.356E-05   20.00
 240 -1598.6600  -20000.000 0.2522   0.2673E-06  0.2475E-05 -0.2673E-06  0.0000E+00      -1  -0.356E-05   20.00
 241 -1605.3500  -20000.000 0.2522   0.2673E-06  0.2475E-05 -0.2673E-06  0.0000E+00      -1  -0.356E-05   20.00
 242 -1612.0400  -20000.000 0.2522   0.2673E-06  0.2475E-05 -0.2673E-06  0.0000E+00      -1  -0.356E-05   20.00
 243 -1618.7300  -20000.000 0.2522   0.2673E-06  0.2475E-05 -0.2673E-06  0.0000E+00      -1  -0.356E-05   20.00
 244 -1625.4200  -20000.000 0.2522   0.2673E-06  0.2475E-05 -0.2673E-06  0.0000E+00      -1  -0.356E-05   20.00
 245 -1632.1100  -20000.000 0.2522   0.2673E-06  0.2475E-05 -0.2673E-06  0.0000E+00      -1  -0.356E-05   20.00
 246 -1638.8000  -20000.000 0.2522   0.2673E-06  0.2475E-05 -0.2673E-06  0.0000E+00      -1  -0.356E-05   20.00
 247 -1645.4800  -20000.000 0.2522   0.2673E-06  0.2475E-05 -0.2673E-06  0.0000E+00      -1  -0.356E-05   20.00
 248 -1652.1700  -20000.000 0.2522   0.2673E-06  0.2475E-05 -0.2673E-06  0.0000E+00      -1  -0.356E-05   20.00
 249 -1658.8600  -20000.000 0.2522   0.2673E-06  0.2475E-05 -0.2673E-06  0.0000E+00      -1  -0.356E-05   20.00
 250 -1665.5500  -20000.000 0.2522   0.2673E-06  0.2475E-05 -0.2673E-06  0.0000E+00      -1  -0.356E-05   20.00
 251 -1672.2400  -20000.000 0.2522   0.2673E-06  0.2475E-05 -0.2673E-06  0.0000E+00      -1  -0.356E-05   20.00
 252 -1678.9301  -20000.000 0.2522   0.2673E-06  0.2475E-05 -0.2673E-06  0.0000E+00      -1  -0.356E-05   20.00
 253 -1685.6200  -20000.000 0.2522   0.2673E-06  0.2475E-05 -0.2673E-06  0.0000E+00      -1  -0.356E-05   20.00
 254 -1692.3101  -20000.000 0.2522   0.2673E-06  0.2475E-05 -0.2673E-06  0.0000E+00      -1  -0.356E-05   20.00
 255 -1699.0000  -20000.000 0.2522   0.2673E-06  0.2475E-05 -0.2673E-06  0.0000E+00      -1  -0.356E-05   20.00
 256 -1705.6899  -20000.000 0.2522   0.2673E-06  0.2475E-05 -0.2673E-06  0.0000E+00      -1  -0.356E-05   20.00
 257 -1712.3800  -20000.000 0.2522   0.2673E-06  0.2475E-05 -0.2673E-06  0.0000E+00      -1  -0.356E-05   20.00
 258 -1719.0601  -20000.000 0.2522   0.2673E-06  0.2475E-05 -0.2673E-06  0.0000E+00      -1  -0.356E-05   20.00
 259 -1725.7500  -20000.000 0.2522   0.2673E-06  0.2475E-05 -0.2673E-06  0.0000E+00      -1  -0.356E-05   20.00
 260 -1732.4399  -20000.000 0.2522   0.2673E-06  0.2475E-05 -0.2673E-06  0.0000E+00      -1  -0.356E-05   20.00
 261 -1739.1300  -20000.000 0.2522   0.2673E-06  0.2475E-05 -0.2673E-06  0.0000E+00      -1  -0.356E-05   20.00
 262 -1745.8199  -20000.000 0.2522   0.2673E-06  0.2475E-05 -0.1841E-05  0.0000E+00      -1  -0.246E-04   20.00
 263 -1750.0000  -20000.000 0.1798   0.8453E-05  0.3362E-05 -0.7175E-05  0.0000E+00      -1  -0.957E-04   20.00
 264 -1759.2000  -20000.000 0.1798   0.8453E-05  0.3362E-05 -0.8453E-05  0.0000E+00      -1  -0.113E-03   20.00
 265 -1765.8900  -20000.000 0.1798   0.8453E-05  0.3362E-05 -0.8453E-05  0.0000E+00      -1  -0.113E-03   20.00
 266 -1772.5699  -20000.000 0.1798   0.8453E-05  0.3362E-05 -0.8453E-05  0.0000E+00      -1  -0.113E-03   20.00
 267 -1779.2600  -20000.000 0.1798   0.8453E-05  0.3362E-05 -0.8453E-05  0.0000E+00      -1  -0.113E-03   20.00
 268 -1785.9500  -20000.000 0.1798   0.8453E-05  0.3362E-05 -0.8453E-05  0.0000E+00      -1  -0.113E-03   20.00
 269 -1792.6400  -20000.000 0.1798   0.8453E-05  0.3362E-05 -0.8453E-05  0.0000E+00      -1  -0.113E-03   20.00
 270 -1799.3300  -20000.000 0.1798   0.8453E-05  0.3362E-05 -0.8453E-05  0.0000E+00      -1  -0.113E-03   20.00
 271 -1806.0200  -20000.000 0.1798   0.8453E-05  0.3362E-05 -0.8453E-05  0.0000E+00      -1  -0.113E-03   20.00
 272 -1812.7100  -20000.000 0.1798   0.8453E-05  0.3362E-05 -0.8453E-05  0.0000E+00      -1  -0.113E-03   20.00
 273 -1819.4000  -20000.000 0.1798   0.8453E-05  0.3362E-05 -0.8453E-05  0.0000E+00      -1  -0.113E-03   20.00
 274 -1826.0900  -20000.000 0.1798   0.8453E-05  0.3362E-05 -0.8453E-05  0.0000E+00      -1  -0.113E-03   20.00
 275 -1832.7800  -20000.000 0.1798   0.8453E-05  0.3362E-05 -0.8453E-05  0.0000E+00      -1  -0.113E-03   20.00
 276 -1839.4600  -20000.000 0.1798   0.8453E-05  0.3362E-05 -0.8453E-05  0.0000E+00      -1  -0.113E-03   20.00
 277 -1846.1500  -20000.000 0.1798   0.8453E-05  0.3362E-05 -0.8453E-05  0.0000E+00      -1  -0.113E-03   20.00
 278 -1852.8400  -20000.000 0.1798   0.8453E-05  0.3362E-05 -0.8453E-05  0.0000E+00      -1  -0.113E-03   20.00
 279 -1859.5300  -20000.000 0.1798   0.8453E-05  0.3362E-05 -0.8453E-05  0.0000E+00      -1  -0.113E-03   20.00
 280 -1866.2200  -20000.000 0.1798   0.8453E-05  0.3362E-05 -0.8453E-05  0.0000E+00      -1  -0.113E-03   20.00
 281 -1872.9100  -20000.000 0.1798   0.8453E-05  0.3362E-05 -0.8453E-05  0.0000E+00      -1  -0.113E-03   20.00
 282 -1879.6000  -20000.000 0.1798   0.8453E-05  0.3362E-05 -0.8453E-05  0.0000E+00      -1  -0.113E-03   20.00
 283 -1886.2900  -20000.000 0.1798   0.8453E-05  0.3362E-05 -0.8453E-05  0.0000E+00      -1  -0.113E-03   20.00
 284 -1892.9800  -20000.000 0.1798   0.8453E-05  0.3362E-05 -0.8453E-05  0.0000E+00      -1  -0.113E-03   20.00
 285 -1899.6700  -20000.000 0.1798   0.8453E-05  0.3362E-05 -0.8453E-05  0.0000E+00      -1  -0.113E-03   20.00
 286 -1906.3500  -20000.000 0.1798   0.8453E-05  0.3362E-05 -0.8453E-05  0.0000E+00      -1  -0.113E-03   20.00
 287 -1913.0400  -20000.000 0.1798   0.8453E-05  0.3362E-05 -0.8453E-05  0.0000E+00      -1  -0.113E-03   20.00
 288 -1919.7300  -20000.000 0.1798   0.8453E-05  0.3362E-05 -0.8453E-05  0.0000E+00      -1  -0.113E-03   20.00
 289 -1926.4200  -20000.000 0.1798   0.8453E-05  0.3362E-05 -0.8453E-05  0.0000E+00      -1  -0.113E-03   20.00
 290 -1933.1100  -20000.000 0.1798   0.8453E-05  0.3362E-05 -0.8453E-05  0.0000E+00      -1  -0.113E-03   20.00
 291 -1939.8000  -20000.000 0.1798   0.8453E-05  0.3362E-05 -0.8453E-05  0.0000E+00      -1  -0.113E-03   20.00
 292 -1946.4900  -20000.000 0.1798   0.8453E-05  0.3362E-05 -0.8453E-05  0.0000E+00      -1  -0.113E-03   20.00
 293 -1953.1801  -20000.000 0.1798   0.8453E-05  0.3362E-05 -0.8453E-05  0.0000E+00      -1  -0.113E-03   20.00
 294 -1959.8700  -20000.000 0.1798   0.8453E-05  0.3362E-05 -0.8453E-05  0.0000E+00      -1  -0.113E-03   20.00
 295 -1966.5601  -20000.000 0.1798   0.8453E-05  0.3362E-05 -0.8453E-05  0.0000E+00      -1  -0.113E-03   20.00
 296 -1973.2400  -20000.000 0.1798   0.8453E-05  0.3362E-05 -0.8453E-05  0.0000E+00      -1  -0.113E-03   20.00
 297 -1979.9301  -20000.000 0.1798   0.8453E-05  0.3362E-05 -0.8453E-05  0.0000E+00      -1  -0.113E-03   20.00
 298 -1986.6200  -20000.000 0.1798   0.8453E-05  0.3362E-05 -0.8453E-05  0.0000E+00      -1  -0.113E-03   20.00
 299 -1993.3101  -20000.000 0.1798   0.8453E-05  0.3362E-05 -0.8453E-05  0.0000E+00      -1  -0.113E-03   20.00
 300 -2000.0000  -20000.000 0.1798   0.8453E-05  0.3362E-05 -0.8453E-05  0.0000E+00      -1  -0.113E-03   20.00
end


 Time:   450000.0000


 Node      Depth      Head Moisture       K          C         Flux        Sink         Kappa   v/KsTop   Temp
           [L]        [L]    [-]        [L/T]      [1/L]      [L/T]        [1/T]         [-]      [-]      [C]

   1     0.0000  -96456.148 0.1023   0.4226E-07  0.2686E-06  0.8277E-02  0.1204E-07      -1   0.110E+00   20.00
   2    -6.6890  -37149.500 0.1366   0.1474E-05  0.1328E-05  0.5692E-02  0.2051E-06      -1   0.759E-01   20.00
   3   -13.3779  -27030.031 0.1538   0.4696E-05  0.2238E-05  0.4034E-02  0.5104E-06      -1   0.538E-01   20.00
   4   -20.0669  -23410.707 0.1626   0.7908E-05  0.2813E-05  0.2874E-02  0.7576E-06      -1   0.383E-01   20.00
   5   -26.7558  -21697.779 0.1678   0.1048E-04  0.3190E-05  0.1974E-02  0.9265E-06      -1   0.263E-01   20.00
   6   -33.4448  -20734.547 0.1707   0.1193E-04  0.3402E-05  0.1302E-02  0.1041E-05      -1   0.174E-01   20.00
   7   -40.1338  -20184.977 0.1724   0.1275E-04  0.3523E-05  0.7449E-03  0.1112E-05      -1   0.993E-02   20.00
   8   -46.8227  -19926.074 0.1731   0.1314E-04  0.3580E-05  0.2659E-03  0.1146E-05      -1   0.355E-02   20.00
   9   -53.5117  -19897.209 0.1732   0.1319E-04  0.3587E-05 -0.1285E-03  0.1147E-05      -1  -0.171E-02   20.00
  10   -60.2007  -20044.318 0.1728   0.1297E-04  0.3554E-05 -0.4225E-03  0.1121E-05      -1  -0.563E-02   20.00
  11   -66.8896  -20323.084 0.1719   0.1255E-04  0.3493E-05 -0.6235E-03  0.1078E-05      -1  -0.831E-02   20.00
  12   -73.5786  -20699.641 0.1708   0.1198E-04  0.3410E-05 -0.7458E-03  0.1024E-05      -1  -0.994E-02   20.00
  13   -80.2676  -21146.061 0.1694   0.1131E-04  0.3312E-05 -0.8004E-03  0.9650E-06      -1  -0.107E-01   20.00
  14   -86.9565  -21635.693 0.1680   0.1057E-04  0.3204E-05 -0.7954E-03  0.9051E-06      -1  -0.106E-01   20.00
  15   -93.6455  -22140.008 0.1664   0.9817E-05  0.3093E-05 -0.7382E-03  0.8481E-06      -1  -0.984E-02   20.00
  16  -100.3340  -22626.926 0.1650   0.9085E-05  0.2986E-05 -0.6377E-03  0.7972E-06      -1  -0.850E-02   20.00
  17  -107.0230  -23061.596 0.1637   0.8432E-05  0.2890E-05 -0.5059E-03  0.7545E-06      -1  -0.675E-02   20.00
  18  -113.7120  -23410.207 0.1626   0.7908E-05  0.2814E-05 -0.3581E-03  0.7219E-06      -1  -0.477E-02   20.00
  19  -120.4010  -23647.723 0.1619   0.7551E-05  0.2761E-05 -0.2106E-03  0.6998E-06      -1  -0.281E-02   20.00
  20  -127.0900  -23765.676 0.1615   0.7374E-05  0.2735E-05 -0.7793E-04  0.6879E-06      -1  -0.104E-02   20.00
  21  -133.7790  -23774.236 0.1615   0.7361E-05  0.2733E-05  0.3116E-04  0.6847E-06      -1   0.416E-03   20.00
  22  -140.4680  -23696.217 0.1617   0.7478E-05  0.2751E-05  0.1142E-03  0.6884E-06      -1   0.152E-02   20.00
  23  -147.1570  -23557.846 0.1622   0.7686E-05  0.2781E-05  0.1734E-03  0.6970E-06      -1   0.231E-02   20.00
  24  -153.8460  -23382.102 0.1627   0.7950E-05  0.2820E-05  0.2133E-03  0.7088E-06      -1   0.284E-02   20.00
  25  -160.5350  -23186.201 0.1633   0.8245E-05  0.2863E-05  0.2386E-03  0.7226E-06      -1   0.318E-02   20.00
  26  -167.2240  -22981.844 0.1639   0.8552E-05  0.2908E-05  0.2534E-03  0.7374E-06      -1   0.338E-02   20.00
  27  -173.9130  -22776.471 0.1645   0.8860E-05  0.2953E-05  0.2608E-03  0.7528E-06      -1   0.348E-02   20.00
  28  -180.6020  -22574.557 0.1651   0.9163E-05  0.2997E-05  0.2632E-03  0.7683E-06      -1   0.351E-02   20.00
  29  -187.2910  -22378.633 0.1657   0.9458E-05  0.3040E-05  0.2623E-03  0.7836E-06      -1   0.350E-02   20.00
  30  -193.9800  -22189.990 0.1663   0.9741E-05  0.3082E-05  0.2591E-03  0.7987E-06      -1   0.345E-02   20.00
  31  -200.6690  -22009.191 0.1668   0.1001E-04  0.3122E-05  0.2545E-03  0.8133E-06      -1   0.339E-02   20.00
  32  -207.3580  -21836.328 0.1674   0.1027E-04  0.3160E-05  0.2491E-03  0.8275E-06      -1   0.332E-02   20.00
  33  -214.0470  -21671.256 0.1679   0.1052E-04  0.3196E-05  0.2431E-03  0.8413E-06      -1   0.324E-02   20.00
  34  -220.7360  -21513.682 0.1683   0.1076E-04  0.3231E-05  0.2368E-03  0.8545E-06      -1   0.316E-02   20.00
  35  -227.4250  -21363.258 0.1688   0.1098E-04  0.3264E-05  0.2303E-03  0.8673E-06      -1   0.307E-02   20.00
  36  -234.1140  -21219.609 0.1692   0.1120E-04  0.3296E-05  0.2238E-03  0.8795E-06      -1   0.298E-02   20.00
  37  -240.8030  -21082.373 0.1696   0.1141E-04  0.3326E-05  0.2173E-03  0.8913E-06      -1   0.290E-02   20.00
  38  -247.4920  -20951.188 0.1700   0.1160E-04  0.3355E-05  0.2109E-03  0.9026E-06      -1   0.281E-02   20.00
  39  -254.1810  -20825.727 0.1704   0.1179E-04  0.3382E-05  0.2045E-03  0.9135E-06      -1   0.273E-02   20.00
  40  -260.8700  -20705.682 0.1708   0.1197E-04  0.3409E-05  0.1982E-03  0.9238E-06      -1   0.264E-02   20.00
  41  -267.5590  -20590.768 0.1711   0.1214E-04  0.3434E-05  0.1920E-03  0.9338E-06      -1   0.256E-02   20.00
  42  -274.2470  -20480.734 0.1715   0.1231E-04  0.3458E-05  0.1859E-03  0.9432E-06      -1   0.248E-02   20.00
  43  -280.9360  -20375.320 0.1718   0.1247E-04  0.3481E-05  0.1799E-03  0.9523E-06      -1   0.240E-02   20.00
  44  -287.6250  -20274.322 0.1721   0.1262E-04  0.3504E-05  0.1739E-03  0.9609E-06      -1   0.232E-02   20.00
  45  -294.3140  -20177.533 0.1724   0.1276E-04  0.3525E-05  0.1681E-03  0.9691E-06      -1   0.224E-02   20.00
  46  -301.0030  -20084.771 0.1727   0.1290E-04  0.3545E-05  0.1623E-03  0.9768E-06      -1   0.216E-02   20.00
  47  -307.6920  -19995.855 0.1729   0.1304E-04  0.3565E-05  0.1566E-03  0.9842E-06      -1   0.209E-02   20.00
  48  -314.3810  -19910.621 0.1732   0.1317E-04  0.3584E-05  0.1511E-03  0.9912E-06      -1   0.201E-02   20.00
  49  -321.0700  -19828.918 0.1734   0.1329E-04  0.3602E-05  0.1457E-03  0.9977E-06      -1   0.194E-02   20.00
  50  -327.7590  -19750.568 0.1737   0.1341E-04  0.3619E-05  0.1404E-03  0.1004E-05      -1   0.187E-02   20.00
  51  -334.4480  -19675.412 0.1739   0.1352E-04  0.3635E-05  0.1353E-03  0.1010E-05      -1   0.180E-02   20.00
  52  -341.1370  -19603.449 0.1741   0.1370E-04  0.3656E-05  0.1279E-03  0.1015E-05      -1   0.171E-02   20.00
  53  -347.8260  -19537.316 0.1744   0.1399E-04  0.3682E-05  0.1184E-03  0.1020E-05      -1   0.158E-02   20.00
  54  -354.5150  -19476.709 0.1747   0.1425E-04  0.3705E-05  0.1095E-03  0.1024E-05      -1   0.146E-02   20.00
  55  -361.2040  -19421.096 0.1749   0.1449E-04  0.3727E-05  0.1010E-03  0.1027E-05      -1   0.135E-02   20.00
  56  -367.8930  -19370.047 0.1752   0.1471E-04  0.3747E-05  0.9286E-04  0.1030E-05      -1   0.124E-02   20.00
  57  -374.5820  -19323.203 0.1754   0.1491E-04  0.3765E-05  0.8509E-04  0.1032E-05      -1   0.113E-02   20.00
  58  -381.2710  -19280.281 0.1756   0.1510E-04  0.3782E-05  0.7757E-04  0.1033E-05      -1   0.103E-02   20.00
  59  -387.9600  -19241.043 0.1757   0.1527E-04  0.3797E-05  0.7024E-04  0.1034E-05      -1   0.937E-03   20.00
  60  -394.6490  -19205.312 0.1759   0.1542E-04  0.3811E-05  0.6304E-04  0.1035E-05      -1   0.840E-03   20.00
  61  -401.3380  -19172.943 0.1760   0.1556E-04  0.3824E-05  0.5593E-04  0.1035E-05      -1   0.746E-03   20.00
  62  -408.0270  -19143.820 0.1762   0.1568E-04  0.3835E-05  0.4887E-04  0.1035E-05      -1   0.652E-03   20.00
  63  -414.7160  -19117.861 0.1763   0.1580E-04  0.3845E-05  0.4184E-04  0.1034E-05      -1   0.558E-03   20.00
  64  -421.4050  -19094.990 0.1764   0.1589E-04  0.3854E-05  0.3481E-04  0.1033E-05      -1   0.464E-03   20.00
  65  -428.0940  -19075.168 0.1765   0.1598E-04  0.3862E-05  0.2776E-04  0.1031E-05      -1   0.370E-03   20.00
  66  -434.7830  -19058.359 0.1765   0.1605E-04  0.3869E-05  0.2146E-04  0.1029E-05      -1   0.286E-03   20.00
  67  -440.0000  -19041.727 0.2547   0.3114E-06  0.2645E-05  0.1641E-04  0.1027E-05      -1   0.219E-03   20.00
  68  -448.1600  -18643.590 0.2559   0.3350E-06  0.2728E-05  0.1391E-04  0.1078E-05      -1   0.186E-03   20.00
  69  -454.8490  -18401.520 0.2566   0.3493E-06  0.2778E-05  0.1061E-04  0.1109E-05      -1   0.141E-03   20.00
  70  -461.5390  -18221.842 0.2571   0.3600E-06  0.2816E-05  0.7899E-05  0.1131E-05      -1   0.105E-03   20.00
  71  -468.2270  -18093.320 0.2575   0.3676E-06  0.2843E-05  0.5509E-05  0.1146E-05      -1   0.734E-04   20.00
  72  -474.9160  -18007.279 0.2578   0.3727E-06  0.2861E-05  0.3408E-05  0.1155E-05      -1   0.454E-04   20.00
  73  -481.6050  -17957.229 0.2579   0.3756E-06  0.2871E-05  0.1565E-05  0.1157E-05      -1   0.209E-04   20.00
  74  -488.2940  -17938.014 0.2580   0.3768E-06  0.2875E-05 -0.4313E-07  0.1155E-05      -1  -0.575E-06   20.00
  75  -494.9830  -17945.371 0.2579   0.3763E-06  0.2874E-05 -0.1431E-05  0.1149E-05      -1  -0.191E-04   20.00
  76  -501.6720  -17975.586 0.2579   0.3745E-06  0.2867E-05 -0.2614E-05  0.1139E-05      -1  -0.348E-04   20.00
  77  -508.3610  -18025.486 0.2577   0.3716E-06  0.2857E-05 -0.3603E-05  0.1126E-05      -1  -0.480E-04   20.00
  78  -515.0500  -18092.086 0.2575   0.3676E-06  0.2843E-05 -0.4410E-05  0.1111E-05      -1  -0.588E-04   20.00
  79  -521.7390  -18172.746 0.2573   0.3629E-06  0.2826E-05 -0.5048E-05  0.1094E-05      -1  -0.673E-04   20.00
  80  -528.4280  -18264.971 0.2570   0.3574E-06  0.2807E-05 -0.5534E-05  0.1076E-05      -1  -0.738E-04   20.00
  81  -535.1170  -18366.662 0.2567   0.3514E-06  0.2786E-05 -0.5882E-05  0.1056E-05      -1  -0.784E-04   20.00
  82  -541.8060  -18475.670 0.2564   0.3449E-06  0.2763E-05 -0.6104E-05  0.1036E-05      -1  -0.814E-04   20.00
  83  -548.4950  -18590.137 0.2561   0.3382E-06  0.2739E-05 -0.6218E-05  0.1016E-05      -1  -0.829E-04   20.00
  84  -555.1840  -18708.371 0.2557   0.3312E-06  0.2714E-05 -0.6237E-05  0.9951E-06      -1  -0.832E-04   20.00
  85  -561.8730  -18828.756 0.2554   0.3240E-06  0.2689E-05 -0.6174E-05  0.9747E-06      -1  -0.823E-04   20.00
  86  -568.5620  -18949.922 0.2550   0.3169E-06  0.2664E-05 -0.6047E-05  0.9546E-06      -1  -0.806E-04   20.00
  87  -575.2510  -19070.648 0.2547   0.3097E-06  0.2638E-05 -0.5869E-05  0.9351E-06      -1  -0.783E-04   20.00
  88  -581.9400  -19190.004 0.2543   0.3027E-06  0.2614E-05 -0.5656E-05  0.9161E-06      -1  -0.754E-04   20.00
  89  -588.6290  -19307.234 0.2540   0.2957E-06  0.2589E-05 -0.5421E-05  0.8978E-06      -1  -0.723E-04   20.00
  90  -595.3180  -19421.793 0.2536   0.2889E-06  0.2565E-05 -0.5180E-05  0.8802E-06      -1  -0.691E-04   20.00
  91  -602.0070  -19533.617 0.2533   0.2823E-06  0.2542E-05 -0.5032E-05  0.8633E-06      -1  -0.671E-04   20.00
  92  -608.6960  -19646.760 0.2530   0.2762E-06  0.2519E-05 -0.4896E-05  0.8466E-06      -1  -0.653E-04   20.00
  93  -615.3850  -19756.633 0.2528   0.2734E-06  0.2506E-05 -0.4526E-05  0.8306E-06      -1  -0.603E-04   20.00
  94  -622.0730  -19854.695 0.2525   0.2710E-06  0.2493E-05 -0.4065E-05  0.8161E-06      -1  -0.542E-04   20.00
  95  -628.7630  -19943.863 0.2524   0.2687E-06  0.2482E-05 -0.3692E-05  0.8028E-06      -1  -0.492E-04   20.00
  96  -635.4510  -20025.057 0.2522   0.2667E-06  0.2472E-05 -0.3352E-05  0.7906E-06      -1  -0.447E-04   20.00
  97  -642.1400  -20098.555 0.2520   0.2648E-06  0.2463E-05 -0.3027E-05  0.7793E-06      -1  -0.404E-04   20.00
  98  -648.8290  -20164.557 0.2519   0.2632E-06  0.2455E-05 -0.2723E-05  0.7689E-06      -1  -0.363E-04   20.00
  99  -655.5180  -20223.529 0.2517   0.2617E-06  0.2447E-05 -0.2442E-05  0.7594E-06      -1  -0.326E-04   20.00
 100  -662.2070  -20275.994 0.2516   0.2604E-06  0.2441E-05 -0.2188E-05  0.7505E-06      -1  -0.292E-04   20.00
 101  -668.8960  -20322.547 0.2515   0.2592E-06  0.2435E-05 -0.1960E-05  0.7423E-06      -1  -0.261E-04   20.00
 102  -675.5850  -20363.742 0.2514   0.2582E-06  0.2430E-05 -0.1757E-05  0.7347E-06      -1  -0.234E-04   20.00
 103  -682.2740  -20400.199 0.2514   0.2572E-06  0.2425E-05 -0.1581E-05  0.7276E-06      -1  -0.211E-04   20.00
 104  -688.9630  -20432.549 0.2513   0.2564E-06  0.2421E-05 -0.1431E-05  0.7210E-06      -1  -0.191E-04   20.00
 105  -695.6520  -20461.445 0.2512   0.2557E-06  0.2418E-05 -0.1306E-05  0.7147E-06      -1  -0.174E-04   20.00
 106  -702.3410  -20487.482 0.2512   0.2550E-06  0.2414E-05 -0.1206E-05  0.7086E-06      -1  -0.161E-04   20.00
 107  -709.0300  -20511.305 0.2511   0.2544E-06  0.2411E-05 -0.1128E-05  0.7029E-06      -1  -0.150E-04   20.00
 108  -715.7190  -20533.430 0.2511   0.2539E-06  0.2409E-05 -0.1074E-05  0.6973E-06      -1  -0.143E-04   20.00
 109  -722.4080  -20554.518 0.2510   0.2534E-06  0.2406E-05 -0.1041E-05  0.6918E-06      -1  -0.139E-04   20.00
 110  -729.0970  -20575.027 0.2510   0.2528E-06  0.2404E-05 -0.1028E-05  0.6864E-06      -1  -0.137E-04   20.00
 111  -735.7860  -20595.510 0.2509   0.2523E-06  0.2401E-05 -0.1033E-05  0.6810E-06      -1  -0.138E-04   20.00
 112  -742.4750  -20616.408 0.2509   0.2518E-06  0.2398E-05 -0.1054E-05  0.6756E-06      -1  -0.141E-04   20.00
 113  -749.1640  -20638.141 0.2508   0.2513E-06  0.2396E-05 -0.1091E-05  0.6701E-06      -1  -0.145E-04   20.00
 114  -755.8530  -20661.125 0.2508   0.2507E-06  0.2393E-05 -0.1141E-05  0.6646E-06      -1  -0.152E-04   20.00
 115  -762.5420  -20685.684 0.2507   0.2501E-06  0.2390E-05 -0.1205E-05  0.6590E-06      -1  -0.161E-04   20.00
 116  -769.2310  -20712.223 0.2507   0.2494E-06  0.2386E-05 -0.1281E-05  0.6533E-06      -1  -0.171E-04   20.00
 117  -775.9200  -20741.039 0.2506   0.2487E-06  0.2383E-05 -0.1369E-05  0.6473E-06      -1  -0.182E-04   20.00
 118  -782.6090  -20772.480 0.2506   0.2479E-06  0.2379E-05 -0.1466E-05  0.6413E-06      -1  -0.195E-04   20.00
 119  -789.2980  -20806.777 0.2505   0.2470E-06  0.2375E-05 -0.1569E-05  0.6350E-06      -1  -0.209E-04   20.00
 120  -795.9870  -20844.088 0.2504   0.2461E-06  0.2370E-05 -0.1679E-05  0.6285E-06      -1  -0.224E-04   20.00
 121  -802.6750  -20884.689 0.2503   0.2451E-06  0.2365E-05 -0.1797E-05  0.6218E-06      -1  -0.240E-04   20.00
 122  -809.3650  -20928.812 0.2502   0.2439E-06  0.2359E-05 -0.1922E-05  0.6150E-06      -1  -0.256E-04   20.00
 123  -816.0540  -20976.713 0.2501   0.2427E-06  0.2353E-05 -0.2052E-05  0.6078E-06      -1  -0.274E-04   20.00
 124  -822.7420  -21028.547 0.2500   0.2414E-06  0.2347E-05 -0.2186E-05  0.6005E-06      -1  -0.291E-04   20.00
 125  -829.4310  -21084.461 0.2499   0.2400E-06  0.2340E-05 -0.2322E-05  0.5929E-06      -1  -0.310E-04   20.00
 126  -836.1200  -21144.586 0.2497   0.2385E-06  0.2332E-05 -0.2460E-05  0.5851E-06      -1  -0.328E-04   20.00
 127  -842.8090  -21209.064 0.2496   0.2369E-06  0.2324E-05 -0.2600E-05  0.5771E-06      -1  -0.347E-04   20.00
 128  -849.4980  -21278.078 0.2495   0.2352E-06  0.2316E-05 -0.2743E-05  0.5689E-06      -1  -0.366E-04   20.00
 129  -856.1870  -21351.770 0.2493   0.2333E-06  0.2307E-05 -0.2887E-05  0.5604E-06      -1  -0.385E-04   20.00
 130  -862.8760  -21430.287 0.2491   0.2313E-06  0.2297E-05 -0.3033E-05  0.5518E-06      -1  -0.404E-04   20.00
 131  -869.5650  -21513.820 0.2489   0.2292E-06  0.2286E-05 -0.3180E-05  0.5429E-06      -1  -0.424E-04   20.00
 132  -876.2540  -21602.523 0.2488   0.2270E-06  0.2275E-05 -0.3326E-05  0.5338E-06      -1  -0.443E-04   20.00
 133  -882.9430  -21696.496 0.2485   0.2246E-06  0.2263E-05 -0.3472E-05  0.5246E-06      -1  -0.463E-04   20.00
 134  -889.6320  -21795.977 0.2483   0.2221E-06  0.2251E-05 -0.3619E-05  0.5151E-06      -1  -0.482E-04   20.00
 135  -896.3210  -21901.107 0.2481   0.2195E-06  0.2238E-05 -0.3764E-05  0.5055E-06      -1  -0.502E-04   20.00
 136  -903.0100  -22012.066 0.2479   0.2167E-06  0.2224E-05 -0.3908E-05  0.4957E-06      -1  -0.521E-04   20.00
 137  -909.6990  -22129.068 0.2476   0.2138E-06  0.2209E-05 -0.4050E-05  0.4857E-06      -1  -0.540E-04   20.00
 138  -916.3880  -22252.252 0.2473   0.2107E-06  0.2194E-05 -0.4189E-05  0.4756E-06      -1  -0.559E-04   20.00
 139  -923.0770  -22381.834 0.2471   0.2074E-06  0.2178E-05 -0.4326E-05  0.4654E-06      -1  -0.577E-04   20.00
 140  -929.7660  -22518.027 0.2468   0.2040E-06  0.2161E-05 -0.4461E-05  0.4550E-06      -1  -0.595E-04   20.00
 141  -936.4550  -22661.123 0.2465   0.2004E-06  0.2143E-05 -0.4593E-05  0.4445E-06      -1  -0.612E-04   20.00
 142  -943.1440  -22811.389 0.2461   0.1966E-06  0.2124E-05 -0.4723E-05  0.4339E-06      -1  -0.630E-04   20.00
 143  -949.8330  -22969.250 0.2458   0.1926E-06  0.2105E-05 -0.4851E-05  0.4232E-06      -1  -0.647E-04   20.00
 144  -956.5220  -23135.104 0.2454   0.1885E-06  0.2084E-05 -0.4978E-05  0.4124E-06      -1  -0.664E-04   20.00
 145  -963.2110  -23309.434 0.2450   0.1841E-06  0.2062E-05 -0.5101E-05  0.4014E-06      -1  -0.680E-04   20.00
 146  -969.9000  -23492.674 0.2446   0.1795E-06  0.2039E-05 -0.5220E-05  0.3904E-06      -1  -0.696E-04   20.00
 147  -976.5890  -23685.408 0.2442   0.1746E-06  0.2015E-05 -0.5335E-05  0.3794E-06      -1  -0.711E-04   20.00
 148  -983.2780  -23888.305 0.2438   0.1695E-06  0.1990E-05 -0.5447E-05  0.3682E-06      -1  -0.726E-04   20.00
 149  -989.9670  -24102.264 0.2433   0.1641E-06  0.1963E-05 -0.5559E-05  0.3569E-06      -1  -0.741E-04   20.00
 150  -996.6560  -24328.402 0.2428   0.1585E-06  0.1935E-05 -0.5674E-05  0.3456E-06      -1  -0.757E-04   20.00
 151 -1003.3400  -24568.301 0.2423   0.1524E-06  0.1905E-05 -0.5841E-05  0.3341E-06      -1  -0.779E-04   20.00
 152 -1010.0300  -24827.596 0.2418   0.1467E-06  0.1875E-05 -0.5897E-05  0.3224E-06      -1  -0.786E-04   20.00
 153 -1016.7200  -25090.025 0.2413   0.1439E-06  0.1856E-05 -0.5829E-05  0.3111E-06      -1  -0.777E-04   20.00
 154 -1023.4100  -25356.166 0.2409   0.1411E-06  0.1836E-05 -0.5789E-05  0.3000E-06      -1  -0.772E-04   20.00
 155 -1030.1000  -25625.686 0.2405   0.1382E-06  0.1816E-05 -0.5731E-05  0.2893E-06      -1  -0.764E-04   20.00
 156 -1036.7900  -25897.613 0.2400   0.1353E-06  0.1796E-05 -0.5651E-05  0.2790E-06      -1  -0.753E-04   20.00
 157 -1043.4800  -26171.037 0.2396   0.1324E-06  0.1776E-05 -0.5552E-05  0.2691E-06      -1  -0.740E-04   20.00
 158 -1050.1700  -26445.189 0.2392   0.1295E-06  0.1755E-05 -0.5435E-05  0.2595E-06      -1  -0.725E-04   20.00
 159 -1056.8600  -26719.170 0.2387   0.1266E-06  0.1735E-05 -0.5301E-05  0.2503E-06      -1  -0.707E-04   20.00
 160 -1063.5500  -26992.105 0.2383   0.1237E-06  0.1715E-05 -0.5152E-05  0.2416E-06      -1  -0.687E-04   20.00
 161 -1070.2300  -27262.605 0.2378   0.1208E-06  0.1695E-05 -0.4986E-05  0.2332E-06      -1  -0.665E-04   20.00
 162 -1076.9200  -27530.488 0.2374   0.1180E-06  0.1675E-05 -0.4805E-05  0.2252E-06      -1  -0.641E-04   20.00
 163 -1083.6100  -27794.189 0.2370   0.1151E-06  0.1655E-05 -0.4609E-05  0.2176E-06      -1  -0.615E-04   20.00
 164 -1090.3000  -28052.555 0.2366   0.1124E-06  0.1636E-05 -0.4399E-05  0.2105E-06      -1  -0.587E-04   20.00
 165 -1096.9900  -28304.359 0.2361   0.1097E-06  0.1617E-05 -0.4178E-05  0.2037E-06      -1  -0.557E-04   20.00
 166 -1103.6801  -28548.432 0.2358   0.1071E-06  0.1599E-05 -0.3944E-05  0.1973E-06      -1  -0.526E-04   20.00
 167 -1110.3700  -28783.398 0.2354   0.1046E-06  0.1582E-05 -0.3700E-05  0.1913E-06      -1  -0.493E-04   20.00
 168 -1117.0601  -29008.051 0.2350   0.1022E-06  0.1565E-05 -0.3450E-05  0.1857E-06      -1  -0.460E-04   20.00
 169 -1123.7500  -29221.307 0.2347   0.9996E-07  0.1549E-05 -0.3194E-05  0.1805E-06      -1  -0.426E-04   20.00
 170 -1130.4399  -29421.934 0.2343   0.9782E-07  0.1534E-05 -0.2935E-05  0.1757E-06      -1  -0.391E-04   20.00
 171 -1137.1200  -29608.727 0.2340   0.9584E-07  0.1520E-05 -0.2674E-05  0.1712E-06      -1  -0.357E-04   20.00
 172 -1143.8101  -29781.316 0.2338   0.9400E-07  0.1508E-05 -0.2415E-05  0.1671E-06      -1  -0.322E-04   20.00
 173 -1150.5000  -29938.811 0.2335   0.9232E-07  0.1496E-05 -0.2160E-05  0.1633E-06      -1  -0.288E-04   20.00
 174 -1157.1899  -30080.734 0.2333   0.9081E-07  0.1485E-05 -0.1911E-05  0.1598E-06      -1  -0.255E-04   20.00
 175 -1163.8800  -30206.746 0.2331   0.8947E-07  0.1476E-05 -0.1670E-05  0.1567E-06      -1  -0.223E-04   20.00
 176 -1170.5699  -30316.809 0.2329   0.8830E-07  0.1468E-05 -0.1438E-05  0.1538E-06      -1  -0.192E-04   20.00
 177 -1177.2600  -30411.096 0.2327   0.8730E-07  0.1461E-05 -0.1218E-05  0.1512E-06      -1  -0.162E-04   20.00
 178 -1183.9500  -30490.018 0.2326   0.8646E-07  0.1455E-05 -0.1010E-05  0.1489E-06      -1  -0.135E-04   20.00
 179 -1190.6400  -30553.891 0.2325   0.8578E-07  0.1450E-05 -0.8142E-06  0.1468E-06      -1  -0.109E-04   20.00
 180 -1197.3199  -30603.443 0.2324   0.8525E-07  0.1447E-05 -0.6333E-06  0.1449E-06      -1  -0.844E-05   20.00
 181 -1204.0100  -30639.768 0.2324   0.8486E-07  0.1444E-05 -0.4667E-06  0.1432E-06      -1  -0.622E-05   20.00
 182 -1210.7000  -30663.602 0.2323   0.8461E-07  0.1442E-05 -0.3129E-06  0.1417E-06      -1  -0.417E-05   20.00
 183 -1217.3900  -30675.838 0.2323   0.8448E-07  0.1441E-05 -0.1726E-06  0.1403E-06      -1  -0.230E-05   20.00
 184 -1224.0800  -30677.541 0.2323   0.8446E-07  0.1441E-05 -0.4587E-07  0.1391E-06      -1  -0.612E-06   20.00
 185 -1230.7700  -30669.725 0.2323   0.8454E-07  0.1442E-05  0.6877E-07  0.1380E-06      -1   0.917E-06   20.00
 186 -1237.4600  -30653.287 0.2323   0.8472E-07  0.1443E-05  0.1721E-06  0.1370E-06      -1   0.230E-05   20.00
 187 -1244.1500  -30629.176 0.2324   0.8497E-07  0.1445E-05  0.2645E-06  0.1361E-06      -1   0.353E-05   20.00
 188 -1250.8400  -30598.283 0.2324   0.8530E-07  0.1447E-05  0.3468E-06  0.1353E-06      -1   0.462E-05   20.00
 189 -1257.5300  -30561.426 0.2325   0.8570E-07  0.1450E-05  0.4205E-06  0.1346E-06      -1   0.561E-05   20.00
 190 -1264.2100  -30519.328 0.2326   0.8614E-07  0.1453E-05  0.4865E-06  0.1339E-06      -1   0.649E-05   20.00
 191 -1270.9000  -30472.574 0.2326   0.8664E-07  0.1456E-05  0.5447E-06  0.1332E-06      -1   0.726E-05   20.00
 192 -1277.5900  -30421.859 0.2327   0.8718E-07  0.1460E-05  0.5975E-06  0.1327E-06      -1   0.797E-05   20.00
 193 -1284.2800  -30367.512 0.2328   0.8776E-07  0.1464E-05  0.6467E-06  0.1321E-06      -1   0.862E-05   20.00
 194 -1290.9700  -30309.898 0.2329   0.8837E-07  0.1468E-05  0.6907E-06  0.1316E-06      -1   0.921E-05   20.00
 195 -1297.6600  -30249.580 0.2330   0.8902E-07  0.1473E-05  0.7283E-06  0.1311E-06      -1   0.971E-05   20.00
 196 -1304.3500  -30187.064 0.2331   0.8968E-07  0.1478E-05  0.7613E-06  0.1306E-06      -1   0.102E-04   20.00
 197 -1311.0400  -30122.637 0.2332   0.9037E-07  0.1482E-05  0.7921E-06  0.1301E-06      -1   0.106E-04   20.00
 198 -1317.7300  -30056.420 0.2333   0.9107E-07  0.1487E-05  0.8222E-06  0.1297E-06      -1   0.110E-04   20.00
 199 -1324.4200  -29988.475 0.2334   0.9179E-07  0.1492E-05  0.8518E-06  0.1293E-06      -1   0.114E-04   20.00
 200 -1331.1000  -29919.002 0.2335   0.9253E-07  0.1497E-05  0.8806E-06  0.1288E-06      -1   0.117E-04   20.00
 201 -1337.7900  -29847.887 0.2337   0.9329E-07  0.1503E-05  0.9076E-06  0.1284E-06      -1   0.121E-04   20.00
 202 -1344.4800  -29775.459 0.2338   0.9406E-07  0.1508E-05  0.9327E-06  0.1280E-06      -1   0.124E-04   20.00
 203 -1351.1700  -29701.836 0.2339   0.9485E-07  0.1514E-05  0.9567E-06  0.1276E-06      -1   0.128E-04   20.00
 204 -1357.8600  -29627.119 0.2340   0.9564E-07  0.1519E-05  0.9801E-06  0.1272E-06      -1   0.131E-04   20.00
 205 -1364.5500  -29551.346 0.2341   0.9645E-07  0.1525E-05  0.1003E-05  0.1268E-06      -1   0.134E-04   20.00
 206 -1371.2400  -29474.623 0.2343   0.9726E-07  0.1530E-05  0.1026E-05  0.1264E-06      -1   0.137E-04   20.00
 207 -1377.9301  -29396.898 0.2344   0.9809E-07  0.1536E-05  0.1048E-05  0.1260E-06      -1   0.140E-04   20.00
 208 -1384.6100  -29318.352 0.2345   0.9893E-07  0.1542E-05  0.1071E-05  0.1256E-06      -1   0.143E-04   20.00
 209 -1391.3000  -29238.744 0.2346   0.9977E-07  0.1548E-05  0.1095E-05  0.1252E-06      -1   0.146E-04   20.00
 210 -1397.9900  -29158.131 0.2348   0.1006E-06  0.1554E-05  0.1120E-05  0.1248E-06      -1   0.149E-04   20.00
 211 -1404.6801  -29076.518 0.2349   0.1015E-06  0.1560E-05  0.1145E-05  0.1244E-06      -1   0.153E-04   20.00
 212 -1411.3700  -28993.889 0.2350   0.1024E-06  0.1566E-05  0.1171E-05  0.1240E-06      -1   0.156E-04   20.00
 213 -1418.0601  -28910.129 0.2352   0.1033E-06  0.1572E-05  0.1199E-05  0.1236E-06      -1   0.160E-04   20.00
 214 -1424.7500  -28825.238 0.2353   0.1042E-06  0.1579E-05  0.1227E-05  0.1232E-06      -1   0.164E-04   20.00
 215 -1431.4399  -28739.215 0.2354   0.1051E-06  0.1585E-05  0.1256E-05  0.1228E-06      -1   0.167E-04   20.00
 216 -1438.1300  -28652.002 0.2356   0.1060E-06  0.1591E-05  0.1285E-05  0.1224E-06      -1   0.171E-04   20.00
 217 -1444.8199  -28563.641 0.2357   0.1070E-06  0.1598E-05  0.1315E-05  0.1220E-06      -1   0.175E-04   20.00
 218 -1451.5100  -28474.189 0.2359   0.1079E-06  0.1605E-05  0.1344E-05  0.1216E-06      -1   0.179E-04   20.00
 219 -1458.1899  -28383.787 0.2360   0.1089E-06  0.1611E-05  0.1373E-05  0.1213E-06      -1   0.183E-04   20.00
 220 -1464.8800  -28292.168 0.2362   0.1098E-06  0.1618E-05  0.1404E-05  0.1209E-06      -1   0.187E-04   20.00
 221 -1471.5699  -28199.443 0.2363   0.1108E-06  0.1625E-05  0.1434E-05  0.1205E-06      -1   0.191E-04   20.00
 222 -1478.2600  -28105.635 0.2365   0.1118E-06  0.1632E-05  0.1465E-05  0.1201E-06      -1   0.195E-04   20.00
 223 -1484.9500  -28010.789 0.2366   0.1128E-06  0.1639E-05  0.1496E-05  0.1197E-06      -1   0.200E-04   20.00
 224 -1491.6400  -27914.846 0.2368   0.1139E-06  0.1646E-05  0.1528E-05  0.1193E-06      -1   0.204E-04   20.00
 225 -1498.3300  -27817.838 0.2369   0.1149E-06  0.1653E-05  0.1562E-05  0.1189E-06      -1   0.208E-04   20.00
 226 -1505.0200  -27719.594 0.2371   0.1159E-06  0.1661E-05  0.1597E-05  0.1185E-06      -1   0.213E-04   20.00
 227 -1511.7100  -27620.129 0.2373   0.1170E-06  0.1668E-05  0.1635E-05  0.1180E-06      -1   0.218E-04   20.00
 228 -1518.4000  -27519.303 0.2374   0.1181E-06  0.1676E-05  0.1673E-05  0.1176E-06      -1   0.223E-04   20.00
 229 -1525.0800  -27417.279 0.2376   0.1192E-06  0.1683E-05  0.1714E-05  0.1172E-06      -1   0.229E-04   20.00
 230 -1531.7700  -27313.645 0.2378   0.1203E-06  0.1691E-05  0.1757E-05  0.1168E-06      -1   0.234E-04   20.00
 231 -1538.4600  -27208.426 0.2379   0.1214E-06  0.1699E-05  0.1803E-05  0.1164E-06      -1   0.240E-04   20.00
 232 -1545.1500  -27101.527 0.2381   0.1225E-06  0.1707E-05  0.1851E-05  0.1160E-06      -1   0.247E-04   20.00
 233 -1551.8400  -26992.896 0.2383   0.1237E-06  0.1715E-05  0.1901E-05  0.1156E-06      -1   0.253E-04   20.00
 234 -1558.5300  -26882.482 0.2384   0.1249E-06  0.1723E-05  0.1952E-05  0.1152E-06      -1   0.260E-04   20.00
 235 -1565.2200  -26770.367 0.2386   0.1260E-06  0.1731E-05  0.2003E-05  0.1148E-06      -1   0.267E-04   20.00
 236 -1571.9100  -26656.545 0.2388   0.1273E-06  0.1740E-05  0.2054E-05  0.1144E-06      -1   0.274E-04   20.00
 237 -1578.5900  -26541.223 0.2390   0.1285E-06  0.1748E-05  0.2106E-05  0.1140E-06      -1   0.281E-04   20.00
 238 -1585.2800  -26424.082 0.2392   0.1297E-06  0.1757E-05  0.2158E-05  0.1136E-06      -1   0.288E-04   20.00
 239 -1591.9700  -26305.268 0.2394   0.1310E-06  0.1766E-05  0.2213E-05  0.1131E-06      -1   0.295E-04   20.00
 240 -1598.6600  -26184.699 0.2396   0.1323E-06  0.1775E-05  0.2269E-05  0.1127E-06      -1   0.303E-04   20.00
 241 -1605.3500  -26062.395 0.2398   0.1336E-06  0.1784E-05  0.2327E-05  0.1123E-06      -1   0.310E-04   20.00
 242 -1612.0400  -25938.297 0.2400   0.1349E-06  0.1793E-05  0.2386E-05  0.1119E-06      -1   0.318E-04   20.00
 243 -1618.7300  -25812.387 0.2402   0.1362E-06  0.1802E-05  0.2447E-05  0.1115E-06      -1   0.326E-04   20.00
 244 -1625.4200  -25684.633 0.2404   0.1376E-06  0.1812E-05  0.2510E-05  0.1110E-06      -1   0.335E-04   20.00
 245 -1632.1100  -25554.971 0.2406   0.1390E-06  0.1821E-05  0.2575E-05  0.1106E-06      -1   0.343E-04   20.00
 246 -1638.8000  -25423.408 0.2408   0.1404E-06  0.1831E-05  0.2640E-05  0.1102E-06      -1   0.352E-04   20.00
 247 -1645.4800  -25290.141 0.2410   0.1418E-06  0.1841E-05  0.2706E-05  0.1097E-06      -1   0.361E-04   20.00
 248 -1652.1700  -25154.895 0.2412   0.1432E-06  0.1851E-05  0.2771E-05  0.1092E-06      -1   0.369E-04   20.00
 249 -1658.8600  -25017.932 0.2415   0.1447E-06  0.1861E-05  0.2837E-05  0.1088E-06      -1   0.378E-04   20.00
 250 -1665.5500  -24879.213 0.2417   0.1462E-06  0.1872E-05  0.2916E-05  0.1083E-06      -1   0.389E-04   20.00
 251 -1672.2400  -24737.922 0.2419   0.1482E-06  0.1884E-05  0.2967E-05  0.1078E-06      -1   0.396E-04   20.00
 252 -1678.9301  -24598.559 0.2422   0.1517E-06  0.1901E-05  0.2992E-05  0.1073E-06      -1   0.399E-04   20.00
 253 -1685.6200  -24460.539 0.2425   0.1551E-06  0.1918E-05  0.3032E-05  0.1067E-06      -1   0.404E-04   20.00
 254 -1692.3101  -24323.664 0.2428   0.1586E-06  0.1935E-05  0.3073E-05  0.1060E-06      -1   0.410E-04   20.00
 255 -1699.0000  -24187.834 0.2431   0.1620E-06  0.1952E-05  0.3116E-05  0.1053E-06      -1   0.415E-04   20.00
 256 -1705.6899  -24052.904 0.2434   0.1654E-06  0.1969E-05  0.3160E-05  0.1046E-06      -1   0.421E-04   20.00
 257 -1712.3800  -23918.811 0.2437   0.1688E-06  0.1986E-05  0.3203E-05  0.1038E-06      -1   0.427E-04   20.00
 258 -1719.0601  -23785.736 0.2440   0.1721E-06  0.2003E-05  0.3244E-05  0.1029E-06      -1   0.433E-04   20.00
 259 -1725.7500  -23653.393 0.2443   0.1754E-06  0.2019E-05  0.3281E-05  0.1020E-06      -1   0.437E-04   20.00
 260 -1732.4399  -23522.125 0.2446   0.1787E-06  0.2035E-05  0.3312E-05  0.1011E-06      -1   0.442E-04   20.00
 261 -1739.1300  -23392.033 0.2449   0.1820E-06  0.2052E-05  0.3348E-05  0.1000E-06      -1   0.446E-04   20.00
 262 -1745.8199  -23262.615 0.2451   0.1853E-06  0.2068E-05  0.3412E-05  0.9896E-07      -1   0.455E-04   20.00
 263 -1750.0000  -23253.203 0.1705   0.5376E-05  0.2706E-05  0.3459E-05  0.9646E-07      -1   0.461E-04   20.00
 264 -1759.2000  -23238.107 0.1705   0.5390E-05  0.2709E-05  0.3428E-05  0.9402E-07      -1   0.457E-04   20.00
 265 -1765.8900  -23227.203 0.1705   0.5401E-05  0.2711E-05  0.3384E-05  0.9152E-07      -1   0.451E-04   20.00
 266 -1772.5699  -23216.359 0.1706   0.5411E-05  0.2713E-05  0.3349E-05  0.8902E-07      -1   0.447E-04   20.00
 267 -1779.2600  -23205.557 0.1706   0.5421E-05  0.2716E-05  0.3307E-05  0.8651E-07      -1   0.441E-04   20.00
 268 -1785.9500  -23194.816 0.1706   0.5431E-05  0.2718E-05  0.3265E-05  0.8400E-07      -1   0.435E-04   20.00
 269 -1792.6400  -23184.133 0.1707   0.5441E-05  0.2720E-05  0.3226E-05  0.8147E-07      -1   0.430E-04   20.00
 270 -1799.3300  -23173.504 0.1707   0.5451E-05  0.2722E-05  0.3179E-05  0.7894E-07      -1   0.424E-04   20.00
 271 -1806.0200  -23162.949 0.1707   0.5461E-05  0.2724E-05  0.3130E-05  0.7641E-07      -1   0.417E-04   20.00
 272 -1812.7100  -23152.455 0.1707   0.5471E-05  0.2726E-05  0.3081E-05  0.7386E-07      -1   0.411E-04   20.00
 273 -1819.4000  -23142.035 0.1708   0.5481E-05  0.2728E-05  0.3023E-05  0.7131E-07      -1   0.403E-04   20.00
 274 -1826.0900  -23131.695 0.1708   0.5491E-05  0.2731E-05  0.2962E-05  0.6875E-07      -1   0.395E-04   20.00
 275 -1832.7800  -23121.438 0.1708   0.5501E-05  0.2733E-05  0.2901E-05  0.6619E-07      -1   0.387E-04   20.00
 276 -1839.4600  -23111.273 0.1709   0.5510E-05  0.2735E-05  0.2837E-05  0.6362E-07      -1   0.378E-04   20.00
 277 -1846.1500  -23101.184 0.1709   0.5520E-05  0.2737E-05  0.2766E-05  0.6104E-07      -1   0.369E-04   20.00
 278 -1852.8400  -23091.189 0.1709   0.5529E-05  0.2739E-05  0.2690E-05  0.5845E-07      -1   0.359E-04   20.00
 279 -1859.5300  -23081.293 0.1709   0.5539E-05  0.2741E-05  0.2612E-05  0.5586E-07      -1   0.348E-04   20.00
 280 -1866.2200  -23071.500 0.1710   0.5548E-05  0.2743E-05  0.2530E-05  0.5326E-07      -1   0.337E-04   20.00
 281 -1872.9100  -23061.811 0.1710   0.5557E-05  0.2745E-05  0.2446E-05  0.5066E-07      -1   0.326E-04   20.00
 282 -1879.6000  -23052.230 0.1710   0.5566E-05  0.2747E-05  0.2356E-05  0.4805E-07      -1   0.314E-04   20.00
 283 -1886.2900  -23042.768 0.1711   0.5575E-05  0.2748E-05  0.2259E-05  0.4543E-07      -1   0.301E-04   20.00
 284 -1892.9800  -23033.428 0.1711   0.5584E-05  0.2750E-05  0.2159E-05  0.4280E-07      -1   0.288E-04   20.00
 285 -1899.6700  -23024.213 0.1711   0.5593E-05  0.2752E-05  0.2060E-05  0.4017E-07      -1   0.275E-04   20.00
 286 -1906.3500  -23015.133 0.1711   0.5601E-05  0.2754E-05  0.1954E-05  0.3753E-07      -1   0.260E-04   20.00
 287 -1913.0400  -23006.180 0.1712   0.5610E-05  0.2756E-05  0.1840E-05  0.3489E-07      -1   0.245E-04   20.00
 288 -1919.7300  -22997.363 0.1712   0.5618E-05  0.2758E-05  0.1727E-05  0.3224E-07      -1   0.230E-04   20.00
 289 -1926.4200  -22988.686 0.1712   0.5626E-05  0.2759E-05  0.1608E-05  0.2958E-07      -1   0.214E-04   20.00
 290 -1933.1100  -22980.158 0.1712   0.5634E-05  0.2761E-05  0.1485E-05  0.2692E-07      -1   0.198E-04   20.00
 291 -1939.8000  -22971.779 0.1713   0.5642E-05  0.2763E-05  0.1360E-05  0.2425E-07      -1   0.181E-04   20.00
 292 -1946.4900  -22963.553 0.1713   0.5650E-05  0.2764E-05  0.1232E-05  0.2158E-07      -1   0.164E-04   20.00
 293 -1953.1801  -22955.482 0.1713   0.5658E-05  0.2766E-05  0.1103E-05  0.1890E-07      -1   0.147E-04   20.00
 294 -1959.8700  -22947.564 0.1713   0.5665E-05  0.2768E-05  0.9670E-06  0.1621E-07      -1   0.129E-04   20.00
 295 -1966.5601  -22939.818 0.1714   0.5672E-05  0.2769E-05  0.8257E-06  0.1352E-07      -1   0.110E-04   20.00
 296 -1973.2400  -22932.248 0.1714   0.5680E-05  0.2771E-05  0.6808E-06  0.1083E-07      -1   0.908E-05   20.00
 297 -1979.9301  -22924.846 0.1714   0.5687E-05  0.2772E-05  0.5249E-06  0.8129E-08      -1   0.700E-05   20.00
 298 -1986.6200  -22917.633 0.1714   0.5693E-05  0.2774E-05  0.3610E-06  0.5424E-08      -1   0.481E-05   20.00
 299 -1993.3101  -22910.617 0.1714   0.5700E-05  0.2775E-05  0.1875E-06  0.2714E-08      -1   0.250E-05   20.00
 300 -2000.0000  -22903.812 0.1715   0.5706E-05  0.2776E-05  0.9782E-07  0.0000E+00      -1   0.130E-05   20.00
end
