 ******* Program HYDRUS
 ******* 
 Welcome to HYDRUS-1D                                                    
 Date:  27. 5.    Time:  23: 1:18
 Units: L = mm   , T = min  , M = mmol 


    n      depth     THr       THs       hs       Ks        Ks/KsTop     Beta      Ah        AK        ATh

    1      0.00     0.065     0.451       0.0   0.750E-01     1.000     0.001     1.000     1.000     1.000
    2      6.69     0.065     0.451       0.0   0.750E-01     1.000     0.001     1.000     1.000     1.000
    3     13.38     0.065     0.451       0.0   0.750E-01     1.000     0.001     1.000     1.000     1.000
    4     20.07     0.065     0.451       0.0   0.750E-01     1.000     0.001     1.000     1.000     1.000
    5     26.76     0.065     0.451       0.0   0.750E-01     1.000     0.001     1.000     1.000     1.000
    6     33.44     0.065     0.451       0.0   0.750E-01     1.000     0.001     1.000     1.000     1.000
    7     40.13     0.065     0.451       0.0   0.750E-01     1.000     0.001     1.000     1.000     1.000
    8     46.82     0.065     0.451       0.0   0.750E-01     1.000     0.001     1.000     1.000     1.000
    9     53.51     0.065     0.451       0.0   0.750E-01     1.000     0.001     1.000     1.000     1.000
   10     60.20     0.065     0.451       0.0   0.750E-01     1.000     0.001     1.000     1.000     1.000
   11     66.89     0.065     0.451       0.0   0.750E-01     1.000     0.001     1.000     1.000     1.000
   12     73.58     0.065     0.451       0.0   0.750E-01     1.000     0.001     1.000     1.000     1.000
   13     80.27     0.065     0.451       0.0   0.750E-01     1.000     0.001     1.000     1.000     1.000
   14     86.96     0.065     0.451       0.0   0.750E-01     1.000     0.001     1.000     1.000     1.000
   15     93.65     0.065     0.451       0.0   0.750E-01     1.000     0.001     1.000     1.000     1.000
   16    100.33     0.065     0.451       0.0   0.750E-01     1.000     0.001     1.000     1.000     1.000
   17    107.02     0.065     0.451       0.0   0.750E-01     1.000     0.001     1.000     1.000     1.000
   18    113.71     0.065     0.451       0.0   0.750E-01     1.000     0.001     1.000     1.000     1.000
   19    120.40     0.065     0.451       0.0   0.750E-01     1.000     0.001     1.000     1.000     1.000
   20    127.09     0.065     0.451       0.0   0.750E-01     1.000     0.001     1.000     1.000     1.000
   21    133.78     0.065     0.451       0.0   0.750E-01     1.000     0.001     1.000     1.000     1.000
   22    140.47     0.065     0.451       0.0   0.750E-01     1.000     0.001     1.000     1.000     1.000
   23    147.16     0.065     0.451       0.0   0.750E-01     1.000     0.001     1.000     1.000     1.000
   24    153.85     0.065     0.451       0.0   0.750E-01     1.000     0.001     1.000     1.000     1.000
   25    160.54     0.065     0.451       0.0   0.750E-01     1.000     0.001     1.000     1.000     1.000
   26    167.22     0.065     0.451       0.0   0.750E-01     1.000     0.001     1.000     1.000     1.000
   27    173.91     0.065     0.451       0.0   0.750E-01     1.000     0.001     1.000     1.000     1.000
   28    180.60     0.065     0.451       0.0   0.750E-01     1.000     0.001     1.000     1.000     1.000
   29    187.29     0.065     0.451       0.0   0.750E-01     1.000     0.001     1.000     1.000     1.000
   30    193.98     0.065     0.451       0.0   0.750E-01     1.000     0.001     1.000     1.000     1.000
   31    200.67     0.065     0.451       0.0   0.750E-01     1.000     0.001     1.000     1.000     1.000
   32    207.36     0.065     0.451       0.0   0.750E-01     1.000     0.001     1.000     1.000     1.000
   33    214.05     0.065     0.451       0.0   0.750E-01     1.000     0.001     1.000     1.000     1.000
   34    220.74     0.065     0.451       0.0   0.750E-01     1.000     0.001     1.000     1.000     1.000
   35    227.43     0.065     0.451       0.0   0.750E-01     1.000     0.001     1.000     1.000     1.000
   36    234.11     0.065     0.451       0.0   0.750E-01     1.000     0.001     1.000     1.000     1.000
   37    240.80     0.065     0.451       0.0   0.750E-01     1.000     0.001     1.000     1.000     1.000
   38    247.49     0.065     0.451       0.0   0.750E-01     1.000     0.001     1.000     1.000     1.000
   39    254.18     0.065     0.451       0.0   0.750E-01     1.000     0.001     1.000     1.000     1.000
   40    260.87     0.065     0.451       0.0   0.750E-01     1.000     0.001     1.000     1.000     1.000
   41    267.56     0.065     0.451       0.0   0.750E-01     1.000     0.001     1.000     1.000     1.000
   42    274.25     0.065     0.451       0.0   0.750E-01     1.000     0.001     1.000     1.000     1.000
   43    280.94     0.065     0.451       0.0   0.750E-01     1.000     0.001     1.000     1.000     1.000
   44    287.62     0.065     0.451       0.0   0.750E-01     1.000     0.001     1.000     1.000     1.000
   45    294.31     0.065     0.451       0.0   0.750E-01     1.000     0.001     1.000     1.000     1.000
   46    301.00     0.065     0.451       0.0   0.750E-01     1.000     0.001     1.000     1.000     1.000
   47    307.69     0.065     0.451       0.0   0.750E-01     1.000     0.001     1.000     1.000     1.000
   48    314.38     0.065     0.451       0.0   0.750E-01     1.000     0.001     1.000     1.000     1.000
   49    321.07     0.065     0.451       0.0   0.750E-01     1.000     0.001     1.000     1.000     1.000
   50    327.76     0.065     0.451       0.0   0.750E-01     1.000     0.001     1.000     1.000     1.000
   51    334.45     0.065     0.451       0.0   0.750E-01     1.000     0.001     1.000     1.000     1.000
   52    341.14     0.065     0.451       0.0   0.750E-01     1.000     0.001     1.000     1.000     1.000
   53    347.83     0.065     0.451       0.0   0.750E-01     1.000     0.001     1.000     1.000     1.000
   54    354.52     0.065     0.451       0.0   0.750E-01     1.000     0.001     1.000     1.000     1.000
   55    361.20     0.065     0.451       0.0   0.750E-01     1.000     0.001     1.000     1.000     1.000
   56    367.89     0.065     0.451       0.0   0.750E-01     1.000     0.001     1.000     1.000     1.000
   57    374.58     0.065     0.451       0.0   0.750E-01     1.000     0.001     1.000     1.000     1.000
   58    381.27     0.065     0.451       0.0   0.750E-01     1.000     0.001     1.000     1.000     1.000
   59    387.96     0.065     0.451       0.0   0.750E-01     1.000     0.001     1.000     1.000     1.000
   60    394.65     0.065     0.451       0.0   0.750E-01     1.000     0.001     1.000     1.000     1.000
   61    401.34     0.065     0.451       0.0   0.750E-01     1.000     0.001     1.000     1.000     1.000
   62    408.03     0.065     0.451       0.0   0.750E-01     1.000     0.001     1.000     1.000     1.000
   63    414.72     0.065     0.451       0.0   0.750E-01     1.000     0.001     1.000     1.000     1.000
   64    421.40     0.065     0.451       0.0   0.750E-01     1.000     0.001     1.000     1.000     1.000
   65    428.09     0.065     0.451       0.0   0.750E-01     1.000     0.001     1.000     1.000     1.000
   66    434.78     0.065     0.451       0.0   0.750E-01     1.000     0.001     1.000     1.000     1.000
   67    440.00     0.083     0.477       0.0   0.117E-01     0.156     0.001     1.000     1.000     1.000
   68    448.16     0.083     0.477       0.0   0.117E-01     0.156     0.001     1.000     1.000     1.000
   69    454.85     0.083     0.477       0.0   0.117E-01     0.156     0.001     1.000     1.000     1.000
   70    461.54     0.083     0.477       0.0   0.117E-01     0.156     0.001     1.000     1.000     1.000
   71    468.23     0.083     0.477       0.0   0.117E-01     0.156     0.001     1.000     1.000     1.000
   72    474.92     0.083     0.477       0.0   0.117E-01     0.156     0.001     1.000     1.000     1.000
   73    481.61     0.083     0.477       0.0   0.117E-01     0.156     0.001     1.000     1.000     1.000
   74    488.29     0.083     0.477       0.0   0.117E-01     0.156     0.001     1.000     1.000     1.000
   75    494.98     0.083     0.477       0.0   0.117E-01     0.156     0.001     1.000     1.000     1.000
   76    501.67     0.083     0.477       0.0   0.117E-01     0.156     0.001     1.000     1.000     1.000
   77    508.36     0.083     0.477       0.0   0.117E-01     0.156     0.001     1.000     1.000     1.000
   78    515.05     0.083     0.477       0.0   0.117E-01     0.156     0.001     1.000     1.000     1.000
   79    521.74     0.083     0.477       0.0   0.117E-01     0.156     0.001     1.000     1.000     1.000
   80    528.43     0.083     0.477       0.0   0.117E-01     0.156     0.001     1.000     1.000     1.000
   81    535.12     0.083     0.477       0.0   0.117E-01     0.156     0.001     1.000     1.000     1.000
   82    541.81     0.083     0.477       0.0   0.117E-01     0.156     0.001     1.000     1.000     1.000
   83    548.49     0.083     0.477       0.0   0.117E-01     0.156     0.001     1.000     1.000     1.000
   84    555.18     0.083     0.477       0.0   0.117E-01     0.156     0.001     1.000     1.000     1.000
   85    561.87     0.083     0.477       0.0   0.117E-01     0.156     0.001     1.000     1.000     1.000
   86    568.56     0.083     0.477       0.0   0.117E-01     0.156     0.001     1.000     1.000     1.000
   87    575.25     0.083     0.477       0.0   0.117E-01     0.156     0.001     1.000     1.000     1.000
   88    581.94     0.083     0.477       0.0   0.117E-01     0.156     0.001     1.000     1.000     1.000
   89    588.63     0.083     0.477       0.0   0.117E-01     0.156     0.001     1.000     1.000     1.000
   90    595.32     0.083     0.477       0.0   0.117E-01     0.156     0.001     1.000     1.000     1.000
   91    602.01     0.083     0.477       0.0   0.117E-01     0.156     0.001     1.000     1.000     1.000
   92    608.70     0.083     0.477       0.0   0.117E-01     0.156     0.001     1.000     1.000     1.000
   93    615.39     0.083     0.477       0.0   0.117E-01     0.156     0.001     1.000     1.000     1.000
   94    622.07     0.083     0.477       0.0   0.117E-01     0.156     0.001     1.000     1.000     1.000
   95    628.76     0.083     0.477       0.0   0.117E-01     0.156     0.001     1.000     1.000     1.000
   96    635.45     0.083     0.477       0.0   0.117E-01     0.156     0.001     1.000     1.000     1.000
   97    642.14     0.083     0.477       0.0   0.117E-01     0.156     0.001     1.000     1.000     1.000
   98    648.83     0.083     0.477       0.0   0.117E-01     0.156     0.001     1.000     1.000     1.000
   99    655.52     0.083     0.477       0.0   0.117E-01     0.156     0.001     1.000     1.000     1.000
  100    662.21     0.083     0.477       0.0   0.117E-01     0.156     0.001     1.000     1.000     1.000
  101    668.90     0.083     0.477       0.0   0.117E-01     0.156     0.001     1.000     1.000     1.000
  102    675.59     0.083     0.477       0.0   0.117E-01     0.156     0.001     1.000     1.000     1.000
  103    682.27     0.083     0.477       0.0   0.117E-01     0.156     0.001     1.000     1.000     1.000
  104    688.96     0.083     0.477       0.0   0.117E-01     0.156     0.001     1.000     1.000     1.000
  105    695.65     0.083     0.477       0.0   0.117E-01     0.156     0.001     1.000     1.000     1.000
  106    702.34     0.083     0.477       0.0   0.117E-01     0.156     0.001     1.000     1.000     1.000
  107    709.03     0.083     0.477       0.0   0.117E-01     0.156     0.001     1.000     1.000     1.000
  108    715.72     0.083     0.477       0.0   0.117E-01     0.156     0.001     1.000     1.000     1.000
  109    722.41     0.083     0.477       0.0   0.117E-01     0.156     0.001     1.000     1.000     1.000
  110    729.10     0.083     0.477       0.0   0.117E-01     0.156     0.001     1.000     1.000     1.000
  111    735.79     0.083     0.477       0.0   0.117E-01     0.156     0.001     1.000     1.000     1.000
  112    742.47     0.083     0.477       0.0   0.117E-01     0.156     0.001     1.000     1.000     1.000
  113    749.16     0.083     0.477       0.0   0.117E-01     0.156     0.001     1.000     1.000     1.000
  114    755.85     0.083     0.477       0.0   0.117E-01     0.156     0.001     1.000     1.000     1.000
  115    762.54     0.083     0.477       0.0   0.117E-01     0.156     0.001     1.000     1.000     1.000
  116    769.23     0.083     0.477       0.0   0.117E-01     0.156     0.001     1.000     1.000     1.000
  117    775.92     0.083     0.477       0.0   0.117E-01     0.156     0.001     1.000     1.000     1.000
  118    782.61     0.083     0.477       0.0   0.117E-01     0.156     0.001     1.000     1.000     1.000
  119    789.30     0.083     0.477       0.0   0.117E-01     0.156     0.001     1.000     1.000     1.000
  120    795.99     0.083     0.477       0.0   0.117E-01     0.156     0.001     1.000     1.000     1.000
  121    802.67     0.083     0.477       0.0   0.117E-01     0.156     0.001     1.000     1.000     1.000
  122    809.36     0.083     0.477       0.0   0.117E-01     0.156     0.001     1.000     1.000     1.000
  123    816.05     0.083     0.477       0.0   0.117E-01     0.156     0.001     1.000     1.000     1.000
  124    822.74     0.083     0.477       0.0   0.117E-01     0.156     0.001     1.000     1.000     1.000
  125    829.43     0.083     0.477       0.0   0.117E-01     0.156     0.001     1.000     1.000     1.000
  126    836.12     0.083     0.477       0.0   0.117E-01     0.156     0.001     1.000     1.000     1.000
  127    842.81     0.083     0.477       0.0   0.117E-01     0.156     0.001     1.000     1.000     1.000
  128    849.50     0.083     0.477       0.0   0.117E-01     0.156     0.001     1.000     1.000     1.000
  129    856.19     0.083     0.477       0.0   0.117E-01     0.156     0.001     1.000     1.000     1.000
  130    862.88     0.083     0.477       0.0   0.117E-01     0.156     0.001     1.000     1.000     1.000
  131    869.57     0.083     0.477       0.0   0.117E-01     0.156     0.001     1.000     1.000     1.000
  132    876.25     0.083     0.477       0.0   0.117E-01     0.156     0.001     1.000     1.000     1.000
  133    882.94     0.083     0.477       0.0   0.117E-01     0.156     0.001     1.000     1.000     1.000
  134    889.63     0.083     0.477       0.0   0.117E-01     0.156     0.001     1.000     1.000     1.000
  135    896.32     0.083     0.477       0.0   0.117E-01     0.156     0.001     1.000     1.000     1.000
  136    903.01     0.083     0.477       0.0   0.117E-01     0.156     0.001     1.000     1.000     1.000
  137    909.70     0.083     0.477       0.0   0.117E-01     0.156     0.001     1.000     1.000     1.000
  138    916.39     0.083     0.477       0.0   0.117E-01     0.156     0.001     1.000     1.000     1.000
  139    923.08     0.083     0.477       0.0   0.117E-01     0.156     0.001     1.000     1.000     1.000
  140    929.77     0.083     0.477       0.0   0.117E-01     0.156     0.001     1.000     1.000     1.000
  141    936.46     0.083     0.477       0.0   0.117E-01     0.156     0.001     1.000     1.000     1.000
  142    943.14     0.083     0.477       0.0   0.117E-01     0.156     0.001     1.000     1.000     1.000
  143    949.83     0.083     0.477       0.0   0.117E-01     0.156     0.001     1.000     1.000     1.000
  144    956.52     0.083     0.477       0.0   0.117E-01     0.156     0.001     1.000     1.000     1.000
  145    963.21     0.083     0.477       0.0   0.117E-01     0.156     0.001     1.000     1.000     1.000
  146    969.90     0.083     0.477       0.0   0.117E-01     0.156     0.001     1.000     1.000     1.000
  147    976.59     0.083     0.477       0.0   0.117E-01     0.156     0.001     1.000     1.000     1.000
  148    983.28     0.083     0.477       0.0   0.117E-01     0.156     0.001     1.000     1.000     1.000
  149    989.97     0.083     0.477       0.0   0.117E-01     0.156     0.001     1.000     1.000     1.000
  150    996.66     0.083     0.477       0.0   0.117E-01     0.156     0.001     1.000     1.000     1.000
  151   1003.34     0.083     0.477       0.0   0.117E-01     0.156     0.000     1.000     1.000     1.000
  152   1010.03     0.083     0.477       0.0   0.117E-01     0.156     0.000     1.000     1.000     1.000
  153   1016.72     0.083     0.477       0.0   0.117E-01     0.156     0.000     1.000     1.000     1.000
  154   1023.41     0.083     0.477       0.0   0.117E-01     0.156     0.000     1.000     1.000     1.000
  155   1030.10     0.083     0.477       0.0   0.117E-01     0.156     0.000     1.000     1.000     1.000
  156   1036.79     0.083     0.477       0.0   0.117E-01     0.156     0.000     1.000     1.000     1.000
  157   1043.48     0.083     0.477       0.0   0.117E-01     0.156     0.000     1.000     1.000     1.000
  158   1050.17     0.083     0.477       0.0   0.117E-01     0.156     0.000     1.000     1.000     1.000
  159   1056.86     0.083     0.477       0.0   0.117E-01     0.156     0.000     1.000     1.000     1.000
  160   1063.55     0.083     0.477       0.0   0.117E-01     0.156     0.000     1.000     1.000     1.000
  161   1070.23     0.083     0.477       0.0   0.117E-01     0.156     0.000     1.000     1.000     1.000
  162   1076.92     0.083     0.477       0.0   0.117E-01     0.156     0.000     1.000     1.000     1.000
  163   1083.61     0.083     0.477       0.0   0.117E-01     0.156     0.000     1.000     1.000     1.000
  164   1090.30     0.083     0.477       0.0   0.117E-01     0.156     0.000     1.000     1.000     1.000
  165   1096.99     0.083     0.477       0.0   0.117E-01     0.156     0.000     1.000     1.000     1.000
  166   1103.68     0.083     0.477       0.0   0.117E-01     0.156     0.000     1.000     1.000     1.000
  167   1110.37     0.083     0.477       0.0   0.117E-01     0.156     0.000     1.000     1.000     1.000
  168   1117.06     0.083     0.477       0.0   0.117E-01     0.156     0.000     1.000     1.000     1.000
  169   1123.75     0.083     0.477       0.0   0.117E-01     0.156     0.000     1.000     1.000     1.000
  170   1130.44     0.083     0.477       0.0   0.117E-01     0.156     0.000     1.000     1.000     1.000
  171   1137.12     0.083     0.477       0.0   0.117E-01     0.156     0.000     1.000     1.000     1.000
  172   1143.81     0.083     0.477       0.0   0.117E-01     0.156     0.000     1.000     1.000     1.000
  173   1150.50     0.083     0.477       0.0   0.117E-01     0.156     0.000     1.000     1.000     1.000
  174   1157.19     0.083     0.477       0.0   0.117E-01     0.156     0.000     1.000     1.000     1.000
  175   1163.88     0.083     0.477       0.0   0.117E-01     0.156     0.000     1.000     1.000     1.000
  176   1170.57     0.083     0.477       0.0   0.117E-01     0.156     0.000     1.000     1.000     1.000
  177   1177.26     0.083     0.477       0.0   0.117E-01     0.156     0.000     1.000     1.000     1.000
  178   1183.95     0.083     0.477       0.0   0.117E-01     0.156     0.000     1.000     1.000     1.000
  179   1190.64     0.083     0.477       0.0   0.117E-01     0.156     0.000     1.000     1.000     1.000
  180   1197.32     0.083     0.477       0.0   0.117E-01     0.156     0.000     1.000     1.000     1.000
  181   1204.01     0.083     0.477       0.0   0.117E-01     0.156     0.000     1.000     1.000     1.000
  182   1210.70     0.083     0.477       0.0   0.117E-01     0.156     0.000     1.000     1.000     1.000
  183   1217.39     0.083     0.477       0.0   0.117E-01     0.156     0.000     1.000     1.000     1.000
  184   1224.08     0.083     0.477       0.0   0.117E-01     0.156     0.000     1.000     1.000     1.000
  185   1230.77     0.083     0.477       0.0   0.117E-01     0.156     0.000     1.000     1.000     1.000
  186   1237.46     0.083     0.477       0.0   0.117E-01     0.156     0.000     1.000     1.000     1.000
  187   1244.15     0.083     0.477       0.0   0.117E-01     0.156     0.000     1.000     1.000     1.000
  188   1250.84     0.083     0.477       0.0   0.117E-01     0.156     0.000     1.000     1.000     1.000
  189   1257.53     0.083     0.477       0.0   0.117E-01     0.156     0.000     1.000     1.000     1.000
  190   1264.21     0.083     0.477       0.0   0.117E-01     0.156     0.000     1.000     1.000     1.000
  191   1270.90     0.083     0.477       0.0   0.117E-01     0.156     0.000     1.000     1.000     1.000
  192   1277.59     0.083     0.477       0.0   0.117E-01     0.156     0.000     1.000     1.000     1.000
  193   1284.28     0.083     0.477       0.0   0.117E-01     0.156     0.000     1.000     1.000     1.000
  194   1290.97     0.083     0.477       0.0   0.117E-01     0.156     0.000     1.000     1.000     1.000
  195   1297.66     0.083     0.477       0.0   0.117E-01     0.156     0.000     1.000     1.000     1.000
  196   1304.35     0.083     0.477       0.0   0.117E-01     0.156     0.000     1.000     1.000     1.000
  197   1311.04     0.083     0.477       0.0   0.117E-01     0.156     0.000     1.000     1.000     1.000
  198   1317.73     0.083     0.477       0.0   0.117E-01     0.156     0.000     1.000     1.000     1.000
  199   1324.42     0.083     0.477       0.0   0.117E-01     0.156     0.000     1.000     1.000     1.000
  200   1331.10     0.083     0.477       0.0   0.117E-01     0.156     0.000     1.000     1.000     1.000
  201   1337.79     0.083     0.477       0.0   0.117E-01     0.156     0.000     1.000     1.000     1.000
  202   1344.48     0.083     0.477       0.0   0.117E-01     0.156     0.000     1.000     1.000     1.000
  203   1351.17     0.083     0.477       0.0   0.117E-01     0.156     0.000     1.000     1.000     1.000
  204   1357.86     0.083     0.477       0.0   0.117E-01     0.156     0.000     1.000     1.000     1.000
  205   1364.55     0.083     0.477       0.0   0.117E-01     0.156     0.000     1.000     1.000     1.000
  206   1371.24     0.083     0.477       0.0   0.117E-01     0.156     0.000     1.000     1.000     1.000
  207   1377.93     0.083     0.477       0.0   0.117E-01     0.156     0.000     1.000     1.000     1.000
  208   1384.61     0.083     0.477       0.0   0.117E-01     0.156     0.000     1.000     1.000     1.000
  209   1391.30     0.083     0.477       0.0   0.117E-01     0.156     0.000     1.000     1.000     1.000
  210   1397.99     0.083     0.477       0.0   0.117E-01     0.156     0.000     1.000     1.000     1.000
  211   1404.68     0.083     0.477       0.0   0.117E-01     0.156     0.000     1.000     1.000     1.000
  212   1411.37     0.083     0.477       0.0   0.117E-01     0.156     0.000     1.000     1.000     1.000
  213   1418.06     0.083     0.477       0.0   0.117E-01     0.156     0.000     1.000     1.000     1.000
  214   1424.75     0.083     0.477       0.0   0.117E-01     0.156     0.000     1.000     1.000     1.000
  215   1431.44     0.083     0.477       0.0   0.117E-01     0.156     0.000     1.000     1.000     1.000
  216   1438.13     0.083     0.477       0.0   0.117E-01     0.156     0.000     1.000     1.000     1.000
  217   1444.82     0.083     0.477       0.0   0.117E-01     0.156     0.000     1.000     1.000     1.000
  218   1451.51     0.083     0.477       0.0   0.117E-01     0.156     0.000     1.000     1.000     1.000
  219   1458.19     0.083     0.477       0.0   0.117E-01     0.156     0.000     1.000     1.000     1.000
  220   1464.88     0.083     0.477       0.0   0.117E-01     0.156     0.000     1.000     1.000     1.000
  221   1471.57     0.083     0.477       0.0   0.117E-01     0.156     0.000     1.000     1.000     1.000
  222   1478.26     0.083     0.477       0.0   0.117E-01     0.156     0.000     1.000     1.000     1.000
  223   1484.95     0.083     0.477       0.0   0.117E-01     0.156     0.000     1.000     1.000     1.000
  224   1491.64     0.083     0.477       0.0   0.117E-01     0.156     0.000     1.000     1.000     1.000
  225   1498.33     0.083     0.477       0.0   0.117E-01     0.156     0.000     1.000     1.000     1.000
  226   1505.02     0.083     0.477       0.0   0.117E-01     0.156     0.000     1.000     1.000     1.000
  227   1511.71     0.083     0.477       0.0   0.117E-01     0.156     0.000     1.000     1.000     1.000
  228   1518.40     0.083     0.477       0.0   0.117E-01     0.156     0.000     1.000     1.000     1.000
  229   1525.08     0.083     0.477       0.0   0.117E-01     0.156     0.000     1.000     1.000     1.000
  230   1531.77     0.083     0.477       0.0   0.117E-01     0.156     0.000     1.000     1.000     1.000
  231   1538.46     0.083     0.477       0.0   0.117E-01     0.156     0.000     1.000     1.000     1.000
  232   1545.15     0.083     0.477       0.0   0.117E-01     0.156     0.000     1.000     1.000     1.000
  233   1551.84     0.083     0.477       0.0   0.117E-01     0.156     0.000     1.000     1.000     1.000
  234   1558.53     0.083     0.477       0.0   0.117E-01     0.156     0.000     1.000     1.000     1.000
  235   1565.22     0.083     0.477       0.0   0.117E-01     0.156     0.000     1.000     1.000     1.000
  236   1571.91     0.083     0.477       0.0   0.117E-01     0.156     0.000     1.000     1.000     1.000
  237   1578.59     0.083     0.477       0.0   0.117E-01     0.156     0.000     1.000     1.000     1.000
  238   1585.28     0.083     0.477       0.0   0.117E-01     0.156     0.000     1.000     1.000     1.000
  239   1591.97     0.083     0.477       0.0   0.117E-01     0.156     0.000     1.000     1.000     1.000
  240   1598.66     0.083     0.477       0.0   0.117E-01     0.156     0.000     1.000     1.000     1.000
  241   1605.35     0.083     0.477       0.0   0.117E-01     0.156     0.000     1.000     1.000     1.000
  242   1612.04     0.083     0.477       0.0   0.117E-01     0.156     0.000     1.000     1.000     1.000
  243   1618.73     0.083     0.477       0.0   0.117E-01     0.156     0.000     1.000     1.000     1.000
  244   1625.42     0.083     0.477       0.0   0.117E-01     0.156     0.000     1.000     1.000     1.000
  245   1632.11     0.083     0.477       0.0   0.117E-01     0.156     0.000     1.000     1.000     1.000
  246   1638.80     0.083     0.477       0.0   0.117E-01     0.156     0.000     1.000     1.000     1.000
  247   1645.48     0.083     0.477       0.0   0.117E-01     0.156     0.000     1.000     1.000     1.000
  248   1652.17     0.083     0.477       0.0   0.117E-01     0.156     0.000     1.000     1.000     1.000
  249   1658.86     0.083     0.477       0.0   0.117E-01     0.156     0.000     1.000     1.000     1.000
  250   1665.55     0.083     0.477       0.0   0.117E-01     0.156     0.000     1.000     1.000     1.000
  251   1672.24     0.083     0.477       0.0   0.117E-01     0.156     0.000     1.000     1.000     1.000
  252   1678.93     0.083     0.477       0.0   0.117E-01     0.156     0.000     1.000     1.000     1.000
  253   1685.62     0.083     0.477       0.0   0.117E-01     0.156     0.000     1.000     1.000     1.000
  254   1692.31     0.083     0.477       0.0   0.117E-01     0.156     0.000     1.000     1.000     1.000
  255   1699.00     0.083     0.477       0.0   0.117E-01     0.156     0.000     1.000     1.000     1.000
  256   1705.69     0.083     0.477       0.0   0.117E-01     0.156     0.000     1.000     1.000     1.000
  257   1712.38     0.083     0.477       0.0   0.117E-01     0.156     0.000     1.000     1.000     1.000
  258   1719.06     0.083     0.477       0.0   0.117E-01     0.156     0.000     1.000     1.000     1.000
  259   1725.75     0.083     0.477       0.0   0.117E-01     0.156     0.000     1.000     1.000     1.000
  260   1732.44     0.083     0.477       0.0   0.117E-01     0.156     0.000     1.000     1.000     1.000
  261   1739.13     0.083     0.477       0.0   0.117E-01     0.156     0.000     1.000     1.000     1.000
  262   1745.82     0.083     0.477       0.0   0.117E-01     0.156     0.000     1.000     1.000     1.000
  263   1750.00     0.067     0.462       0.0   0.750E-01     1.000     0.000     1.000     1.000     1.000
  264   1759.20     0.067     0.462       0.0   0.750E-01     1.000     0.000     1.000     1.000     1.000
  265   1765.89     0.067     0.462       0.0   0.750E-01     1.000     0.000     1.000     1.000     1.000
  266   1772.57     0.067     0.462       0.0   0.750E-01     1.000     0.000     1.000     1.000     1.000
  267   1779.26     0.067     0.462       0.0   0.750E-01     1.000     0.000     1.000     1.000     1.000
  268   1785.95     0.067     0.462       0.0   0.750E-01     1.000     0.000     1.000     1.000     1.000
  269   1792.64     0.067     0.462       0.0   0.750E-01     1.000     0.000     1.000     1.000     1.000
  270   1799.33     0.067     0.462       0.0   0.750E-01     1.000     0.000     1.000     1.000     1.000
  271   1806.02     0.067     0.462       0.0   0.750E-01     1.000     0.000     1.000     1.000     1.000
  272   1812.71     0.067     0.462       0.0   0.750E-01     1.000     0.000     1.000     1.000     1.000
  273   1819.40     0.067     0.462       0.0   0.750E-01     1.000     0.000     1.000     1.000     1.000
  274   1826.09     0.067     0.462       0.0   0.750E-01     1.000     0.000     1.000     1.000     1.000
  275   1832.78     0.067     0.462       0.0   0.750E-01     1.000     0.000     1.000     1.000     1.000
  276   1839.46     0.067     0.462       0.0   0.750E-01     1.000     0.000     1.000     1.000     1.000
  277   1846.15     0.067     0.462       0.0   0.750E-01     1.000     0.000     1.000     1.000     1.000
  278   1852.84     0.067     0.462       0.0   0.750E-01     1.000     0.000     1.000     1.000     1.000
  279   1859.53     0.067     0.462       0.0   0.750E-01     1.000     0.000     1.000     1.000     1.000
  280   1866.22     0.067     0.462       0.0   0.750E-01     1.000     0.000     1.000     1.000     1.000
  281   1872.91     0.067     0.462       0.0   0.750E-01     1.000     0.000     1.000     1.000     1.000
  282   1879.60     0.067     0.462       0.0   0.750E-01     1.000     0.000     1.000     1.000     1.000
  283   1886.29     0.067     0.462       0.0   0.750E-01     1.000     0.000     1.000     1.000     1.000
  284   1892.98     0.067     0.462       0.0   0.750E-01     1.000     0.000     1.000     1.000     1.000
  285   1899.67     0.067     0.462       0.0   0.750E-01     1.000     0.000     1.000     1.000     1.000
  286   1906.35     0.067     0.462       0.0   0.750E-01     1.000     0.000     1.000     1.000     1.000
  287   1913.04     0.067     0.462       0.0   0.750E-01     1.000     0.000     1.000     1.000     1.000
  288   1919.73     0.067     0.462       0.0   0.750E-01     1.000     0.000     1.000     1.000     1.000
  289   1926.42     0.067     0.462       0.0   0.750E-01     1.000     0.000     1.000     1.000     1.000
  290   1933.11     0.067     0.462       0.0   0.750E-01     1.000     0.000     1.000     1.000     1.000
  291   1939.80     0.067     0.462       0.0   0.750E-01     1.000     0.000     1.000     1.000     1.000
  292   1946.49     0.067     0.462       0.0   0.750E-01     1.000     0.000     1.000     1.000     1.000
  293   1953.18     0.067     0.462       0.0   0.750E-01     1.000     0.000     1.000     1.000     1.000
  294   1959.87     0.067     0.462       0.0   0.750E-01     1.000     0.000     1.000     1.000     1.000
  295   1966.56     0.067     0.462       0.0   0.750E-01     1.000     0.000     1.000     1.000     1.000
  296   1973.24     0.067     0.462       0.0   0.750E-01     1.000     0.000     1.000     1.000     1.000
  297   1979.93     0.067     0.462       0.0   0.750E-01     1.000     0.000     1.000     1.000     1.000
  298   1986.62     0.067     0.462       0.0   0.750E-01     1.000     0.000     1.000     1.000     1.000
  299   1993.31     0.067     0.462       0.0   0.750E-01     1.000     0.000     1.000     1.000     1.000
  300   2000.00     0.067     0.462       0.0   0.750E-01     1.000     0.000     1.000     1.000     1.000
end
