 ******* Program HYDRUS
 ******* 
 Welcome to HYDRUS-1D                                                    
 Date:  13. 5.    Time:  13:49:33
 Units: L = mm   , T = min  , M = mmol 

----------------------------------------------------------
 Time       [T]        0.0000
----------------------------------------------------------
 Sub-region num.                     1
----------------------------------------------------------
 Length   [L]        0.22900E+04  0.22900E+04
 W-volume [L]        0.47933E+03  0.47933E+03
 In-flow  [L/T]      0.00000E+00  0.00000E+00
 h Mean   [L]       -0.20000E+05 -0.20000E+05
 Top Flux [L/T]     -0.14899E-06
 Bot Flux [L/T]     -0.32933E-05
----------------------------------------------------------

----------------------------------------------------------
 Time       [T]    50000.0000
----------------------------------------------------------
 Sub-region num.                     1
----------------------------------------------------------
 Length   [L]        0.22900E+04  0.22900E+04
 W-volume [L]        0.48075E+03  0.48075E+03
 In-flow  [L/T]     -0.42570E-03 -0.42570E-03
 h Mean   [L]       -0.22537E+05 -0.22537E+05
 Top Flux [L/T]      0.37754E-03
 Bot Flux [L/T]      0.20850E-07
 WatBalT  [L]        0.32467E-02
 WatBalR  [%]              0.009
----------------------------------------------------------

----------------------------------------------------------
 Time       [T]   100000.0000
----------------------------------------------------------
 Sub-region num.                     1
----------------------------------------------------------
 Length   [L]        0.22900E+04  0.22900E+04
 W-volume [L]        0.47341E+03  0.47341E+03
 In-flow  [L/T]     -0.30932E-03 -0.30932E-03
 h Mean   [L]       -0.23620E+05 -0.23620E+05
 Top Flux [L/T]      0.76597E-04
 Bot Flux [L/T]      0.30826E-07
 WatBalT  [L]        0.59748E-03
 WatBalR  [%]              0.001
----------------------------------------------------------

----------------------------------------------------------
 Time       [T]   150000.0000
----------------------------------------------------------
 Sub-region num.                     1
----------------------------------------------------------
 Length   [L]        0.22900E+04  0.22900E+04
 W-volume [L]        0.47038E+03  0.47038E+03
 In-flow  [L/T]     -0.59604E-06 -0.59604E-06
 h Mean   [L]       -0.22401E+05 -0.22401E+05
 Top Flux [L/T]      0.74047E-04
 Bot Flux [L/T]      0.39953E-07
 WatBalT  [L]       -0.11271E-01
 WatBalR  [%]              0.018
----------------------------------------------------------

----------------------------------------------------------
 Time       [T]   200000.0000
----------------------------------------------------------
 Sub-region num.                     1
----------------------------------------------------------
 Length   [L]        0.22900E+04  0.22900E+04
 W-volume [L]        0.46669E+03  0.46669E+03
 In-flow  [L/T]      0.16689E-06  0.16689E-06
 h Mean   [L]       -0.25015E+05 -0.25015E+05
 Top Flux [L/T]      0.19864E-04
 Bot Flux [L/T]      0.44876E-07
 WatBalT  [L]       -0.17274E-01
 WatBalR  [%]              0.024
----------------------------------------------------------

----------------------------------------------------------
 Time       [T]   250000.0000
----------------------------------------------------------
 Sub-region num.                     1
----------------------------------------------------------
 Length   [L]        0.22900E+04  0.22900E+04
 W-volume [L]        0.46642E+03  0.46642E+03
 In-flow  [L/T]     -0.78716E-03 -0.78716E-03
 h Mean   [L]       -0.24495E+05 -0.24495E+05
 Top Flux [L/T]      0.53663E-03
 Bot Flux [L/T]      0.78905E-07
 WatBalT  [L]       -0.19137E-01
 WatBalR  [%]              0.019
----------------------------------------------------------

----------------------------------------------------------
 Time       [T]   300000.0000
----------------------------------------------------------
 Sub-region num.                     1
----------------------------------------------------------
 Length   [L]        0.22900E+04  0.22900E+04
 W-volume [L]        0.45982E+03  0.45982E+03
 In-flow  [L/T]     -0.15249E-03 -0.15249E-03
 h Mean   [L]       -0.26197E+05 -0.26197E+05
 Top Flux [L/T]      0.22990E-04
 Bot Flux [L/T]      0.93279E-07
 WatBalT  [L]       -0.21667E-01
 WatBalR  [%]              0.020
----------------------------------------------------------

----------------------------------------------------------
 Time       [T]   350000.0000
----------------------------------------------------------
 Sub-region num.                     1
----------------------------------------------------------
 Length   [L]        0.22900E+04  0.22900E+04
 W-volume [L]        0.47139E+03  0.47139E+03
 In-flow  [L/T]     -0.28563E-04 -0.28563E-04
 h Mean   [L]       -0.21965E+05 -0.21965E+05
 Top Flux [L/T]     -0.82765E-04
 Bot Flux [L/T]      0.94865E-07
 WatBalT  [L]       -0.23279E-01
 WatBalR  [%]              0.011
----------------------------------------------------------

----------------------------------------------------------
 Time       [T]   400000.0000
----------------------------------------------------------
 Sub-region num.                     1
----------------------------------------------------------
 Length   [L]        0.22900E+04  0.22900E+04
 W-volume [L]        0.47251E+03  0.47251E+03
 In-flow  [L/T]     -0.13010E-02 -0.13010E-02
 h Mean   [L]       -0.24790E+05 -0.24790E+05
 Top Flux [L/T]      0.12062E-02
 Bot Flux [L/T]      0.12494E-06
 WatBalT  [L]       -0.25711E-01
 WatBalR  [%]              0.008
----------------------------------------------------------

----------------------------------------------------------
 Time       [T]   450000.0000
----------------------------------------------------------
 Sub-region num.                     1
----------------------------------------------------------
 Length   [L]        0.22900E+04  0.22900E+04
 W-volume [L]        0.46117E+03  0.46117E+03
 In-flow  [L/T]     -0.10731E-02 -0.10731E-02
 h Mean   [L]       -0.25957E+05 -0.25957E+05
 Top Flux [L/T]      0.21190E-03
 Bot Flux [L/T]      0.12968E-06
 WatBalT  [L]       -0.24826E-01
 WatBalR  [%]              0.006
----------------------------------------------------------

----------------------------------------------------------
 Time       [T]   500000.0000
----------------------------------------------------------
 Sub-region num.                     1
----------------------------------------------------------
 Length   [L]        0.22900E+04  0.22900E+04
 W-volume [L]        0.45220E+03  0.45220E+03
 In-flow  [L/T]     -0.33736E-04 -0.33736E-04
 h Mean   [L]       -0.26411E+05 -0.26411E+05
 Top Flux [L/T]      0.43122E-04
 Bot Flux [L/T]      0.12242E-06
 WatBalT  [L]       -0.30872E-01
 WatBalR  [%]              0.007
----------------------------------------------------------
 
 Calculation time [sec]   89.1100000143051     
