 ******* Program HYDRUS
 ******* 
 Welcome to HYDRUS-1D                                                    
 Date:  13. 5.    Time:  13:49:33
 Units: L = mm   , T = min  , M = mmol 
 
 CosAlf,MaxIt,TolTh,  TolH
 1.000   10   0.000 0.00100
 
 TopInF,BotInF,AtmBC,SinkF,WLayer,qGWLF,FreeD,SeepF,lWat,lChem,lTemp,lRoot,lWDep
     T     F     T     T     T     F     F     F     T     F     F     F     F

Nodal point information

node      x         hOld    MatN LayN  Beta      Ah       AK      ATh     Temp    Conc(1...NS)         Sorb(1...NS)

   1      0.000 -20000.000    1    1   0.001    1.000    1.000    1.000
   2    -11.450 -20000.000    1    1   0.001    1.000    1.000    1.000
   3    -22.900 -20000.000    1    1   0.001    1.000    1.000    1.000
   4    -34.350 -20000.000    1    1   0.001    1.000    1.000    1.000
   5    -45.800 -20000.000    1    1   0.001    1.000    1.000    1.000
   6    -57.250 -20000.000    1    1   0.001    1.000    1.000    1.000
   7    -68.700 -20000.000    1    1   0.001    1.000    1.000    1.000
   8    -80.150 -20000.000    1    1   0.001    1.000    1.000    1.000
   9    -91.600 -20000.000    1    1   0.001    1.000    1.000    1.000
  10   -103.050 -20000.000    1    1   0.001    1.000    1.000    1.000
  11   -114.500 -20000.000    1    1   0.001    1.000    1.000    1.000
  12   -125.950 -20000.000    1    1   0.001    1.000    1.000    1.000
  13   -137.400 -20000.000    1    1   0.001    1.000    1.000    1.000
  14   -148.850 -20000.000    1    1   0.001    1.000    1.000    1.000
  15   -160.300 -20000.000    1    1   0.001    1.000    1.000    1.000
  16   -171.750 -20000.000    1    1   0.001    1.000    1.000    1.000
  17   -180.000 -20000.000    2    1   0.001    1.000    1.000    1.000
  18   -194.650 -20000.000    2    1   0.001    1.000    1.000    1.000
  19   -206.100 -20000.000    2    1   0.001    1.000    1.000    1.000
  20   -217.550 -20000.000    2    1   0.001    1.000    1.000    1.000
  21   -229.000 -20000.000    2    1   0.001    1.000    1.000    1.000
  22   -240.450 -20000.000    2    1   0.001    1.000    1.000    1.000
  23   -251.900 -20000.000    2    1   0.001    1.000    1.000    1.000
  24   -263.350 -20000.000    2    1   0.001    1.000    1.000    1.000
  25   -274.800 -20000.000    2    1   0.001    1.000    1.000    1.000
  26   -286.250 -20000.000    2    1   0.001    1.000    1.000    1.000
  27   -297.700 -20000.000    2    1   0.001    1.000    1.000    1.000
  28   -309.150 -20000.000    2    1   0.001    1.000    1.000    1.000
  29   -320.600 -20000.000    2    1   0.001    1.000    1.000    1.000
  30   -332.050 -20000.000    2    1   0.001    1.000    1.000    1.000
  31   -343.500 -20000.000    2    1   0.001    1.000    1.000    1.000
  32   -354.950 -20000.000    2    1   0.001    1.000    1.000    1.000
  33   -366.400 -20000.000    2    1   0.001    1.000    1.000    1.000
  34   -377.850 -20000.000    2    1   0.001    1.000    1.000    1.000
  35   -389.300 -20000.000    2    1   0.001    1.000    1.000    1.000
  36   -400.750 -20000.000    2    1   0.001    1.000    1.000    1.000
  37   -412.200 -20000.000    2    1   0.001    1.000    1.000    1.000
  38   -423.650 -20000.000    2    1   0.001    1.000    1.000    1.000
  39   -435.100 -20000.000    2    1   0.001    1.000    1.000    1.000
  40   -446.550 -20000.000    2    1   0.001    1.000    1.000    1.000
  41   -458.000 -20000.000    2    1   0.001    1.000    1.000    1.000
  42   -469.450 -20000.000    2    1   0.001    1.000    1.000    1.000
  43   -480.900 -20000.000    2    1   0.001    1.000    1.000    1.000
  44   -492.350 -20000.000    2    1   0.001    1.000    1.000    1.000
  45   -503.800 -20000.000    2    1   0.001    1.000    1.000    1.000
  46   -515.250 -20000.000    2    1   0.001    1.000    1.000    1.000
  47   -526.700 -20000.000    2    1   0.001    1.000    1.000    1.000
  48   -538.150 -20000.000    2    1   0.001    1.000    1.000    1.000
  49   -549.600 -20000.000    2    1   0.001    1.000    1.000    1.000
  50   -561.050 -20000.000    2    1   0.001    1.000    1.000    1.000
  51   -572.500 -20000.000    2    1   0.001    1.000    1.000    1.000
  52   -583.950 -20000.000    2    1   0.001    1.000    1.000    1.000
  53   -595.400 -20000.000    2    1   0.001    1.000    1.000    1.000
  54   -606.850 -20000.000    2    1   0.001    1.000    1.000    1.000
  55   -618.300 -20000.000    2    1   0.001    1.000    1.000    1.000
  56   -629.750 -20000.000    2    1   0.001    1.000    1.000    1.000
  57   -641.200 -20000.000    2    1   0.001    1.000    1.000    1.000
  58   -652.650 -20000.000    2    1   0.001    1.000    1.000    1.000
  59   -664.100 -20000.000    2    1   0.001    1.000    1.000    1.000
  60   -675.550 -20000.000    2    1   0.001    1.000    1.000    1.000
  61   -687.000 -20000.000    2    1   0.001    1.000    1.000    1.000
  62   -698.450 -20000.000    2    1   0.001    1.000    1.000    1.000
  63   -709.900 -20000.000    2    1   0.001    1.000    1.000    1.000
  64   -721.350 -20000.000    2    1   0.001    1.000    1.000    1.000
  65   -732.800 -20000.000    2    1   0.001    1.000    1.000    1.000
  66   -744.250 -20000.000    2    1   0.001    1.000    1.000    1.000
  67   -755.700 -20000.000    2    1   0.001    1.000    1.000    1.000
  68   -767.150 -20000.000    2    1   0.001    1.000    1.000    1.000
  69   -778.600 -20000.000    2    1   0.001    1.000    1.000    1.000
  70   -790.050 -20000.000    2    1   0.001    1.000    1.000    1.000
  71   -801.500 -20000.000    2    1   0.001    1.000    1.000    1.000
  72   -812.950 -20000.000    2    1   0.001    1.000    1.000    1.000
  73   -824.400 -20000.000    2    1   0.001    1.000    1.000    1.000
  74   -835.850 -20000.000    2    1   0.001    1.000    1.000    1.000
  75   -847.300 -20000.000    2    1   0.001    1.000    1.000    1.000
  76   -858.750 -20000.000    2    1   0.001    1.000    1.000    1.000
  77   -870.200 -20000.000    2    1   0.001    1.000    1.000    1.000
  78   -881.650 -20000.000    2    1   0.001    1.000    1.000    1.000
  79   -893.100 -20000.000    2    1   0.001    1.000    1.000    1.000
  80   -904.550 -20000.000    2    1   0.001    1.000    1.000    1.000
  81   -916.000 -20000.000    2    1   0.001    1.000    1.000    1.000
  82   -927.450 -20000.000    2    1   0.001    1.000    1.000    1.000
  83   -940.000 -20000.000    3    1   0.001    1.000    1.000    1.000
  84   -950.350 -20000.000    3    1   0.001    1.000    1.000    1.000
  85   -961.800 -20000.000    3    1   0.001    1.000    1.000    1.000
  86   -973.250 -20000.000    3    1   0.001    1.000    1.000    1.000
  87   -984.700 -20000.000    3    1   0.000    1.000    1.000    1.000
  88   -996.150 -20000.000    3    1   0.000    1.000    1.000    1.000
  89  -1007.600 -20000.000    3    1   0.000    1.000    1.000    1.000
  90  -1019.050 -20000.000    3    1   0.000    1.000    1.000    1.000
  91  -1030.500 -20000.000    3    1   0.000    1.000    1.000    1.000
  92  -1041.950 -20000.000    3    1   0.000    1.000    1.000    1.000
  93  -1053.400 -20000.000    3    1   0.000    1.000    1.000    1.000
  94  -1064.850 -20000.000    3    1   0.000    1.000    1.000    1.000
  95  -1076.300 -20000.000    3    1   0.000    1.000    1.000    1.000
  96  -1087.750 -20000.000    3    1   0.000    1.000    1.000    1.000
  97  -1099.200 -20000.000    3    1   0.000    1.000    1.000    1.000
  98  -1110.650 -20000.000    3    1   0.000    1.000    1.000    1.000
  99  -1122.100 -20000.000    3    1   0.000    1.000    1.000    1.000
 100  -1133.550 -20000.000    3    1   0.000    1.000    1.000    1.000
 101  -1145.000 -20000.000    3    1   0.000    1.000    1.000    1.000
 102  -1156.450 -20000.000    3    1   0.000    1.000    1.000    1.000
 103  -1167.900 -20000.000    3    1   0.000    1.000    1.000    1.000
 104  -1179.350 -20000.000    3    1   0.000    1.000    1.000    1.000
 105  -1190.800 -20000.000    3    1   0.000    1.000    1.000    1.000
 106  -1202.250 -20000.000    3    1   0.000    1.000    1.000    1.000
 107  -1213.700 -20000.000    3    1   0.000    1.000    1.000    1.000
 108  -1225.150 -20000.000    3    1   0.000    1.000    1.000    1.000
 109  -1236.600 -20000.000    3    1   0.000    1.000    1.000    1.000
 110  -1248.050 -20000.000    3    1   0.000    1.000    1.000    1.000
 111  -1259.500 -20000.000    3    1   0.000    1.000    1.000    1.000
 112  -1270.950 -20000.000    3    1   0.000    1.000    1.000    1.000
 113  -1282.400 -20000.000    3    1   0.000    1.000    1.000    1.000
 114  -1293.850 -20000.000    3    1   0.000    1.000    1.000    1.000
 115  -1305.300 -20000.000    3    1   0.000    1.000    1.000    1.000
 116  -1316.750 -20000.000    3    1   0.000    1.000    1.000    1.000
 117  -1328.200 -20000.000    3    1   0.000    1.000    1.000    1.000
 118  -1339.650 -20000.000    3    1   0.000    1.000    1.000    1.000
 119  -1351.100 -20000.000    3    1   0.000    1.000    1.000    1.000
 120  -1362.550 -20000.000    3    1   0.000    1.000    1.000    1.000
 121  -1374.000 -20000.000    3    1   0.000    1.000    1.000    1.000
 122  -1385.450 -20000.000    3    1   0.000    1.000    1.000    1.000
 123  -1396.900 -20000.000    3    1   0.000    1.000    1.000    1.000
 124  -1408.350 -20000.000    3    1   0.000    1.000    1.000    1.000
 125  -1419.800 -20000.000    3    1   0.000    1.000    1.000    1.000
 126  -1431.250 -20000.000    3    1   0.000    1.000    1.000    1.000
 127  -1442.700 -20000.000    3    1   0.000    1.000    1.000    1.000
 128  -1454.150 -20000.000    3    1   0.000    1.000    1.000    1.000
 129  -1465.600 -20000.000    3    1   0.000    1.000    1.000    1.000
 130  -1477.050 -20000.000    3    1   0.000    1.000    1.000    1.000
 131  -1488.500 -20000.000    3    1   0.000    1.000    1.000    1.000
 132  -1499.950 -20000.000    3    1   0.000    1.000    1.000    1.000
 133  -1511.400 -20000.000    3    1   0.000    1.000    1.000    1.000
 134  -1522.850 -20000.000    3    1   0.000    1.000    1.000    1.000
 135  -1534.300 -20000.000    3    1   0.000    1.000    1.000    1.000
 136  -1545.750 -20000.000    3    1   0.000    1.000    1.000    1.000
 137  -1557.200 -20000.000    3    1   0.000    1.000    1.000    1.000
 138  -1568.650 -20000.000    3    1   0.000    1.000    1.000    1.000
 139  -1580.100 -20000.000    3    1   0.000    1.000    1.000    1.000
 140  -1591.550 -20000.000    3    1   0.000    1.000    1.000    1.000
 141  -1603.000 -20000.000    3    1   0.000    1.000    1.000    1.000
 142  -1614.450 -20000.000    3    1   0.000    1.000    1.000    1.000
 143  -1625.900 -20000.000    3    1   0.000    1.000    1.000    1.000
 144  -1637.350 -20000.000    3    1   0.000    1.000    1.000    1.000
 145  -1648.800 -20000.000    3    1   0.000    1.000    1.000    1.000
 146  -1660.250 -20000.000    3    1   0.000    1.000    1.000    1.000
 147  -1671.700 -20000.000    3    1   0.000    1.000    1.000    1.000
 148  -1683.150 -20000.000    3    1   0.000    1.000    1.000    1.000
 149  -1694.600 -20000.000    3    1   0.000    1.000    1.000    1.000
 150  -1706.050 -20000.000    3    1   0.000    1.000    1.000    1.000
 151  -1717.500 -20000.000    3    1   0.000    1.000    1.000    1.000
 152  -1728.950 -20000.000    3    1   0.000    1.000    1.000    1.000
 153  -1740.400 -20000.000    3    1   0.000    1.000    1.000    1.000
 154  -1751.850 -20000.000    3    1   0.000    1.000    1.000    1.000
 155  -1763.300 -20000.000    3    1   0.000    1.000    1.000    1.000
 156  -1774.750 -20000.000    3    1   0.000    1.000    1.000    1.000
 157  -1786.200 -20000.000    3    1   0.000    1.000    1.000    1.000
 158  -1797.650 -20000.000    3    1   0.000    1.000    1.000    1.000
 159  -1809.100 -20000.000    3    1   0.000    1.000    1.000    1.000
 160  -1820.550 -20000.000    3    1   0.000    1.000    1.000    1.000
 161  -1832.000 -20000.000    3    1   0.000    1.000    1.000    1.000
 162  -1843.450 -20000.000    3    1   0.000    1.000    1.000    1.000
 163  -1854.900 -20000.000    3    1   0.000    1.000    1.000    1.000
 164  -1866.350 -20000.000    3    1   0.000    1.000    1.000    1.000
 165  -1877.800 -20000.000    3    1   0.000    1.000    1.000    1.000
 166  -1889.250 -20000.000    3    1   0.000    1.000    1.000    1.000
 167  -1900.700 -20000.000    3    1   0.000    1.000    1.000    1.000
 168  -1912.150 -20000.000    3    1   0.000    1.000    1.000    1.000
 169  -1923.600 -20000.000    3    1   0.000    1.000    1.000    1.000
 170  -1935.050 -20000.000    3    1   0.000    1.000    1.000    1.000
 171  -1946.500 -20000.000    3    1   0.000    1.000    1.000    1.000
 172  -1957.950 -20000.000    3    1   0.000    1.000    1.000    1.000
 173  -1969.400 -20000.000    3    1   0.000    1.000    1.000    1.000
 174  -1980.850 -20000.000    3    1   0.000    1.000    1.000    1.000
 175  -1992.300 -20000.000    3    1   0.000    1.000    1.000    1.000
 176  -2003.750 -20000.000    3    1   0.000    1.000    1.000    1.000
 177  -2015.200 -20000.000    3    1   0.000    1.000    1.000    1.000
 178  -2026.650 -20000.000    3    1   0.000    1.000    1.000    1.000
 179  -2038.100 -20000.000    3    1   0.000    1.000    1.000    1.000
 180  -2049.550 -20000.000    3    1   0.000    1.000    1.000    1.000
 181  -2061.000 -20000.000    3    1   0.000    1.000    1.000    1.000
 182  -2072.450 -20000.000    3    1   0.000    1.000    1.000    1.000
 183  -2083.900 -20000.000    3    1   0.000    1.000    1.000    1.000
 184  -2095.350 -20000.000    3    1   0.000    1.000    1.000    1.000
 185  -2106.800 -20000.000    3    1   0.000    1.000    1.000    1.000
 186  -2118.250 -20000.000    3    1   0.000    1.000    1.000    1.000
 187  -2129.700 -20000.000    3    1   0.000    1.000    1.000    1.000
 188  -2141.150 -20000.000    3    1   0.000    1.000    1.000    1.000
 189  -2152.600 -20000.000    3    1   0.000    1.000    1.000    1.000
 190  -2164.050 -20000.000    3    1   0.000    1.000    1.000    1.000
 191  -2175.500 -20000.000    3    1   0.000    1.000    1.000    1.000
 192  -2186.950 -20000.000    3    1   0.000    1.000    1.000    1.000
 193  -2198.400 -20000.000    3    1   0.000    1.000    1.000    1.000
 194  -2209.850 -20000.000    3    1   0.000    1.000    1.000    1.000
 195  -2221.300 -20000.000    3    1   0.000    1.000    1.000    1.000
 196  -2232.750 -20000.000    3    1   0.000    1.000    1.000    1.000
 197  -2244.200 -20000.000    3    1   0.000    1.000    1.000    1.000
 198  -2255.650 -20000.000    3    1   0.000    1.000    1.000    1.000
 199  -2267.100 -20000.000    3    1   0.000    1.000    1.000    1.000
 200  -2278.550 -20000.000    3    1   0.000    1.000    1.000    1.000
 201  -2290.000 -20000.000    3    1   0.000    1.000    1.000    1.000
end

 Number of species in the chain :   0


MatNum, Param. array:

   Mat     Qr     Qs        Alfa         n          Ks      l

    1    0.065  0.448   0.957E-03   0.138E+01   0.117E-01  0.500
    2    0.067  0.476   0.529E-03   0.153E+01   0.333E-02  0.500
    3    0.082  0.478   0.447E-03   0.146E+01   0.333E-01  0.500

       Table of Hydraulic Properties which are interpolated in simulation
       =================================================================

  theta         h        log h        C             K        log K          S          Kv
 
  0.4481  -0.100E-03 -0.4000E+01  0.3038E-06  0.1162E-01 -0.1935E+01    1.0000  0.0000E+00
  0.4481  -0.126E-03 -0.3899E+01  0.3318E-06  0.1161E-01 -0.1935E+01    1.0000  0.0000E+00
  0.4481  -0.159E-03 -0.3798E+01  0.3623E-06  0.1161E-01 -0.1935E+01    1.0000  0.0000E+00
  0.4481  -0.201E-03 -0.3697E+01  0.3957E-06  0.1160E-01 -0.1936E+01    1.0000  0.0000E+00
  0.4481  -0.254E-03 -0.3596E+01  0.4322E-06  0.1159E-01 -0.1936E+01    1.0000  0.0000E+00
  0.4481  -0.320E-03 -0.3495E+01  0.4720E-06  0.1159E-01 -0.1936E+01    1.0000  0.0000E+00
  0.4481  -0.404E-03 -0.3394E+01  0.5155E-06  0.1158E-01 -0.1936E+01    1.0000  0.0000E+00
  0.4481  -0.509E-03 -0.3293E+01  0.5630E-06  0.1157E-01 -0.1937E+01    1.0000  0.0000E+00
  0.4481  -0.643E-03 -0.3192E+01  0.6149E-06  0.1156E-01 -0.1937E+01    1.0000  0.0000E+00
  0.4481  -0.811E-03 -0.3091E+01  0.6716E-06  0.1155E-01 -0.1937E+01    1.0000  0.0000E+00
  0.4481  -0.102E-02 -0.2990E+01  0.7335E-06  0.1154E-01 -0.1938E+01    1.0000  0.0000E+00
  0.4481  -0.129E-02 -0.2889E+01  0.8011E-06  0.1153E-01 -0.1938E+01    1.0000  0.0000E+00
  0.4481  -0.163E-02 -0.2788E+01  0.8749E-06  0.1152E-01 -0.1939E+01    1.0000  0.0000E+00
  0.4481  -0.206E-02 -0.2687E+01  0.9555E-06  0.1151E-01 -0.1939E+01    1.0000  0.0000E+00
  0.4481  -0.260E-02 -0.2586E+01  0.1044E-05  0.1149E-01 -0.1940E+01    1.0000  0.0000E+00
  0.4481  -0.327E-02 -0.2485E+01  0.1140E-05  0.1148E-01 -0.1940E+01    1.0000  0.0000E+00
  0.4481  -0.413E-02 -0.2384E+01  0.1245E-05  0.1146E-01 -0.1941E+01    1.0000  0.0000E+00
  0.4481  -0.521E-02 -0.2283E+01  0.1359E-05  0.1144E-01 -0.1942E+01    1.0000  0.0000E+00
  0.4481  -0.658E-02 -0.2182E+01  0.1485E-05  0.1142E-01 -0.1942E+01    1.0000  0.0000E+00
  0.4481  -0.830E-02 -0.2081E+01  0.1622E-05  0.1140E-01 -0.1943E+01    1.0000  0.0000E+00
  0.4481  -0.105E-01 -0.1980E+01  0.1771E-05  0.1137E-01 -0.1944E+01    1.0000  0.0000E+00
  0.4481  -0.132E-01 -0.1879E+01  0.1934E-05  0.1134E-01 -0.1945E+01    1.0000  0.7519E-33
  0.4481  -0.167E-01 -0.1778E+01  0.2112E-05  0.1131E-01 -0.1946E+01    1.0000  0.7519E-33
  0.4481  -0.210E-01 -0.1677E+01  0.2307E-05  0.1128E-01 -0.1948E+01    1.0000  0.7519E-33
  0.4481  -0.266E-01 -0.1576E+01  0.2520E-05  0.1125E-01 -0.1949E+01    1.0000  0.7578E-32
  0.4481  -0.335E-01 -0.1475E+01  0.2752E-05  0.1121E-01 -0.1950E+01    1.0000  0.7578E-32
  0.4481  -0.423E-01 -0.1374E+01  0.3005E-05  0.1117E-01 -0.1952E+01    1.0000  0.2928E-31
  0.4481  -0.534E-01 -0.1273E+01  0.3282E-05  0.1112E-01 -0.1954E+01    1.0000  0.7639E-31
  0.4481  -0.673E-01 -0.1172E+01  0.3585E-05  0.1107E-01 -0.1956E+01    1.0000  0.2951E-30
  0.4481  -0.850E-01 -0.1071E+01  0.3915E-05  0.1102E-01 -0.1958E+01    1.0000  0.7699E-30
  0.4481  -0.107E+00 -0.9697E+00  0.4276E-05  0.1096E-01 -0.1960E+01    1.0000  0.2226E-29
  0.4481  -0.135E+00 -0.8687E+00  0.4670E-05  0.1090E-01 -0.1963E+01    1.0000  0.6258E-29
  0.4481  -0.171E+00 -0.7677E+00  0.5100E-05  0.1083E-01 -0.1966E+01    1.0000  0.1921E-28
  0.4481  -0.215E+00 -0.6667E+00  0.5570E-05  0.1075E-01 -0.1969E+01    1.0000  0.5634E-28
  0.4481  -0.272E+00 -0.5657E+00  0.6084E-05  0.1067E-01 -0.1972E+01    1.0000  0.1646E-27
  0.4481  -0.343E+00 -0.4646E+00  0.6644E-05  0.1058E-01 -0.1976E+01    1.0000  0.4757E-27
  0.4481  -0.433E+00 -0.3636E+00  0.7256E-05  0.1048E-01 -0.1980E+01    1.0000  0.1398E-26
  0.4481  -0.546E+00 -0.2626E+00  0.7925E-05  0.1037E-01 -0.1984E+01    1.0000  0.4106E-26
  0.4481  -0.689E+00 -0.1616E+00  0.8655E-05  0.1026E-01 -0.1989E+01    1.0000  0.1204E-25
  0.4481  -0.870E+00 -0.6061E-01  0.9453E-05  0.1013E-01 -0.1994E+01    1.0000  0.3518E-25
  0.4481  -0.110E+01  0.4040E-01  0.1032E-04  0.9997E-02 -0.2000E+01    1.0000  0.1029E-24
  0.4481  -0.138E+01  0.1414E+00  0.1127E-04  0.9850E-02 -0.2007E+01    1.0000  0.2988E-24
  0.4481  -0.175E+01  0.2424E+00  0.1231E-04  0.9690E-02 -0.2014E+01    1.0000  0.8721E-24
  0.4481  -0.221E+01  0.3434E+00  0.1345E-04  0.9517E-02 -0.2021E+01    0.9999  0.2539E-23
  0.4481  -0.278E+01  0.4444E+00  0.1468E-04  0.9330E-02 -0.2030E+01    0.9999  0.7369E-23
  0.4481  -0.351E+01  0.5455E+00  0.1603E-04  0.9128E-02 -0.2040E+01    0.9999  0.2147E-22
  0.4480  -0.443E+01  0.6465E+00  0.1751E-04  0.8910E-02 -0.2050E+01    0.9999  0.6254E-22
  0.4480  -0.559E+01  0.7475E+00  0.1912E-04  0.8674E-02 -0.2062E+01    0.9998  0.1822E-21
  0.4480  -0.705E+01  0.8485E+00  0.2087E-04  0.8421E-02 -0.2075E+01    0.9997  0.5302E-21
  0.4480  -0.890E+01  0.9495E+00  0.2278E-04  0.8148E-02 -0.2089E+01    0.9996  0.1544E-20
  0.4479  -0.112E+02  0.1051E+01  0.2487E-04  0.7856E-02 -0.2105E+01    0.9995  0.4490E-20
  0.4478  -0.142E+02  0.1152E+01  0.2713E-04  0.7542E-02 -0.2122E+01    0.9993  0.1306E-19
  0.4477  -0.179E+02  0.1253E+01  0.2960E-04  0.7208E-02 -0.2142E+01    0.9990  0.3796E-19
  0.4476  -0.226E+02  0.1354E+01  0.3227E-04  0.6851E-02 -0.2164E+01    0.9986  0.1103E-18
  0.4474  -0.285E+02  0.1455E+01  0.3516E-04  0.6473E-02 -0.2189E+01    0.9981  0.3198E-18
  0.4471  -0.359E+02  0.1556E+01  0.3827E-04  0.6073E-02 -0.2217E+01    0.9974  0.9265E-18
  0.4467  -0.453E+02  0.1657E+01  0.4160E-04  0.5651E-02 -0.2248E+01    0.9964  0.2678E-17
  0.4462  -0.572E+02  0.1758E+01  0.4515E-04  0.5210E-02 -0.2283E+01    0.9951  0.7720E-17
  0.4455  -0.722E+02  0.1859E+01  0.4889E-04  0.4752E-02 -0.2323E+01    0.9932  0.2217E-16
  0.4445  -0.911E+02  0.1960E+01  0.5277E-04  0.4279E-02 -0.2369E+01    0.9907  0.6331E-16
  0.4432  -0.115E+03  0.2061E+01  0.5672E-04  0.3797E-02 -0.2421E+01    0.9873  0.1795E-15
  0.4415  -0.145E+03  0.2162E+01  0.6062E-04  0.3311E-02 -0.2480E+01    0.9827  0.5042E-15
  0.4391  -0.183E+03  0.2263E+01  0.6429E-04  0.2830E-02 -0.2548E+01    0.9765  0.1398E-14
  0.4359  -0.231E+03  0.2364E+01  0.6750E-04  0.2362E-02 -0.2627E+01    0.9682  0.3810E-14
  0.4318  -0.292E+03  0.2465E+01  0.6996E-04  0.1918E-02 -0.2717E+01    0.9573  0.1015E-13
  0.4264  -0.368E+03  0.2566E+01  0.7132E-04  0.1510E-02 -0.2821E+01    0.9432  0.2631E-13
  0.4195  -0.464E+03  0.2667E+01  0.7125E-04  0.1147E-02 -0.2940E+01    0.9253  0.6575E-13
  0.4109  -0.586E+03  0.2768E+01  0.6947E-04  0.8385E-03 -0.3076E+01    0.9029  0.1573E-12
  0.4005  -0.739E+03  0.2869E+01  0.6587E-04  0.5877E-03 -0.3231E+01    0.8758  0.3577E-12
  0.3883  -0.933E+03  0.2970E+01  0.6055E-04  0.3943E-03 -0.3404E+01    0.8439  0.7671E-12
  0.3743  -0.118E+04  0.3071E+01  0.5389E-04  0.2533E-03 -0.3596E+01    0.8074  0.1544E-11
  0.3589  -0.148E+04  0.3172E+01  0.4643E-04  0.1561E-03 -0.3807E+01    0.7672  0.2906E-11
  0.3424  -0.187E+04  0.3273E+01  0.3878E-04  0.9261E-04 -0.4033E+01    0.7241  0.5118E-11
  0.3252  -0.236E+04  0.3374E+01  0.3151E-04  0.5311E-04 -0.4275E+01    0.6794  0.8447E-11
  0.3079  -0.298E+04  0.3475E+01  0.2498E-04  0.2960E-04 -0.4529E+01    0.6340  0.1312E-10
  0.2907  -0.376E+04  0.3576E+01  0.1941E-04  0.1611E-04 -0.4793E+01    0.5892  0.1929E-10
  0.2740  -0.475E+04  0.3677E+01  0.1484E-04  0.8607E-05 -0.5065E+01    0.5456  0.2701E-10
  0.2579  -0.599E+04  0.3778E+01  0.1120E-04  0.4531E-05 -0.5344E+01    0.5038  0.3621E-10
  0.2428  -0.756E+04  0.3879E+01  0.8366E-05  0.2358E-05 -0.5627E+01    0.4642  0.4676E-10
  0.2285  -0.955E+04  0.3980E+01  0.6203E-05  0.1217E-05 -0.5915E+01    0.4270  0.5847E-10
  0.2152  -0.120E+05  0.4081E+01  0.4573E-05  0.6242E-06 -0.6205E+01    0.3923  0.7112E-10
  0.2029  -0.152E+05  0.4182E+01  0.3357E-05  0.3186E-06 -0.6497E+01    0.3601  0.8445E-10
  0.1915  -0.192E+05  0.4283E+01  0.2457E-05  0.1620E-06 -0.6790E+01    0.3303  0.9825E-10
  0.1810  -0.242E+05  0.4384E+01  0.1794E-05  0.8220E-07 -0.7085E+01    0.3029  0.1123E-09
  0.1713  -0.305E+05  0.4485E+01  0.1308E-05  0.4162E-07 -0.7381E+01    0.2776  0.1264E-09
  0.1624  -0.385E+05  0.4586E+01  0.9520E-06  0.2105E-07 -0.7677E+01    0.2543  0.1404E-09
  0.1542  -0.486E+05  0.4687E+01  0.6925E-06  0.1063E-07 -0.7973E+01    0.2330  0.1541E-09
  0.1467  -0.614E+05  0.4788E+01  0.5033E-06  0.5367E-08 -0.8270E+01    0.2134  0.1675E-09
  0.1398  -0.774E+05  0.4889E+01  0.3657E-06  0.2708E-08 -0.8567E+01    0.1955  0.1803E-09
  0.1335  -0.977E+05  0.4990E+01  0.2656E-06  0.1366E-08 -0.8865E+01    0.1790  0.1927E-09
  0.1277  -0.123E+06  0.5091E+01  0.1928E-06  0.6886E-09 -0.9162E+01    0.1639  0.2043E-09
  0.1224  -0.156E+06  0.5192E+01  0.1400E-06  0.3471E-09 -0.9460E+01    0.1501  0.2153E-09
  0.1176  -0.196E+06  0.5293E+01  0.1016E-06  0.1749E-09 -0.9757E+01    0.1375  0.2255E-09
  0.1131  -0.248E+06  0.5394E+01  0.7376E-07  0.8817E-10 -0.1005E+02    0.1259  0.2349E-09
  0.1091  -0.313E+06  0.5495E+01  0.5353E-07  0.4443E-10 -0.1035E+02    0.1153  0.2434E-09
  0.1053  -0.394E+06  0.5596E+01  0.3885E-07  0.2239E-10 -0.1065E+02    0.1055  0.2509E-09
  0.1019  -0.498E+06  0.5697E+01  0.2819E-07  0.1128E-10 -0.1095E+02    0.0966  0.2574E-09
  0.0988  -0.628E+06  0.5798E+01  0.2046E-07  0.5684E-11 -0.1125E+02    0.0885  0.2627E-09
  0.0959  -0.792E+06  0.5899E+01  0.1485E-07  0.2864E-11 -0.1154E+02    0.0810  0.2668E-09
  0.0933  -0.100E+07  0.6000E+01  0.1077E-07  0.1443E-11 -0.1184E+02    0.0742  0.2694E-09
end
 
  0.4760  -0.100E-03 -0.4000E+01  0.1652E-07  0.3332E-02 -0.2477E+01    1.0000  0.0000E+00
  0.4760  -0.126E-03 -0.3899E+01  0.1867E-07  0.3332E-02 -0.2477E+01    1.0000  0.0000E+00
  0.4760  -0.159E-03 -0.3798E+01  0.2111E-07  0.3332E-02 -0.2477E+01    1.0000  0.0000E+00
  0.4760  -0.201E-03 -0.3697E+01  0.2387E-07  0.3332E-02 -0.2477E+01    1.0000  0.0000E+00
  0.4760  -0.254E-03 -0.3596E+01  0.2698E-07  0.3332E-02 -0.2477E+01    1.0000  0.0000E+00
  0.4760  -0.320E-03 -0.3495E+01  0.3051E-07  0.3332E-02 -0.2477E+01    1.0000  0.0000E+00
  0.4760  -0.404E-03 -0.3394E+01  0.3449E-07  0.3331E-02 -0.2477E+01    1.0000  0.0000E+00
  0.4760  -0.509E-03 -0.3293E+01  0.3899E-07  0.3331E-02 -0.2477E+01    1.0000  0.0000E+00
  0.4760  -0.643E-03 -0.3192E+01  0.4408E-07  0.3331E-02 -0.2477E+01    1.0000  0.0000E+00
  0.4760  -0.811E-03 -0.3091E+01  0.4984E-07  0.3330E-02 -0.2478E+01    1.0000  0.0000E+00
  0.4760  -0.102E-02 -0.2990E+01  0.5634E-07  0.3330E-02 -0.2478E+01    1.0000  0.0000E+00
  0.4760  -0.129E-02 -0.2889E+01  0.6370E-07  0.3330E-02 -0.2478E+01    1.0000  0.0000E+00
  0.4760  -0.163E-02 -0.2788E+01  0.7202E-07  0.3329E-02 -0.2478E+01    1.0000  0.0000E+00
  0.4760  -0.206E-02 -0.2687E+01  0.8142E-07  0.3329E-02 -0.2478E+01    1.0000  0.0000E+00
  0.4760  -0.260E-02 -0.2586E+01  0.9205E-07  0.3328E-02 -0.2478E+01    1.0000  0.0000E+00
  0.4760  -0.327E-02 -0.2485E+01  0.1041E-06  0.3327E-02 -0.2478E+01    1.0000  0.0000E+00
  0.4760  -0.413E-02 -0.2384E+01  0.1177E-06  0.3326E-02 -0.2478E+01    1.0000  0.0000E+00
  0.4760  -0.521E-02 -0.2283E+01  0.1330E-06  0.3326E-02 -0.2478E+01    1.0000  0.0000E+00
  0.4760  -0.658E-02 -0.2182E+01  0.1504E-06  0.3325E-02 -0.2478E+01    1.0000  0.0000E+00
  0.4760  -0.830E-02 -0.2081E+01  0.1700E-06  0.3323E-02 -0.2478E+01    1.0000  0.0000E+00
  0.4760  -0.105E-01 -0.1980E+01  0.1922E-06  0.3322E-02 -0.2479E+01    1.0000  0.0000E+00
  0.4760  -0.132E-01 -0.1879E+01  0.2173E-06  0.3321E-02 -0.2479E+01    1.0000  0.0000E+00
  0.4760  -0.167E-01 -0.1778E+01  0.2457E-06  0.3319E-02 -0.2479E+01    1.0000  0.0000E+00
  0.4760  -0.210E-01 -0.1677E+01  0.2777E-06  0.3317E-02 -0.2479E+01    1.0000  0.0000E+00
  0.4760  -0.266E-01 -0.1576E+01  0.3140E-06  0.3315E-02 -0.2480E+01    1.0000  0.0000E+00
  0.4760  -0.335E-01 -0.1475E+01  0.3550E-06  0.3313E-02 -0.2480E+01    1.0000  0.0000E+00
  0.4760  -0.423E-01 -0.1374E+01  0.4014E-06  0.3310E-02 -0.2480E+01    1.0000  0.0000E+00
  0.4760  -0.534E-01 -0.1273E+01  0.4538E-06  0.3307E-02 -0.2481E+01    1.0000  0.0000E+00
  0.4760  -0.673E-01 -0.1172E+01  0.5130E-06  0.3303E-02 -0.2481E+01    1.0000  0.0000E+00
  0.4760  -0.850E-01 -0.1071E+01  0.5800E-06  0.3300E-02 -0.2482E+01    1.0000  0.0000E+00
  0.4760  -0.107E+00 -0.9697E+00  0.6557E-06  0.3295E-02 -0.2482E+01    1.0000  0.6716E-32
  0.4760  -0.135E+00 -0.8687E+00  0.7413E-06  0.3290E-02 -0.2483E+01    1.0000  0.6716E-32
  0.4760  -0.171E+00 -0.7677E+00  0.8381E-06  0.3285E-02 -0.2484E+01    1.0000  0.2595E-31
  0.4760  -0.215E+00 -0.6667E+00  0.9475E-06  0.3278E-02 -0.2484E+01    1.0000  0.6769E-31
  0.4760  -0.272E+00 -0.5657E+00  0.1071E-05  0.3271E-02 -0.2485E+01    1.0000  0.2615E-30
  0.4760  -0.343E+00 -0.4646E+00  0.1211E-05  0.3263E-02 -0.2486E+01    1.0000  0.1010E-29
  0.4760  -0.433E+00 -0.3636E+00  0.1369E-05  0.3254E-02 -0.2488E+01    1.0000  0.3442E-29
  0.4760  -0.546E+00 -0.2626E+00  0.1548E-05  0.3243E-02 -0.2489E+01    1.0000  0.1220E-28
  0.4760  -0.689E+00 -0.1616E+00  0.1750E-05  0.3232E-02 -0.2491E+01    1.0000  0.3469E-28
  0.4760  -0.870E+00 -0.6061E-01  0.1978E-05  0.3219E-02 -0.2492E+01    1.0000  0.1229E-27
  0.4760  -0.110E+01  0.4040E-01  0.2237E-05  0.3204E-02 -0.2494E+01    1.0000  0.3966E-27
  0.4760  -0.138E+01  0.1414E+00  0.2529E-05  0.3187E-02 -0.2497E+01    1.0000  0.1294E-26
  0.4760  -0.175E+01  0.2424E+00  0.2859E-05  0.3168E-02 -0.2499E+01    1.0000  0.4249E-26
  0.4760  -0.221E+01  0.3434E+00  0.3232E-05  0.3147E-02 -0.2502E+01    1.0000  0.1391E-25
  0.4760  -0.278E+01  0.4444E+00  0.3654E-05  0.3123E-02 -0.2505E+01    1.0000  0.4481E-25
  0.4760  -0.351E+01  0.5455E+00  0.4131E-05  0.3096E-02 -0.2509E+01    1.0000  0.1478E-24
  0.4760  -0.443E+01  0.6465E+00  0.4670E-05  0.3066E-02 -0.2513E+01    1.0000  0.4827E-24
  0.4760  -0.559E+01  0.7475E+00  0.5280E-05  0.3032E-02 -0.2518E+01    1.0000  0.1569E-23
  0.4760  -0.705E+01  0.8485E+00  0.5968E-05  0.2993E-02 -0.2524E+01    0.9999  0.5138E-23
  0.4760  -0.890E+01  0.9495E+00  0.6747E-05  0.2950E-02 -0.2530E+01    0.9999  0.1681E-22
  0.4759  -0.112E+02  0.1051E+01  0.7627E-05  0.2902E-02 -0.2537E+01    0.9999  0.5484E-22
  0.4759  -0.142E+02  0.1152E+01  0.8620E-05  0.2848E-02 -0.2545E+01    0.9998  0.1793E-21
  0.4759  -0.179E+02  0.1253E+01  0.9743E-05  0.2787E-02 -0.2555E+01    0.9997  0.5857E-21
  0.4758  -0.226E+02  0.1354E+01  0.1101E-04  0.2720E-02 -0.2565E+01    0.9996  0.1912E-20
  0.4758  -0.285E+02  0.1455E+01  0.1244E-04  0.2644E-02 -0.2578E+01    0.9994  0.6244E-20
  0.4757  -0.359E+02  0.1556E+01  0.1405E-04  0.2560E-02 -0.2592E+01    0.9992  0.2038E-19
  0.4755  -0.453E+02  0.1657E+01  0.1586E-04  0.2467E-02 -0.2608E+01    0.9988  0.6645E-19
  0.4753  -0.572E+02  0.1758E+01  0.1790E-04  0.2363E-02 -0.2627E+01    0.9984  0.2165E-18
  0.4750  -0.722E+02  0.1859E+01  0.2018E-04  0.2249E-02 -0.2648E+01    0.9977  0.7044E-18
  0.4746  -0.911E+02  0.1960E+01  0.2273E-04  0.2123E-02 -0.2673E+01    0.9967  0.2287E-17
  0.4741  -0.115E+03  0.2061E+01  0.2555E-04  0.1986E-02 -0.2702E+01    0.9953  0.7408E-17
  0.4732  -0.145E+03  0.2162E+01  0.2866E-04  0.1837E-02 -0.2736E+01    0.9933  0.2390E-16
  0.4721  -0.183E+03  0.2263E+01  0.3205E-04  0.1677E-02 -0.2775E+01    0.9904  0.7668E-16
  0.4705  -0.231E+03  0.2364E+01  0.3567E-04  0.1507E-02 -0.2822E+01    0.9865  0.2441E-15
  0.4682  -0.292E+03  0.2465E+01  0.3945E-04  0.1328E-02 -0.2877E+01    0.9809  0.7690E-15
  0.4650  -0.368E+03  0.2566E+01  0.4324E-04  0.1144E-02 -0.2942E+01    0.9731  0.2387E-14
  0.4607  -0.464E+03  0.2667E+01  0.4684E-04  0.9581E-03 -0.3019E+01    0.9625  0.7258E-14
  0.4548  -0.586E+03  0.2768E+01  0.4993E-04  0.7766E-03 -0.3110E+01    0.9481  0.2148E-13
  0.4469  -0.739E+03  0.2869E+01  0.5213E-04  0.6056E-03 -0.3218E+01    0.9289  0.6130E-13
  0.4367  -0.933E+03  0.2970E+01  0.5300E-04  0.4516E-03 -0.3345E+01    0.9039  0.1671E-12
  0.4239  -0.118E+04  0.3071E+01  0.5219E-04  0.3202E-03 -0.3495E+01    0.8724  0.4300E-12
  0.4082  -0.148E+04  0.3172E+01  0.4951E-04  0.2151E-03 -0.3667E+01    0.8340  0.1034E-11
  0.3897  -0.187E+04  0.3273E+01  0.4509E-04  0.1366E-03 -0.3864E+01    0.7890  0.2302E-11
  0.3690  -0.236E+04  0.3374E+01  0.3937E-04  0.8208E-04 -0.4086E+01    0.7383  0.4716E-11
  0.3467  -0.298E+04  0.3475E+01  0.3299E-04  0.4682E-04 -0.4330E+01    0.6837  0.8874E-11
  0.3235  -0.376E+04  0.3576E+01  0.2662E-04  0.2550E-04 -0.4593E+01    0.6270  0.1537E-10
  0.3003  -0.475E+04  0.3677E+01  0.2080E-04  0.1336E-04 -0.4874E+01    0.5703  0.2464E-10
  0.2778  -0.599E+04  0.3778E+01  0.1582E-04  0.6780E-05 -0.5169E+01    0.5151  0.3686E-10
  0.2564  -0.756E+04  0.3879E+01  0.1178E-04  0.3356E-05 -0.5474E+01    0.4627  0.5188E-10
  0.2364  -0.955E+04  0.3980E+01  0.8625E-05  0.1631E-05 -0.5788E+01    0.4139  0.6931E-10
  0.2181  -0.120E+05  0.4081E+01  0.6240E-05  0.7811E-06 -0.6107E+01    0.3691  0.8859E-10
  0.2014  -0.152E+05  0.4182E+01  0.4474E-05  0.3703E-06 -0.6431E+01    0.3284  0.1091E-09
  0.1864  -0.192E+05  0.4283E+01  0.3187E-05  0.1743E-06 -0.6759E+01    0.2917  0.1302E-09
  0.1730  -0.242E+05  0.4384E+01  0.2260E-05  0.8158E-07 -0.7088E+01    0.2587  0.1515E-09
  0.1609  -0.305E+05  0.4485E+01  0.1597E-05  0.3805E-07 -0.7420E+01    0.2293  0.1724E-09
  0.1502  -0.385E+05  0.4586E+01  0.1126E-05  0.1769E-07 -0.7752E+01    0.2031  0.1926E-09
  0.1407  -0.486E+05  0.4687E+01  0.7923E-06  0.8214E-08 -0.8085E+01    0.1799  0.2118E-09
  0.1323  -0.614E+05  0.4788E+01  0.5569E-06  0.3808E-08 -0.8419E+01    0.1592  0.2299E-09
  0.1248  -0.774E+05  0.4889E+01  0.3911E-06  0.1764E-08 -0.8754E+01    0.1409  0.2468E-09
  0.1182  -0.977E+05  0.4990E+01  0.2746E-06  0.8162E-09 -0.9088E+01    0.1247  0.2622E-09
  0.1123  -0.123E+06  0.5091E+01  0.1926E-06  0.3776E-09 -0.9423E+01    0.1103  0.2764E-09
  0.1071  -0.156E+06  0.5192E+01  0.1351E-06  0.1746E-09 -0.9758E+01    0.0976  0.2891E-09
  0.1025  -0.196E+06  0.5293E+01  0.9476E-07  0.8074E-10 -0.1009E+02    0.0863  0.3004E-09
  0.0984  -0.248E+06  0.5394E+01  0.6645E-07  0.3732E-10 -0.1043E+02    0.0764  0.3103E-09
  0.0948  -0.313E+06  0.5495E+01  0.4659E-07  0.1725E-10 -0.1076E+02    0.0675  0.3188E-09
  0.0916  -0.394E+06  0.5596E+01  0.3266E-07  0.7974E-11 -0.1110E+02    0.0597  0.3258E-09
  0.0888  -0.498E+06  0.5697E+01  0.2290E-07  0.3685E-11 -0.1143E+02    0.0528  0.3313E-09
  0.0863  -0.628E+06  0.5798E+01  0.1605E-07  0.1703E-11 -0.1177E+02    0.0467  0.3353E-09
  0.0841  -0.792E+06  0.5899E+01  0.1125E-07  0.7871E-12 -0.1210E+02    0.0413  0.3376E-09
  0.0822  -0.100E+07  0.6000E+01  0.7888E-08  0.3638E-12 -0.1244E+02    0.0366  0.3382E-09
end
 
  0.4782  -0.100E-03 -0.4000E+01  0.3459E-07  0.3330E-01 -0.1477E+01    1.0000  0.0000E+00
  0.4782  -0.126E-03 -0.3899E+01  0.3848E-07  0.3330E-01 -0.1478E+01    1.0000  0.0000E+00
  0.4782  -0.159E-03 -0.3798E+01  0.4282E-07  0.3330E-01 -0.1478E+01    1.0000  0.0000E+00
  0.4782  -0.201E-03 -0.3697E+01  0.4763E-07  0.3329E-01 -0.1478E+01    1.0000  0.0000E+00
  0.4782  -0.254E-03 -0.3596E+01  0.5299E-07  0.3329E-01 -0.1478E+01    1.0000  0.0000E+00
  0.4782  -0.320E-03 -0.3495E+01  0.5896E-07  0.3328E-01 -0.1478E+01    1.0000  0.0000E+00
  0.4782  -0.404E-03 -0.3394E+01  0.6559E-07  0.3328E-01 -0.1478E+01    1.0000  0.0000E+00
  0.4782  -0.509E-03 -0.3293E+01  0.7297E-07  0.3327E-01 -0.1478E+01    1.0000  0.0000E+00
  0.4782  -0.643E-03 -0.3192E+01  0.8119E-07  0.3327E-01 -0.1478E+01    1.0000  0.0000E+00
  0.4782  -0.811E-03 -0.3091E+01  0.9032E-07  0.3326E-01 -0.1478E+01    1.0000  0.0000E+00
  0.4782  -0.102E-02 -0.2990E+01  0.1005E-06  0.3325E-01 -0.1478E+01    1.0000  0.0000E+00
  0.4782  -0.129E-02 -0.2889E+01  0.1118E-06  0.3324E-01 -0.1478E+01    1.0000  0.0000E+00
  0.4782  -0.163E-02 -0.2788E+01  0.1244E-06  0.3323E-01 -0.1478E+01    1.0000  0.0000E+00
  0.4782  -0.206E-02 -0.2687E+01  0.1384E-06  0.3322E-01 -0.1479E+01    1.0000  0.0000E+00
  0.4782  -0.260E-02 -0.2586E+01  0.1539E-06  0.3321E-01 -0.1479E+01    1.0000  0.0000E+00
  0.4782  -0.327E-02 -0.2485E+01  0.1713E-06  0.3319E-01 -0.1479E+01    1.0000  0.0000E+00
  0.4782  -0.413E-02 -0.2384E+01  0.1905E-06  0.3318E-01 -0.1479E+01    1.0000  0.0000E+00
  0.4782  -0.521E-02 -0.2283E+01  0.2120E-06  0.3316E-01 -0.1479E+01    1.0000  0.0000E+00
  0.4782  -0.658E-02 -0.2182E+01  0.2358E-06  0.3314E-01 -0.1480E+01    1.0000  0.0000E+00
  0.4782  -0.830E-02 -0.2081E+01  0.2624E-06  0.3312E-01 -0.1480E+01    1.0000  0.0000E+00
  0.4782  -0.105E-01 -0.1980E+01  0.2919E-06  0.3309E-01 -0.1480E+01    1.0000  0.0000E+00
  0.4782  -0.132E-01 -0.1879E+01  0.3247E-06  0.3307E-01 -0.1481E+01    1.0000  0.0000E+00
  0.4782  -0.167E-01 -0.1778E+01  0.3613E-06  0.3304E-01 -0.1481E+01    1.0000  0.0000E+00
  0.4782  -0.210E-01 -0.1677E+01  0.4020E-06  0.3300E-01 -0.1481E+01    1.0000  0.0000E+00
  0.4782  -0.266E-01 -0.1576E+01  0.4472E-06  0.3297E-01 -0.1482E+01    1.0000  0.0000E+00
  0.4782  -0.335E-01 -0.1475E+01  0.4975E-06  0.3293E-01 -0.1482E+01    1.0000  0.0000E+00
  0.4782  -0.423E-01 -0.1374E+01  0.5535E-06  0.3288E-01 -0.1483E+01    1.0000  0.0000E+00
  0.4782  -0.534E-01 -0.1273E+01  0.6158E-06  0.3283E-01 -0.1484E+01    1.0000  0.0000E+00
  0.4782  -0.673E-01 -0.1172E+01  0.6851E-06  0.3277E-01 -0.1484E+01    1.0000  0.0000E+00
  0.4782  -0.850E-01 -0.1071E+01  0.7622E-06  0.3271E-01 -0.1485E+01    1.0000  0.0000E+00
  0.4782  -0.107E+00 -0.9697E+00  0.8479E-06  0.3264E-01 -0.1486E+01    1.0000  0.6654E-32
  0.4782  -0.135E+00 -0.8687E+00  0.9434E-06  0.3256E-01 -0.1487E+01    1.0000  0.2571E-31
  0.4782  -0.171E+00 -0.7677E+00  0.1050E-05  0.3248E-01 -0.1488E+01    1.0000  0.6707E-31
  0.4782  -0.215E+00 -0.6667E+00  0.1168E-05  0.3238E-01 -0.1490E+01    1.0000  0.2591E-30
  0.4782  -0.272E+00 -0.5657E+00  0.1299E-05  0.3227E-01 -0.1491E+01    1.0000  0.6760E-30
  0.4782  -0.343E+00 -0.4646E+00  0.1445E-05  0.3216E-01 -0.1493E+01    1.0000  0.1954E-29
  0.4782  -0.433E+00 -0.3636E+00  0.1608E-05  0.3202E-01 -0.1495E+01    1.0000  0.6814E-29
  0.4782  -0.546E+00 -0.2626E+00  0.1789E-05  0.3188E-01 -0.1496E+01    1.0000  0.1970E-28
  0.4782  -0.689E+00 -0.1616E+00  0.1990E-05  0.3172E-01 -0.1499E+01    1.0000  0.6868E-28
  0.4782  -0.870E+00 -0.6061E-01  0.2214E-05  0.3154E-01 -0.1501E+01    1.0000  0.1985E-27
  0.4782  -0.110E+01  0.4040E-01  0.2463E-05  0.3134E-01 -0.1504E+01    1.0000  0.6228E-27
  0.4782  -0.138E+01  0.1414E+00  0.2740E-05  0.3112E-01 -0.1507E+01    1.0000  0.1926E-26
  0.4782  -0.175E+01  0.2424E+00  0.3049E-05  0.3087E-01 -0.1510E+01    1.0000  0.6110E-26
  0.4782  -0.221E+01  0.3434E+00  0.3392E-05  0.3060E-01 -0.1514E+01    1.0000  0.1868E-25
  0.4782  -0.278E+01  0.4444E+00  0.3773E-05  0.3030E-01 -0.1519E+01    1.0000  0.5831E-25
  0.4782  -0.351E+01  0.5455E+00  0.4198E-05  0.2997E-01 -0.1523E+01    1.0000  0.1793E-24
  0.4782  -0.443E+01  0.6465E+00  0.4670E-05  0.2960E-01 -0.1529E+01    1.0000  0.5559E-24
  0.4782  -0.559E+01  0.7475E+00  0.5195E-05  0.2920E-01 -0.1535E+01    0.9999  0.1720E-23
  0.4782  -0.705E+01  0.8485E+00  0.5779E-05  0.2875E-01 -0.1541E+01    0.9999  0.5334E-23
  0.4782  -0.890E+01  0.9495E+00  0.6429E-05  0.2825E-01 -0.1549E+01    0.9999  0.1653E-22
  0.4781  -0.112E+02  0.1051E+01  0.7151E-05  0.2771E-01 -0.1557E+01    0.9999  0.5122E-22
  0.4781  -0.142E+02  0.1152E+01  0.7954E-05  0.2711E-01 -0.1567E+01    0.9998  0.1585E-21
  0.4781  -0.179E+02  0.1253E+01  0.8846E-05  0.2645E-01 -0.1578E+01    0.9997  0.4907E-21
  0.4780  -0.226E+02  0.1354E+01  0.9837E-05  0.2572E-01 -0.1590E+01    0.9996  0.1519E-20
  0.4780  -0.285E+02  0.1455E+01  0.1094E-04  0.2493E-01 -0.1603E+01    0.9995  0.4701E-20
  0.4779  -0.359E+02  0.1556E+01  0.1216E-04  0.2406E-01 -0.1619E+01    0.9992  0.1454E-19
  0.4778  -0.453E+02  0.1657E+01  0.1351E-04  0.2311E-01 -0.1636E+01    0.9989  0.4496E-19
  0.4776  -0.572E+02  0.1758E+01  0.1500E-04  0.2208E-01 -0.1656E+01    0.9985  0.1389E-18
  0.4774  -0.722E+02  0.1859E+01  0.1665E-04  0.2096E-01 -0.1679E+01    0.9979  0.4285E-18
  0.4770  -0.911E+02  0.1960E+01  0.1846E-04  0.1975E-01 -0.1704E+01    0.9971  0.1319E-17
  0.4766  -0.115E+03  0.2061E+01  0.2043E-04  0.1845E-01 -0.1734E+01    0.9959  0.4054E-17
  0.4759  -0.145E+03  0.2162E+01  0.2257E-04  0.1706E-01 -0.1768E+01    0.9943  0.1242E-16
  0.4750  -0.183E+03  0.2263E+01  0.2488E-04  0.1559E-01 -0.1807E+01    0.9920  0.3785E-16
  0.4738  -0.231E+03  0.2364E+01  0.2731E-04  0.1405E-01 -0.1852E+01    0.9888  0.1147E-15
  0.4720  -0.292E+03  0.2465E+01  0.2982E-04  0.1244E-01 -0.1905E+01    0.9844  0.3444E-15
  0.4697  -0.368E+03  0.2566E+01  0.3234E-04  0.1081E-01 -0.1966E+01    0.9784  0.1022E-14
  0.4664  -0.464E+03  0.2667E+01  0.3474E-04  0.9167E-02 -0.2038E+01    0.9703  0.2985E-14
  0.4621  -0.586E+03  0.2768E+01  0.3685E-04  0.7562E-02 -0.2121E+01    0.9593  0.8532E-14
  0.4563  -0.739E+03  0.2869E+01  0.3845E-04  0.6037E-02 -0.2219E+01    0.9446  0.2370E-13
  0.4487  -0.933E+03  0.2970E+01  0.3928E-04  0.4642E-02 -0.2333E+01    0.9256  0.6350E-13
  0.4391  -0.118E+04  0.3071E+01  0.3911E-04  0.3421E-02 -0.2466E+01    0.9014  0.1625E-12
  0.4273  -0.148E+04  0.3172E+01  0.3778E-04  0.2407E-02 -0.2619E+01    0.8714  0.3937E-12
  0.4131  -0.187E+04  0.3273E+01  0.3525E-04  0.1611E-02 -0.2793E+01    0.8355  0.8944E-12
  0.3966  -0.236E+04  0.3374E+01  0.3169E-04  0.1026E-02 -0.2989E+01    0.7940  0.1893E-11
  0.3784  -0.298E+04  0.3475E+01  0.2744E-04  0.6221E-03 -0.3206E+01    0.7478  0.3714E-11
  0.3587  -0.376E+04  0.3576E+01  0.2293E-04  0.3606E-03 -0.3443E+01    0.6983  0.6752E-11
  0.3384  -0.475E+04  0.3677E+01  0.1853E-04  0.2008E-03 -0.3697E+01    0.6469  0.1140E-10
  0.3180  -0.599E+04  0.3778E+01  0.1456E-04  0.1081E-03 -0.3966E+01    0.5953  0.1796E-10
  0.2980  -0.756E+04  0.3879E+01  0.1118E-04  0.5665E-04 -0.4247E+01    0.5447  0.2659E-10
  0.2788  -0.955E+04  0.3980E+01  0.8421E-05  0.2904E-04 -0.4537E+01    0.4962  0.3726E-10
  0.2606  -0.120E+05  0.4081E+01  0.6251E-05  0.1464E-04 -0.4835E+01    0.4505  0.4978E-10
  0.2438  -0.152E+05  0.4182E+01  0.4590E-05  0.7286E-05 -0.5137E+01    0.4078  0.6384E-10
  0.2282  -0.192E+05  0.4283E+01  0.3342E-05  0.3593E-05 -0.5445E+01    0.3685  0.7908E-10
  0.2139  -0.242E+05  0.4384E+01  0.2419E-05  0.1760E-05 -0.5755E+01    0.3325  0.9510E-10
  0.2009  -0.305E+05  0.4485E+01  0.1743E-05  0.8574E-06 -0.6067E+01    0.2997  0.1115E-09
  0.1892  -0.385E+05  0.4586E+01  0.1252E-05  0.4163E-06 -0.6381E+01    0.2699  0.1281E-09
  0.1785  -0.486E+05  0.4687E+01  0.8969E-06  0.2016E-06 -0.6696E+01    0.2429  0.1444E-09
  0.1688  -0.614E+05  0.4788E+01  0.6415E-06  0.9743E-07 -0.7011E+01    0.2186  0.1604E-09
  0.1601  -0.774E+05  0.4889E+01  0.4584E-06  0.4703E-07 -0.7328E+01    0.1966  0.1757E-09
  0.1523  -0.977E+05  0.4990E+01  0.3272E-06  0.2268E-07 -0.7644E+01    0.1768  0.1903E-09
  0.1452  -0.123E+06  0.5091E+01  0.2334E-06  0.1093E-07 -0.7961E+01    0.1590  0.2040E-09
  0.1389  -0.156E+06  0.5192E+01  0.1665E-06  0.5263E-08 -0.8279E+01    0.1430  0.2167E-09
  0.1332  -0.196E+06  0.5293E+01  0.1187E-06  0.2534E-08 -0.8596E+01    0.1285  0.2285E-09
  0.1280  -0.248E+06  0.5394E+01  0.8457E-07  0.1220E-08 -0.8914E+01    0.1155  0.2391E-09
  0.1234  -0.313E+06  0.5495E+01  0.6027E-07  0.5870E-09 -0.9231E+01    0.1039  0.2486E-09
  0.1193  -0.394E+06  0.5596E+01  0.4294E-07  0.2825E-09 -0.9549E+01    0.0934  0.2569E-09
  0.1155  -0.498E+06  0.5697E+01  0.3059E-07  0.1359E-09 -0.9867E+01    0.0839  0.2640E-09
  0.1122  -0.628E+06  0.5798E+01  0.2180E-07  0.6540E-10 -0.1018E+02    0.0754  0.2697E-09
  0.1091  -0.792E+06  0.5899E+01  0.1553E-07  0.3146E-10 -0.1050E+02    0.0678  0.2739E-09
  0.1064  -0.100E+07  0.6000E+01  0.1106E-07  0.1514E-10 -0.1082E+02    0.0609  0.2764E-09
end
